[5.438s] Invoking command in '/home/Gruppe4/ros2_ws/src/ros2_nav_files/nav2_project': PYTHONPATH=/home/Gruppe4/ros2_ws/build/nav2_project/prefix_override:/usr/lib/python3/dist-packages/colcon_core/task/python/colcon_distutils_commands:/home/Gruppe4/ros2_ws/install/nav2_project/lib/python3.10/site-packages:${PYTHONPATH} /usr/bin/python3 -W ignore:setup.py install is deprecated setup.py egg_info --egg-base ../../../build/nav2_project build --build-base /home/Gruppe4/ros2_ws/build/nav2_project/build install --record /home/Gruppe4/ros2_ws/build/nav2_project/install.log --install-scripts $base/lib/nav2_project --single-version-externally-managed install_data
[7.293s] /usr/lib/python3/dist-packages/setuptools/dist.py:723: UserWarning: Usage of dash-separated 'script-dir' will not be supported in future versions. Please use the underscore name 'script_dir' instead
[7.293s]   warnings.warn(
[7.349s] running egg_info
[7.352s] writing ../../../build/nav2_project/nav2_project.egg-info/PKG-INFO
[7.353s] writing dependency_links to ../../../build/nav2_project/nav2_project.egg-info/dependency_links.txt
[7.355s] writing entry points to ../../../build/nav2_project/nav2_project.egg-info/entry_points.txt
[7.358s] writing requirements to ../../../build/nav2_project/nav2_project.egg-info/requires.txt
[7.368s] writing top-level names to ../../../build/nav2_project/nav2_project.egg-info/top_level.txt
[7.371s] reading manifest file '../../../build/nav2_project/nav2_project.egg-info/SOURCES.txt'
[7.376s] writing manifest file '../../../build/nav2_project/nav2_project.egg-info/SOURCES.txt'
[7.380s] running build
[7.382s] running build_py
[7.383s] running install
[7.384s] running install_lib
[7.392s] running install_data
[7.397s] running install_egg_info
[7.412s] removing '/home/Gruppe4/ros2_ws/install/nav2_project/lib/python3.10/site-packages/nav2_project-0.0.0-py3.10.egg-info' (and everything under it)
[7.412s] Copying ../../../build/nav2_project/nav2_project.egg-info to /home/Gruppe4/ros2_ws/install/nav2_project/lib/python3.10/site-packages/nav2_project-0.0.0-py3.10.egg-info
[7.436s] running install_scripts
[7.548s] Installing go_to_pose script to /home/Gruppe4/ros2_ws/install/nav2_project/lib/nav2_project
[7.553s] Installing spot_recorder script to /home/Gruppe4/ros2_ws/install/nav2_project/lib/nav2_project
[7.565s] writing list of installed files to '/home/Gruppe4/ros2_ws/build/nav2_project/install.log'
[7.712s] Invoked command in '/home/Gruppe4/ros2_ws/src/ros2_nav_files/nav2_project' returned '0': PYTHONPATH=/home/Gruppe4/ros2_ws/build/nav2_project/prefix_override:/usr/lib/python3/dist-packages/colcon_core/task/python/colcon_distutils_commands:/home/Gruppe4/ros2_ws/install/nav2_project/lib/python3.10/site-packages:${PYTHONPATH} /usr/bin/python3 -W ignore:setup.py install is deprecated setup.py egg_info --egg-base ../../../build/nav2_project build --build-base /home/Gruppe4/ros2_ws/build/nav2_project/build install --record /home/Gruppe4/ros2_ws/build/nav2_project/install.log --install-scripts $base/lib/nav2_project --single-version-externally-managed install_data
