[4.384s] Invoking command in '/home/Gruppe4/ros2_ws/src/ros2_nav_files/nav2_project': PYTHONPATH=/home/Gruppe4/ros2_ws/build/nav2_project/prefix_override:/usr/lib/python3/dist-packages/colcon_core/task/python/colcon_distutils_commands:/home/Gruppe4/ros2_ws/install/nav2_project/lib/python3.10/site-packages:${PYTHONPATH} /usr/bin/python3 -W ignore:setup.py install is deprecated setup.py egg_info --egg-base ../../../build/nav2_project build --build-base /home/Gruppe4/ros2_ws/build/nav2_project/build install --record /home/Gruppe4/ros2_ws/build/nav2_project/install.log --install-scripts $base/lib/nav2_project --single-version-externally-managed install_data
[5.537s] /usr/lib/python3/dist-packages/setuptools/dist.py:723: UserWarning: Usage of dash-separated 'script-dir' will not be supported in future versions. Please use the underscore name 'script_dir' instead
[5.539s]   warnings.warn(
[5.578s] running egg_info
[5.581s] writing ../../../build/nav2_project/nav2_project.egg-info/PKG-INFO
[5.582s] writing dependency_links to ../../../build/nav2_project/nav2_project.egg-info/dependency_links.txt
[5.584s] writing entry points to ../../../build/nav2_project/nav2_project.egg-info/entry_points.txt
[5.585s] writing requirements to ../../../build/nav2_project/nav2_project.egg-info/requires.txt
[5.585s] writing top-level names to ../../../build/nav2_project/nav2_project.egg-info/top_level.txt
[5.595s] reading manifest file '../../../build/nav2_project/nav2_project.egg-info/SOURCES.txt'
[5.600s] writing manifest file '../../../build/nav2_project/nav2_project.egg-info/SOURCES.txt'
[5.601s] running build
[5.602s] running build_py
[5.603s] running install
[5.604s] running install_lib
[5.611s] running install_data
[5.615s] running install_egg_info
[5.623s] removing '/home/Gruppe4/ros2_ws/install/nav2_project/lib/python3.10/site-packages/nav2_project-0.0.0-py3.10.egg-info' (and everything under it)
[5.625s] Copying ../../../build/nav2_project/nav2_project.egg-info to /home/Gruppe4/ros2_ws/install/nav2_project/lib/python3.10/site-packages/nav2_project-0.0.0-py3.10.egg-info
[5.634s] running install_scripts
[5.726s] Installing go_to_pose script to /home/Gruppe4/ros2_ws/install/nav2_project/lib/nav2_project
[5.728s] Installing spot_recorder script to /home/Gruppe4/ros2_ws/install/nav2_project/lib/nav2_project
[5.730s] writing list of installed files to '/home/Gruppe4/ros2_ws/build/nav2_project/install.log'
[5.897s] Invoked command in '/home/Gruppe4/ros2_ws/src/ros2_nav_files/nav2_project' returned '0': PYTHONPATH=/home/Gruppe4/ros2_ws/build/nav2_project/prefix_override:/usr/lib/python3/dist-packages/colcon_core/task/python/colcon_distutils_commands:/home/Gruppe4/ros2_ws/install/nav2_project/lib/python3.10/site-packages:${PYTHONPATH} /usr/bin/python3 -W ignore:setup.py install is deprecated setup.py egg_info --egg-base ../../../build/nav2_project build --build-base /home/Gruppe4/ros2_ws/build/nav2_project/build install --record /home/Gruppe4/ros2_ws/build/nav2_project/install.log --install-scripts $base/lib/nav2_project --single-version-externally-managed install_data
