[5.678s] Invoking command in '/home/Gruppe4/ros2_ws/src/path_planner_server': PYTHONPATH=/home/Gruppe4/ros2_ws/build/path_planner_server/prefix_override:/usr/lib/python3/dist-packages/colcon_core/task/python/colcon_distutils_commands:/home/Gruppe4/ros2_ws/install/path_planner_server/lib/python3.10/site-packages:${PYTHONPATH} /usr/bin/python3 -W ignore:setup.py install is deprecated setup.py egg_info --egg-base ../../build/path_planner_server build --build-base /home/Gruppe4/ros2_ws/build/path_planner_server/build install --record /home/Gruppe4/ros2_ws/build/path_planner_server/install.log --single-version-externally-managed install_data
[7.590s] running egg_info
[7.594s] creating ../../build/path_planner_server/path_planner_server.egg-info
[7.596s] writing ../../build/path_planner_server/path_planner_server.egg-info/PKG-INFO
[7.598s] writing dependency_links to ../../build/path_planner_server/path_planner_server.egg-info/dependency_links.txt
[7.600s] writing entry points to ../../build/path_planner_server/path_planner_server.egg-info/entry_points.txt
[7.602s] writing requirements to ../../build/path_planner_server/path_planner_server.egg-info/requires.txt
[7.603s] writing top-level names to ../../build/path_planner_server/path_planner_server.egg-info/top_level.txt
[7.605s] writing manifest file '../../build/path_planner_server/path_planner_server.egg-info/SOURCES.txt'
[7.615s] reading manifest file '../../build/path_planner_server/path_planner_server.egg-info/SOURCES.txt'
[7.620s] writing manifest file '../../build/path_planner_server/path_planner_server.egg-info/SOURCES.txt'
[7.622s] running build
[7.623s] running build_py
[7.624s] creating /home/Gruppe4/ros2_ws/build/path_planner_server/build
[7.626s] creating /home/Gruppe4/ros2_ws/build/path_planner_server/build/lib
[7.626s] creating /home/Gruppe4/ros2_ws/build/path_planner_server/build/lib/path_planner_server
[7.627s] copying path_planner_server/__init__.py -> /home/Gruppe4/ros2_ws/build/path_planner_server/build/lib/path_planner_server
[7.628s] running install
[7.630s] running install_lib
[7.635s] creating /home/Gruppe4/ros2_ws/install/path_planner_server/lib/python3.10/site-packages/path_planner_server
[7.635s] copying /home/Gruppe4/ros2_ws/build/path_planner_server/build/lib/path_planner_server/__init__.py -> /home/Gruppe4/ros2_ws/install/path_planner_server/lib/python3.10/site-packages/path_planner_server
[7.638s] byte-compiling /home/Gruppe4/ros2_ws/install/path_planner_server/lib/python3.10/site-packages/path_planner_server/__init__.py to __init__.cpython-310.pyc
[7.640s] running install_data
[7.642s] creating /home/Gruppe4/ros2_ws/install/path_planner_server/share/ament_index
[7.643s] creating /home/Gruppe4/ros2_ws/install/path_planner_server/share/ament_index/resource_index
[7.645s] creating /home/Gruppe4/ros2_ws/install/path_planner_server/share/ament_index/resource_index/packages
[7.646s] copying resource/path_planner_server -> /home/Gruppe4/ros2_ws/install/path_planner_server/share/ament_index/resource_index/packages
[7.647s] copying package.xml -> /home/Gruppe4/ros2_ws/install/path_planner_server/share/path_planner_server
[7.648s] creating /home/Gruppe4/ros2_ws/install/path_planner_server/share/path_planner_server/launch
[7.649s] copying launch/pathplanner.launch.py -> /home/Gruppe4/ros2_ws/install/path_planner_server/share/path_planner_server/launch
[7.650s] creating /home/Gruppe4/ros2_ws/install/path_planner_server/share/path_planner_server/config
[7.651s] copying config/recovery.yaml -> /home/Gruppe4/ros2_ws/install/path_planner_server/share/path_planner_server/config
[7.652s] copying config/planner_server.yaml -> /home/Gruppe4/ros2_ws/install/path_planner_server/share/path_planner_server/config
[7.653s] copying config/controller.yaml -> /home/Gruppe4/ros2_ws/install/path_planner_server/share/path_planner_server/config
[7.654s] copying config/turtlebot_area.yaml -> /home/Gruppe4/ros2_ws/install/path_planner_server/share/path_planner_server/config
[7.655s] copying config/behavior.xml -> /home/Gruppe4/ros2_ws/install/path_planner_server/share/path_planner_server/config
[7.656s] copying config/turtlebot_area copy.yaml -> /home/Gruppe4/ros2_ws/install/path_planner_server/share/path_planner_server/config
[7.657s] copying config/amcl_config.yaml -> /home/Gruppe4/ros2_ws/install/path_planner_server/share/path_planner_server/config
[7.657s] copying config/bt_navigator.yaml -> /home/Gruppe4/ros2_ws/install/path_planner_server/share/path_planner_server/config
[7.658s] copying config/turtlebot_area.pgm -> /home/Gruppe4/ros2_ws/install/path_planner_server/share/path_planner_server/config
[7.658s] running install_egg_info
[7.667s] Copying ../../build/path_planner_server/path_planner_server.egg-info to /home/Gruppe4/ros2_ws/install/path_planner_server/lib/python3.10/site-packages/path_planner_server-0.0.0-py3.10.egg-info
[7.676s] running install_scripts
[7.774s] writing list of installed files to '/home/Gruppe4/ros2_ws/build/path_planner_server/install.log'
[7.912s] Invoked command in '/home/Gruppe4/ros2_ws/src/path_planner_server' returned '0': PYTHONPATH=/home/Gruppe4/ros2_ws/build/path_planner_server/prefix_override:/usr/lib/python3/dist-packages/colcon_core/task/python/colcon_distutils_commands:/home/Gruppe4/ros2_ws/install/path_planner_server/lib/python3.10/site-packages:${PYTHONPATH} /usr/bin/python3 -W ignore:setup.py install is deprecated setup.py egg_info --egg-base ../../build/path_planner_server build --build-base /home/Gruppe4/ros2_ws/build/path_planner_server/build install --record /home/Gruppe4/ros2_ws/build/path_planner_server/install.log --single-version-externally-managed install_data
