[5.107s] Invoking command in '/home/Gruppe4/ros2_ws/src/localization_server': PYTHONPATH=/home/Gruppe4/ros2_ws/build/localization_server/prefix_override:/usr/lib/python3/dist-packages/colcon_core/task/python/colcon_distutils_commands:/home/Gruppe4/ros2_ws/install/localization_server/lib/python3.10/site-packages:${PYTHONPATH} /usr/bin/python3 -W ignore:setup.py install is deprecated setup.py egg_info --egg-base ../../build/localization_server build --build-base /home/Gruppe4/ros2_ws/build/localization_server/build install --record /home/Gruppe4/ros2_ws/build/localization_server/install.log --single-version-externally-managed install_data
[7.162s] running egg_info
[7.167s] writing ../../build/localization_server/localization_server.egg-info/PKG-INFO
[7.170s] writing dependency_links to ../../build/localization_server/localization_server.egg-info/dependency_links.txt
[7.173s] writing entry points to ../../build/localization_server/localization_server.egg-info/entry_points.txt
[7.182s] writing requirements to ../../build/localization_server/localization_server.egg-info/requires.txt
[7.183s] writing top-level names to ../../build/localization_server/localization_server.egg-info/top_level.txt
[7.192s] reading manifest file '../../build/localization_server/localization_server.egg-info/SOURCES.txt'
[7.199s] writing manifest file '../../build/localization_server/localization_server.egg-info/SOURCES.txt'
[7.201s] running build
[7.204s] running build_py
[7.207s] running install
[7.208s] running install_lib
[7.218s] running install_data
[7.222s] running install_egg_info
[7.240s] removing '/home/Gruppe4/ros2_ws/install/localization_server/lib/python3.10/site-packages/localization_server-0.0.0-py3.10.egg-info' (and everything under it)
[7.245s] Copying ../../build/localization_server/localization_server.egg-info to /home/Gruppe4/ros2_ws/install/localization_server/lib/python3.10/site-packages/localization_server-0.0.0-py3.10.egg-info
[7.259s] running install_scripts
[7.390s] writing list of installed files to '/home/Gruppe4/ros2_ws/build/localization_server/install.log'
[8.044s] Invoked command in '/home/Gruppe4/ros2_ws/src/localization_server' returned '0': PYTHONPATH=/home/Gruppe4/ros2_ws/build/localization_server/prefix_override:/usr/lib/python3/dist-packages/colcon_core/task/python/colcon_distutils_commands:/home/Gruppe4/ros2_ws/install/localization_server/lib/python3.10/site-packages:${PYTHONPATH} /usr/bin/python3 -W ignore:setup.py install is deprecated setup.py egg_info --egg-base ../../build/localization_server build --build-base /home/Gruppe4/ros2_ws/build/localization_server/build install --record /home/Gruppe4/ros2_ws/build/localization_server/install.log --single-version-externally-managed install_data
