[3.129s] Invoking command in '/home/Gruppe4/ros2_ws/src/asignment_1_pkg': PYTHONPATH=/home/Gruppe4/ros2_ws/build/asignment_1_pkg/prefix_override:/usr/lib/python3/dist-packages/colcon_core/task/python/colcon_distutils_commands:/home/Gruppe4/ros2_ws/install/asignment_1_pkg/lib/python3.10/site-packages:${PYTHONPATH} /usr/bin/python3 -W ignore:setup.py install is deprecated setup.py egg_info --egg-base ../../build/asignment_1_pkg build --build-base /home/Gruppe4/ros2_ws/build/asignment_1_pkg/build install --record /home/Gruppe4/ros2_ws/build/asignment_1_pkg/install.log --single-version-externally-managed install_data
[4.150s] running egg_info
[4.153s] writing ../../build/asignment_1_pkg/asignment_1_pkg.egg-info/PKG-INFO
[4.154s] writing dependency_links to ../../build/asignment_1_pkg/asignment_1_pkg.egg-info/dependency_links.txt
[4.155s] writing entry points to ../../build/asignment_1_pkg/asignment_1_pkg.egg-info/entry_points.txt
[4.155s] writing requirements to ../../build/asignment_1_pkg/asignment_1_pkg.egg-info/requires.txt
[4.156s] writing top-level names to ../../build/asignment_1_pkg/asignment_1_pkg.egg-info/top_level.txt
[4.164s] reading manifest file '../../build/asignment_1_pkg/asignment_1_pkg.egg-info/SOURCES.txt'
[4.170s] writing manifest file '../../build/asignment_1_pkg/asignment_1_pkg.egg-info/SOURCES.txt'
[4.171s] running build
[4.171s] running build_py
[4.172s] running install
[4.174s] running install_lib
[4.179s] running install_data
[4.180s] running install_egg_info
[4.188s] removing '/home/Gruppe4/ros2_ws/install/asignment_1_pkg/lib/python3.10/site-packages/asignment_1_pkg-0.0.0-py3.10.egg-info' (and everything under it)
[4.189s] Copying ../../build/asignment_1_pkg/asignment_1_pkg.egg-info to /home/Gruppe4/ros2_ws/install/asignment_1_pkg/lib/python3.10/site-packages/asignment_1_pkg-0.0.0-py3.10.egg-info
[4.199s] running install_scripts
[4.277s] Installing laser_subscriber script to /home/Gruppe4/ros2_ws/install/asignment_1_pkg/lib/asignment_1_pkg
[4.279s] writing list of installed files to '/home/Gruppe4/ros2_ws/build/asignment_1_pkg/install.log'
[4.400s] Invoked command in '/home/Gruppe4/ros2_ws/src/asignment_1_pkg' returned '0': PYTHONPATH=/home/Gruppe4/ros2_ws/build/asignment_1_pkg/prefix_override:/usr/lib/python3/dist-packages/colcon_core/task/python/colcon_distutils_commands:/home/Gruppe4/ros2_ws/install/asignment_1_pkg/lib/python3.10/site-packages:${PYTHONPATH} /usr/bin/python3 -W ignore:setup.py install is deprecated setup.py egg_info --egg-base ../../build/asignment_1_pkg build --build-base /home/Gruppe4/ros2_ws/build/asignment_1_pkg/build install --record /home/Gruppe4/ros2_ws/build/asignment_1_pkg/install.log --single-version-externally-managed install_data
