[2.724s] Invoking command in '/home/Gruppe4/ros2_ws/src/assignment_2_pkg': PYTHONPATH=/home/Gruppe4/ros2_ws/build/assignment_2_pkg/prefix_override:/usr/lib/python3/dist-packages/colcon_core/task/python/colcon_distutils_commands:/home/Gruppe4/ros2_ws/install/assignment_2_pkg/lib/python3.10/site-packages:${PYTHONPATH} /usr/bin/python3 -W ignore:setup.py install is deprecated setup.py egg_info --egg-base ../../build/assignment_2_pkg build --build-base /home/Gruppe4/ros2_ws/build/assignment_2_pkg/build install --record /home/Gruppe4/ros2_ws/build/assignment_2_pkg/install.log --single-version-externally-managed install_data
[3.905s] running egg_info
[3.908s] writing ../../build/assignment_2_pkg/assignment_2_pkg.egg-info/PKG-INFO
[3.911s] writing dependency_links to ../../build/assignment_2_pkg/assignment_2_pkg.egg-info/dependency_links.txt
[3.914s] writing entry points to ../../build/assignment_2_pkg/assignment_2_pkg.egg-info/entry_points.txt
[3.914s] writing requirements to ../../build/assignment_2_pkg/assignment_2_pkg.egg-info/requires.txt
[3.915s] writing top-level names to ../../build/assignment_2_pkg/assignment_2_pkg.egg-info/top_level.txt
[3.922s] reading manifest file '../../build/assignment_2_pkg/assignment_2_pkg.egg-info/SOURCES.txt'
[3.927s] writing manifest file '../../build/assignment_2_pkg/assignment_2_pkg.egg-info/SOURCES.txt'
[3.928s] running build
[3.928s] running build_py
[3.929s] copying assignment_2_pkg/wall_follower.py -> /home/Gruppe4/ros2_ws/build/assignment_2_pkg/build/lib/assignment_2_pkg
[3.930s] running install
[3.932s] running install_lib
[3.935s] copying /home/Gruppe4/ros2_ws/build/assignment_2_pkg/build/lib/assignment_2_pkg/wall_follower.py -> /home/Gruppe4/ros2_ws/install/assignment_2_pkg/lib/python3.10/site-packages/assignment_2_pkg
[3.938s] byte-compiling /home/Gruppe4/ros2_ws/install/assignment_2_pkg/lib/python3.10/site-packages/assignment_2_pkg/wall_follower.py to wall_follower.cpython-310.pyc
[3.942s] running install_data
[3.943s] running install_egg_info
[3.951s] removing '/home/Gruppe4/ros2_ws/install/assignment_2_pkg/lib/python3.10/site-packages/assignment_2_pkg-0.0.0-py3.10.egg-info' (and everything under it)
[3.953s] Copying ../../build/assignment_2_pkg/assignment_2_pkg.egg-info to /home/Gruppe4/ros2_ws/install/assignment_2_pkg/lib/python3.10/site-packages/assignment_2_pkg-0.0.0-py3.10.egg-info
[3.960s] running install_scripts
[4.080s] Installing wall_follower script to /home/Gruppe4/ros2_ws/install/assignment_2_pkg/lib/assignment_2_pkg
[4.086s] writing list of installed files to '/home/Gruppe4/ros2_ws/build/assignment_2_pkg/install.log'
[4.278s] Invoked command in '/home/Gruppe4/ros2_ws/src/assignment_2_pkg' returned '0': PYTHONPATH=/home/Gruppe4/ros2_ws/build/assignment_2_pkg/prefix_override:/usr/lib/python3/dist-packages/colcon_core/task/python/colcon_distutils_commands:/home/Gruppe4/ros2_ws/install/assignment_2_pkg/lib/python3.10/site-packages:${PYTHONPATH} /usr/bin/python3 -W ignore:setup.py install is deprecated setup.py egg_info --egg-base ../../build/assignment_2_pkg build --build-base /home/Gruppe4/ros2_ws/build/assignment_2_pkg/build install --record /home/Gruppe4/ros2_ws/build/assignment_2_pkg/install.log --single-version-externally-managed install_data
