[2.854s] Invoking command in '/home/Gruppe4/ros2_ws/src/cartographer_slam': PYTHONPATH=/home/Gruppe4/ros2_ws/build/cartographer_slam/prefix_override:/usr/lib/python3/dist-packages/colcon_core/task/python/colcon_distutils_commands:/home/Gruppe4/ros2_ws/install/cartographer_slam/lib/python3.10/site-packages:${PYTHONPATH} /usr/bin/python3 -W ignore:setup.py install is deprecated setup.py egg_info --egg-base ../../build/cartographer_slam build --build-base /home/Gruppe4/ros2_ws/build/cartographer_slam/build install --record /home/Gruppe4/ros2_ws/build/cartographer_slam/install.log --single-version-externally-managed install_data
[3.922s] running egg_info
[3.925s] writing ../../build/cartographer_slam/cartographer_slam.egg-info/PKG-INFO
[3.927s] writing dependency_links to ../../build/cartographer_slam/cartographer_slam.egg-info/dependency_links.txt
[3.927s] writing entry points to ../../build/cartographer_slam/cartographer_slam.egg-info/entry_points.txt
[3.928s] writing requirements to ../../build/cartographer_slam/cartographer_slam.egg-info/requires.txt
[3.929s] writing top-level names to ../../build/cartographer_slam/cartographer_slam.egg-info/top_level.txt
[3.937s] reading manifest file '../../build/cartographer_slam/cartographer_slam.egg-info/SOURCES.txt'
[3.941s] writing manifest file '../../build/cartographer_slam/cartographer_slam.egg-info/SOURCES.txt'
[3.942s] running build
[3.942s] running build_py
[3.943s] running install
[3.944s] running install_lib
[3.949s] running install_data
[3.950s] copying launch/cartographer.launch.py -> /home/Gruppe4/ros2_ws/install/cartographer_slam/share/cartographer_slam/launch
[3.951s] copying config/cartographer.lua -> /home/Gruppe4/ros2_ws/install/cartographer_slam/share/cartographer_slam/config
[3.953s] running install_egg_info
[3.960s] removing '/home/Gruppe4/ros2_ws/install/cartographer_slam/lib/python3.10/site-packages/cartographer_slam-0.0.0-py3.10.egg-info' (and everything under it)
[3.962s] Copying ../../build/cartographer_slam/cartographer_slam.egg-info to /home/Gruppe4/ros2_ws/install/cartographer_slam/lib/python3.10/site-packages/cartographer_slam-0.0.0-py3.10.egg-info
[3.969s] running install_scripts
[4.053s] writing list of installed files to '/home/Gruppe4/ros2_ws/build/cartographer_slam/install.log'
[4.190s] Invoked command in '/home/Gruppe4/ros2_ws/src/cartographer_slam' returned '0': PYTHONPATH=/home/Gruppe4/ros2_ws/build/cartographer_slam/prefix_override:/usr/lib/python3/dist-packages/colcon_core/task/python/colcon_distutils_commands:/home/Gruppe4/ros2_ws/install/cartographer_slam/lib/python3.10/site-packages:${PYTHONPATH} /usr/bin/python3 -W ignore:setup.py install is deprecated setup.py egg_info --egg-base ../../build/cartographer_slam build --build-base /home/Gruppe4/ros2_ws/build/cartographer_slam/build install --record /home/Gruppe4/ros2_ws/build/cartographer_slam/install.log --single-version-externally-managed install_data
