[6.760s] Invoking command in '/home/Gruppe4/ros2_ws/src/map_server': PYTHONPATH=/home/Gruppe4/ros2_ws/build/map_server/prefix_override:/usr/lib/python3/dist-packages/colcon_core/task/python/colcon_distutils_commands:/home/Gruppe4/ros2_ws/install/map_server/lib/python3.10/site-packages:${PYTHONPATH} /usr/bin/python3 -W ignore:setup.py install is deprecated setup.py egg_info --egg-base ../../build/map_server build --build-base /home/Gruppe4/ros2_ws/build/map_server/build install --record /home/Gruppe4/ros2_ws/build/map_server/install.log --single-version-externally-managed install_data
[8.138s] running egg_info
[8.142s] creating ../../build/map_server/map_server.egg-info
[8.144s] writing ../../build/map_server/map_server.egg-info/PKG-INFO
[8.145s] writing dependency_links to ../../build/map_server/map_server.egg-info/dependency_links.txt
[8.146s] writing entry points to ../../build/map_server/map_server.egg-info/entry_points.txt
[8.151s] writing requirements to ../../build/map_server/map_server.egg-info/requires.txt
[8.153s] writing top-level names to ../../build/map_server/map_server.egg-info/top_level.txt
[8.155s] writing manifest file '../../build/map_server/map_server.egg-info/SOURCES.txt'
[8.167s] reading manifest file '../../build/map_server/map_server.egg-info/SOURCES.txt'
[8.170s] writing manifest file '../../build/map_server/map_server.egg-info/SOURCES.txt'
[8.174s] running build
[8.176s] running build_py
[8.176s] creating /home/Gruppe4/ros2_ws/build/map_server/build
[8.177s] creating /home/Gruppe4/ros2_ws/build/map_server/build/lib
[8.177s] creating /home/Gruppe4/ros2_ws/build/map_server/build/lib/map_server
[8.177s] copying map_server/__init__.py -> /home/Gruppe4/ros2_ws/build/map_server/build/lib/map_server
[8.178s] running install
[8.178s] running install_lib
[8.179s] creating /home/Gruppe4/ros2_ws/install/map_server/lib/python3.10/site-packages/map_server
[8.180s] copying /home/Gruppe4/ros2_ws/build/map_server/build/lib/map_server/__init__.py -> /home/Gruppe4/ros2_ws/install/map_server/lib/python3.10/site-packages/map_server
[8.180s] byte-compiling /home/Gruppe4/ros2_ws/install/map_server/lib/python3.10/site-packages/map_server/__init__.py to __init__.cpython-310.pyc
[8.181s] running install_data
[8.182s] creating /home/Gruppe4/ros2_ws/install/map_server/share/ament_index
[8.183s] creating /home/Gruppe4/ros2_ws/install/map_server/share/ament_index/resource_index
[8.303s] creating /home/Gruppe4/ros2_ws/install/map_server/share/ament_index/resource_index/packages
[8.310s] copying resource/map_server -> /home/Gruppe4/ros2_ws/install/map_server/share/ament_index/resource_index/packages
[8.314s] copying package.xml -> /home/Gruppe4/ros2_ws/install/map_server/share/map_server
[8.316s] creating /home/Gruppe4/ros2_ws/install/map_server/share/map_server/launch
[8.317s] copying launch/nav2_map_server.launch.py -> /home/Gruppe4/ros2_ws/install/map_server/share/map_server/launch
[8.320s] creating /home/Gruppe4/ros2_ws/install/map_server/share/map_server/config
[8.329s] copying config/turtlebot_area.yaml -> /home/Gruppe4/ros2_ws/install/map_server/share/map_server/config
[8.333s] copying config/turtlebot_area.pgm -> /home/Gruppe4/ros2_ws/install/map_server/share/map_server/config
[8.345s] running install_egg_info
[8.348s] Copying ../../build/map_server/map_server.egg-info to /home/Gruppe4/ros2_ws/install/map_server/lib/python3.10/site-packages/map_server-0.0.0-py3.10.egg-info
[8.350s] running install_scripts
[8.438s] writing list of installed files to '/home/Gruppe4/ros2_ws/build/map_server/install.log'
[8.758s] Invoked command in '/home/Gruppe4/ros2_ws/src/map_server' returned '0': PYTHONPATH=/home/Gruppe4/ros2_ws/build/map_server/prefix_override:/usr/lib/python3/dist-packages/colcon_core/task/python/colcon_distutils_commands:/home/Gruppe4/ros2_ws/install/map_server/lib/python3.10/site-packages:${PYTHONPATH} /usr/bin/python3 -W ignore:setup.py install is deprecated setup.py egg_info --egg-base ../../build/map_server build --build-base /home/Gruppe4/ros2_ws/build/map_server/build install --record /home/Gruppe4/ros2_ws/build/map_server/install.log --single-version-externally-managed install_data
