[6.292s] Invoking command in '/home/Gruppe4/ros2_ws/src/ros2_nav_files/nav2_project': PYTHONPATH=/home/Gruppe4/ros2_ws/build/nav2_project/prefix_override:/usr/lib/python3/dist-packages/colcon_core/task/python/colcon_distutils_commands:/home/Gruppe4/ros2_ws/install/nav2_project/lib/python3.10/site-packages:${PYTHONPATH} /usr/bin/python3 -W ignore:setup.py install is deprecated setup.py egg_info --egg-base ../../../build/nav2_project build --build-base /home/Gruppe4/ros2_ws/build/nav2_project/build install --record /home/Gruppe4/ros2_ws/build/nav2_project/install.log --install-scripts $base/lib/nav2_project --single-version-externally-managed install_data
[7.794s] /usr/lib/python3/dist-packages/setuptools/dist.py:723: UserWarning: Usage of dash-separated 'script-dir' will not be supported in future versions. Please use the underscore name 'script_dir' instead
[7.795s]   warnings.warn(
[7.850s] running egg_info
[7.857s] writing ../../../build/nav2_project/nav2_project.egg-info/PKG-INFO
[7.862s] writing dependency_links to ../../../build/nav2_project/nav2_project.egg-info/dependency_links.txt
[7.867s] writing entry points to ../../../build/nav2_project/nav2_project.egg-info/entry_points.txt
[7.871s] writing requirements to ../../../build/nav2_project/nav2_project.egg-info/requires.txt
[7.876s] writing top-level names to ../../../build/nav2_project/nav2_project.egg-info/top_level.txt
[7.898s] reading manifest file '../../../build/nav2_project/nav2_project.egg-info/SOURCES.txt'
[7.912s] writing manifest file '../../../build/nav2_project/nav2_project.egg-info/SOURCES.txt'
[7.914s] running build
[7.914s] running build_py
[7.925s] running install
[7.927s] running install_lib
[7.936s] running install_data
[7.942s] running install_egg_info
[7.971s] removing '/home/Gruppe4/ros2_ws/install/nav2_project/lib/python3.10/site-packages/nav2_project-0.0.0-py3.10.egg-info' (and everything under it)
[7.988s] Copying ../../../build/nav2_project/nav2_project.egg-info to /home/Gruppe4/ros2_ws/install/nav2_project/lib/python3.10/site-packages/nav2_project-0.0.0-py3.10.egg-info
[8.041s] running install_scripts
[8.245s] Installing go_to_pose script to /home/Gruppe4/ros2_ws/install/nav2_project/lib/nav2_project
[8.249s] Installing spot_recorder script to /home/Gruppe4/ros2_ws/install/nav2_project/lib/nav2_project
[8.266s] writing list of installed files to '/home/Gruppe4/ros2_ws/build/nav2_project/install.log'
[8.903s] Invoked command in '/home/Gruppe4/ros2_ws/src/ros2_nav_files/nav2_project' returned '0': PYTHONPATH=/home/Gruppe4/ros2_ws/build/nav2_project/prefix_override:/usr/lib/python3/dist-packages/colcon_core/task/python/colcon_distutils_commands:/home/Gruppe4/ros2_ws/install/nav2_project/lib/python3.10/site-packages:${PYTHONPATH} /usr/bin/python3 -W ignore:setup.py install is deprecated setup.py egg_info --egg-base ../../../build/nav2_project build --build-base /home/Gruppe4/ros2_ws/build/nav2_project/build install --record /home/Gruppe4/ros2_ws/build/nav2_project/install.log --install-scripts $base/lib/nav2_project --single-version-externally-managed install_data
