[0.565s] DEBUG:colcon:Command line arguments: ['/usr/bin/colcon', 'build']
[0.565s] DEBUG:colcon:Parsed command line arguments: Namespace(log_base=None, log_level=None, verb_name='build', build_base='build', install_base='install', merge_install=False, symlink_install=False, test_result_base=None, continue_on_error=False, executor='parallel', parallel_workers=4, event_handlers=None, ignore_user_meta=False, metas=['./colcon.meta'], base_paths=['.'], packages_ignore=None, packages_ignore_regex=None, paths=None, packages_up_to=None, packages_up_to_regex=None, packages_above=None, packages_above_and_dependencies=None, packages_above_depth=None, packages_select_by_dep=None, packages_skip_by_dep=None, packages_skip_up_to=None, packages_select_build_failed=False, packages_skip_build_finished=False, packages_select_test_failures=False, packages_skip_test_passed=False, packages_select=None, packages_skip=None, packages_select_regex=None, packages_skip_regex=None, packages_start=None, packages_end=None, allow_overriding=[], cmake_args=None, cmake_target=None, cmake_target_skip_unavailable=False, cmake_clean_cache=False, cmake_clean_first=False, cmake_force_configure=False, ament_cmake_args=None, catkin_cmake_args=None, catkin_skip_building_tests=False, verb_parser=<colcon_defaults.argument_parser.defaults.DefaultArgumentsDecorator object at 0xffff84943760>, verb_extension=<colcon_core.verb.build.BuildVerb object at 0xffff8488c3d0>, main=<bound method BuildVerb.main of <colcon_core.verb.build.BuildVerb object at 0xffff8488c3d0>>)
[1.658s] Level 1:colcon.colcon_core.package_discovery:discover_packages(colcon_meta) check parameters
[1.659s] Level 1:colcon.colcon_core.package_discovery:discover_packages(recursive) check parameters
[1.659s] Level 1:colcon.colcon_core.package_discovery:discover_packages(ignore) check parameters
[1.659s] Level 1:colcon.colcon_core.package_discovery:discover_packages(path) check parameters
[1.660s] Level 1:colcon.colcon_core.package_discovery:discover_packages(colcon_meta) discover
[1.660s] Level 1:colcon.colcon_core.package_discovery:discover_packages(recursive) discover
[1.660s] INFO:colcon.colcon_core.package_discovery:Crawling recursively for packages in '/home/Gruppe4/ros2_ws'
[1.661s] Level 1:colcon.colcon_core.package_identification:_identify(.) by extensions ['ignore', 'ignore_ament_install']
[1.661s] Level 1:colcon.colcon_core.package_identification:_identify(.) by extension 'ignore'
[1.661s] Level 1:colcon.colcon_core.package_identification:_identify(.) by extension 'ignore_ament_install'
[1.662s] Level 1:colcon.colcon_core.package_identification:_identify(.) by extensions ['colcon_pkg']
[1.662s] Level 1:colcon.colcon_core.package_identification:_identify(.) by extension 'colcon_pkg'
[1.662s] Level 1:colcon.colcon_core.package_identification:_identify(.) by extensions ['colcon_meta']
[1.662s] Level 1:colcon.colcon_core.package_identification:_identify(.) by extension 'colcon_meta'
[1.663s] Level 1:colcon.colcon_core.package_identification:_identify(.) by extensions ['ros']
[1.663s] Level 1:colcon.colcon_core.package_identification:_identify(.) by extension 'ros'
[1.730s] Level 1:colcon.colcon_core.package_identification:_identify(.) by extensions ['cmake', 'python']
[1.731s] Level 1:colcon.colcon_core.package_identification:_identify(.) by extension 'cmake'
[1.731s] Level 1:colcon.colcon_core.package_identification:_identify(.) by extension 'python'
[1.731s] Level 1:colcon.colcon_core.package_identification:_identify(.) by extensions ['python_setup_py']
[1.731s] Level 1:colcon.colcon_core.package_identification:_identify(.) by extension 'python_setup_py'
[1.732s] Level 1:colcon.colcon_core.package_identification:_identify(build) by extensions ['ignore', 'ignore_ament_install']
[1.732s] Level 1:colcon.colcon_core.package_identification:_identify(build) by extension 'ignore'
[1.732s] Level 1:colcon.colcon_core.package_identification:_identify(build) ignored
[1.733s] Level 1:colcon.colcon_core.package_identification:_identify(install) by extensions ['ignore', 'ignore_ament_install']
[1.734s] Level 1:colcon.colcon_core.package_identification:_identify(install) by extension 'ignore'
[1.734s] Level 1:colcon.colcon_core.package_identification:_identify(install) ignored
[1.735s] Level 1:colcon.colcon_core.package_identification:_identify(log) by extensions ['ignore', 'ignore_ament_install']
[1.735s] Level 1:colcon.colcon_core.package_identification:_identify(log) by extension 'ignore'
[1.736s] Level 1:colcon.colcon_core.package_identification:_identify(log) ignored
[1.736s] Level 1:colcon.colcon_core.package_identification:_identify(map) by extensions ['ignore', 'ignore_ament_install']
[1.737s] Level 1:colcon.colcon_core.package_identification:_identify(map) by extension 'ignore'
[1.737s] Level 1:colcon.colcon_core.package_identification:_identify(map) by extension 'ignore_ament_install'
[1.737s] Level 1:colcon.colcon_core.package_identification:_identify(map) by extensions ['colcon_pkg']
[1.738s] Level 1:colcon.colcon_core.package_identification:_identify(map) by extension 'colcon_pkg'
[1.738s] Level 1:colcon.colcon_core.package_identification:_identify(map) by extensions ['colcon_meta']
[1.738s] Level 1:colcon.colcon_core.package_identification:_identify(map) by extension 'colcon_meta'
[1.738s] Level 1:colcon.colcon_core.package_identification:_identify(map) by extensions ['ros']
[1.738s] Level 1:colcon.colcon_core.package_identification:_identify(map) by extension 'ros'
[1.739s] Level 1:colcon.colcon_core.package_identification:_identify(map) by extensions ['cmake', 'python']
[1.739s] Level 1:colcon.colcon_core.package_identification:_identify(map) by extension 'cmake'
[1.739s] Level 1:colcon.colcon_core.package_identification:_identify(map) by extension 'python'
[1.739s] Level 1:colcon.colcon_core.package_identification:_identify(map) by extensions ['python_setup_py']
[1.739s] Level 1:colcon.colcon_core.package_identification:_identify(map) by extension 'python_setup_py'
[1.740s] Level 1:colcon.colcon_core.package_identification:_identify(src) by extensions ['ignore', 'ignore_ament_install']
[1.740s] Level 1:colcon.colcon_core.package_identification:_identify(src) by extension 'ignore'
[1.740s] Level 1:colcon.colcon_core.package_identification:_identify(src) by extension 'ignore_ament_install'
[1.741s] Level 1:colcon.colcon_core.package_identification:_identify(src) by extensions ['colcon_pkg']
[1.741s] Level 1:colcon.colcon_core.package_identification:_identify(src) by extension 'colcon_pkg'
[1.741s] Level 1:colcon.colcon_core.package_identification:_identify(src) by extensions ['colcon_meta']
[1.741s] Level 1:colcon.colcon_core.package_identification:_identify(src) by extension 'colcon_meta'
[1.741s] Level 1:colcon.colcon_core.package_identification:_identify(src) by extensions ['ros']
[1.742s] Level 1:colcon.colcon_core.package_identification:_identify(src) by extension 'ros'
[1.742s] Level 1:colcon.colcon_core.package_identification:_identify(src) by extensions ['cmake', 'python']
[1.742s] Level 1:colcon.colcon_core.package_identification:_identify(src) by extension 'cmake'
[1.742s] Level 1:colcon.colcon_core.package_identification:_identify(src) by extension 'python'
[1.742s] Level 1:colcon.colcon_core.package_identification:_identify(src) by extensions ['python_setup_py']
[1.743s] Level 1:colcon.colcon_core.package_identification:_identify(src) by extension 'python_setup_py'
[1.743s] Level 1:colcon.colcon_core.package_identification:_identify(src/asignment_1_pkg) by extensions ['ignore', 'ignore_ament_install']
[1.743s] Level 1:colcon.colcon_core.package_identification:_identify(src/asignment_1_pkg) by extension 'ignore'
[1.744s] Level 1:colcon.colcon_core.package_identification:_identify(src/asignment_1_pkg) by extension 'ignore_ament_install'
[1.744s] Level 1:colcon.colcon_core.package_identification:_identify(src/asignment_1_pkg) by extensions ['colcon_pkg']
[1.744s] Level 1:colcon.colcon_core.package_identification:_identify(src/asignment_1_pkg) by extension 'colcon_pkg'
[1.744s] Level 1:colcon.colcon_core.package_identification:_identify(src/asignment_1_pkg) by extensions ['colcon_meta']
[1.744s] Level 1:colcon.colcon_core.package_identification:_identify(src/asignment_1_pkg) by extension 'colcon_meta'
[1.745s] Level 1:colcon.colcon_core.package_identification:_identify(src/asignment_1_pkg) by extensions ['ros']
[1.745s] Level 1:colcon.colcon_core.package_identification:_identify(src/asignment_1_pkg) by extension 'ros'
[1.760s] DEBUG:colcon.colcon_core.package_identification:Package 'src/asignment_1_pkg' with type 'ros.ament_python' and name 'asignment_1_pkg'
[1.761s] Level 1:colcon.colcon_core.package_identification:_identify(src/assignment_2_pkg) by extensions ['ignore', 'ignore_ament_install']
[1.762s] Level 1:colcon.colcon_core.package_identification:_identify(src/assignment_2_pkg) by extension 'ignore'
[1.762s] Level 1:colcon.colcon_core.package_identification:_identify(src/assignment_2_pkg) by extension 'ignore_ament_install'
[1.762s] Level 1:colcon.colcon_core.package_identification:_identify(src/assignment_2_pkg) by extensions ['colcon_pkg']
[1.763s] Level 1:colcon.colcon_core.package_identification:_identify(src/assignment_2_pkg) by extension 'colcon_pkg'
[1.763s] Level 1:colcon.colcon_core.package_identification:_identify(src/assignment_2_pkg) by extensions ['colcon_meta']
[1.763s] Level 1:colcon.colcon_core.package_identification:_identify(src/assignment_2_pkg) by extension 'colcon_meta'
[1.763s] Level 1:colcon.colcon_core.package_identification:_identify(src/assignment_2_pkg) by extensions ['ros']
[1.764s] Level 1:colcon.colcon_core.package_identification:_identify(src/assignment_2_pkg) by extension 'ros'
[1.768s] DEBUG:colcon.colcon_core.package_identification:Package 'src/assignment_2_pkg' with type 'ros.ament_python' and name 'assignment_2_pkg'
[1.769s] Level 1:colcon.colcon_core.package_identification:_identify(src/assignment_3_pkg) by extensions ['ignore', 'ignore_ament_install']
[1.769s] Level 1:colcon.colcon_core.package_identification:_identify(src/assignment_3_pkg) by extension 'ignore'
[1.770s] Level 1:colcon.colcon_core.package_identification:_identify(src/assignment_3_pkg) by extension 'ignore_ament_install'
[1.770s] Level 1:colcon.colcon_core.package_identification:_identify(src/assignment_3_pkg) by extensions ['colcon_pkg']
[1.770s] Level 1:colcon.colcon_core.package_identification:_identify(src/assignment_3_pkg) by extension 'colcon_pkg'
[1.770s] Level 1:colcon.colcon_core.package_identification:_identify(src/assignment_3_pkg) by extensions ['colcon_meta']
[1.770s] Level 1:colcon.colcon_core.package_identification:_identify(src/assignment_3_pkg) by extension 'colcon_meta'
[1.771s] Level 1:colcon.colcon_core.package_identification:_identify(src/assignment_3_pkg) by extensions ['ros']
[1.771s] Level 1:colcon.colcon_core.package_identification:_identify(src/assignment_3_pkg) by extension 'ros'
[1.776s] DEBUG:colcon.colcon_core.package_identification:Package 'src/assignment_3_pkg' with type 'ros.ament_python' and name 'assignment_3_pkg'
[1.776s] Level 1:colcon.colcon_core.package_identification:_identify(src/cartographer_slam) by extensions ['ignore', 'ignore_ament_install']
[1.777s] Level 1:colcon.colcon_core.package_identification:_identify(src/cartographer_slam) by extension 'ignore'
[1.777s] Level 1:colcon.colcon_core.package_identification:_identify(src/cartographer_slam) by extension 'ignore_ament_install'
[1.778s] Level 1:colcon.colcon_core.package_identification:_identify(src/cartographer_slam) by extensions ['colcon_pkg']
[1.778s] Level 1:colcon.colcon_core.package_identification:_identify(src/cartographer_slam) by extension 'colcon_pkg'
[1.778s] Level 1:colcon.colcon_core.package_identification:_identify(src/cartographer_slam) by extensions ['colcon_meta']
[1.778s] Level 1:colcon.colcon_core.package_identification:_identify(src/cartographer_slam) by extension 'colcon_meta'
[1.779s] Level 1:colcon.colcon_core.package_identification:_identify(src/cartographer_slam) by extensions ['ros']
[1.779s] Level 1:colcon.colcon_core.package_identification:_identify(src/cartographer_slam) by extension 'ros'
[1.783s] DEBUG:colcon.colcon_core.package_identification:Package 'src/cartographer_slam' with type 'ros.ament_python' and name 'cartographer_slam'
[1.784s] Level 1:colcon.colcon_core.package_identification:_identify(src/localization_server) by extensions ['ignore', 'ignore_ament_install']
[1.784s] Level 1:colcon.colcon_core.package_identification:_identify(src/localization_server) by extension 'ignore'
[1.785s] Level 1:colcon.colcon_core.package_identification:_identify(src/localization_server) by extension 'ignore_ament_install'
[1.785s] Level 1:colcon.colcon_core.package_identification:_identify(src/localization_server) by extensions ['colcon_pkg']
[1.785s] Level 1:colcon.colcon_core.package_identification:_identify(src/localization_server) by extension 'colcon_pkg'
[1.786s] Level 1:colcon.colcon_core.package_identification:_identify(src/localization_server) by extensions ['colcon_meta']
[1.786s] Level 1:colcon.colcon_core.package_identification:_identify(src/localization_server) by extension 'colcon_meta'
[1.786s] Level 1:colcon.colcon_core.package_identification:_identify(src/localization_server) by extensions ['ros']
[1.787s] Level 1:colcon.colcon_core.package_identification:_identify(src/localization_server) by extension 'ros'
[1.790s] DEBUG:colcon.colcon_core.package_identification:Package 'src/localization_server' with type 'ros.ament_python' and name 'localization_server'
[1.791s] Level 1:colcon.colcon_core.package_identification:_identify(src/map_server) by extensions ['ignore', 'ignore_ament_install']
[1.792s] Level 1:colcon.colcon_core.package_identification:_identify(src/map_server) by extension 'ignore'
[1.792s] Level 1:colcon.colcon_core.package_identification:_identify(src/map_server) by extension 'ignore_ament_install'
[1.792s] Level 1:colcon.colcon_core.package_identification:_identify(src/map_server) by extensions ['colcon_pkg']
[1.793s] Level 1:colcon.colcon_core.package_identification:_identify(src/map_server) by extension 'colcon_pkg'
[1.793s] Level 1:colcon.colcon_core.package_identification:_identify(src/map_server) by extensions ['colcon_meta']
[1.793s] Level 1:colcon.colcon_core.package_identification:_identify(src/map_server) by extension 'colcon_meta'
[1.794s] Level 1:colcon.colcon_core.package_identification:_identify(src/map_server) by extensions ['ros']
[1.794s] Level 1:colcon.colcon_core.package_identification:_identify(src/map_server) by extension 'ros'
[1.797s] DEBUG:colcon.colcon_core.package_identification:Package 'src/map_server' with type 'ros.ament_python' and name 'map_server'
[1.798s] Level 1:colcon.colcon_core.package_identification:_identify(src/path_planner_server) by extensions ['ignore', 'ignore_ament_install']
[1.798s] Level 1:colcon.colcon_core.package_identification:_identify(src/path_planner_server) by extension 'ignore'
[1.799s] Level 1:colcon.colcon_core.package_identification:_identify(src/path_planner_server) by extension 'ignore_ament_install'
[1.799s] Level 1:colcon.colcon_core.package_identification:_identify(src/path_planner_server) by extensions ['colcon_pkg']
[1.800s] Level 1:colcon.colcon_core.package_identification:_identify(src/path_planner_server) by extension 'colcon_pkg'
[1.800s] Level 1:colcon.colcon_core.package_identification:_identify(src/path_planner_server) by extensions ['colcon_meta']
[1.800s] Level 1:colcon.colcon_core.package_identification:_identify(src/path_planner_server) by extension 'colcon_meta'
[1.801s] Level 1:colcon.colcon_core.package_identification:_identify(src/path_planner_server) by extensions ['ros']
[1.801s] Level 1:colcon.colcon_core.package_identification:_identify(src/path_planner_server) by extension 'ros'
[1.804s] DEBUG:colcon.colcon_core.package_identification:Package 'src/path_planner_server' with type 'ros.ament_python' and name 'path_planner_server'
[1.805s] Level 1:colcon.colcon_core.package_identification:_identify(src/ros2_nav_files) by extensions ['ignore', 'ignore_ament_install']
[1.805s] Level 1:colcon.colcon_core.package_identification:_identify(src/ros2_nav_files) by extension 'ignore'
[1.806s] Level 1:colcon.colcon_core.package_identification:_identify(src/ros2_nav_files) by extension 'ignore_ament_install'
[1.807s] Level 1:colcon.colcon_core.package_identification:_identify(src/ros2_nav_files) by extensions ['colcon_pkg']
[1.807s] Level 1:colcon.colcon_core.package_identification:_identify(src/ros2_nav_files) by extension 'colcon_pkg'
[1.807s] Level 1:colcon.colcon_core.package_identification:_identify(src/ros2_nav_files) by extensions ['colcon_meta']
[1.807s] Level 1:colcon.colcon_core.package_identification:_identify(src/ros2_nav_files) by extension 'colcon_meta'
[1.808s] Level 1:colcon.colcon_core.package_identification:_identify(src/ros2_nav_files) by extensions ['ros']
[1.808s] Level 1:colcon.colcon_core.package_identification:_identify(src/ros2_nav_files) by extension 'ros'
[1.809s] Level 1:colcon.colcon_core.package_identification:_identify(src/ros2_nav_files) by extensions ['cmake', 'python']
[1.809s] Level 1:colcon.colcon_core.package_identification:_identify(src/ros2_nav_files) by extension 'cmake'
[1.809s] Level 1:colcon.colcon_core.package_identification:_identify(src/ros2_nav_files) by extension 'python'
[1.809s] Level 1:colcon.colcon_core.package_identification:_identify(src/ros2_nav_files) by extensions ['python_setup_py']
[1.810s] Level 1:colcon.colcon_core.package_identification:_identify(src/ros2_nav_files) by extension 'python_setup_py'
[1.811s] Level 1:colcon.colcon_core.package_identification:_identify(src/ros2_nav_files/nav2_course) by extensions ['ignore', 'ignore_ament_install']
[1.811s] Level 1:colcon.colcon_core.package_identification:_identify(src/ros2_nav_files/nav2_course) by extension 'ignore'
[1.811s] Level 1:colcon.colcon_core.package_identification:_identify(src/ros2_nav_files/nav2_course) by extension 'ignore_ament_install'
[1.812s] Level 1:colcon.colcon_core.package_identification:_identify(src/ros2_nav_files/nav2_course) by extensions ['colcon_pkg']
[1.812s] Level 1:colcon.colcon_core.package_identification:_identify(src/ros2_nav_files/nav2_course) by extension 'colcon_pkg'
[1.812s] Level 1:colcon.colcon_core.package_identification:_identify(src/ros2_nav_files/nav2_course) by extensions ['colcon_meta']
[1.812s] Level 1:colcon.colcon_core.package_identification:_identify(src/ros2_nav_files/nav2_course) by extension 'colcon_meta'
[1.812s] Level 1:colcon.colcon_core.package_identification:_identify(src/ros2_nav_files/nav2_course) by extensions ['ros']
[1.812s] Level 1:colcon.colcon_core.package_identification:_identify(src/ros2_nav_files/nav2_course) by extension 'ros'
[1.818s] DEBUG:colcon.colcon_core.package_identification:Package 'src/ros2_nav_files/nav2_course' with type 'ros.ament_cmake' and name 'nav2_course'
[1.818s] Level 1:colcon.colcon_core.package_identification:_identify(src/ros2_nav_files/nav2_project) by extensions ['ignore', 'ignore_ament_install']
[1.819s] Level 1:colcon.colcon_core.package_identification:_identify(src/ros2_nav_files/nav2_project) by extension 'ignore'
[1.819s] Level 1:colcon.colcon_core.package_identification:_identify(src/ros2_nav_files/nav2_project) by extension 'ignore_ament_install'
[1.820s] Level 1:colcon.colcon_core.package_identification:_identify(src/ros2_nav_files/nav2_project) by extensions ['colcon_pkg']
[1.820s] Level 1:colcon.colcon_core.package_identification:_identify(src/ros2_nav_files/nav2_project) by extension 'colcon_pkg'
[1.820s] Level 1:colcon.colcon_core.package_identification:_identify(src/ros2_nav_files/nav2_project) by extensions ['colcon_meta']
[1.820s] Level 1:colcon.colcon_core.package_identification:_identify(src/ros2_nav_files/nav2_project) by extension 'colcon_meta'
[1.820s] Level 1:colcon.colcon_core.package_identification:_identify(src/ros2_nav_files/nav2_project) by extensions ['ros']
[1.821s] Level 1:colcon.colcon_core.package_identification:_identify(src/ros2_nav_files/nav2_project) by extension 'ros'
[1.824s] DEBUG:colcon.colcon_core.package_identification:Package 'src/ros2_nav_files/nav2_project' with type 'ros.ament_python' and name 'nav2_project'
[1.824s] Level 1:colcon.colcon_core.package_identification:_identify(src/ros2_nav_files/rviz) by extensions ['ignore', 'ignore_ament_install']
[1.825s] Level 1:colcon.colcon_core.package_identification:_identify(src/ros2_nav_files/rviz) by extension 'ignore'
[1.825s] Level 1:colcon.colcon_core.package_identification:_identify(src/ros2_nav_files/rviz) by extension 'ignore_ament_install'
[1.826s] Level 1:colcon.colcon_core.package_identification:_identify(src/ros2_nav_files/rviz) by extensions ['colcon_pkg']
[1.826s] Level 1:colcon.colcon_core.package_identification:_identify(src/ros2_nav_files/rviz) by extension 'colcon_pkg'
[1.826s] Level 1:colcon.colcon_core.package_identification:_identify(src/ros2_nav_files/rviz) by extensions ['colcon_meta']
[1.826s] Level 1:colcon.colcon_core.package_identification:_identify(src/ros2_nav_files/rviz) by extension 'colcon_meta'
[1.826s] Level 1:colcon.colcon_core.package_identification:_identify(src/ros2_nav_files/rviz) by extensions ['ros']
[1.827s] Level 1:colcon.colcon_core.package_identification:_identify(src/ros2_nav_files/rviz) by extension 'ros'
[1.827s] Level 1:colcon.colcon_core.package_identification:_identify(src/ros2_nav_files/rviz) by extensions ['cmake', 'python']
[1.827s] Level 1:colcon.colcon_core.package_identification:_identify(src/ros2_nav_files/rviz) by extension 'cmake'
[1.828s] Level 1:colcon.colcon_core.package_identification:_identify(src/ros2_nav_files/rviz) by extension 'python'
[1.828s] Level 1:colcon.colcon_core.package_identification:_identify(src/ros2_nav_files/rviz) by extensions ['python_setup_py']
[1.828s] Level 1:colcon.colcon_core.package_identification:_identify(src/ros2_nav_files/rviz) by extension 'python_setup_py'
[1.828s] Level 1:colcon.colcon_core.package_discovery:discover_packages(recursive) using defaults
[1.829s] Level 1:colcon.colcon_core.package_discovery:discover_packages(ignore) discover
[1.829s] Level 1:colcon.colcon_core.package_discovery:discover_packages(ignore) using defaults
[1.829s] Level 1:colcon.colcon_core.package_discovery:discover_packages(path) discover
[1.829s] Level 1:colcon.colcon_core.package_discovery:discover_packages(path) using defaults
[1.942s] Level 1:colcon.colcon_core.package_discovery:discover_packages(prefix_path) check parameters
[1.942s] Level 1:colcon.colcon_core.package_discovery:discover_packages(prefix_path) discover
[1.959s] DEBUG:colcon.colcon_installed_package_information.package_discovery:Found 9 installed packages in /home/Gruppe4/ros2_ws/install
[1.962s] DEBUG:colcon.colcon_installed_package_information.package_discovery:Found 1 installed packages in /home/Gruppe4/turtlebot3_ws/install
[1.971s] DEBUG:colcon.colcon_installed_package_information.package_discovery:Found 254 installed packages in /opt/ros/humble
[1.978s] Level 1:colcon.colcon_core.package_discovery:discover_packages(prefix_path) using defaults
[2.176s] Level 5:colcon.colcon_core.verb:set package 'asignment_1_pkg' build argument 'cmake_args' from command line to 'None'
[2.176s] Level 5:colcon.colcon_core.verb:set package 'asignment_1_pkg' build argument 'cmake_target' from command line to 'None'
[2.177s] Level 5:colcon.colcon_core.verb:set package 'asignment_1_pkg' build argument 'cmake_target_skip_unavailable' from command line to 'False'
[2.177s] Level 5:colcon.colcon_core.verb:set package 'asignment_1_pkg' build argument 'cmake_clean_cache' from command line to 'False'
[2.177s] Level 5:colcon.colcon_core.verb:set package 'asignment_1_pkg' build argument 'cmake_clean_first' from command line to 'False'
[2.177s] Level 5:colcon.colcon_core.verb:set package 'asignment_1_pkg' build argument 'cmake_force_configure' from command line to 'False'
[2.177s] Level 5:colcon.colcon_core.verb:set package 'asignment_1_pkg' build argument 'ament_cmake_args' from command line to 'None'
[2.177s] Level 5:colcon.colcon_core.verb:set package 'asignment_1_pkg' build argument 'catkin_cmake_args' from command line to 'None'
[2.177s] Level 5:colcon.colcon_core.verb:set package 'asignment_1_pkg' build argument 'catkin_skip_building_tests' from command line to 'False'
[2.177s] DEBUG:colcon.colcon_core.verb:Building package 'asignment_1_pkg' with the following arguments: {'ament_cmake_args': None, 'build_base': '/home/Gruppe4/ros2_ws/build/asignment_1_pkg', 'catkin_cmake_args': None, 'catkin_skip_building_tests': False, 'cmake_args': None, 'cmake_clean_cache': False, 'cmake_clean_first': False, 'cmake_force_configure': False, 'cmake_target': None, 'cmake_target_skip_unavailable': False, 'install_base': '/home/Gruppe4/ros2_ws/install/asignment_1_pkg', 'merge_install': False, 'path': '/home/Gruppe4/ros2_ws/src/asignment_1_pkg', 'symlink_install': False, 'test_result_base': None}
[2.179s] Level 5:colcon.colcon_core.verb:set package 'assignment_2_pkg' build argument 'cmake_args' from command line to 'None'
[2.179s] Level 5:colcon.colcon_core.verb:set package 'assignment_2_pkg' build argument 'cmake_target' from command line to 'None'
[2.179s] Level 5:colcon.colcon_core.verb:set package 'assignment_2_pkg' build argument 'cmake_target_skip_unavailable' from command line to 'False'
[2.179s] Level 5:colcon.colcon_core.verb:set package 'assignment_2_pkg' build argument 'cmake_clean_cache' from command line to 'False'
[2.180s] Level 5:colcon.colcon_core.verb:set package 'assignment_2_pkg' build argument 'cmake_clean_first' from command line to 'False'
[2.180s] Level 5:colcon.colcon_core.verb:set package 'assignment_2_pkg' build argument 'cmake_force_configure' from command line to 'False'
[2.180s] Level 5:colcon.colcon_core.verb:set package 'assignment_2_pkg' build argument 'ament_cmake_args' from command line to 'None'
[2.180s] Level 5:colcon.colcon_core.verb:set package 'assignment_2_pkg' build argument 'catkin_cmake_args' from command line to 'None'
[2.180s] Level 5:colcon.colcon_core.verb:set package 'assignment_2_pkg' build argument 'catkin_skip_building_tests' from command line to 'False'
[2.180s] DEBUG:colcon.colcon_core.verb:Building package 'assignment_2_pkg' with the following arguments: {'ament_cmake_args': None, 'build_base': '/home/Gruppe4/ros2_ws/build/assignment_2_pkg', 'catkin_cmake_args': None, 'catkin_skip_building_tests': False, 'cmake_args': None, 'cmake_clean_cache': False, 'cmake_clean_first': False, 'cmake_force_configure': False, 'cmake_target': None, 'cmake_target_skip_unavailable': False, 'install_base': '/home/Gruppe4/ros2_ws/install/assignment_2_pkg', 'merge_install': False, 'path': '/home/Gruppe4/ros2_ws/src/assignment_2_pkg', 'symlink_install': False, 'test_result_base': None}
[2.182s] Level 5:colcon.colcon_core.verb:set package 'assignment_3_pkg' build argument 'cmake_args' from command line to 'None'
[2.182s] Level 5:colcon.colcon_core.verb:set package 'assignment_3_pkg' build argument 'cmake_target' from command line to 'None'
[2.182s] Level 5:colcon.colcon_core.verb:set package 'assignment_3_pkg' build argument 'cmake_target_skip_unavailable' from command line to 'False'
[2.182s] Level 5:colcon.colcon_core.verb:set package 'assignment_3_pkg' build argument 'cmake_clean_cache' from command line to 'False'
[2.182s] Level 5:colcon.colcon_core.verb:set package 'assignment_3_pkg' build argument 'cmake_clean_first' from command line to 'False'
[2.182s] Level 5:colcon.colcon_core.verb:set package 'assignment_3_pkg' build argument 'cmake_force_configure' from command line to 'False'
[2.182s] Level 5:colcon.colcon_core.verb:set package 'assignment_3_pkg' build argument 'ament_cmake_args' from command line to 'None'
[2.182s] Level 5:colcon.colcon_core.verb:set package 'assignment_3_pkg' build argument 'catkin_cmake_args' from command line to 'None'
[2.182s] Level 5:colcon.colcon_core.verb:set package 'assignment_3_pkg' build argument 'catkin_skip_building_tests' from command line to 'False'
[2.183s] DEBUG:colcon.colcon_core.verb:Building package 'assignment_3_pkg' with the following arguments: {'ament_cmake_args': None, 'build_base': '/home/Gruppe4/ros2_ws/build/assignment_3_pkg', 'catkin_cmake_args': None, 'catkin_skip_building_tests': False, 'cmake_args': None, 'cmake_clean_cache': False, 'cmake_clean_first': False, 'cmake_force_configure': False, 'cmake_target': None, 'cmake_target_skip_unavailable': False, 'install_base': '/home/Gruppe4/ros2_ws/install/assignment_3_pkg', 'merge_install': False, 'path': '/home/Gruppe4/ros2_ws/src/assignment_3_pkg', 'symlink_install': False, 'test_result_base': None}
[2.184s] Level 5:colcon.colcon_core.verb:set package 'cartographer_slam' build argument 'cmake_args' from command line to 'None'
[2.184s] Level 5:colcon.colcon_core.verb:set package 'cartographer_slam' build argument 'cmake_target' from command line to 'None'
[2.184s] Level 5:colcon.colcon_core.verb:set package 'cartographer_slam' build argument 'cmake_target_skip_unavailable' from command line to 'False'
[2.185s] Level 5:colcon.colcon_core.verb:set package 'cartographer_slam' build argument 'cmake_clean_cache' from command line to 'False'
[2.185s] Level 5:colcon.colcon_core.verb:set package 'cartographer_slam' build argument 'cmake_clean_first' from command line to 'False'
[2.185s] Level 5:colcon.colcon_core.verb:set package 'cartographer_slam' build argument 'cmake_force_configure' from command line to 'False'
[2.185s] Level 5:colcon.colcon_core.verb:set package 'cartographer_slam' build argument 'ament_cmake_args' from command line to 'None'
[2.185s] Level 5:colcon.colcon_core.verb:set package 'cartographer_slam' build argument 'catkin_cmake_args' from command line to 'None'
[2.185s] Level 5:colcon.colcon_core.verb:set package 'cartographer_slam' build argument 'catkin_skip_building_tests' from command line to 'False'
[2.185s] DEBUG:colcon.colcon_core.verb:Building package 'cartographer_slam' with the following arguments: {'ament_cmake_args': None, 'build_base': '/home/Gruppe4/ros2_ws/build/cartographer_slam', 'catkin_cmake_args': None, 'catkin_skip_building_tests': False, 'cmake_args': None, 'cmake_clean_cache': False, 'cmake_clean_first': False, 'cmake_force_configure': False, 'cmake_target': None, 'cmake_target_skip_unavailable': False, 'install_base': '/home/Gruppe4/ros2_ws/install/cartographer_slam', 'merge_install': False, 'path': '/home/Gruppe4/ros2_ws/src/cartographer_slam', 'symlink_install': False, 'test_result_base': None}
[2.187s] Level 5:colcon.colcon_core.verb:set package 'localization_server' build argument 'cmake_args' from command line to 'None'
[2.187s] Level 5:colcon.colcon_core.verb:set package 'localization_server' build argument 'cmake_target' from command line to 'None'
[2.187s] Level 5:colcon.colcon_core.verb:set package 'localization_server' build argument 'cmake_target_skip_unavailable' from command line to 'False'
[2.187s] Level 5:colcon.colcon_core.verb:set package 'localization_server' build argument 'cmake_clean_cache' from command line to 'False'
[2.187s] Level 5:colcon.colcon_core.verb:set package 'localization_server' build argument 'cmake_clean_first' from command line to 'False'
[2.187s] Level 5:colcon.colcon_core.verb:set package 'localization_server' build argument 'cmake_force_configure' from command line to 'False'
[2.187s] Level 5:colcon.colcon_core.verb:set package 'localization_server' build argument 'ament_cmake_args' from command line to 'None'
[2.187s] Level 5:colcon.colcon_core.verb:set package 'localization_server' build argument 'catkin_cmake_args' from command line to 'None'
[2.187s] Level 5:colcon.colcon_core.verb:set package 'localization_server' build argument 'catkin_skip_building_tests' from command line to 'False'
[2.188s] DEBUG:colcon.colcon_core.verb:Building package 'localization_server' with the following arguments: {'ament_cmake_args': None, 'build_base': '/home/Gruppe4/ros2_ws/build/localization_server', 'catkin_cmake_args': None, 'catkin_skip_building_tests': False, 'cmake_args': None, 'cmake_clean_cache': False, 'cmake_clean_first': False, 'cmake_force_configure': False, 'cmake_target': None, 'cmake_target_skip_unavailable': False, 'install_base': '/home/Gruppe4/ros2_ws/install/localization_server', 'merge_install': False, 'path': '/home/Gruppe4/ros2_ws/src/localization_server', 'symlink_install': False, 'test_result_base': None}
[2.189s] Level 5:colcon.colcon_core.verb:set package 'map_server' build argument 'cmake_args' from command line to 'None'
[2.189s] Level 5:colcon.colcon_core.verb:set package 'map_server' build argument 'cmake_target' from command line to 'None'
[2.189s] Level 5:colcon.colcon_core.verb:set package 'map_server' build argument 'cmake_target_skip_unavailable' from command line to 'False'
[2.190s] Level 5:colcon.colcon_core.verb:set package 'map_server' build argument 'cmake_clean_cache' from command line to 'False'
[2.190s] Level 5:colcon.colcon_core.verb:set package 'map_server' build argument 'cmake_clean_first' from command line to 'False'
[2.190s] Level 5:colcon.colcon_core.verb:set package 'map_server' build argument 'cmake_force_configure' from command line to 'False'
[2.190s] Level 5:colcon.colcon_core.verb:set package 'map_server' build argument 'ament_cmake_args' from command line to 'None'
[2.190s] Level 5:colcon.colcon_core.verb:set package 'map_server' build argument 'catkin_cmake_args' from command line to 'None'
[2.190s] Level 5:colcon.colcon_core.verb:set package 'map_server' build argument 'catkin_skip_building_tests' from command line to 'False'
[2.190s] DEBUG:colcon.colcon_core.verb:Building package 'map_server' with the following arguments: {'ament_cmake_args': None, 'build_base': '/home/Gruppe4/ros2_ws/build/map_server', 'catkin_cmake_args': None, 'catkin_skip_building_tests': False, 'cmake_args': None, 'cmake_clean_cache': False, 'cmake_clean_first': False, 'cmake_force_configure': False, 'cmake_target': None, 'cmake_target_skip_unavailable': False, 'install_base': '/home/Gruppe4/ros2_ws/install/map_server', 'merge_install': False, 'path': '/home/Gruppe4/ros2_ws/src/map_server', 'symlink_install': False, 'test_result_base': None}
[2.192s] Level 5:colcon.colcon_core.verb:set package 'nav2_course' build argument 'cmake_args' from command line to 'None'
[2.192s] Level 5:colcon.colcon_core.verb:set package 'nav2_course' build argument 'cmake_target' from command line to 'None'
[2.192s] Level 5:colcon.colcon_core.verb:set package 'nav2_course' build argument 'cmake_target_skip_unavailable' from command line to 'False'
[2.192s] Level 5:colcon.colcon_core.verb:set package 'nav2_course' build argument 'cmake_clean_cache' from command line to 'False'
[2.192s] Level 5:colcon.colcon_core.verb:set package 'nav2_course' build argument 'cmake_clean_first' from command line to 'False'
[2.192s] Level 5:colcon.colcon_core.verb:set package 'nav2_course' build argument 'cmake_force_configure' from command line to 'False'
[2.192s] Level 5:colcon.colcon_core.verb:set package 'nav2_course' build argument 'ament_cmake_args' from command line to 'None'
[2.192s] Level 5:colcon.colcon_core.verb:set package 'nav2_course' build argument 'catkin_cmake_args' from command line to 'None'
[2.192s] Level 5:colcon.colcon_core.verb:set package 'nav2_course' build argument 'catkin_skip_building_tests' from command line to 'False'
[2.193s] DEBUG:colcon.colcon_core.verb:Building package 'nav2_course' with the following arguments: {'ament_cmake_args': None, 'build_base': '/home/Gruppe4/ros2_ws/build/nav2_course', 'catkin_cmake_args': None, 'catkin_skip_building_tests': False, 'cmake_args': None, 'cmake_clean_cache': False, 'cmake_clean_first': False, 'cmake_force_configure': False, 'cmake_target': None, 'cmake_target_skip_unavailable': False, 'install_base': '/home/Gruppe4/ros2_ws/install/nav2_course', 'merge_install': False, 'path': '/home/Gruppe4/ros2_ws/src/ros2_nav_files/nav2_course', 'symlink_install': False, 'test_result_base': None}
[2.194s] Level 5:colcon.colcon_core.verb:set package 'nav2_project' build argument 'cmake_args' from command line to 'None'
[2.194s] Level 5:colcon.colcon_core.verb:set package 'nav2_project' build argument 'cmake_target' from command line to 'None'
[2.194s] Level 5:colcon.colcon_core.verb:set package 'nav2_project' build argument 'cmake_target_skip_unavailable' from command line to 'False'
[2.194s] Level 5:colcon.colcon_core.verb:set package 'nav2_project' build argument 'cmake_clean_cache' from command line to 'False'
[2.195s] Level 5:colcon.colcon_core.verb:set package 'nav2_project' build argument 'cmake_clean_first' from command line to 'False'
[2.195s] Level 5:colcon.colcon_core.verb:set package 'nav2_project' build argument 'cmake_force_configure' from command line to 'False'
[2.195s] Level 5:colcon.colcon_core.verb:set package 'nav2_project' build argument 'ament_cmake_args' from command line to 'None'
[2.195s] Level 5:colcon.colcon_core.verb:set package 'nav2_project' build argument 'catkin_cmake_args' from command line to 'None'
[2.195s] Level 5:colcon.colcon_core.verb:set package 'nav2_project' build argument 'catkin_skip_building_tests' from command line to 'False'
[2.195s] DEBUG:colcon.colcon_core.verb:Building package 'nav2_project' with the following arguments: {'ament_cmake_args': None, 'build_base': '/home/Gruppe4/ros2_ws/build/nav2_project', 'catkin_cmake_args': None, 'catkin_skip_building_tests': False, 'cmake_args': None, 'cmake_clean_cache': False, 'cmake_clean_first': False, 'cmake_force_configure': False, 'cmake_target': None, 'cmake_target_skip_unavailable': False, 'install_base': '/home/Gruppe4/ros2_ws/install/nav2_project', 'merge_install': False, 'path': '/home/Gruppe4/ros2_ws/src/ros2_nav_files/nav2_project', 'symlink_install': False, 'test_result_base': None}
[2.197s] Level 5:colcon.colcon_core.verb:set package 'path_planner_server' build argument 'cmake_args' from command line to 'None'
[2.197s] Level 5:colcon.colcon_core.verb:set package 'path_planner_server' build argument 'cmake_target' from command line to 'None'
[2.197s] Level 5:colcon.colcon_core.verb:set package 'path_planner_server' build argument 'cmake_target_skip_unavailable' from command line to 'False'
[2.197s] Level 5:colcon.colcon_core.verb:set package 'path_planner_server' build argument 'cmake_clean_cache' from command line to 'False'
[2.197s] Level 5:colcon.colcon_core.verb:set package 'path_planner_server' build argument 'cmake_clean_first' from command line to 'False'
[2.197s] Level 5:colcon.colcon_core.verb:set package 'path_planner_server' build argument 'cmake_force_configure' from command line to 'False'
[2.197s] Level 5:colcon.colcon_core.verb:set package 'path_planner_server' build argument 'ament_cmake_args' from command line to 'None'
[2.197s] Level 5:colcon.colcon_core.verb:set package 'path_planner_server' build argument 'catkin_cmake_args' from command line to 'None'
[2.198s] Level 5:colcon.colcon_core.verb:set package 'path_planner_server' build argument 'catkin_skip_building_tests' from command line to 'False'
[2.198s] DEBUG:colcon.colcon_core.verb:Building package 'path_planner_server' with the following arguments: {'ament_cmake_args': None, 'build_base': '/home/Gruppe4/ros2_ws/build/path_planner_server', 'catkin_cmake_args': None, 'catkin_skip_building_tests': False, 'cmake_args': None, 'cmake_clean_cache': False, 'cmake_clean_first': False, 'cmake_force_configure': False, 'cmake_target': None, 'cmake_target_skip_unavailable': False, 'install_base': '/home/Gruppe4/ros2_ws/install/path_planner_server', 'merge_install': False, 'path': '/home/Gruppe4/ros2_ws/src/path_planner_server', 'symlink_install': False, 'test_result_base': None}
[2.198s] INFO:colcon.colcon_core.executor:Executing jobs using 'parallel' executor
[2.202s] DEBUG:colcon.colcon_parallel_executor.executor.parallel:run_until_complete
[2.203s] INFO:colcon.colcon_ros.task.ament_python.build:Building ROS package in '/home/Gruppe4/ros2_ws/src/asignment_1_pkg' with build type 'ament_python'
[2.204s] Level 1:colcon.colcon_core.shell:create_environment_hook('asignment_1_pkg', 'ament_prefix_path')
[2.220s] INFO:colcon.colcon_core.plugin_system:Skipping extension 'colcon_core.shell.bat': Not used on non-Windows systems
[2.222s] INFO:colcon.colcon_core.shell:Creating environment hook '/home/Gruppe4/ros2_ws/install/asignment_1_pkg/share/asignment_1_pkg/hook/ament_prefix_path.ps1'
[2.225s] INFO:colcon.colcon_core.shell:Creating environment descriptor '/home/Gruppe4/ros2_ws/install/asignment_1_pkg/share/asignment_1_pkg/hook/ament_prefix_path.dsv'
[2.230s] INFO:colcon.colcon_core.shell:Creating environment hook '/home/Gruppe4/ros2_ws/install/asignment_1_pkg/share/asignment_1_pkg/hook/ament_prefix_path.sh'
[2.236s] INFO:colcon.colcon_core.shell:Skip shell extension 'powershell' for command environment: Not usable outside of PowerShell
[2.236s] DEBUG:colcon.colcon_core.shell:Skip shell extension 'dsv' for command environment
[2.262s] INFO:colcon.colcon_ros.task.ament_python.build:Building ROS package in '/home/Gruppe4/ros2_ws/src/assignment_2_pkg' with build type 'ament_python'
[2.263s] Level 1:colcon.colcon_core.shell:create_environment_hook('assignment_2_pkg', 'ament_prefix_path')
[2.265s] INFO:colcon.colcon_core.shell:Creating environment hook '/home/Gruppe4/ros2_ws/install/assignment_2_pkg/share/assignment_2_pkg/hook/ament_prefix_path.ps1'
[2.267s] INFO:colcon.colcon_core.shell:Creating environment descriptor '/home/Gruppe4/ros2_ws/install/assignment_2_pkg/share/assignment_2_pkg/hook/ament_prefix_path.dsv'
[2.269s] INFO:colcon.colcon_core.shell:Creating environment hook '/home/Gruppe4/ros2_ws/install/assignment_2_pkg/share/assignment_2_pkg/hook/ament_prefix_path.sh'
[2.273s] INFO:colcon.colcon_core.shell:Skip shell extension 'powershell' for command environment: Not usable outside of PowerShell
[2.273s] DEBUG:colcon.colcon_core.shell:Skip shell extension 'dsv' for command environment
[2.294s] INFO:colcon.colcon_ros.task.ament_python.build:Building ROS package in '/home/Gruppe4/ros2_ws/src/assignment_3_pkg' with build type 'ament_python'
[2.295s] Level 1:colcon.colcon_core.shell:create_environment_hook('assignment_3_pkg', 'ament_prefix_path')
[2.296s] INFO:colcon.colcon_core.shell:Creating environment hook '/home/Gruppe4/ros2_ws/install/assignment_3_pkg/share/assignment_3_pkg/hook/ament_prefix_path.ps1'
[2.298s] INFO:colcon.colcon_core.shell:Creating environment descriptor '/home/Gruppe4/ros2_ws/install/assignment_3_pkg/share/assignment_3_pkg/hook/ament_prefix_path.dsv'
[2.301s] INFO:colcon.colcon_core.shell:Creating environment hook '/home/Gruppe4/ros2_ws/install/assignment_3_pkg/share/assignment_3_pkg/hook/ament_prefix_path.sh'
[2.305s] INFO:colcon.colcon_core.shell:Skip shell extension 'powershell' for command environment: Not usable outside of PowerShell
[2.305s] DEBUG:colcon.colcon_core.shell:Skip shell extension 'dsv' for command environment
[2.328s] INFO:colcon.colcon_ros.task.ament_python.build:Building ROS package in '/home/Gruppe4/ros2_ws/src/cartographer_slam' with build type 'ament_python'
[2.329s] Level 1:colcon.colcon_core.shell:create_environment_hook('cartographer_slam', 'ament_prefix_path')
[2.331s] INFO:colcon.colcon_core.shell:Creating environment hook '/home/Gruppe4/ros2_ws/install/cartographer_slam/share/cartographer_slam/hook/ament_prefix_path.ps1'
[2.333s] INFO:colcon.colcon_core.shell:Creating environment descriptor '/home/Gruppe4/ros2_ws/install/cartographer_slam/share/cartographer_slam/hook/ament_prefix_path.dsv'
[2.335s] INFO:colcon.colcon_core.shell:Creating environment hook '/home/Gruppe4/ros2_ws/install/cartographer_slam/share/cartographer_slam/hook/ament_prefix_path.sh'
[2.339s] INFO:colcon.colcon_core.shell:Skip shell extension 'powershell' for command environment: Not usable outside of PowerShell
[2.339s] DEBUG:colcon.colcon_core.shell:Skip shell extension 'dsv' for command environment
[3.497s] INFO:colcon.colcon_core.task.python.build:Building Python package in '/home/Gruppe4/ros2_ws/src/asignment_1_pkg'
[3.498s] INFO:colcon.colcon_core.shell:Skip shell extension 'powershell' for command environment: Not usable outside of PowerShell
[3.498s] DEBUG:colcon.colcon_core.shell:Skip shell extension 'dsv' for command environment
[4.658s] INFO:colcon.colcon_core.task.python.build:Building Python package in '/home/Gruppe4/ros2_ws/src/assignment_2_pkg'
[4.659s] INFO:colcon.colcon_core.shell:Skip shell extension 'powershell' for command environment: Not usable outside of PowerShell
[4.659s] DEBUG:colcon.colcon_core.shell:Skip shell extension 'dsv' for command environment
[5.825s] INFO:colcon.colcon_core.task.python.build:Building Python package in '/home/Gruppe4/ros2_ws/src/assignment_3_pkg'
[5.826s] INFO:colcon.colcon_core.shell:Skip shell extension 'powershell' for command environment: Not usable outside of PowerShell
[5.826s] DEBUG:colcon.colcon_core.shell:Skip shell extension 'dsv' for command environment
[6.979s] INFO:colcon.colcon_core.task.python.build:Building Python package in '/home/Gruppe4/ros2_ws/src/cartographer_slam'
[6.980s] INFO:colcon.colcon_core.shell:Skip shell extension 'powershell' for command environment: Not usable outside of PowerShell
[6.980s] DEBUG:colcon.colcon_core.shell:Skip shell extension 'dsv' for command environment
[10.298s] DEBUG:colcon.colcon_core.event_handler.log_command:Invoking command in '/home/Gruppe4/ros2_ws/src/cartographer_slam': PYTHONPATH=/home/Gruppe4/ros2_ws/build/cartographer_slam/prefix_override:/usr/lib/python3/dist-packages/colcon_core/task/python/colcon_distutils_commands:/home/Gruppe4/ros2_ws/install/cartographer_slam/lib/python3.10/site-packages:${PYTHONPATH} /usr/bin/python3 -W ignore:setup.py install is deprecated setup.py egg_info --egg-base ../../build/cartographer_slam build --build-base /home/Gruppe4/ros2_ws/build/cartographer_slam/build install --record /home/Gruppe4/ros2_ws/build/cartographer_slam/install.log --single-version-externally-managed install_data
[10.340s] DEBUG:colcon.colcon_core.event_handler.log_command:Invoking command in '/home/Gruppe4/ros2_ws/src/assignment_2_pkg': PYTHONPATH=/home/Gruppe4/ros2_ws/build/assignment_2_pkg/prefix_override:/usr/lib/python3/dist-packages/colcon_core/task/python/colcon_distutils_commands:/home/Gruppe4/ros2_ws/install/assignment_2_pkg/lib/python3.10/site-packages:${PYTHONPATH} /usr/bin/python3 -W ignore:setup.py install is deprecated setup.py egg_info --egg-base ../../build/assignment_2_pkg build --build-base /home/Gruppe4/ros2_ws/build/assignment_2_pkg/build install --record /home/Gruppe4/ros2_ws/build/assignment_2_pkg/install.log --single-version-externally-managed install_data
[10.344s] DEBUG:colcon.colcon_core.event_handler.log_command:Invoking command in '/home/Gruppe4/ros2_ws/src/assignment_3_pkg': PYTHONPATH=/home/Gruppe4/ros2_ws/build/assignment_3_pkg/prefix_override:/usr/lib/python3/dist-packages/colcon_core/task/python/colcon_distutils_commands:/home/Gruppe4/ros2_ws/install/assignment_3_pkg/lib/python3.10/site-packages:${PYTHONPATH} /usr/bin/python3 -W ignore:setup.py install is deprecated setup.py egg_info --egg-base ../../build/assignment_3_pkg build --build-base /home/Gruppe4/ros2_ws/build/assignment_3_pkg/build install --record /home/Gruppe4/ros2_ws/build/assignment_3_pkg/install.log --single-version-externally-managed install_data
[10.353s] DEBUG:colcon.colcon_core.event_handler.log_command:Invoking command in '/home/Gruppe4/ros2_ws/src/asignment_1_pkg': PYTHONPATH=/home/Gruppe4/ros2_ws/build/asignment_1_pkg/prefix_override:/usr/lib/python3/dist-packages/colcon_core/task/python/colcon_distutils_commands:/home/Gruppe4/ros2_ws/install/asignment_1_pkg/lib/python3.10/site-packages:${PYTHONPATH} /usr/bin/python3 -W ignore:setup.py install is deprecated setup.py egg_info --egg-base ../../build/asignment_1_pkg build --build-base /home/Gruppe4/ros2_ws/build/asignment_1_pkg/build install --record /home/Gruppe4/ros2_ws/build/asignment_1_pkg/install.log --single-version-externally-managed install_data
[12.387s] DEBUG:colcon.colcon_core.event_handler.log_command:Invoked command in '/home/Gruppe4/ros2_ws/src/assignment_2_pkg' returned '0': PYTHONPATH=/home/Gruppe4/ros2_ws/build/assignment_2_pkg/prefix_override:/usr/lib/python3/dist-packages/colcon_core/task/python/colcon_distutils_commands:/home/Gruppe4/ros2_ws/install/assignment_2_pkg/lib/python3.10/site-packages:${PYTHONPATH} /usr/bin/python3 -W ignore:setup.py install is deprecated setup.py egg_info --egg-base ../../build/assignment_2_pkg build --build-base /home/Gruppe4/ros2_ws/build/assignment_2_pkg/build install --record /home/Gruppe4/ros2_ws/build/assignment_2_pkg/install.log --single-version-externally-managed install_data
[12.435s] Level 1:colcon.colcon_core.environment:checking '/home/Gruppe4/ros2_ws/install/assignment_2_pkg' for CMake module files
[12.440s] Level 1:colcon.colcon_core.environment:checking '/home/Gruppe4/ros2_ws/install/assignment_2_pkg' for CMake config files
[12.447s] Level 1:colcon.colcon_core.environment:checking '/home/Gruppe4/ros2_ws/install/assignment_2_pkg/lib'
[12.449s] Level 1:colcon.colcon_core.environment:checking '/home/Gruppe4/ros2_ws/install/assignment_2_pkg/bin'
[12.450s] Level 1:colcon.colcon_core.environment:checking '/home/Gruppe4/ros2_ws/install/assignment_2_pkg/lib/pkgconfig/assignment_2_pkg.pc'
[12.452s] Level 1:colcon.colcon_core.environment:checking '/home/Gruppe4/ros2_ws/install/assignment_2_pkg/lib/python3.10/site-packages'
[12.453s] Level 1:colcon.colcon_core.shell:create_environment_hook('assignment_2_pkg', 'pythonpath')
[12.455s] INFO:colcon.colcon_core.shell:Creating environment hook '/home/Gruppe4/ros2_ws/install/assignment_2_pkg/share/assignment_2_pkg/hook/pythonpath.ps1'
[12.462s] INFO:colcon.colcon_core.shell:Creating environment descriptor '/home/Gruppe4/ros2_ws/install/assignment_2_pkg/share/assignment_2_pkg/hook/pythonpath.dsv'
[12.469s] INFO:colcon.colcon_core.shell:Creating environment hook '/home/Gruppe4/ros2_ws/install/assignment_2_pkg/share/assignment_2_pkg/hook/pythonpath.sh'
[12.476s] Level 1:colcon.colcon_core.environment:checking '/home/Gruppe4/ros2_ws/install/assignment_2_pkg/bin'
[12.477s] Level 1:colcon.colcon_core.environment:create_environment_scripts_only(assignment_2_pkg)
[12.480s] INFO:colcon.colcon_core.shell:Creating package script '/home/Gruppe4/ros2_ws/install/assignment_2_pkg/share/assignment_2_pkg/package.ps1'
[12.489s] INFO:colcon.colcon_core.shell:Creating package descriptor '/home/Gruppe4/ros2_ws/install/assignment_2_pkg/share/assignment_2_pkg/package.dsv'
[12.497s] INFO:colcon.colcon_core.shell:Creating package script '/home/Gruppe4/ros2_ws/install/assignment_2_pkg/share/assignment_2_pkg/package.sh'
[12.506s] INFO:colcon.colcon_core.shell:Creating package script '/home/Gruppe4/ros2_ws/install/assignment_2_pkg/share/assignment_2_pkg/package.bash'
[12.513s] INFO:colcon.colcon_core.shell:Creating package script '/home/Gruppe4/ros2_ws/install/assignment_2_pkg/share/assignment_2_pkg/package.zsh'
[12.518s] Level 1:colcon.colcon_core.environment:create_file_with_runtime_dependencies(/home/Gruppe4/ros2_ws/install/assignment_2_pkg/share/colcon-core/packages/assignment_2_pkg)
[12.521s] INFO:colcon.colcon_ros.task.ament_python.build:Building ROS package in '/home/Gruppe4/ros2_ws/src/localization_server' with build type 'ament_python'
[12.522s] Level 1:colcon.colcon_core.shell:create_environment_hook('localization_server', 'ament_prefix_path')
[12.523s] INFO:colcon.colcon_core.shell:Creating environment hook '/home/Gruppe4/ros2_ws/install/localization_server/share/localization_server/hook/ament_prefix_path.ps1'
[12.526s] INFO:colcon.colcon_core.shell:Creating environment descriptor '/home/Gruppe4/ros2_ws/install/localization_server/share/localization_server/hook/ament_prefix_path.dsv'
[12.529s] INFO:colcon.colcon_core.shell:Creating environment hook '/home/Gruppe4/ros2_ws/install/localization_server/share/localization_server/hook/ament_prefix_path.sh'
[12.534s] INFO:colcon.colcon_core.shell:Skip shell extension 'powershell' for command environment: Not usable outside of PowerShell
[12.534s] DEBUG:colcon.colcon_core.shell:Skip shell extension 'dsv' for command environment
[12.564s] Level 1:colcon.colcon_core.environment:checking '/home/Gruppe4/ros2_ws/install/cartographer_slam' for CMake module files
[12.568s] DEBUG:colcon.colcon_core.event_handler.log_command:Invoked command in '/home/Gruppe4/ros2_ws/src/cartographer_slam' returned '0': PYTHONPATH=/home/Gruppe4/ros2_ws/build/cartographer_slam/prefix_override:/usr/lib/python3/dist-packages/colcon_core/task/python/colcon_distutils_commands:/home/Gruppe4/ros2_ws/install/cartographer_slam/lib/python3.10/site-packages:${PYTHONPATH} /usr/bin/python3 -W ignore:setup.py install is deprecated setup.py egg_info --egg-base ../../build/cartographer_slam build --build-base /home/Gruppe4/ros2_ws/build/cartographer_slam/build install --record /home/Gruppe4/ros2_ws/build/cartographer_slam/install.log --single-version-externally-managed install_data
[12.570s] Level 1:colcon.colcon_core.environment:checking '/home/Gruppe4/ros2_ws/install/cartographer_slam' for CMake config files
[12.578s] Level 1:colcon.colcon_core.environment:checking '/home/Gruppe4/ros2_ws/install/cartographer_slam/lib'
[12.579s] Level 1:colcon.colcon_core.environment:checking '/home/Gruppe4/ros2_ws/install/cartographer_slam/bin'
[12.580s] Level 1:colcon.colcon_core.environment:checking '/home/Gruppe4/ros2_ws/install/cartographer_slam/lib/pkgconfig/cartographer_slam.pc'
[12.582s] Level 1:colcon.colcon_core.environment:checking '/home/Gruppe4/ros2_ws/install/cartographer_slam/lib/python3.10/site-packages'
[12.583s] Level 1:colcon.colcon_core.shell:create_environment_hook('cartographer_slam', 'pythonpath')
[12.585s] INFO:colcon.colcon_core.shell:Creating environment hook '/home/Gruppe4/ros2_ws/install/cartographer_slam/share/cartographer_slam/hook/pythonpath.ps1'
[12.589s] INFO:colcon.colcon_core.shell:Creating environment descriptor '/home/Gruppe4/ros2_ws/install/cartographer_slam/share/cartographer_slam/hook/pythonpath.dsv'
[12.593s] INFO:colcon.colcon_core.shell:Creating environment hook '/home/Gruppe4/ros2_ws/install/cartographer_slam/share/cartographer_slam/hook/pythonpath.sh'
[12.598s] Level 1:colcon.colcon_core.environment:checking '/home/Gruppe4/ros2_ws/install/cartographer_slam/bin'
[12.599s] Level 1:colcon.colcon_core.environment:create_environment_scripts_only(cartographer_slam)
[12.601s] INFO:colcon.colcon_core.shell:Creating package script '/home/Gruppe4/ros2_ws/install/cartographer_slam/share/cartographer_slam/package.ps1'
[12.604s] INFO:colcon.colcon_core.shell:Creating package descriptor '/home/Gruppe4/ros2_ws/install/cartographer_slam/share/cartographer_slam/package.dsv'
[12.609s] INFO:colcon.colcon_core.shell:Creating package script '/home/Gruppe4/ros2_ws/install/cartographer_slam/share/cartographer_slam/package.sh'
[12.614s] INFO:colcon.colcon_core.shell:Creating package script '/home/Gruppe4/ros2_ws/install/cartographer_slam/share/cartographer_slam/package.bash'
[12.618s] INFO:colcon.colcon_core.shell:Creating package script '/home/Gruppe4/ros2_ws/install/cartographer_slam/share/cartographer_slam/package.zsh'
[12.621s] Level 1:colcon.colcon_core.environment:create_file_with_runtime_dependencies(/home/Gruppe4/ros2_ws/install/cartographer_slam/share/colcon-core/packages/cartographer_slam)
[12.625s] Level 1:colcon.colcon_core.environment:checking '/home/Gruppe4/ros2_ws/install/assignment_3_pkg' for CMake module files
[12.633s] DEBUG:colcon.colcon_core.event_handler.log_command:Invoked command in '/home/Gruppe4/ros2_ws/src/assignment_3_pkg' returned '0': PYTHONPATH=/home/Gruppe4/ros2_ws/build/assignment_3_pkg/prefix_override:/usr/lib/python3/dist-packages/colcon_core/task/python/colcon_distutils_commands:/home/Gruppe4/ros2_ws/install/assignment_3_pkg/lib/python3.10/site-packages:${PYTHONPATH} /usr/bin/python3 -W ignore:setup.py install is deprecated setup.py egg_info --egg-base ../../build/assignment_3_pkg build --build-base /home/Gruppe4/ros2_ws/build/assignment_3_pkg/build install --record /home/Gruppe4/ros2_ws/build/assignment_3_pkg/install.log --single-version-externally-managed install_data
[12.635s] Level 1:colcon.colcon_core.environment:checking '/home/Gruppe4/ros2_ws/install/assignment_3_pkg' for CMake config files
[12.642s] Level 1:colcon.colcon_core.environment:checking '/home/Gruppe4/ros2_ws/install/assignment_3_pkg/lib'
[12.643s] Level 1:colcon.colcon_core.environment:checking '/home/Gruppe4/ros2_ws/install/assignment_3_pkg/bin'
[12.644s] Level 1:colcon.colcon_core.environment:checking '/home/Gruppe4/ros2_ws/install/assignment_3_pkg/lib/pkgconfig/assignment_3_pkg.pc'
[12.645s] Level 1:colcon.colcon_core.environment:checking '/home/Gruppe4/ros2_ws/install/assignment_3_pkg/lib/python3.10/site-packages'
[12.646s] Level 1:colcon.colcon_core.shell:create_environment_hook('assignment_3_pkg', 'pythonpath')
[12.647s] INFO:colcon.colcon_core.shell:Creating environment hook '/home/Gruppe4/ros2_ws/install/assignment_3_pkg/share/assignment_3_pkg/hook/pythonpath.ps1'
[12.650s] INFO:colcon.colcon_core.shell:Creating environment descriptor '/home/Gruppe4/ros2_ws/install/assignment_3_pkg/share/assignment_3_pkg/hook/pythonpath.dsv'
[12.654s] INFO:colcon.colcon_core.shell:Creating environment hook '/home/Gruppe4/ros2_ws/install/assignment_3_pkg/share/assignment_3_pkg/hook/pythonpath.sh'
[12.658s] Level 1:colcon.colcon_core.environment:checking '/home/Gruppe4/ros2_ws/install/assignment_3_pkg/bin'
[12.659s] Level 1:colcon.colcon_core.environment:create_environment_scripts_only(assignment_3_pkg)
[12.661s] INFO:colcon.colcon_core.shell:Creating package script '/home/Gruppe4/ros2_ws/install/assignment_3_pkg/share/assignment_3_pkg/package.ps1'
[12.668s] INFO:colcon.colcon_core.shell:Creating package descriptor '/home/Gruppe4/ros2_ws/install/assignment_3_pkg/share/assignment_3_pkg/package.dsv'
[12.672s] INFO:colcon.colcon_core.shell:Creating package script '/home/Gruppe4/ros2_ws/install/assignment_3_pkg/share/assignment_3_pkg/package.sh'
[12.677s] INFO:colcon.colcon_core.shell:Creating package script '/home/Gruppe4/ros2_ws/install/assignment_3_pkg/share/assignment_3_pkg/package.bash'
[12.681s] INFO:colcon.colcon_core.shell:Creating package script '/home/Gruppe4/ros2_ws/install/assignment_3_pkg/share/assignment_3_pkg/package.zsh'
[12.685s] Level 1:colcon.colcon_core.environment:create_file_with_runtime_dependencies(/home/Gruppe4/ros2_ws/install/assignment_3_pkg/share/colcon-core/packages/assignment_3_pkg)
[12.691s] INFO:colcon.colcon_ros.task.ament_python.build:Building ROS package in '/home/Gruppe4/ros2_ws/src/map_server' with build type 'ament_python'
[12.692s] Level 1:colcon.colcon_core.shell:create_environment_hook('map_server', 'ament_prefix_path')
[12.694s] INFO:colcon.colcon_core.shell:Creating environment hook '/home/Gruppe4/ros2_ws/install/map_server/share/map_server/hook/ament_prefix_path.ps1'
[12.699s] INFO:colcon.colcon_core.shell:Creating environment descriptor '/home/Gruppe4/ros2_ws/install/map_server/share/map_server/hook/ament_prefix_path.dsv'
[12.703s] INFO:colcon.colcon_core.shell:Creating environment hook '/home/Gruppe4/ros2_ws/install/map_server/share/map_server/hook/ament_prefix_path.sh'
[12.711s] INFO:colcon.colcon_core.shell:Skip shell extension 'powershell' for command environment: Not usable outside of PowerShell
[12.711s] DEBUG:colcon.colcon_core.shell:Skip shell extension 'dsv' for command environment
[12.745s] INFO:colcon.colcon_ros.task.ament_cmake.build:Building ROS package in '/home/Gruppe4/ros2_ws/src/ros2_nav_files/nav2_course' with build type 'ament_cmake'
[12.746s] INFO:colcon.colcon_cmake.task.cmake.build:Building CMake package in '/home/Gruppe4/ros2_ws/src/ros2_nav_files/nav2_course'
[12.747s] INFO:colcon.colcon_core.shell:Skip shell extension 'powershell' for command environment: Not usable outside of PowerShell
[12.748s] DEBUG:colcon.colcon_core.shell:Skip shell extension 'dsv' for command environment
[13.969s] INFO:colcon.colcon_core.task.python.build:Building Python package in '/home/Gruppe4/ros2_ws/src/localization_server'
[13.971s] INFO:colcon.colcon_core.shell:Skip shell extension 'powershell' for command environment: Not usable outside of PowerShell
[13.971s] DEBUG:colcon.colcon_core.shell:Skip shell extension 'dsv' for command environment
[13.997s] Level 1:colcon.colcon_core.environment:checking '/home/Gruppe4/ros2_ws/install/asignment_1_pkg' for CMake module files
[13.999s] DEBUG:colcon.colcon_core.event_handler.log_command:Invoked command in '/home/Gruppe4/ros2_ws/src/asignment_1_pkg' returned '0': PYTHONPATH=/home/Gruppe4/ros2_ws/build/asignment_1_pkg/prefix_override:/usr/lib/python3/dist-packages/colcon_core/task/python/colcon_distutils_commands:/home/Gruppe4/ros2_ws/install/asignment_1_pkg/lib/python3.10/site-packages:${PYTHONPATH} /usr/bin/python3 -W ignore:setup.py install is deprecated setup.py egg_info --egg-base ../../build/asignment_1_pkg build --build-base /home/Gruppe4/ros2_ws/build/asignment_1_pkg/build install --record /home/Gruppe4/ros2_ws/build/asignment_1_pkg/install.log --single-version-externally-managed install_data
[14.002s] Level 1:colcon.colcon_core.environment:checking '/home/Gruppe4/ros2_ws/install/asignment_1_pkg' for CMake config files
[14.006s] Level 1:colcon.colcon_core.environment:checking '/home/Gruppe4/ros2_ws/install/asignment_1_pkg/lib'
[14.006s] Level 1:colcon.colcon_core.environment:checking '/home/Gruppe4/ros2_ws/install/asignment_1_pkg/bin'
[14.007s] Level 1:colcon.colcon_core.environment:checking '/home/Gruppe4/ros2_ws/install/asignment_1_pkg/lib/pkgconfig/asignment_1_pkg.pc'
[14.008s] Level 1:colcon.colcon_core.environment:checking '/home/Gruppe4/ros2_ws/install/asignment_1_pkg/lib/python3.10/site-packages'
[14.008s] Level 1:colcon.colcon_core.shell:create_environment_hook('asignment_1_pkg', 'pythonpath')
[14.009s] INFO:colcon.colcon_core.shell:Creating environment hook '/home/Gruppe4/ros2_ws/install/asignment_1_pkg/share/asignment_1_pkg/hook/pythonpath.ps1'
[14.011s] INFO:colcon.colcon_core.shell:Creating environment descriptor '/home/Gruppe4/ros2_ws/install/asignment_1_pkg/share/asignment_1_pkg/hook/pythonpath.dsv'
[14.013s] INFO:colcon.colcon_core.shell:Creating environment hook '/home/Gruppe4/ros2_ws/install/asignment_1_pkg/share/asignment_1_pkg/hook/pythonpath.sh'
[14.016s] Level 1:colcon.colcon_core.environment:checking '/home/Gruppe4/ros2_ws/install/asignment_1_pkg/bin'
[14.016s] Level 1:colcon.colcon_core.environment:create_environment_scripts_only(asignment_1_pkg)
[14.018s] INFO:colcon.colcon_core.shell:Creating package script '/home/Gruppe4/ros2_ws/install/asignment_1_pkg/share/asignment_1_pkg/package.ps1'
[14.020s] INFO:colcon.colcon_core.shell:Creating package descriptor '/home/Gruppe4/ros2_ws/install/asignment_1_pkg/share/asignment_1_pkg/package.dsv'
[14.022s] INFO:colcon.colcon_core.shell:Creating package script '/home/Gruppe4/ros2_ws/install/asignment_1_pkg/share/asignment_1_pkg/package.sh'
[14.025s] INFO:colcon.colcon_core.shell:Creating package script '/home/Gruppe4/ros2_ws/install/asignment_1_pkg/share/asignment_1_pkg/package.bash'
[14.026s] INFO:colcon.colcon_core.shell:Creating package script '/home/Gruppe4/ros2_ws/install/asignment_1_pkg/share/asignment_1_pkg/package.zsh'
[14.028s] Level 1:colcon.colcon_core.environment:create_file_with_runtime_dependencies(/home/Gruppe4/ros2_ws/install/asignment_1_pkg/share/colcon-core/packages/asignment_1_pkg)
[14.032s] INFO:colcon.colcon_ros.task.ament_python.build:Building ROS package in '/home/Gruppe4/ros2_ws/src/ros2_nav_files/nav2_project' with build type 'ament_python'
[14.033s] Level 1:colcon.colcon_core.shell:create_environment_hook('nav2_project', 'ament_prefix_path')
[14.034s] INFO:colcon.colcon_core.shell:Creating environment hook '/home/Gruppe4/ros2_ws/install/nav2_project/share/nav2_project/hook/ament_prefix_path.ps1'
[14.037s] INFO:colcon.colcon_core.shell:Creating environment descriptor '/home/Gruppe4/ros2_ws/install/nav2_project/share/nav2_project/hook/ament_prefix_path.dsv'
[14.039s] INFO:colcon.colcon_core.shell:Creating environment hook '/home/Gruppe4/ros2_ws/install/nav2_project/share/nav2_project/hook/ament_prefix_path.sh'
[14.042s] INFO:colcon.colcon_core.shell:Skip shell extension 'powershell' for command environment: Not usable outside of PowerShell
[14.043s] DEBUG:colcon.colcon_core.shell:Skip shell extension 'dsv' for command environment
[15.217s] INFO:colcon.colcon_core.task.python.build:Building Python package in '/home/Gruppe4/ros2_ws/src/map_server'
[15.218s] INFO:colcon.colcon_core.shell:Skip shell extension 'powershell' for command environment: Not usable outside of PowerShell
[15.219s] DEBUG:colcon.colcon_core.shell:Skip shell extension 'dsv' for command environment
[15.270s] DEBUG:colcon.colcon_core.event_handler.log_command:Invoking command in '/home/Gruppe4/ros2_ws/build/nav2_course': CMAKE_PREFIX_PATH=${CMAKE_PREFIX_PATH}:/home/Gruppe4/ros2_ws/install/path_planner_server:/home/Gruppe4/ros2_ws/install/nav2_project:/home/Gruppe4/ros2_ws/install/map_server:/home/Gruppe4/ros2_ws/install/localization_server:/home/Gruppe4/ros2_ws/install/cartographer_slam:/home/Gruppe4/ros2_ws/install/assignment_3_pkg:/home/Gruppe4/ros2_ws/install/assignment_2_pkg:/home/Gruppe4/ros2_ws/install/asignment_1_pkg:/opt/ros/humble /usr/bin/cmake --build /home/Gruppe4/ros2_ws/build/nav2_course -- -j4 -l4
[16.605s] INFO:colcon.colcon_core.task.python.build:Building Python package in '/home/Gruppe4/ros2_ws/src/ros2_nav_files/nav2_project'
[16.606s] INFO:colcon.colcon_core.shell:Skip shell extension 'powershell' for command environment: Not usable outside of PowerShell
[16.606s] DEBUG:colcon.colcon_core.shell:Skip shell extension 'dsv' for command environment
[16.651s] DEBUG:colcon.colcon_core.event_handler.log_command:Invoked command in '/home/Gruppe4/ros2_ws/build/nav2_course' returned '0': CMAKE_PREFIX_PATH=${CMAKE_PREFIX_PATH}:/home/Gruppe4/ros2_ws/install/path_planner_server:/home/Gruppe4/ros2_ws/install/nav2_project:/home/Gruppe4/ros2_ws/install/map_server:/home/Gruppe4/ros2_ws/install/localization_server:/home/Gruppe4/ros2_ws/install/cartographer_slam:/home/Gruppe4/ros2_ws/install/assignment_3_pkg:/home/Gruppe4/ros2_ws/install/assignment_2_pkg:/home/Gruppe4/ros2_ws/install/asignment_1_pkg:/opt/ros/humble /usr/bin/cmake --build /home/Gruppe4/ros2_ws/build/nav2_course -- -j4 -l4
[16.872s] DEBUG:colcon.colcon_core.event_handler.log_command:Invoking command in '/home/Gruppe4/ros2_ws/build/nav2_course': CMAKE_PREFIX_PATH=${CMAKE_PREFIX_PATH}:/home/Gruppe4/ros2_ws/install/path_planner_server:/home/Gruppe4/ros2_ws/install/nav2_project:/home/Gruppe4/ros2_ws/install/map_server:/home/Gruppe4/ros2_ws/install/localization_server:/home/Gruppe4/ros2_ws/install/cartographer_slam:/home/Gruppe4/ros2_ws/install/assignment_3_pkg:/home/Gruppe4/ros2_ws/install/assignment_2_pkg:/home/Gruppe4/ros2_ws/install/asignment_1_pkg:/opt/ros/humble /usr/bin/cmake --install /home/Gruppe4/ros2_ws/build/nav2_course
[17.096s] Level 1:colcon.colcon_core.environment:create_environment_scripts_only(nav2_course)
[17.098s] Level 1:colcon.colcon_core.environment:checking '/home/Gruppe4/ros2_ws/install/nav2_course' for CMake module files
[17.103s] Level 1:colcon.colcon_core.environment:checking '/home/Gruppe4/ros2_ws/install/nav2_course' for CMake config files
[17.106s] DEBUG:colcon.colcon_core.event_handler.log_command:Invoked command in '/home/Gruppe4/ros2_ws/build/nav2_course' returned '0': CMAKE_PREFIX_PATH=${CMAKE_PREFIX_PATH}:/home/Gruppe4/ros2_ws/install/path_planner_server:/home/Gruppe4/ros2_ws/install/nav2_project:/home/Gruppe4/ros2_ws/install/map_server:/home/Gruppe4/ros2_ws/install/localization_server:/home/Gruppe4/ros2_ws/install/cartographer_slam:/home/Gruppe4/ros2_ws/install/assignment_3_pkg:/home/Gruppe4/ros2_ws/install/assignment_2_pkg:/home/Gruppe4/ros2_ws/install/asignment_1_pkg:/opt/ros/humble /usr/bin/cmake --install /home/Gruppe4/ros2_ws/build/nav2_course
[17.109s] Level 1:colcon.colcon_core.shell:create_environment_hook('nav2_course', 'cmake_prefix_path')
[17.113s] INFO:colcon.colcon_core.shell:Creating environment hook '/home/Gruppe4/ros2_ws/install/nav2_course/share/nav2_course/hook/cmake_prefix_path.ps1'
[17.118s] INFO:colcon.colcon_core.shell:Creating environment descriptor '/home/Gruppe4/ros2_ws/install/nav2_course/share/nav2_course/hook/cmake_prefix_path.dsv'
[17.122s] INFO:colcon.colcon_core.shell:Creating environment hook '/home/Gruppe4/ros2_ws/install/nav2_course/share/nav2_course/hook/cmake_prefix_path.sh'
[17.127s] Level 1:colcon.colcon_core.environment:checking '/home/Gruppe4/ros2_ws/install/nav2_course/bin'
[17.128s] Level 1:colcon.colcon_core.environment:checking '/home/Gruppe4/ros2_ws/install/nav2_course/lib/pkgconfig/nav2_course.pc'
[17.130s] Level 1:colcon.colcon_core.environment:checking '/home/Gruppe4/ros2_ws/install/nav2_course/lib/python3.10/site-packages'
[17.132s] Level 1:colcon.colcon_core.environment:checking '/home/Gruppe4/ros2_ws/install/nav2_course/bin'
[17.134s] INFO:colcon.colcon_core.shell:Creating package script '/home/Gruppe4/ros2_ws/install/nav2_course/share/nav2_course/package.ps1'
[17.137s] INFO:colcon.colcon_core.shell:Creating package descriptor '/home/Gruppe4/ros2_ws/install/nav2_course/share/nav2_course/package.dsv'
[17.141s] INFO:colcon.colcon_core.shell:Creating package script '/home/Gruppe4/ros2_ws/install/nav2_course/share/nav2_course/package.sh'
[17.145s] INFO:colcon.colcon_core.shell:Creating package script '/home/Gruppe4/ros2_ws/install/nav2_course/share/nav2_course/package.bash'
[17.149s] INFO:colcon.colcon_core.shell:Creating package script '/home/Gruppe4/ros2_ws/install/nav2_course/share/nav2_course/package.zsh'
[17.152s] Level 1:colcon.colcon_core.environment:create_file_with_runtime_dependencies(/home/Gruppe4/ros2_ws/install/nav2_course/share/colcon-core/packages/nav2_course)
[17.260s] DEBUG:colcon.colcon_core.event_handler.log_command:Invoking command in '/home/Gruppe4/ros2_ws/src/localization_server': PYTHONPATH=/home/Gruppe4/ros2_ws/build/localization_server/prefix_override:/usr/lib/python3/dist-packages/colcon_core/task/python/colcon_distutils_commands:/home/Gruppe4/ros2_ws/install/localization_server/lib/python3.10/site-packages:${PYTHONPATH} /usr/bin/python3 -W ignore:setup.py install is deprecated setup.py egg_info --egg-base ../../build/localization_server build --build-base /home/Gruppe4/ros2_ws/build/localization_server/build install --record /home/Gruppe4/ros2_ws/build/localization_server/install.log --single-version-externally-managed install_data
[17.496s] Level 1:colcon.colcon_core.environment:create_environment_scripts_only(nav2_course)
[17.498s] Level 1:colcon.colcon_core.environment:checking '/home/Gruppe4/ros2_ws/install/nav2_course' for CMake module files
[17.504s] Level 1:colcon.colcon_core.environment:checking '/home/Gruppe4/ros2_ws/install/nav2_course' for CMake config files
[17.506s] Level 1:colcon.colcon_core.shell:create_environment_hook('nav2_course', 'cmake_prefix_path')
[17.519s] INFO:colcon.colcon_core.shell:Creating environment hook '/home/Gruppe4/ros2_ws/install/nav2_course/share/nav2_course/hook/cmake_prefix_path.ps1'
[17.528s] INFO:colcon.colcon_core.shell:Creating environment descriptor '/home/Gruppe4/ros2_ws/install/nav2_course/share/nav2_course/hook/cmake_prefix_path.dsv'
[17.532s] INFO:colcon.colcon_core.shell:Creating environment hook '/home/Gruppe4/ros2_ws/install/nav2_course/share/nav2_course/hook/cmake_prefix_path.sh'
[17.541s] Level 1:colcon.colcon_core.environment:checking '/home/Gruppe4/ros2_ws/install/nav2_course/bin'
[17.541s] Level 1:colcon.colcon_core.environment:checking '/home/Gruppe4/ros2_ws/install/nav2_course/lib/pkgconfig/nav2_course.pc'
[17.543s] Level 1:colcon.colcon_core.environment:checking '/home/Gruppe4/ros2_ws/install/nav2_course/lib/python3.10/site-packages'
[17.544s] Level 1:colcon.colcon_core.environment:checking '/home/Gruppe4/ros2_ws/install/nav2_course/bin'
[17.546s] INFO:colcon.colcon_core.shell:Creating package script '/home/Gruppe4/ros2_ws/install/nav2_course/share/nav2_course/package.ps1'
[17.549s] INFO:colcon.colcon_core.shell:Creating package descriptor '/home/Gruppe4/ros2_ws/install/nav2_course/share/nav2_course/package.dsv'
[17.552s] INFO:colcon.colcon_core.shell:Creating package script '/home/Gruppe4/ros2_ws/install/nav2_course/share/nav2_course/package.sh'
[17.555s] INFO:colcon.colcon_core.shell:Creating package script '/home/Gruppe4/ros2_ws/install/nav2_course/share/nav2_course/package.bash'
[17.558s] INFO:colcon.colcon_core.shell:Creating package script '/home/Gruppe4/ros2_ws/install/nav2_course/share/nav2_course/package.zsh'
[17.562s] Level 1:colcon.colcon_core.environment:create_file_with_runtime_dependencies(/home/Gruppe4/ros2_ws/install/nav2_course/share/colcon-core/packages/nav2_course)
[17.564s] INFO:colcon.colcon_ros.task.ament_python.build:Building ROS package in '/home/Gruppe4/ros2_ws/src/path_planner_server' with build type 'ament_python'
[17.573s] Level 1:colcon.colcon_core.shell:create_environment_hook('path_planner_server', 'ament_prefix_path')
[17.575s] INFO:colcon.colcon_core.shell:Creating environment hook '/home/Gruppe4/ros2_ws/install/path_planner_server/share/path_planner_server/hook/ament_prefix_path.ps1'
[17.592s] INFO:colcon.colcon_core.shell:Creating environment descriptor '/home/Gruppe4/ros2_ws/install/path_planner_server/share/path_planner_server/hook/ament_prefix_path.dsv'
[17.595s] INFO:colcon.colcon_core.shell:Creating environment hook '/home/Gruppe4/ros2_ws/install/path_planner_server/share/path_planner_server/hook/ament_prefix_path.sh'
[17.600s] INFO:colcon.colcon_core.shell:Skip shell extension 'powershell' for command environment: Not usable outside of PowerShell
[17.600s] DEBUG:colcon.colcon_core.shell:Skip shell extension 'dsv' for command environment
[20.317s] INFO:colcon.colcon_core.task.python.build:Building Python package in '/home/Gruppe4/ros2_ws/src/path_planner_server'
[20.318s] INFO:colcon.colcon_core.shell:Skip shell extension 'powershell' for command environment: Not usable outside of PowerShell
[20.318s] DEBUG:colcon.colcon_core.shell:Skip shell extension 'dsv' for command environment
[20.373s] DEBUG:colcon.colcon_core.event_handler.log_command:Invoking command in '/home/Gruppe4/ros2_ws/src/map_server': PYTHONPATH=/home/Gruppe4/ros2_ws/build/map_server/prefix_override:/usr/lib/python3/dist-packages/colcon_core/task/python/colcon_distutils_commands:/home/Gruppe4/ros2_ws/install/map_server/lib/python3.10/site-packages:${PYTHONPATH} /usr/bin/python3 -W ignore:setup.py install is deprecated setup.py egg_info --egg-base ../../build/map_server build --build-base /home/Gruppe4/ros2_ws/build/map_server/build install --record /home/Gruppe4/ros2_ws/build/map_server/install.log --single-version-externally-managed install_data
[20.402s] DEBUG:colcon.colcon_core.event_handler.log_command:Invoking command in '/home/Gruppe4/ros2_ws/src/ros2_nav_files/nav2_project': PYTHONPATH=/home/Gruppe4/ros2_ws/build/nav2_project/prefix_override:/usr/lib/python3/dist-packages/colcon_core/task/python/colcon_distutils_commands:/home/Gruppe4/ros2_ws/install/nav2_project/lib/python3.10/site-packages:${PYTHONPATH} /usr/bin/python3 -W ignore:setup.py install is deprecated setup.py egg_info --egg-base ../../../build/nav2_project build --build-base /home/Gruppe4/ros2_ws/build/nav2_project/build install --record /home/Gruppe4/ros2_ws/build/nav2_project/install.log --install-scripts $base/lib/nav2_project --single-version-externally-managed install_data
[20.424s] Level 1:colcon.colcon_core.environment:checking '/home/Gruppe4/ros2_ws/install/localization_server' for CMake module files
[20.427s] DEBUG:colcon.colcon_core.event_handler.log_command:Invoked command in '/home/Gruppe4/ros2_ws/src/localization_server' returned '0': PYTHONPATH=/home/Gruppe4/ros2_ws/build/localization_server/prefix_override:/usr/lib/python3/dist-packages/colcon_core/task/python/colcon_distutils_commands:/home/Gruppe4/ros2_ws/install/localization_server/lib/python3.10/site-packages:${PYTHONPATH} /usr/bin/python3 -W ignore:setup.py install is deprecated setup.py egg_info --egg-base ../../build/localization_server build --build-base /home/Gruppe4/ros2_ws/build/localization_server/build install --record /home/Gruppe4/ros2_ws/build/localization_server/install.log --single-version-externally-managed install_data
[20.434s] Level 1:colcon.colcon_core.environment:checking '/home/Gruppe4/ros2_ws/install/localization_server' for CMake config files
[20.440s] Level 1:colcon.colcon_core.environment:checking '/home/Gruppe4/ros2_ws/install/localization_server/lib'
[20.443s] Level 1:colcon.colcon_core.environment:checking '/home/Gruppe4/ros2_ws/install/localization_server/bin'
[20.444s] Level 1:colcon.colcon_core.environment:checking '/home/Gruppe4/ros2_ws/install/localization_server/lib/pkgconfig/localization_server.pc'
[20.447s] Level 1:colcon.colcon_core.environment:checking '/home/Gruppe4/ros2_ws/install/localization_server/lib/python3.10/site-packages'
[20.449s] Level 1:colcon.colcon_core.shell:create_environment_hook('localization_server', 'pythonpath')
[20.451s] INFO:colcon.colcon_core.shell:Creating environment hook '/home/Gruppe4/ros2_ws/install/localization_server/share/localization_server/hook/pythonpath.ps1'
[20.455s] INFO:colcon.colcon_core.shell:Creating environment descriptor '/home/Gruppe4/ros2_ws/install/localization_server/share/localization_server/hook/pythonpath.dsv'
[20.460s] INFO:colcon.colcon_core.shell:Creating environment hook '/home/Gruppe4/ros2_ws/install/localization_server/share/localization_server/hook/pythonpath.sh'
[20.466s] Level 1:colcon.colcon_core.environment:checking '/home/Gruppe4/ros2_ws/install/localization_server/bin'
[20.467s] Level 1:colcon.colcon_core.environment:create_environment_scripts_only(localization_server)
[20.472s] INFO:colcon.colcon_core.shell:Creating package script '/home/Gruppe4/ros2_ws/install/localization_server/share/localization_server/package.ps1'
[20.477s] INFO:colcon.colcon_core.shell:Creating package descriptor '/home/Gruppe4/ros2_ws/install/localization_server/share/localization_server/package.dsv'
[20.483s] INFO:colcon.colcon_core.shell:Creating package script '/home/Gruppe4/ros2_ws/install/localization_server/share/localization_server/package.sh'
[20.489s] INFO:colcon.colcon_core.shell:Creating package script '/home/Gruppe4/ros2_ws/install/localization_server/share/localization_server/package.bash'
[20.495s] INFO:colcon.colcon_core.shell:Creating package script '/home/Gruppe4/ros2_ws/install/localization_server/share/localization_server/package.zsh'
[20.510s] Level 1:colcon.colcon_core.environment:create_file_with_runtime_dependencies(/home/Gruppe4/ros2_ws/install/localization_server/share/colcon-core/packages/localization_server)
[22.731s] Level 1:colcon.colcon_core.environment:checking '/home/Gruppe4/ros2_ws/install/nav2_project' for CMake module files
[22.734s] Level 1:colcon.colcon_core.environment:checking '/home/Gruppe4/ros2_ws/install/nav2_project' for CMake config files
[22.738s] DEBUG:colcon.colcon_core.event_handler.log_command:Invoked command in '/home/Gruppe4/ros2_ws/src/ros2_nav_files/nav2_project' returned '0': PYTHONPATH=/home/Gruppe4/ros2_ws/build/nav2_project/prefix_override:/usr/lib/python3/dist-packages/colcon_core/task/python/colcon_distutils_commands:/home/Gruppe4/ros2_ws/install/nav2_project/lib/python3.10/site-packages:${PYTHONPATH} /usr/bin/python3 -W ignore:setup.py install is deprecated setup.py egg_info --egg-base ../../../build/nav2_project build --build-base /home/Gruppe4/ros2_ws/build/nav2_project/build install --record /home/Gruppe4/ros2_ws/build/nav2_project/install.log --install-scripts $base/lib/nav2_project --single-version-externally-managed install_data
[22.741s] Level 1:colcon.colcon_core.environment:checking '/home/Gruppe4/ros2_ws/install/nav2_project/lib'
[22.742s] Level 1:colcon.colcon_core.environment:checking '/home/Gruppe4/ros2_ws/install/nav2_project/bin'
[22.743s] Level 1:colcon.colcon_core.environment:checking '/home/Gruppe4/ros2_ws/install/nav2_project/lib/pkgconfig/nav2_project.pc'
[22.744s] Level 1:colcon.colcon_core.environment:checking '/home/Gruppe4/ros2_ws/install/nav2_project/lib/python3.10/site-packages'
[22.745s] Level 1:colcon.colcon_core.shell:create_environment_hook('nav2_project', 'pythonpath')
[22.746s] INFO:colcon.colcon_core.shell:Creating environment hook '/home/Gruppe4/ros2_ws/install/nav2_project/share/nav2_project/hook/pythonpath.ps1'
[22.748s] INFO:colcon.colcon_core.shell:Creating environment descriptor '/home/Gruppe4/ros2_ws/install/nav2_project/share/nav2_project/hook/pythonpath.dsv'
[22.752s] INFO:colcon.colcon_core.shell:Creating environment hook '/home/Gruppe4/ros2_ws/install/nav2_project/share/nav2_project/hook/pythonpath.sh'
[22.758s] Level 1:colcon.colcon_core.environment:checking '/home/Gruppe4/ros2_ws/install/nav2_project/bin'
[22.759s] Level 1:colcon.colcon_core.environment:create_environment_scripts_only(nav2_project)
[22.761s] INFO:colcon.colcon_core.shell:Creating package script '/home/Gruppe4/ros2_ws/install/nav2_project/share/nav2_project/package.ps1'
[22.766s] INFO:colcon.colcon_core.shell:Creating package descriptor '/home/Gruppe4/ros2_ws/install/nav2_project/share/nav2_project/package.dsv'
[22.769s] INFO:colcon.colcon_core.shell:Creating package script '/home/Gruppe4/ros2_ws/install/nav2_project/share/nav2_project/package.sh'
[22.773s] INFO:colcon.colcon_core.shell:Creating package script '/home/Gruppe4/ros2_ws/install/nav2_project/share/nav2_project/package.bash'
[22.775s] INFO:colcon.colcon_core.shell:Creating package script '/home/Gruppe4/ros2_ws/install/nav2_project/share/nav2_project/package.zsh'
[22.778s] Level 1:colcon.colcon_core.environment:create_file_with_runtime_dependencies(/home/Gruppe4/ros2_ws/install/nav2_project/share/colcon-core/packages/nav2_project)
[23.349s] Level 1:colcon.colcon_core.environment:checking '/home/Gruppe4/ros2_ws/install/map_server' for CMake module files
[23.352s] Level 1:colcon.colcon_core.environment:checking '/home/Gruppe4/ros2_ws/install/map_server' for CMake config files
[23.354s] DEBUG:colcon.colcon_core.event_handler.log_command:Invoked command in '/home/Gruppe4/ros2_ws/src/map_server' returned '0': PYTHONPATH=/home/Gruppe4/ros2_ws/build/map_server/prefix_override:/usr/lib/python3/dist-packages/colcon_core/task/python/colcon_distutils_commands:/home/Gruppe4/ros2_ws/install/map_server/lib/python3.10/site-packages:${PYTHONPATH} /usr/bin/python3 -W ignore:setup.py install is deprecated setup.py egg_info --egg-base ../../build/map_server build --build-base /home/Gruppe4/ros2_ws/build/map_server/build install --record /home/Gruppe4/ros2_ws/build/map_server/install.log --single-version-externally-managed install_data
[23.359s] Level 1:colcon.colcon_core.environment:checking '/home/Gruppe4/ros2_ws/install/map_server/lib'
[23.360s] Level 1:colcon.colcon_core.environment:checking '/home/Gruppe4/ros2_ws/install/map_server/bin'
[23.361s] Level 1:colcon.colcon_core.environment:checking '/home/Gruppe4/ros2_ws/install/map_server/lib/pkgconfig/map_server.pc'
[23.362s] Level 1:colcon.colcon_core.environment:checking '/home/Gruppe4/ros2_ws/install/map_server/lib/python3.10/site-packages'
[23.363s] Level 1:colcon.colcon_core.shell:create_environment_hook('map_server', 'pythonpath')
[23.364s] INFO:colcon.colcon_core.shell:Creating environment hook '/home/Gruppe4/ros2_ws/install/map_server/share/map_server/hook/pythonpath.ps1'
[23.367s] INFO:colcon.colcon_core.shell:Creating environment descriptor '/home/Gruppe4/ros2_ws/install/map_server/share/map_server/hook/pythonpath.dsv'
[23.372s] INFO:colcon.colcon_core.shell:Creating environment hook '/home/Gruppe4/ros2_ws/install/map_server/share/map_server/hook/pythonpath.sh'
[23.376s] Level 1:colcon.colcon_core.environment:checking '/home/Gruppe4/ros2_ws/install/map_server/bin'
[23.377s] Level 1:colcon.colcon_core.environment:create_environment_scripts_only(map_server)
[23.378s] INFO:colcon.colcon_core.shell:Creating package script '/home/Gruppe4/ros2_ws/install/map_server/share/map_server/package.ps1'
[23.382s] INFO:colcon.colcon_core.shell:Creating package descriptor '/home/Gruppe4/ros2_ws/install/map_server/share/map_server/package.dsv'
[23.385s] INFO:colcon.colcon_core.shell:Creating package script '/home/Gruppe4/ros2_ws/install/map_server/share/map_server/package.sh'
[23.388s] INFO:colcon.colcon_core.shell:Creating package script '/home/Gruppe4/ros2_ws/install/map_server/share/map_server/package.bash'
[23.390s] INFO:colcon.colcon_core.shell:Creating package script '/home/Gruppe4/ros2_ws/install/map_server/share/map_server/package.zsh'
[23.393s] Level 1:colcon.colcon_core.environment:create_file_with_runtime_dependencies(/home/Gruppe4/ros2_ws/install/map_server/share/colcon-core/packages/map_server)
[23.858s] DEBUG:colcon.colcon_core.event_handler.log_command:Invoking command in '/home/Gruppe4/ros2_ws/src/path_planner_server': PYTHONPATH=/home/Gruppe4/ros2_ws/build/path_planner_server/prefix_override:/usr/lib/python3/dist-packages/colcon_core/task/python/colcon_distutils_commands:/home/Gruppe4/ros2_ws/install/path_planner_server/lib/python3.10/site-packages:${PYTHONPATH} /usr/bin/python3 -W ignore:setup.py install is deprecated setup.py egg_info --egg-base ../../build/path_planner_server build --build-base /home/Gruppe4/ros2_ws/build/path_planner_server/build install --record /home/Gruppe4/ros2_ws/build/path_planner_server/install.log --single-version-externally-managed install_data
[26.041s] Level 1:colcon.colcon_core.environment:checking '/home/Gruppe4/ros2_ws/install/path_planner_server' for CMake module files
[26.044s] DEBUG:colcon.colcon_core.event_handler.log_command:Invoked command in '/home/Gruppe4/ros2_ws/src/path_planner_server' returned '0': PYTHONPATH=/home/Gruppe4/ros2_ws/build/path_planner_server/prefix_override:/usr/lib/python3/dist-packages/colcon_core/task/python/colcon_distutils_commands:/home/Gruppe4/ros2_ws/install/path_planner_server/lib/python3.10/site-packages:${PYTHONPATH} /usr/bin/python3 -W ignore:setup.py install is deprecated setup.py egg_info --egg-base ../../build/path_planner_server build --build-base /home/Gruppe4/ros2_ws/build/path_planner_server/build install --record /home/Gruppe4/ros2_ws/build/path_planner_server/install.log --single-version-externally-managed install_data
[26.046s] Level 1:colcon.colcon_core.environment:checking '/home/Gruppe4/ros2_ws/install/path_planner_server' for CMake config files
[26.050s] Level 1:colcon.colcon_core.environment:checking '/home/Gruppe4/ros2_ws/install/path_planner_server/lib'
[26.052s] Level 1:colcon.colcon_core.environment:checking '/home/Gruppe4/ros2_ws/install/path_planner_server/bin'
[26.054s] Level 1:colcon.colcon_core.environment:checking '/home/Gruppe4/ros2_ws/install/path_planner_server/lib/pkgconfig/path_planner_server.pc'
[26.056s] Level 1:colcon.colcon_core.environment:checking '/home/Gruppe4/ros2_ws/install/path_planner_server/lib/python3.10/site-packages'
[26.057s] Level 1:colcon.colcon_core.shell:create_environment_hook('path_planner_server', 'pythonpath')
[26.058s] INFO:colcon.colcon_core.shell:Creating environment hook '/home/Gruppe4/ros2_ws/install/path_planner_server/share/path_planner_server/hook/pythonpath.ps1'
[26.060s] INFO:colcon.colcon_core.shell:Creating environment descriptor '/home/Gruppe4/ros2_ws/install/path_planner_server/share/path_planner_server/hook/pythonpath.dsv'
[26.063s] INFO:colcon.colcon_core.shell:Creating environment hook '/home/Gruppe4/ros2_ws/install/path_planner_server/share/path_planner_server/hook/pythonpath.sh'
[26.080s] Level 1:colcon.colcon_core.environment:checking '/home/Gruppe4/ros2_ws/install/path_planner_server/bin'
[26.081s] Level 1:colcon.colcon_core.environment:create_environment_scripts_only(path_planner_server)
[26.083s] INFO:colcon.colcon_core.shell:Creating package script '/home/Gruppe4/ros2_ws/install/path_planner_server/share/path_planner_server/package.ps1'
[26.087s] INFO:colcon.colcon_core.shell:Creating package descriptor '/home/Gruppe4/ros2_ws/install/path_planner_server/share/path_planner_server/package.dsv'
[26.090s] INFO:colcon.colcon_core.shell:Creating package script '/home/Gruppe4/ros2_ws/install/path_planner_server/share/path_planner_server/package.sh'
[26.094s] INFO:colcon.colcon_core.shell:Creating package script '/home/Gruppe4/ros2_ws/install/path_planner_server/share/path_planner_server/package.bash'
[26.108s] INFO:colcon.colcon_core.shell:Creating package script '/home/Gruppe4/ros2_ws/install/path_planner_server/share/path_planner_server/package.zsh'
[26.112s] Level 1:colcon.colcon_core.environment:create_file_with_runtime_dependencies(/home/Gruppe4/ros2_ws/install/path_planner_server/share/colcon-core/packages/path_planner_server)
[26.118s] DEBUG:colcon.colcon_parallel_executor.executor.parallel:closing loop
[26.119s] DEBUG:colcon.colcon_parallel_executor.executor.parallel:loop closed
[26.119s] DEBUG:colcon.colcon_parallel_executor.executor.parallel:run_until_complete finished with '0'
[26.120s] DEBUG:colcon.colcon_core.event_reactor:joining thread
[26.164s] INFO:colcon.colcon_core.plugin_system:Skipping extension 'colcon_notification.desktop_notification.notify_send': Could not find 'notify-send'
[26.165s] INFO:colcon.colcon_core.plugin_system:Skipping extension 'colcon_notification.desktop_notification.terminal_notifier': Not used on non-Darwin systems
[26.166s] INFO:colcon.colcon_core.plugin_system:Skipping extension 'colcon_notification.desktop_notification.win32': Not used on non-Windows systems
[26.166s] INFO:colcon.colcon_notification.desktop_notification:Sending desktop notification using 'notify2'
[26.278s] DEBUG:colcon.colcon_notification.desktop_notification.notify2:Failed to initialize notify2: org.freedesktop.DBus.Error.ServiceUnknown: The name org.freedesktop.Notifications was not provided by any .service files
[26.279s] DEBUG:colcon.colcon_core.event_reactor:joined thread
[26.281s] INFO:colcon.colcon_core.shell:Creating prefix script '/home/Gruppe4/ros2_ws/install/local_setup.ps1'
[26.287s] INFO:colcon.colcon_core.shell:Creating prefix util module '/home/Gruppe4/ros2_ws/install/_local_setup_util_ps1.py'
[26.335s] INFO:colcon.colcon_core.shell:Creating prefix chain script '/home/Gruppe4/ros2_ws/install/setup.ps1'
[26.345s] INFO:colcon.colcon_core.shell:Creating prefix script '/home/Gruppe4/ros2_ws/install/local_setup.sh'
[26.351s] INFO:colcon.colcon_core.shell:Creating prefix util module '/home/Gruppe4/ros2_ws/install/_local_setup_util_sh.py'
[26.354s] INFO:colcon.colcon_core.shell:Creating prefix chain script '/home/Gruppe4/ros2_ws/install/setup.sh'
[26.384s] INFO:colcon.colcon_core.shell:Creating prefix script '/home/Gruppe4/ros2_ws/install/local_setup.bash'
[26.392s] INFO:colcon.colcon_core.shell:Creating prefix chain script '/home/Gruppe4/ros2_ws/install/setup.bash'
[26.406s] INFO:colcon.colcon_core.shell:Creating prefix script '/home/Gruppe4/ros2_ws/install/local_setup.zsh'
[26.412s] INFO:colcon.colcon_core.shell:Creating prefix chain script '/home/Gruppe4/ros2_ws/install/setup.zsh'
