[0.430s] DEBUG:colcon:Command line arguments: ['/usr/bin/colcon', 'build']
[0.431s] DEBUG:colcon:Parsed command line arguments: Namespace(log_base=None, log_level=None, verb_name='build', build_base='build', install_base='install', merge_install=False, symlink_install=False, test_result_base=None, continue_on_error=False, executor='parallel', parallel_workers=4, event_handlers=None, ignore_user_meta=False, metas=['./colcon.meta'], base_paths=['.'], packages_ignore=None, packages_ignore_regex=None, paths=None, packages_up_to=None, packages_up_to_regex=None, packages_above=None, packages_above_and_dependencies=None, packages_above_depth=None, packages_select_by_dep=None, packages_skip_by_dep=None, packages_skip_up_to=None, packages_select_build_failed=False, packages_skip_build_finished=False, packages_select_test_failures=False, packages_skip_test_passed=False, packages_select=None, packages_skip=None, packages_select_regex=None, packages_skip_regex=None, packages_start=None, packages_end=None, allow_overriding=[], cmake_args=None, cmake_target=None, cmake_target_skip_unavailable=False, cmake_clean_cache=False, cmake_clean_first=False, cmake_force_configure=False, ament_cmake_args=None, catkin_cmake_args=None, catkin_skip_building_tests=False, verb_parser=<colcon_defaults.argument_parser.defaults.DefaultArgumentsDecorator object at 0xffffa10b2b00>, verb_extension=<colcon_core.verb.build.BuildVerb object at 0xffffa147f610>, main=<bound method BuildVerb.main of <colcon_core.verb.build.BuildVerb object at 0xffffa147f610>>)
[1.111s] Level 1:colcon.colcon_core.package_discovery:discover_packages(colcon_meta) check parameters
[1.112s] Level 1:colcon.colcon_core.package_discovery:discover_packages(recursive) check parameters
[1.112s] Level 1:colcon.colcon_core.package_discovery:discover_packages(ignore) check parameters
[1.112s] Level 1:colcon.colcon_core.package_discovery:discover_packages(path) check parameters
[1.112s] Level 1:colcon.colcon_core.package_discovery:discover_packages(colcon_meta) discover
[1.112s] Level 1:colcon.colcon_core.package_discovery:discover_packages(recursive) discover
[1.113s] INFO:colcon.colcon_core.package_discovery:Crawling recursively for packages in '/home/Gruppe4/ros2_ws'
[1.113s] Level 1:colcon.colcon_core.package_identification:_identify(.) by extensions ['ignore', 'ignore_ament_install']
[1.113s] Level 1:colcon.colcon_core.package_identification:_identify(.) by extension 'ignore'
[1.114s] Level 1:colcon.colcon_core.package_identification:_identify(.) by extension 'ignore_ament_install'
[1.114s] Level 1:colcon.colcon_core.package_identification:_identify(.) by extensions ['colcon_pkg']
[1.114s] Level 1:colcon.colcon_core.package_identification:_identify(.) by extension 'colcon_pkg'
[1.114s] Level 1:colcon.colcon_core.package_identification:_identify(.) by extensions ['colcon_meta']
[1.115s] Level 1:colcon.colcon_core.package_identification:_identify(.) by extension 'colcon_meta'
[1.115s] Level 1:colcon.colcon_core.package_identification:_identify(.) by extensions ['ros']
[1.115s] Level 1:colcon.colcon_core.package_identification:_identify(.) by extension 'ros'
[1.159s] Level 1:colcon.colcon_core.package_identification:_identify(.) by extensions ['cmake', 'python']
[1.159s] Level 1:colcon.colcon_core.package_identification:_identify(.) by extension 'cmake'
[1.160s] Level 1:colcon.colcon_core.package_identification:_identify(.) by extension 'python'
[1.160s] Level 1:colcon.colcon_core.package_identification:_identify(.) by extensions ['python_setup_py']
[1.160s] Level 1:colcon.colcon_core.package_identification:_identify(.) by extension 'python_setup_py'
[1.161s] Level 1:colcon.colcon_core.package_identification:_identify(build) by extensions ['ignore', 'ignore_ament_install']
[1.161s] Level 1:colcon.colcon_core.package_identification:_identify(build) by extension 'ignore'
[1.161s] Level 1:colcon.colcon_core.package_identification:_identify(build) ignored
[1.162s] Level 1:colcon.colcon_core.package_identification:_identify(install) by extensions ['ignore', 'ignore_ament_install']
[1.162s] Level 1:colcon.colcon_core.package_identification:_identify(install) by extension 'ignore'
[1.163s] Level 1:colcon.colcon_core.package_identification:_identify(install) ignored
[1.164s] Level 1:colcon.colcon_core.package_identification:_identify(log) by extensions ['ignore', 'ignore_ament_install']
[1.164s] Level 1:colcon.colcon_core.package_identification:_identify(log) by extension 'ignore'
[1.165s] Level 1:colcon.colcon_core.package_identification:_identify(log) ignored
[1.165s] Level 1:colcon.colcon_core.package_identification:_identify(src) by extensions ['ignore', 'ignore_ament_install']
[1.165s] Level 1:colcon.colcon_core.package_identification:_identify(src) by extension 'ignore'
[1.166s] Level 1:colcon.colcon_core.package_identification:_identify(src) by extension 'ignore_ament_install'
[1.166s] Level 1:colcon.colcon_core.package_identification:_identify(src) by extensions ['colcon_pkg']
[1.166s] Level 1:colcon.colcon_core.package_identification:_identify(src) by extension 'colcon_pkg'
[1.166s] Level 1:colcon.colcon_core.package_identification:_identify(src) by extensions ['colcon_meta']
[1.166s] Level 1:colcon.colcon_core.package_identification:_identify(src) by extension 'colcon_meta'
[1.167s] Level 1:colcon.colcon_core.package_identification:_identify(src) by extensions ['ros']
[1.167s] Level 1:colcon.colcon_core.package_identification:_identify(src) by extension 'ros'
[1.167s] Level 1:colcon.colcon_core.package_identification:_identify(src) by extensions ['cmake', 'python']
[1.167s] Level 1:colcon.colcon_core.package_identification:_identify(src) by extension 'cmake'
[1.167s] Level 1:colcon.colcon_core.package_identification:_identify(src) by extension 'python'
[1.168s] Level 1:colcon.colcon_core.package_identification:_identify(src) by extensions ['python_setup_py']
[1.168s] Level 1:colcon.colcon_core.package_identification:_identify(src) by extension 'python_setup_py'
[1.168s] Level 1:colcon.colcon_core.package_identification:_identify(src/asignment_1_pkg) by extensions ['ignore', 'ignore_ament_install']
[1.169s] Level 1:colcon.colcon_core.package_identification:_identify(src/asignment_1_pkg) by extension 'ignore'
[1.169s] Level 1:colcon.colcon_core.package_identification:_identify(src/asignment_1_pkg) by extension 'ignore_ament_install'
[1.169s] Level 1:colcon.colcon_core.package_identification:_identify(src/asignment_1_pkg) by extensions ['colcon_pkg']
[1.169s] Level 1:colcon.colcon_core.package_identification:_identify(src/asignment_1_pkg) by extension 'colcon_pkg'
[1.169s] Level 1:colcon.colcon_core.package_identification:_identify(src/asignment_1_pkg) by extensions ['colcon_meta']
[1.169s] Level 1:colcon.colcon_core.package_identification:_identify(src/asignment_1_pkg) by extension 'colcon_meta'
[1.170s] Level 1:colcon.colcon_core.package_identification:_identify(src/asignment_1_pkg) by extensions ['ros']
[1.170s] Level 1:colcon.colcon_core.package_identification:_identify(src/asignment_1_pkg) by extension 'ros'
[1.179s] DEBUG:colcon.colcon_core.package_identification:Package 'src/asignment_1_pkg' with type 'ros.ament_python' and name 'asignment_1_pkg'
[1.180s] Level 1:colcon.colcon_core.package_identification:_identify(src/assignment_2_pkg) by extensions ['ignore', 'ignore_ament_install']
[1.181s] Level 1:colcon.colcon_core.package_identification:_identify(src/assignment_2_pkg) by extension 'ignore'
[1.181s] Level 1:colcon.colcon_core.package_identification:_identify(src/assignment_2_pkg) by extension 'ignore_ament_install'
[1.182s] Level 1:colcon.colcon_core.package_identification:_identify(src/assignment_2_pkg) by extensions ['colcon_pkg']
[1.182s] Level 1:colcon.colcon_core.package_identification:_identify(src/assignment_2_pkg) by extension 'colcon_pkg'
[1.182s] Level 1:colcon.colcon_core.package_identification:_identify(src/assignment_2_pkg) by extensions ['colcon_meta']
[1.183s] Level 1:colcon.colcon_core.package_identification:_identify(src/assignment_2_pkg) by extension 'colcon_meta'
[1.183s] Level 1:colcon.colcon_core.package_identification:_identify(src/assignment_2_pkg) by extensions ['ros']
[1.183s] Level 1:colcon.colcon_core.package_identification:_identify(src/assignment_2_pkg) by extension 'ros'
[1.186s] DEBUG:colcon.colcon_core.package_identification:Package 'src/assignment_2_pkg' with type 'ros.ament_python' and name 'assignment_2_pkg'
[1.186s] Level 1:colcon.colcon_core.package_discovery:discover_packages(recursive) using defaults
[1.187s] Level 1:colcon.colcon_core.package_discovery:discover_packages(ignore) discover
[1.187s] Level 1:colcon.colcon_core.package_discovery:discover_packages(ignore) using defaults
[1.187s] Level 1:colcon.colcon_core.package_discovery:discover_packages(path) discover
[1.187s] Level 1:colcon.colcon_core.package_discovery:discover_packages(path) using defaults
[1.271s] Level 1:colcon.colcon_core.package_discovery:discover_packages(prefix_path) check parameters
[1.272s] Level 1:colcon.colcon_core.package_discovery:discover_packages(prefix_path) discover
[1.280s] DEBUG:colcon.colcon_installed_package_information.package_discovery:Found 2 installed packages in /home/Gruppe4/ros2_ws/install
[1.282s] DEBUG:colcon.colcon_installed_package_information.package_discovery:Found 1 installed packages in /home/Gruppe4/turtlebot3_ws/install
[1.290s] DEBUG:colcon.colcon_installed_package_information.package_discovery:Found 254 installed packages in /opt/ros/humble
[1.296s] Level 1:colcon.colcon_core.package_discovery:discover_packages(prefix_path) using defaults
[1.485s] Level 5:colcon.colcon_core.verb:set package 'asignment_1_pkg' build argument 'cmake_args' from command line to 'None'
[1.486s] Level 5:colcon.colcon_core.verb:set package 'asignment_1_pkg' build argument 'cmake_target' from command line to 'None'
[1.486s] Level 5:colcon.colcon_core.verb:set package 'asignment_1_pkg' build argument 'cmake_target_skip_unavailable' from command line to 'False'
[1.486s] Level 5:colcon.colcon_core.verb:set package 'asignment_1_pkg' build argument 'cmake_clean_cache' from command line to 'False'
[1.486s] Level 5:colcon.colcon_core.verb:set package 'asignment_1_pkg' build argument 'cmake_clean_first' from command line to 'False'
[1.486s] Level 5:colcon.colcon_core.verb:set package 'asignment_1_pkg' build argument 'cmake_force_configure' from command line to 'False'
[1.486s] Level 5:colcon.colcon_core.verb:set package 'asignment_1_pkg' build argument 'ament_cmake_args' from command line to 'None'
[1.486s] Level 5:colcon.colcon_core.verb:set package 'asignment_1_pkg' build argument 'catkin_cmake_args' from command line to 'None'
[1.486s] Level 5:colcon.colcon_core.verb:set package 'asignment_1_pkg' build argument 'catkin_skip_building_tests' from command line to 'False'
[1.486s] DEBUG:colcon.colcon_core.verb:Building package 'asignment_1_pkg' with the following arguments: {'ament_cmake_args': None, 'build_base': '/home/Gruppe4/ros2_ws/build/asignment_1_pkg', 'catkin_cmake_args': None, 'catkin_skip_building_tests': False, 'cmake_args': None, 'cmake_clean_cache': False, 'cmake_clean_first': False, 'cmake_force_configure': False, 'cmake_target': None, 'cmake_target_skip_unavailable': False, 'install_base': '/home/Gruppe4/ros2_ws/install/asignment_1_pkg', 'merge_install': False, 'path': '/home/Gruppe4/ros2_ws/src/asignment_1_pkg', 'symlink_install': False, 'test_result_base': None}
[1.488s] Level 5:colcon.colcon_core.verb:set package 'assignment_2_pkg' build argument 'cmake_args' from command line to 'None'
[1.488s] Level 5:colcon.colcon_core.verb:set package 'assignment_2_pkg' build argument 'cmake_target' from command line to 'None'
[1.488s] Level 5:colcon.colcon_core.verb:set package 'assignment_2_pkg' build argument 'cmake_target_skip_unavailable' from command line to 'False'
[1.488s] Level 5:colcon.colcon_core.verb:set package 'assignment_2_pkg' build argument 'cmake_clean_cache' from command line to 'False'
[1.489s] Level 5:colcon.colcon_core.verb:set package 'assignment_2_pkg' build argument 'cmake_clean_first' from command line to 'False'
[1.489s] Level 5:colcon.colcon_core.verb:set package 'assignment_2_pkg' build argument 'cmake_force_configure' from command line to 'False'
[1.489s] Level 5:colcon.colcon_core.verb:set package 'assignment_2_pkg' build argument 'ament_cmake_args' from command line to 'None'
[1.489s] Level 5:colcon.colcon_core.verb:set package 'assignment_2_pkg' build argument 'catkin_cmake_args' from command line to 'None'
[1.489s] Level 5:colcon.colcon_core.verb:set package 'assignment_2_pkg' build argument 'catkin_skip_building_tests' from command line to 'False'
[1.489s] DEBUG:colcon.colcon_core.verb:Building package 'assignment_2_pkg' with the following arguments: {'ament_cmake_args': None, 'build_base': '/home/Gruppe4/ros2_ws/build/assignment_2_pkg', 'catkin_cmake_args': None, 'catkin_skip_building_tests': False, 'cmake_args': None, 'cmake_clean_cache': False, 'cmake_clean_first': False, 'cmake_force_configure': False, 'cmake_target': None, 'cmake_target_skip_unavailable': False, 'install_base': '/home/Gruppe4/ros2_ws/install/assignment_2_pkg', 'merge_install': False, 'path': '/home/Gruppe4/ros2_ws/src/assignment_2_pkg', 'symlink_install': False, 'test_result_base': None}
[1.490s] INFO:colcon.colcon_core.executor:Executing jobs using 'parallel' executor
[1.493s] DEBUG:colcon.colcon_parallel_executor.executor.parallel:run_until_complete
[1.494s] INFO:colcon.colcon_ros.task.ament_python.build:Building ROS package in '/home/Gruppe4/ros2_ws/src/asignment_1_pkg' with build type 'ament_python'
[1.495s] Level 1:colcon.colcon_core.shell:create_environment_hook('asignment_1_pkg', 'ament_prefix_path')
[1.505s] INFO:colcon.colcon_core.plugin_system:Skipping extension 'colcon_core.shell.bat': Not used on non-Windows systems
[1.506s] INFO:colcon.colcon_core.shell:Creating environment hook '/home/Gruppe4/ros2_ws/install/asignment_1_pkg/share/asignment_1_pkg/hook/ament_prefix_path.ps1'
[1.510s] INFO:colcon.colcon_core.shell:Creating environment descriptor '/home/Gruppe4/ros2_ws/install/asignment_1_pkg/share/asignment_1_pkg/hook/ament_prefix_path.dsv'
[1.512s] INFO:colcon.colcon_core.shell:Creating environment hook '/home/Gruppe4/ros2_ws/install/asignment_1_pkg/share/asignment_1_pkg/hook/ament_prefix_path.sh'
[1.515s] INFO:colcon.colcon_core.shell:Skip shell extension 'powershell' for command environment: Not usable outside of PowerShell
[1.516s] DEBUG:colcon.colcon_core.shell:Skip shell extension 'dsv' for command environment
[1.535s] INFO:colcon.colcon_ros.task.ament_python.build:Building ROS package in '/home/Gruppe4/ros2_ws/src/assignment_2_pkg' with build type 'ament_python'
[1.536s] Level 1:colcon.colcon_core.shell:create_environment_hook('assignment_2_pkg', 'ament_prefix_path')
[1.538s] INFO:colcon.colcon_core.shell:Creating environment hook '/home/Gruppe4/ros2_ws/install/assignment_2_pkg/share/assignment_2_pkg/hook/ament_prefix_path.ps1'
[1.540s] INFO:colcon.colcon_core.shell:Creating environment descriptor '/home/Gruppe4/ros2_ws/install/assignment_2_pkg/share/assignment_2_pkg/hook/ament_prefix_path.dsv'
[1.542s] INFO:colcon.colcon_core.shell:Creating environment hook '/home/Gruppe4/ros2_ws/install/assignment_2_pkg/share/assignment_2_pkg/hook/ament_prefix_path.sh'
[1.545s] INFO:colcon.colcon_core.shell:Skip shell extension 'powershell' for command environment: Not usable outside of PowerShell
[1.545s] DEBUG:colcon.colcon_core.shell:Skip shell extension 'dsv' for command environment
[2.619s] INFO:colcon.colcon_core.task.python.build:Building Python package in '/home/Gruppe4/ros2_ws/src/asignment_1_pkg'
[2.620s] INFO:colcon.colcon_core.shell:Skip shell extension 'powershell' for command environment: Not usable outside of PowerShell
[2.620s] DEBUG:colcon.colcon_core.shell:Skip shell extension 'dsv' for command environment
[3.703s] INFO:colcon.colcon_core.task.python.build:Building Python package in '/home/Gruppe4/ros2_ws/src/assignment_2_pkg'
[3.704s] INFO:colcon.colcon_core.shell:Skip shell extension 'powershell' for command environment: Not usable outside of PowerShell
[3.704s] DEBUG:colcon.colcon_core.shell:Skip shell extension 'dsv' for command environment
[5.532s] DEBUG:colcon.colcon_core.event_handler.log_command:Invoking command in '/home/Gruppe4/ros2_ws/src/asignment_1_pkg': PYTHONPATH=/home/Gruppe4/ros2_ws/build/asignment_1_pkg/prefix_override:/usr/lib/python3/dist-packages/colcon_core/task/python/colcon_distutils_commands:/home/Gruppe4/ros2_ws/install/asignment_1_pkg/lib/python3.10/site-packages:${PYTHONPATH} /usr/bin/python3 -W ignore:setup.py install is deprecated setup.py egg_info --egg-base ../../build/asignment_1_pkg build --build-base /home/Gruppe4/ros2_ws/build/asignment_1_pkg/build install --record /home/Gruppe4/ros2_ws/build/asignment_1_pkg/install.log --single-version-externally-managed install_data
[5.548s] DEBUG:colcon.colcon_core.event_handler.log_command:Invoking command in '/home/Gruppe4/ros2_ws/src/assignment_2_pkg': PYTHONPATH=/home/Gruppe4/ros2_ws/build/assignment_2_pkg/prefix_override:/usr/lib/python3/dist-packages/colcon_core/task/python/colcon_distutils_commands:/home/Gruppe4/ros2_ws/install/assignment_2_pkg/lib/python3.10/site-packages:${PYTHONPATH} /usr/bin/python3 -W ignore:setup.py install is deprecated setup.py egg_info --egg-base ../../build/assignment_2_pkg build --build-base /home/Gruppe4/ros2_ws/build/assignment_2_pkg/build install --record /home/Gruppe4/ros2_ws/build/assignment_2_pkg/install.log --single-version-externally-managed install_data
[7.024s] DEBUG:colcon.colcon_core.event_handler.log_command:Invoked command in '/home/Gruppe4/ros2_ws/src/asignment_1_pkg' returned '0': PYTHONPATH=/home/Gruppe4/ros2_ws/build/asignment_1_pkg/prefix_override:/usr/lib/python3/dist-packages/colcon_core/task/python/colcon_distutils_commands:/home/Gruppe4/ros2_ws/install/asignment_1_pkg/lib/python3.10/site-packages:${PYTHONPATH} /usr/bin/python3 -W ignore:setup.py install is deprecated setup.py egg_info --egg-base ../../build/asignment_1_pkg build --build-base /home/Gruppe4/ros2_ws/build/asignment_1_pkg/build install --record /home/Gruppe4/ros2_ws/build/asignment_1_pkg/install.log --single-version-externally-managed install_data
[7.046s] Level 1:colcon.colcon_core.environment:checking '/home/Gruppe4/ros2_ws/install/asignment_1_pkg' for CMake module files
[7.051s] Level 1:colcon.colcon_core.environment:checking '/home/Gruppe4/ros2_ws/install/asignment_1_pkg' for CMake config files
[7.059s] Level 1:colcon.colcon_core.environment:checking '/home/Gruppe4/ros2_ws/install/asignment_1_pkg/lib'
[7.062s] Level 1:colcon.colcon_core.environment:checking '/home/Gruppe4/ros2_ws/install/asignment_1_pkg/bin'
[7.063s] Level 1:colcon.colcon_core.environment:checking '/home/Gruppe4/ros2_ws/install/asignment_1_pkg/lib/pkgconfig/asignment_1_pkg.pc'
[7.065s] Level 1:colcon.colcon_core.environment:checking '/home/Gruppe4/ros2_ws/install/asignment_1_pkg/lib/python3.10/site-packages'
[7.066s] Level 1:colcon.colcon_core.shell:create_environment_hook('asignment_1_pkg', 'pythonpath')
[7.069s] INFO:colcon.colcon_core.shell:Creating environment hook '/home/Gruppe4/ros2_ws/install/asignment_1_pkg/share/asignment_1_pkg/hook/pythonpath.ps1'
[7.074s] INFO:colcon.colcon_core.shell:Creating environment descriptor '/home/Gruppe4/ros2_ws/install/asignment_1_pkg/share/asignment_1_pkg/hook/pythonpath.dsv'
[7.080s] INFO:colcon.colcon_core.shell:Creating environment hook '/home/Gruppe4/ros2_ws/install/asignment_1_pkg/share/asignment_1_pkg/hook/pythonpath.sh'
[7.086s] Level 1:colcon.colcon_core.environment:checking '/home/Gruppe4/ros2_ws/install/asignment_1_pkg/bin'
[7.087s] Level 1:colcon.colcon_core.environment:create_environment_scripts_only(asignment_1_pkg)
[7.089s] INFO:colcon.colcon_core.shell:Creating package script '/home/Gruppe4/ros2_ws/install/asignment_1_pkg/share/asignment_1_pkg/package.ps1'
[7.096s] INFO:colcon.colcon_core.shell:Creating package descriptor '/home/Gruppe4/ros2_ws/install/asignment_1_pkg/share/asignment_1_pkg/package.dsv'
[7.100s] INFO:colcon.colcon_core.shell:Creating package script '/home/Gruppe4/ros2_ws/install/asignment_1_pkg/share/asignment_1_pkg/package.sh'
[7.105s] INFO:colcon.colcon_core.shell:Creating package script '/home/Gruppe4/ros2_ws/install/asignment_1_pkg/share/asignment_1_pkg/package.bash'
[7.110s] INFO:colcon.colcon_core.shell:Creating package script '/home/Gruppe4/ros2_ws/install/asignment_1_pkg/share/asignment_1_pkg/package.zsh'
[7.115s] Level 1:colcon.colcon_core.environment:create_file_with_runtime_dependencies(/home/Gruppe4/ros2_ws/install/asignment_1_pkg/share/colcon-core/packages/asignment_1_pkg)
[7.123s] Level 1:colcon.colcon_core.environment:checking '/home/Gruppe4/ros2_ws/install/assignment_2_pkg' for CMake module files
[7.125s] DEBUG:colcon.colcon_core.event_handler.log_command:Invoked command in '/home/Gruppe4/ros2_ws/src/assignment_2_pkg' returned '0': PYTHONPATH=/home/Gruppe4/ros2_ws/build/assignment_2_pkg/prefix_override:/usr/lib/python3/dist-packages/colcon_core/task/python/colcon_distutils_commands:/home/Gruppe4/ros2_ws/install/assignment_2_pkg/lib/python3.10/site-packages:${PYTHONPATH} /usr/bin/python3 -W ignore:setup.py install is deprecated setup.py egg_info --egg-base ../../build/assignment_2_pkg build --build-base /home/Gruppe4/ros2_ws/build/assignment_2_pkg/build install --record /home/Gruppe4/ros2_ws/build/assignment_2_pkg/install.log --single-version-externally-managed install_data
[7.127s] Level 1:colcon.colcon_core.environment:checking '/home/Gruppe4/ros2_ws/install/assignment_2_pkg' for CMake config files
[7.130s] Level 1:colcon.colcon_core.environment:checking '/home/Gruppe4/ros2_ws/install/assignment_2_pkg/lib'
[7.131s] Level 1:colcon.colcon_core.environment:checking '/home/Gruppe4/ros2_ws/install/assignment_2_pkg/bin'
[7.131s] Level 1:colcon.colcon_core.environment:checking '/home/Gruppe4/ros2_ws/install/assignment_2_pkg/lib/pkgconfig/assignment_2_pkg.pc'
[7.132s] Level 1:colcon.colcon_core.environment:checking '/home/Gruppe4/ros2_ws/install/assignment_2_pkg/lib/python3.10/site-packages'
[7.132s] Level 1:colcon.colcon_core.shell:create_environment_hook('assignment_2_pkg', 'pythonpath')
[7.133s] INFO:colcon.colcon_core.shell:Creating environment hook '/home/Gruppe4/ros2_ws/install/assignment_2_pkg/share/assignment_2_pkg/hook/pythonpath.ps1'
[7.135s] INFO:colcon.colcon_core.shell:Creating environment descriptor '/home/Gruppe4/ros2_ws/install/assignment_2_pkg/share/assignment_2_pkg/hook/pythonpath.dsv'
[7.137s] INFO:colcon.colcon_core.shell:Creating environment hook '/home/Gruppe4/ros2_ws/install/assignment_2_pkg/share/assignment_2_pkg/hook/pythonpath.sh'
[7.140s] Level 1:colcon.colcon_core.environment:checking '/home/Gruppe4/ros2_ws/install/assignment_2_pkg/bin'
[7.140s] Level 1:colcon.colcon_core.environment:create_environment_scripts_only(assignment_2_pkg)
[7.142s] INFO:colcon.colcon_core.shell:Creating package script '/home/Gruppe4/ros2_ws/install/assignment_2_pkg/share/assignment_2_pkg/package.ps1'
[7.145s] INFO:colcon.colcon_core.shell:Creating package descriptor '/home/Gruppe4/ros2_ws/install/assignment_2_pkg/share/assignment_2_pkg/package.dsv'
[7.148s] INFO:colcon.colcon_core.shell:Creating package script '/home/Gruppe4/ros2_ws/install/assignment_2_pkg/share/assignment_2_pkg/package.sh'
[7.150s] INFO:colcon.colcon_core.shell:Creating package script '/home/Gruppe4/ros2_ws/install/assignment_2_pkg/share/assignment_2_pkg/package.bash'
[7.152s] INFO:colcon.colcon_core.shell:Creating package script '/home/Gruppe4/ros2_ws/install/assignment_2_pkg/share/assignment_2_pkg/package.zsh'
[7.154s] Level 1:colcon.colcon_core.environment:create_file_with_runtime_dependencies(/home/Gruppe4/ros2_ws/install/assignment_2_pkg/share/colcon-core/packages/assignment_2_pkg)
[7.156s] DEBUG:colcon.colcon_parallel_executor.executor.parallel:closing loop
[7.159s] DEBUG:colcon.colcon_parallel_executor.executor.parallel:loop closed
[7.159s] DEBUG:colcon.colcon_parallel_executor.executor.parallel:run_until_complete finished with '0'
[7.159s] DEBUG:colcon.colcon_core.event_reactor:joining thread
[7.179s] INFO:colcon.colcon_core.plugin_system:Skipping extension 'colcon_notification.desktop_notification.notify_send': Could not find 'notify-send'
[7.179s] INFO:colcon.colcon_core.plugin_system:Skipping extension 'colcon_notification.desktop_notification.terminal_notifier': Not used on non-Darwin systems
[7.179s] INFO:colcon.colcon_core.plugin_system:Skipping extension 'colcon_notification.desktop_notification.win32': Not used on non-Windows systems
[7.180s] INFO:colcon.colcon_notification.desktop_notification:Sending desktop notification using 'notify2'
[7.183s] DEBUG:colcon.colcon_notification.desktop_notification.notify2:Failed to initialize notify2: org.freedesktop.DBus.Error.ServiceUnknown: The name org.freedesktop.Notifications was not provided by any .service files
[7.183s] DEBUG:colcon.colcon_core.event_reactor:joined thread
[7.184s] INFO:colcon.colcon_core.shell:Creating prefix script '/home/Gruppe4/ros2_ws/install/local_setup.ps1'
[7.188s] INFO:colcon.colcon_core.shell:Creating prefix util module '/home/Gruppe4/ros2_ws/install/_local_setup_util_ps1.py'
[7.193s] INFO:colcon.colcon_core.shell:Creating prefix chain script '/home/Gruppe4/ros2_ws/install/setup.ps1'
[7.198s] INFO:colcon.colcon_core.shell:Creating prefix script '/home/Gruppe4/ros2_ws/install/local_setup.sh'
[7.200s] INFO:colcon.colcon_core.shell:Creating prefix util module '/home/Gruppe4/ros2_ws/install/_local_setup_util_sh.py'
[7.202s] INFO:colcon.colcon_core.shell:Creating prefix chain script '/home/Gruppe4/ros2_ws/install/setup.sh'
[7.207s] INFO:colcon.colcon_core.shell:Creating prefix script '/home/Gruppe4/ros2_ws/install/local_setup.bash'
[7.209s] INFO:colcon.colcon_core.shell:Creating prefix chain script '/home/Gruppe4/ros2_ws/install/setup.bash'
[7.214s] INFO:colcon.colcon_core.shell:Creating prefix script '/home/Gruppe4/ros2_ws/install/local_setup.zsh'
[7.216s] INFO:colcon.colcon_core.shell:Creating prefix chain script '/home/Gruppe4/ros2_ws/install/setup.zsh'
