[4.495s] Invoking command in '/home/Gruppe4/ros2_ws/src/path_planner_server': PYTHONPATH=/home/Gruppe4/ros2_ws/build/path_planner_server/prefix_override:/usr/lib/python3/dist-packages/colcon_core/task/python/colcon_distutils_commands:/home/Gruppe4/ros2_ws/install/path_planner_server/lib/python3.10/site-packages:${PYTHONPATH} /usr/bin/python3 -W ignore:setup.py install is deprecated setup.py egg_info --egg-base ../../build/path_planner_server build --build-base /home/Gruppe4/ros2_ws/build/path_planner_server/build install --record /home/Gruppe4/ros2_ws/build/path_planner_server/install.log --single-version-externally-managed install_data
[5.529s] running egg_info
[5.531s] writing ../../build/path_planner_server/path_planner_server.egg-info/PKG-INFO
[5.533s] writing dependency_links to ../../build/path_planner_server/path_planner_server.egg-info/dependency_links.txt
[5.534s] writing entry points to ../../build/path_planner_server/path_planner_server.egg-info/entry_points.txt
[5.534s] writing requirements to ../../build/path_planner_server/path_planner_server.egg-info/requires.txt
[5.535s] writing top-level names to ../../build/path_planner_server/path_planner_server.egg-info/top_level.txt
[5.543s] reading manifest file '../../build/path_planner_server/path_planner_server.egg-info/SOURCES.txt'
[5.548s] writing manifest file '../../build/path_planner_server/path_planner_server.egg-info/SOURCES.txt'
[5.549s] running build
[5.549s] running build_py
[5.550s] running install
[5.551s] running install_lib
[5.557s] running install_data
[5.558s] copying config/turtlebot_area.yaml -> /home/Gruppe4/ros2_ws/install/path_planner_server/share/path_planner_server/config
[5.559s] copying config/amcl_config.yaml -> /home/Gruppe4/ros2_ws/install/path_planner_server/share/path_planner_server/config
[5.560s] running install_egg_info
[5.567s] removing '/home/Gruppe4/ros2_ws/install/path_planner_server/lib/python3.10/site-packages/path_planner_server-0.0.0-py3.10.egg-info' (and everything under it)
[5.569s] Copying ../../build/path_planner_server/path_planner_server.egg-info to /home/Gruppe4/ros2_ws/install/path_planner_server/lib/python3.10/site-packages/path_planner_server-0.0.0-py3.10.egg-info
[5.575s] running install_scripts
[5.661s] writing list of installed files to '/home/Gruppe4/ros2_ws/build/path_planner_server/install.log'
[5.777s] Invoked command in '/home/Gruppe4/ros2_ws/src/path_planner_server' returned '0': PYTHONPATH=/home/Gruppe4/ros2_ws/build/path_planner_server/prefix_override:/usr/lib/python3/dist-packages/colcon_core/task/python/colcon_distutils_commands:/home/Gruppe4/ros2_ws/install/path_planner_server/lib/python3.10/site-packages:${PYTHONPATH} /usr/bin/python3 -W ignore:setup.py install is deprecated setup.py egg_info --egg-base ../../build/path_planner_server build --build-base /home/Gruppe4/ros2_ws/build/path_planner_server/build install --record /home/Gruppe4/ros2_ws/build/path_planner_server/install.log --single-version-externally-managed install_data
