[8.123s] Invoking command in '/home/Gruppe4/ros2_ws/src/assignment_3_pkg': PYTHONPATH=/home/Gruppe4/ros2_ws/build/assignment_3_pkg/prefix_override:/usr/lib/python3/dist-packages/colcon_core/task/python/colcon_distutils_commands:/home/Gruppe4/ros2_ws/install/assignment_3_pkg/lib/python3.10/site-packages:${PYTHONPATH} /usr/bin/python3 -W ignore:setup.py install is deprecated setup.py egg_info --egg-base ../../build/assignment_3_pkg build --build-base /home/Gruppe4/ros2_ws/build/assignment_3_pkg/build install --record /home/Gruppe4/ros2_ws/build/assignment_3_pkg/install.log --single-version-externally-managed install_data
[10.256s] running egg_info
[10.261s] writing ../../build/assignment_3_pkg/assignment_3_pkg.egg-info/PKG-INFO
[10.265s] writing dependency_links to ../../build/assignment_3_pkg/assignment_3_pkg.egg-info/dependency_links.txt
[10.267s] writing entry points to ../../build/assignment_3_pkg/assignment_3_pkg.egg-info/entry_points.txt
[10.268s] writing requirements to ../../build/assignment_3_pkg/assignment_3_pkg.egg-info/requires.txt
[10.271s] writing top-level names to ../../build/assignment_3_pkg/assignment_3_pkg.egg-info/top_level.txt
[10.280s] reading manifest file '../../build/assignment_3_pkg/assignment_3_pkg.egg-info/SOURCES.txt'
[10.289s] writing manifest file '../../build/assignment_3_pkg/assignment_3_pkg.egg-info/SOURCES.txt'
[10.292s] running build
[10.295s] running build_py
[10.297s] running install
[10.297s] running install_lib
[10.304s] running install_data
[10.307s] running install_egg_info
[10.318s] removing '/home/Gruppe4/ros2_ws/install/assignment_3_pkg/lib/python3.10/site-packages/assignment_3_pkg-0.0.0-py3.10.egg-info' (and everything under it)
[10.323s] Copying ../../build/assignment_3_pkg/assignment_3_pkg.egg-info to /home/Gruppe4/ros2_ws/install/assignment_3_pkg/lib/python3.10/site-packages/assignment_3_pkg-0.0.0-py3.10.egg-info
[10.336s] running install_scripts
[10.481s] writing list of installed files to '/home/Gruppe4/ros2_ws/build/assignment_3_pkg/install.log'
[12.749s] Invoked command in '/home/Gruppe4/ros2_ws/src/assignment_3_pkg' returned '0': PYTHONPATH=/home/Gruppe4/ros2_ws/build/assignment_3_pkg/prefix_override:/usr/lib/python3/dist-packages/colcon_core/task/python/colcon_distutils_commands:/home/Gruppe4/ros2_ws/install/assignment_3_pkg/lib/python3.10/site-packages:${PYTHONPATH} /usr/bin/python3 -W ignore:setup.py install is deprecated setup.py egg_info --egg-base ../../build/assignment_3_pkg build --build-base /home/Gruppe4/ros2_ws/build/assignment_3_pkg/build install --record /home/Gruppe4/ros2_ws/build/assignment_3_pkg/install.log --single-version-externally-managed install_data
