[6.806s] Invoking command in '/home/Gruppe4/ros2_ws/src/ros2_nav_files/nav2_project': PYTHONPATH=/home/Gruppe4/ros2_ws/build/nav2_project/prefix_override:/usr/lib/python3/dist-packages/colcon_core/task/python/colcon_distutils_commands:/home/Gruppe4/ros2_ws/install/nav2_project/lib/python3.10/site-packages:${PYTHONPATH} /usr/bin/python3 -W ignore:setup.py install is deprecated setup.py egg_info --egg-base ../../../build/nav2_project build --build-base /home/Gruppe4/ros2_ws/build/nav2_project/build install --record /home/Gruppe4/ros2_ws/build/nav2_project/install.log --install-scripts $base/lib/nav2_project --single-version-externally-managed install_data
[8.163s] /usr/lib/python3/dist-packages/setuptools/dist.py:723: UserWarning: Usage of dash-separated 'script-dir' will not be supported in future versions. Please use the underscore name 'script_dir' instead
[8.164s]   warnings.warn(
[8.198s] running egg_info
[8.201s] writing ../../../build/nav2_project/nav2_project.egg-info/PKG-INFO
[8.202s] writing dependency_links to ../../../build/nav2_project/nav2_project.egg-info/dependency_links.txt
[8.202s] writing entry points to ../../../build/nav2_project/nav2_project.egg-info/entry_points.txt
[8.203s] writing requirements to ../../../build/nav2_project/nav2_project.egg-info/requires.txt
[8.204s] writing top-level names to ../../../build/nav2_project/nav2_project.egg-info/top_level.txt
[8.212s] reading manifest file '../../../build/nav2_project/nav2_project.egg-info/SOURCES.txt'
[8.280s] writing manifest file '../../../build/nav2_project/nav2_project.egg-info/SOURCES.txt'
[8.281s] running build
[8.282s] running build_py
[8.292s] running install
[8.292s] running install_lib
[8.294s] running install_data
[8.295s] running install_egg_info
[8.296s] removing '/home/Gruppe4/ros2_ws/install/nav2_project/lib/python3.10/site-packages/nav2_project-0.0.0-py3.10.egg-info' (and everything under it)
[8.297s] Copying ../../../build/nav2_project/nav2_project.egg-info to /home/Gruppe4/ros2_ws/install/nav2_project/lib/python3.10/site-packages/nav2_project-0.0.0-py3.10.egg-info
[8.350s] running install_scripts
[8.544s] Installing go_to_pose script to /home/Gruppe4/ros2_ws/install/nav2_project/lib/nav2_project
[8.559s] Installing spot_recorder script to /home/Gruppe4/ros2_ws/install/nav2_project/lib/nav2_project
[8.564s] writing list of installed files to '/home/Gruppe4/ros2_ws/build/nav2_project/install.log'
[8.744s] Invoked command in '/home/Gruppe4/ros2_ws/src/ros2_nav_files/nav2_project' returned '0': PYTHONPATH=/home/Gruppe4/ros2_ws/build/nav2_project/prefix_override:/usr/lib/python3/dist-packages/colcon_core/task/python/colcon_distutils_commands:/home/Gruppe4/ros2_ws/install/nav2_project/lib/python3.10/site-packages:${PYTHONPATH} /usr/bin/python3 -W ignore:setup.py install is deprecated setup.py egg_info --egg-base ../../../build/nav2_project build --build-base /home/Gruppe4/ros2_ws/build/nav2_project/build install --record /home/Gruppe4/ros2_ws/build/nav2_project/install.log --install-scripts $base/lib/nav2_project --single-version-externally-managed install_data
