[6.440s] Invoking command in '/home/Gruppe4/ros2_ws/src/localization_server': PYTHONPATH=/home/Gruppe4/ros2_ws/build/localization_server/prefix_override:/usr/lib/python3/dist-packages/colcon_core/task/python/colcon_distutils_commands:/home/Gruppe4/ros2_ws/install/localization_server/lib/python3.10/site-packages:${PYTHONPATH} /usr/bin/python3 -W ignore:setup.py install is deprecated setup.py egg_info --egg-base ../../build/localization_server build --build-base /home/Gruppe4/ros2_ws/build/localization_server/build install --record /home/Gruppe4/ros2_ws/build/localization_server/install.log --single-version-externally-managed install_data
[8.018s] running egg_info
[8.022s] writing ../../build/localization_server/localization_server.egg-info/PKG-INFO
[8.023s] writing dependency_links to ../../build/localization_server/localization_server.egg-info/dependency_links.txt
[8.024s] writing entry points to ../../build/localization_server/localization_server.egg-info/entry_points.txt
[8.025s] writing requirements to ../../build/localization_server/localization_server.egg-info/requires.txt
[8.026s] writing top-level names to ../../build/localization_server/localization_server.egg-info/top_level.txt
[8.036s] reading manifest file '../../build/localization_server/localization_server.egg-info/SOURCES.txt'
[8.045s] writing manifest file '../../build/localization_server/localization_server.egg-info/SOURCES.txt'
[8.046s] running build
[8.046s] running build_py
[8.047s] running install
[8.049s] running install_lib
[8.056s] running install_data
[8.058s] running install_egg_info
[8.069s] removing '/home/Gruppe4/ros2_ws/install/localization_server/lib/python3.10/site-packages/localization_server-0.0.0-py3.10.egg-info' (and everything under it)
[8.071s] Copying ../../build/localization_server/localization_server.egg-info to /home/Gruppe4/ros2_ws/install/localization_server/lib/python3.10/site-packages/localization_server-0.0.0-py3.10.egg-info
[8.081s] running install_scripts
[8.240s] writing list of installed files to '/home/Gruppe4/ros2_ws/build/localization_server/install.log'
[8.554s] Invoked command in '/home/Gruppe4/ros2_ws/src/localization_server' returned '0': PYTHONPATH=/home/Gruppe4/ros2_ws/build/localization_server/prefix_override:/usr/lib/python3/dist-packages/colcon_core/task/python/colcon_distutils_commands:/home/Gruppe4/ros2_ws/install/localization_server/lib/python3.10/site-packages:${PYTHONPATH} /usr/bin/python3 -W ignore:setup.py install is deprecated setup.py egg_info --egg-base ../../build/localization_server build --build-base /home/Gruppe4/ros2_ws/build/localization_server/build install --record /home/Gruppe4/ros2_ws/build/localization_server/install.log --single-version-externally-managed install_data
