[0.445s] DEBUG:colcon:Command line arguments: ['/usr/bin/colcon', 'build']
[0.446s] DEBUG:colcon:Parsed command line arguments: Namespace(log_base=None, log_level=None, verb_name='build', build_base='build', install_base='install', merge_install=False, symlink_install=False, test_result_base=None, continue_on_error=False, executor='parallel', parallel_workers=4, event_handlers=None, ignore_user_meta=False, metas=['./colcon.meta'], base_paths=['.'], packages_ignore=None, packages_ignore_regex=None, paths=None, packages_up_to=None, packages_up_to_regex=None, packages_above=None, packages_above_and_dependencies=None, packages_above_depth=None, packages_select_by_dep=None, packages_skip_by_dep=None, packages_skip_up_to=None, packages_select_build_failed=False, packages_skip_build_finished=False, packages_select_test_failures=False, packages_skip_test_passed=False, packages_select=None, packages_skip=None, packages_select_regex=None, packages_skip_regex=None, packages_start=None, packages_end=None, allow_overriding=[], cmake_args=None, cmake_target=None, cmake_target_skip_unavailable=False, cmake_clean_cache=False, cmake_clean_first=False, cmake_force_configure=False, ament_cmake_args=None, catkin_cmake_args=None, catkin_skip_building_tests=False, verb_parser=<colcon_defaults.argument_parser.defaults.DefaultArgumentsDecorator object at 0xffff89e13190>, verb_extension=<colcon_core.verb.build.BuildVerb object at 0xffff89fa7dc0>, main=<bound method BuildVerb.main of <colcon_core.verb.build.BuildVerb object at 0xffff89fa7dc0>>)
[1.145s] Level 1:colcon.colcon_core.package_discovery:discover_packages(colcon_meta) check parameters
[1.145s] Level 1:colcon.colcon_core.package_discovery:discover_packages(recursive) check parameters
[1.146s] Level 1:colcon.colcon_core.package_discovery:discover_packages(ignore) check parameters
[1.146s] Level 1:colcon.colcon_core.package_discovery:discover_packages(path) check parameters
[1.146s] Level 1:colcon.colcon_core.package_discovery:discover_packages(colcon_meta) discover
[1.146s] Level 1:colcon.colcon_core.package_discovery:discover_packages(recursive) discover
[1.147s] INFO:colcon.colcon_core.package_discovery:Crawling recursively for packages in '/home/Gruppe4/ros2_ws'
[1.147s] Level 1:colcon.colcon_core.package_identification:_identify(.) by extensions ['ignore', 'ignore_ament_install']
[1.147s] Level 1:colcon.colcon_core.package_identification:_identify(.) by extension 'ignore'
[1.148s] Level 1:colcon.colcon_core.package_identification:_identify(.) by extension 'ignore_ament_install'
[1.148s] Level 1:colcon.colcon_core.package_identification:_identify(.) by extensions ['colcon_pkg']
[1.148s] Level 1:colcon.colcon_core.package_identification:_identify(.) by extension 'colcon_pkg'
[1.149s] Level 1:colcon.colcon_core.package_identification:_identify(.) by extensions ['colcon_meta']
[1.149s] Level 1:colcon.colcon_core.package_identification:_identify(.) by extension 'colcon_meta'
[1.149s] Level 1:colcon.colcon_core.package_identification:_identify(.) by extensions ['ros']
[1.149s] Level 1:colcon.colcon_core.package_identification:_identify(.) by extension 'ros'
[1.195s] Level 1:colcon.colcon_core.package_identification:_identify(.) by extensions ['cmake', 'python']
[1.196s] Level 1:colcon.colcon_core.package_identification:_identify(.) by extension 'cmake'
[1.196s] Level 1:colcon.colcon_core.package_identification:_identify(.) by extension 'python'
[1.196s] Level 1:colcon.colcon_core.package_identification:_identify(.) by extensions ['python_setup_py']
[1.196s] Level 1:colcon.colcon_core.package_identification:_identify(.) by extension 'python_setup_py'
[1.197s] Level 1:colcon.colcon_core.package_identification:_identify(build) by extensions ['ignore', 'ignore_ament_install']
[1.197s] Level 1:colcon.colcon_core.package_identification:_identify(build) by extension 'ignore'
[1.198s] Level 1:colcon.colcon_core.package_identification:_identify(build) ignored
[1.198s] Level 1:colcon.colcon_core.package_identification:_identify(install) by extensions ['ignore', 'ignore_ament_install']
[1.199s] Level 1:colcon.colcon_core.package_identification:_identify(install) by extension 'ignore'
[1.199s] Level 1:colcon.colcon_core.package_identification:_identify(install) ignored
[1.200s] Level 1:colcon.colcon_core.package_identification:_identify(log) by extensions ['ignore', 'ignore_ament_install']
[1.200s] Level 1:colcon.colcon_core.package_identification:_identify(log) by extension 'ignore'
[1.200s] Level 1:colcon.colcon_core.package_identification:_identify(log) ignored
[1.201s] Level 1:colcon.colcon_core.package_identification:_identify(map) by extensions ['ignore', 'ignore_ament_install']
[1.201s] Level 1:colcon.colcon_core.package_identification:_identify(map) by extension 'ignore'
[1.201s] Level 1:colcon.colcon_core.package_identification:_identify(map) by extension 'ignore_ament_install'
[1.201s] Level 1:colcon.colcon_core.package_identification:_identify(map) by extensions ['colcon_pkg']
[1.201s] Level 1:colcon.colcon_core.package_identification:_identify(map) by extension 'colcon_pkg'
[1.202s] Level 1:colcon.colcon_core.package_identification:_identify(map) by extensions ['colcon_meta']
[1.202s] Level 1:colcon.colcon_core.package_identification:_identify(map) by extension 'colcon_meta'
[1.202s] Level 1:colcon.colcon_core.package_identification:_identify(map) by extensions ['ros']
[1.202s] Level 1:colcon.colcon_core.package_identification:_identify(map) by extension 'ros'
[1.202s] Level 1:colcon.colcon_core.package_identification:_identify(map) by extensions ['cmake', 'python']
[1.203s] Level 1:colcon.colcon_core.package_identification:_identify(map) by extension 'cmake'
[1.203s] Level 1:colcon.colcon_core.package_identification:_identify(map) by extension 'python'
[1.203s] Level 1:colcon.colcon_core.package_identification:_identify(map) by extensions ['python_setup_py']
[1.203s] Level 1:colcon.colcon_core.package_identification:_identify(map) by extension 'python_setup_py'
[1.204s] Level 1:colcon.colcon_core.package_identification:_identify(src) by extensions ['ignore', 'ignore_ament_install']
[1.204s] Level 1:colcon.colcon_core.package_identification:_identify(src) by extension 'ignore'
[1.204s] Level 1:colcon.colcon_core.package_identification:_identify(src) by extension 'ignore_ament_install'
[1.204s] Level 1:colcon.colcon_core.package_identification:_identify(src) by extensions ['colcon_pkg']
[1.205s] Level 1:colcon.colcon_core.package_identification:_identify(src) by extension 'colcon_pkg'
[1.205s] Level 1:colcon.colcon_core.package_identification:_identify(src) by extensions ['colcon_meta']
[1.205s] Level 1:colcon.colcon_core.package_identification:_identify(src) by extension 'colcon_meta'
[1.205s] Level 1:colcon.colcon_core.package_identification:_identify(src) by extensions ['ros']
[1.205s] Level 1:colcon.colcon_core.package_identification:_identify(src) by extension 'ros'
[1.206s] Level 1:colcon.colcon_core.package_identification:_identify(src) by extensions ['cmake', 'python']
[1.206s] Level 1:colcon.colcon_core.package_identification:_identify(src) by extension 'cmake'
[1.206s] Level 1:colcon.colcon_core.package_identification:_identify(src) by extension 'python'
[1.206s] Level 1:colcon.colcon_core.package_identification:_identify(src) by extensions ['python_setup_py']
[1.206s] Level 1:colcon.colcon_core.package_identification:_identify(src) by extension 'python_setup_py'
[1.207s] Level 1:colcon.colcon_core.package_identification:_identify(src/asignment_1_pkg) by extensions ['ignore', 'ignore_ament_install']
[1.207s] Level 1:colcon.colcon_core.package_identification:_identify(src/asignment_1_pkg) by extension 'ignore'
[1.207s] Level 1:colcon.colcon_core.package_identification:_identify(src/asignment_1_pkg) by extension 'ignore_ament_install'
[1.208s] Level 1:colcon.colcon_core.package_identification:_identify(src/asignment_1_pkg) by extensions ['colcon_pkg']
[1.208s] Level 1:colcon.colcon_core.package_identification:_identify(src/asignment_1_pkg) by extension 'colcon_pkg'
[1.208s] Level 1:colcon.colcon_core.package_identification:_identify(src/asignment_1_pkg) by extensions ['colcon_meta']
[1.208s] Level 1:colcon.colcon_core.package_identification:_identify(src/asignment_1_pkg) by extension 'colcon_meta'
[1.208s] Level 1:colcon.colcon_core.package_identification:_identify(src/asignment_1_pkg) by extensions ['ros']
[1.208s] Level 1:colcon.colcon_core.package_identification:_identify(src/asignment_1_pkg) by extension 'ros'
[1.218s] DEBUG:colcon.colcon_core.package_identification:Package 'src/asignment_1_pkg' with type 'ros.ament_python' and name 'asignment_1_pkg'
[1.219s] Level 1:colcon.colcon_core.package_identification:_identify(src/assignment_2_pkg) by extensions ['ignore', 'ignore_ament_install']
[1.219s] Level 1:colcon.colcon_core.package_identification:_identify(src/assignment_2_pkg) by extension 'ignore'
[1.220s] Level 1:colcon.colcon_core.package_identification:_identify(src/assignment_2_pkg) by extension 'ignore_ament_install'
[1.220s] Level 1:colcon.colcon_core.package_identification:_identify(src/assignment_2_pkg) by extensions ['colcon_pkg']
[1.220s] Level 1:colcon.colcon_core.package_identification:_identify(src/assignment_2_pkg) by extension 'colcon_pkg'
[1.220s] Level 1:colcon.colcon_core.package_identification:_identify(src/assignment_2_pkg) by extensions ['colcon_meta']
[1.220s] Level 1:colcon.colcon_core.package_identification:_identify(src/assignment_2_pkg) by extension 'colcon_meta'
[1.220s] Level 1:colcon.colcon_core.package_identification:_identify(src/assignment_2_pkg) by extensions ['ros']
[1.221s] Level 1:colcon.colcon_core.package_identification:_identify(src/assignment_2_pkg) by extension 'ros'
[1.224s] DEBUG:colcon.colcon_core.package_identification:Package 'src/assignment_2_pkg' with type 'ros.ament_python' and name 'assignment_2_pkg'
[1.225s] Level 1:colcon.colcon_core.package_identification:_identify(src/assignment_3_pkg) by extensions ['ignore', 'ignore_ament_install']
[1.225s] Level 1:colcon.colcon_core.package_identification:_identify(src/assignment_3_pkg) by extension 'ignore'
[1.225s] Level 1:colcon.colcon_core.package_identification:_identify(src/assignment_3_pkg) by extension 'ignore_ament_install'
[1.225s] Level 1:colcon.colcon_core.package_identification:_identify(src/assignment_3_pkg) by extensions ['colcon_pkg']
[1.226s] Level 1:colcon.colcon_core.package_identification:_identify(src/assignment_3_pkg) by extension 'colcon_pkg'
[1.226s] Level 1:colcon.colcon_core.package_identification:_identify(src/assignment_3_pkg) by extensions ['colcon_meta']
[1.226s] Level 1:colcon.colcon_core.package_identification:_identify(src/assignment_3_pkg) by extension 'colcon_meta'
[1.226s] Level 1:colcon.colcon_core.package_identification:_identify(src/assignment_3_pkg) by extensions ['ros']
[1.226s] Level 1:colcon.colcon_core.package_identification:_identify(src/assignment_3_pkg) by extension 'ros'
[1.229s] DEBUG:colcon.colcon_core.package_identification:Package 'src/assignment_3_pkg' with type 'ros.ament_python' and name 'assignment_3_pkg'
[1.230s] Level 1:colcon.colcon_core.package_identification:_identify(src/cartographer_slam) by extensions ['ignore', 'ignore_ament_install']
[1.230s] Level 1:colcon.colcon_core.package_identification:_identify(src/cartographer_slam) by extension 'ignore'
[1.231s] Level 1:colcon.colcon_core.package_identification:_identify(src/cartographer_slam) by extension 'ignore_ament_install'
[1.231s] Level 1:colcon.colcon_core.package_identification:_identify(src/cartographer_slam) by extensions ['colcon_pkg']
[1.231s] Level 1:colcon.colcon_core.package_identification:_identify(src/cartographer_slam) by extension 'colcon_pkg'
[1.231s] Level 1:colcon.colcon_core.package_identification:_identify(src/cartographer_slam) by extensions ['colcon_meta']
[1.231s] Level 1:colcon.colcon_core.package_identification:_identify(src/cartographer_slam) by extension 'colcon_meta'
[1.232s] Level 1:colcon.colcon_core.package_identification:_identify(src/cartographer_slam) by extensions ['ros']
[1.232s] Level 1:colcon.colcon_core.package_identification:_identify(src/cartographer_slam) by extension 'ros'
[1.234s] DEBUG:colcon.colcon_core.package_identification:Package 'src/cartographer_slam' with type 'ros.ament_python' and name 'cartographer_slam'
[1.235s] Level 1:colcon.colcon_core.package_identification:_identify(src/localization_server) by extensions ['ignore', 'ignore_ament_install']
[1.235s] Level 1:colcon.colcon_core.package_identification:_identify(src/localization_server) by extension 'ignore'
[1.235s] Level 1:colcon.colcon_core.package_identification:_identify(src/localization_server) by extension 'ignore_ament_install'
[1.236s] Level 1:colcon.colcon_core.package_identification:_identify(src/localization_server) by extensions ['colcon_pkg']
[1.236s] Level 1:colcon.colcon_core.package_identification:_identify(src/localization_server) by extension 'colcon_pkg'
[1.236s] Level 1:colcon.colcon_core.package_identification:_identify(src/localization_server) by extensions ['colcon_meta']
[1.236s] Level 1:colcon.colcon_core.package_identification:_identify(src/localization_server) by extension 'colcon_meta'
[1.236s] Level 1:colcon.colcon_core.package_identification:_identify(src/localization_server) by extensions ['ros']
[1.236s] Level 1:colcon.colcon_core.package_identification:_identify(src/localization_server) by extension 'ros'
[1.238s] DEBUG:colcon.colcon_core.package_identification:Package 'src/localization_server' with type 'ros.ament_python' and name 'localization_server'
[1.239s] Level 1:colcon.colcon_core.package_identification:_identify(src/map_server) by extensions ['ignore', 'ignore_ament_install']
[1.239s] Level 1:colcon.colcon_core.package_identification:_identify(src/map_server) by extension 'ignore'
[1.240s] Level 1:colcon.colcon_core.package_identification:_identify(src/map_server) by extension 'ignore_ament_install'
[1.240s] Level 1:colcon.colcon_core.package_identification:_identify(src/map_server) by extensions ['colcon_pkg']
[1.240s] Level 1:colcon.colcon_core.package_identification:_identify(src/map_server) by extension 'colcon_pkg'
[1.240s] Level 1:colcon.colcon_core.package_identification:_identify(src/map_server) by extensions ['colcon_meta']
[1.240s] Level 1:colcon.colcon_core.package_identification:_identify(src/map_server) by extension 'colcon_meta'
[1.241s] Level 1:colcon.colcon_core.package_identification:_identify(src/map_server) by extensions ['ros']
[1.241s] Level 1:colcon.colcon_core.package_identification:_identify(src/map_server) by extension 'ros'
[1.243s] DEBUG:colcon.colcon_core.package_identification:Package 'src/map_server' with type 'ros.ament_python' and name 'map_server'
[1.244s] Level 1:colcon.colcon_core.package_identification:_identify(src/path_planner_server) by extensions ['ignore', 'ignore_ament_install']
[1.244s] Level 1:colcon.colcon_core.package_identification:_identify(src/path_planner_server) by extension 'ignore'
[1.244s] Level 1:colcon.colcon_core.package_identification:_identify(src/path_planner_server) by extension 'ignore_ament_install'
[1.244s] Level 1:colcon.colcon_core.package_identification:_identify(src/path_planner_server) by extensions ['colcon_pkg']
[1.245s] Level 1:colcon.colcon_core.package_identification:_identify(src/path_planner_server) by extension 'colcon_pkg'
[1.245s] Level 1:colcon.colcon_core.package_identification:_identify(src/path_planner_server) by extensions ['colcon_meta']
[1.245s] Level 1:colcon.colcon_core.package_identification:_identify(src/path_planner_server) by extension 'colcon_meta'
[1.245s] Level 1:colcon.colcon_core.package_identification:_identify(src/path_planner_server) by extensions ['ros']
[1.245s] Level 1:colcon.colcon_core.package_identification:_identify(src/path_planner_server) by extension 'ros'
[1.247s] DEBUG:colcon.colcon_core.package_identification:Package 'src/path_planner_server' with type 'ros.ament_python' and name 'path_planner_server'
[1.248s] Level 1:colcon.colcon_core.package_identification:_identify(src/ros2_nav_files) by extensions ['ignore', 'ignore_ament_install']
[1.248s] Level 1:colcon.colcon_core.package_identification:_identify(src/ros2_nav_files) by extension 'ignore'
[1.248s] Level 1:colcon.colcon_core.package_identification:_identify(src/ros2_nav_files) by extension 'ignore_ament_install'
[1.249s] Level 1:colcon.colcon_core.package_identification:_identify(src/ros2_nav_files) by extensions ['colcon_pkg']
[1.249s] Level 1:colcon.colcon_core.package_identification:_identify(src/ros2_nav_files) by extension 'colcon_pkg'
[1.249s] Level 1:colcon.colcon_core.package_identification:_identify(src/ros2_nav_files) by extensions ['colcon_meta']
[1.249s] Level 1:colcon.colcon_core.package_identification:_identify(src/ros2_nav_files) by extension 'colcon_meta'
[1.249s] Level 1:colcon.colcon_core.package_identification:_identify(src/ros2_nav_files) by extensions ['ros']
[1.250s] Level 1:colcon.colcon_core.package_identification:_identify(src/ros2_nav_files) by extension 'ros'
[1.250s] Level 1:colcon.colcon_core.package_identification:_identify(src/ros2_nav_files) by extensions ['cmake', 'python']
[1.250s] Level 1:colcon.colcon_core.package_identification:_identify(src/ros2_nav_files) by extension 'cmake'
[1.250s] Level 1:colcon.colcon_core.package_identification:_identify(src/ros2_nav_files) by extension 'python'
[1.250s] Level 1:colcon.colcon_core.package_identification:_identify(src/ros2_nav_files) by extensions ['python_setup_py']
[1.251s] Level 1:colcon.colcon_core.package_identification:_identify(src/ros2_nav_files) by extension 'python_setup_py'
[1.251s] Level 1:colcon.colcon_core.package_identification:_identify(src/ros2_nav_files/nav2_course) by extensions ['ignore', 'ignore_ament_install']
[1.252s] Level 1:colcon.colcon_core.package_identification:_identify(src/ros2_nav_files/nav2_course) by extension 'ignore'
[1.252s] Level 1:colcon.colcon_core.package_identification:_identify(src/ros2_nav_files/nav2_course) by extension 'ignore_ament_install'
[1.252s] Level 1:colcon.colcon_core.package_identification:_identify(src/ros2_nav_files/nav2_course) by extensions ['colcon_pkg']
[1.252s] Level 1:colcon.colcon_core.package_identification:_identify(src/ros2_nav_files/nav2_course) by extension 'colcon_pkg'
[1.252s] Level 1:colcon.colcon_core.package_identification:_identify(src/ros2_nav_files/nav2_course) by extensions ['colcon_meta']
[1.253s] Level 1:colcon.colcon_core.package_identification:_identify(src/ros2_nav_files/nav2_course) by extension 'colcon_meta'
[1.253s] Level 1:colcon.colcon_core.package_identification:_identify(src/ros2_nav_files/nav2_course) by extensions ['ros']
[1.253s] Level 1:colcon.colcon_core.package_identification:_identify(src/ros2_nav_files/nav2_course) by extension 'ros'
[1.255s] DEBUG:colcon.colcon_core.package_identification:Package 'src/ros2_nav_files/nav2_course' with type 'ros.ament_cmake' and name 'nav2_course'
[1.256s] Level 1:colcon.colcon_core.package_identification:_identify(src/ros2_nav_files/nav2_project) by extensions ['ignore', 'ignore_ament_install']
[1.256s] Level 1:colcon.colcon_core.package_identification:_identify(src/ros2_nav_files/nav2_project) by extension 'ignore'
[1.257s] Level 1:colcon.colcon_core.package_identification:_identify(src/ros2_nav_files/nav2_project) by extension 'ignore_ament_install'
[1.257s] Level 1:colcon.colcon_core.package_identification:_identify(src/ros2_nav_files/nav2_project) by extensions ['colcon_pkg']
[1.257s] Level 1:colcon.colcon_core.package_identification:_identify(src/ros2_nav_files/nav2_project) by extension 'colcon_pkg'
[1.257s] Level 1:colcon.colcon_core.package_identification:_identify(src/ros2_nav_files/nav2_project) by extensions ['colcon_meta']
[1.257s] Level 1:colcon.colcon_core.package_identification:_identify(src/ros2_nav_files/nav2_project) by extension 'colcon_meta'
[1.258s] Level 1:colcon.colcon_core.package_identification:_identify(src/ros2_nav_files/nav2_project) by extensions ['ros']
[1.258s] Level 1:colcon.colcon_core.package_identification:_identify(src/ros2_nav_files/nav2_project) by extension 'ros'
[1.260s] DEBUG:colcon.colcon_core.package_identification:Package 'src/ros2_nav_files/nav2_project' with type 'ros.ament_python' and name 'nav2_project'
[1.261s] Level 1:colcon.colcon_core.package_identification:_identify(src/ros2_nav_files/rviz) by extensions ['ignore', 'ignore_ament_install']
[1.261s] Level 1:colcon.colcon_core.package_identification:_identify(src/ros2_nav_files/rviz) by extension 'ignore'
[1.261s] Level 1:colcon.colcon_core.package_identification:_identify(src/ros2_nav_files/rviz) by extension 'ignore_ament_install'
[1.261s] Level 1:colcon.colcon_core.package_identification:_identify(src/ros2_nav_files/rviz) by extensions ['colcon_pkg']
[1.262s] Level 1:colcon.colcon_core.package_identification:_identify(src/ros2_nav_files/rviz) by extension 'colcon_pkg'
[1.262s] Level 1:colcon.colcon_core.package_identification:_identify(src/ros2_nav_files/rviz) by extensions ['colcon_meta']
[1.262s] Level 1:colcon.colcon_core.package_identification:_identify(src/ros2_nav_files/rviz) by extension 'colcon_meta'
[1.262s] Level 1:colcon.colcon_core.package_identification:_identify(src/ros2_nav_files/rviz) by extensions ['ros']
[1.262s] Level 1:colcon.colcon_core.package_identification:_identify(src/ros2_nav_files/rviz) by extension 'ros'
[1.263s] Level 1:colcon.colcon_core.package_identification:_identify(src/ros2_nav_files/rviz) by extensions ['cmake', 'python']
[1.263s] Level 1:colcon.colcon_core.package_identification:_identify(src/ros2_nav_files/rviz) by extension 'cmake'
[1.263s] Level 1:colcon.colcon_core.package_identification:_identify(src/ros2_nav_files/rviz) by extension 'python'
[1.263s] Level 1:colcon.colcon_core.package_identification:_identify(src/ros2_nav_files/rviz) by extensions ['python_setup_py']
[1.263s] Level 1:colcon.colcon_core.package_identification:_identify(src/ros2_nav_files/rviz) by extension 'python_setup_py'
[1.264s] Level 1:colcon.colcon_core.package_discovery:discover_packages(recursive) using defaults
[1.264s] Level 1:colcon.colcon_core.package_discovery:discover_packages(ignore) discover
[1.264s] Level 1:colcon.colcon_core.package_discovery:discover_packages(ignore) using defaults
[1.264s] Level 1:colcon.colcon_core.package_discovery:discover_packages(path) discover
[1.264s] Level 1:colcon.colcon_core.package_discovery:discover_packages(path) using defaults
[1.354s] Level 1:colcon.colcon_core.package_discovery:discover_packages(prefix_path) check parameters
[1.354s] Level 1:colcon.colcon_core.package_discovery:discover_packages(prefix_path) discover
[1.366s] DEBUG:colcon.colcon_installed_package_information.package_discovery:Found 9 installed packages in /home/Gruppe4/ros2_ws/install
[1.368s] DEBUG:colcon.colcon_installed_package_information.package_discovery:Found 1 installed packages in /home/Gruppe4/turtlebot3_ws/install
[1.376s] DEBUG:colcon.colcon_installed_package_information.package_discovery:Found 254 installed packages in /opt/ros/humble
[1.382s] Level 1:colcon.colcon_core.package_discovery:discover_packages(prefix_path) using defaults
[1.570s] Level 5:colcon.colcon_core.verb:set package 'asignment_1_pkg' build argument 'cmake_args' from command line to 'None'
[1.570s] Level 5:colcon.colcon_core.verb:set package 'asignment_1_pkg' build argument 'cmake_target' from command line to 'None'
[1.570s] Level 5:colcon.colcon_core.verb:set package 'asignment_1_pkg' build argument 'cmake_target_skip_unavailable' from command line to 'False'
[1.570s] Level 5:colcon.colcon_core.verb:set package 'asignment_1_pkg' build argument 'cmake_clean_cache' from command line to 'False'
[1.570s] Level 5:colcon.colcon_core.verb:set package 'asignment_1_pkg' build argument 'cmake_clean_first' from command line to 'False'
[1.571s] Level 5:colcon.colcon_core.verb:set package 'asignment_1_pkg' build argument 'cmake_force_configure' from command line to 'False'
[1.571s] Level 5:colcon.colcon_core.verb:set package 'asignment_1_pkg' build argument 'ament_cmake_args' from command line to 'None'
[1.571s] Level 5:colcon.colcon_core.verb:set package 'asignment_1_pkg' build argument 'catkin_cmake_args' from command line to 'None'
[1.571s] Level 5:colcon.colcon_core.verb:set package 'asignment_1_pkg' build argument 'catkin_skip_building_tests' from command line to 'False'
[1.571s] DEBUG:colcon.colcon_core.verb:Building package 'asignment_1_pkg' with the following arguments: {'ament_cmake_args': None, 'build_base': '/home/Gruppe4/ros2_ws/build/asignment_1_pkg', 'catkin_cmake_args': None, 'catkin_skip_building_tests': False, 'cmake_args': None, 'cmake_clean_cache': False, 'cmake_clean_first': False, 'cmake_force_configure': False, 'cmake_target': None, 'cmake_target_skip_unavailable': False, 'install_base': '/home/Gruppe4/ros2_ws/install/asignment_1_pkg', 'merge_install': False, 'path': '/home/Gruppe4/ros2_ws/src/asignment_1_pkg', 'symlink_install': False, 'test_result_base': None}
[1.573s] Level 5:colcon.colcon_core.verb:set package 'assignment_2_pkg' build argument 'cmake_args' from command line to 'None'
[1.573s] Level 5:colcon.colcon_core.verb:set package 'assignment_2_pkg' build argument 'cmake_target' from command line to 'None'
[1.573s] Level 5:colcon.colcon_core.verb:set package 'assignment_2_pkg' build argument 'cmake_target_skip_unavailable' from command line to 'False'
[1.573s] Level 5:colcon.colcon_core.verb:set package 'assignment_2_pkg' build argument 'cmake_clean_cache' from command line to 'False'
[1.573s] Level 5:colcon.colcon_core.verb:set package 'assignment_2_pkg' build argument 'cmake_clean_first' from command line to 'False'
[1.573s] Level 5:colcon.colcon_core.verb:set package 'assignment_2_pkg' build argument 'cmake_force_configure' from command line to 'False'
[1.573s] Level 5:colcon.colcon_core.verb:set package 'assignment_2_pkg' build argument 'ament_cmake_args' from command line to 'None'
[1.573s] Level 5:colcon.colcon_core.verb:set package 'assignment_2_pkg' build argument 'catkin_cmake_args' from command line to 'None'
[1.574s] Level 5:colcon.colcon_core.verb:set package 'assignment_2_pkg' build argument 'catkin_skip_building_tests' from command line to 'False'
[1.574s] DEBUG:colcon.colcon_core.verb:Building package 'assignment_2_pkg' with the following arguments: {'ament_cmake_args': None, 'build_base': '/home/Gruppe4/ros2_ws/build/assignment_2_pkg', 'catkin_cmake_args': None, 'catkin_skip_building_tests': False, 'cmake_args': None, 'cmake_clean_cache': False, 'cmake_clean_first': False, 'cmake_force_configure': False, 'cmake_target': None, 'cmake_target_skip_unavailable': False, 'install_base': '/home/Gruppe4/ros2_ws/install/assignment_2_pkg', 'merge_install': False, 'path': '/home/Gruppe4/ros2_ws/src/assignment_2_pkg', 'symlink_install': False, 'test_result_base': None}
[1.575s] Level 5:colcon.colcon_core.verb:set package 'assignment_3_pkg' build argument 'cmake_args' from command line to 'None'
[1.575s] Level 5:colcon.colcon_core.verb:set package 'assignment_3_pkg' build argument 'cmake_target' from command line to 'None'
[1.575s] Level 5:colcon.colcon_core.verb:set package 'assignment_3_pkg' build argument 'cmake_target_skip_unavailable' from command line to 'False'
[1.576s] Level 5:colcon.colcon_core.verb:set package 'assignment_3_pkg' build argument 'cmake_clean_cache' from command line to 'False'
[1.576s] Level 5:colcon.colcon_core.verb:set package 'assignment_3_pkg' build argument 'cmake_clean_first' from command line to 'False'
[1.576s] Level 5:colcon.colcon_core.verb:set package 'assignment_3_pkg' build argument 'cmake_force_configure' from command line to 'False'
[1.576s] Level 5:colcon.colcon_core.verb:set package 'assignment_3_pkg' build argument 'ament_cmake_args' from command line to 'None'
[1.576s] Level 5:colcon.colcon_core.verb:set package 'assignment_3_pkg' build argument 'catkin_cmake_args' from command line to 'None'
[1.576s] Level 5:colcon.colcon_core.verb:set package 'assignment_3_pkg' build argument 'catkin_skip_building_tests' from command line to 'False'
[1.576s] DEBUG:colcon.colcon_core.verb:Building package 'assignment_3_pkg' with the following arguments: {'ament_cmake_args': None, 'build_base': '/home/Gruppe4/ros2_ws/build/assignment_3_pkg', 'catkin_cmake_args': None, 'catkin_skip_building_tests': False, 'cmake_args': None, 'cmake_clean_cache': False, 'cmake_clean_first': False, 'cmake_force_configure': False, 'cmake_target': None, 'cmake_target_skip_unavailable': False, 'install_base': '/home/Gruppe4/ros2_ws/install/assignment_3_pkg', 'merge_install': False, 'path': '/home/Gruppe4/ros2_ws/src/assignment_3_pkg', 'symlink_install': False, 'test_result_base': None}
[1.578s] Level 5:colcon.colcon_core.verb:set package 'cartographer_slam' build argument 'cmake_args' from command line to 'None'
[1.578s] Level 5:colcon.colcon_core.verb:set package 'cartographer_slam' build argument 'cmake_target' from command line to 'None'
[1.578s] Level 5:colcon.colcon_core.verb:set package 'cartographer_slam' build argument 'cmake_target_skip_unavailable' from command line to 'False'
[1.578s] Level 5:colcon.colcon_core.verb:set package 'cartographer_slam' build argument 'cmake_clean_cache' from command line to 'False'
[1.578s] Level 5:colcon.colcon_core.verb:set package 'cartographer_slam' build argument 'cmake_clean_first' from command line to 'False'
[1.578s] Level 5:colcon.colcon_core.verb:set package 'cartographer_slam' build argument 'cmake_force_configure' from command line to 'False'
[1.579s] Level 5:colcon.colcon_core.verb:set package 'cartographer_slam' build argument 'ament_cmake_args' from command line to 'None'
[1.579s] Level 5:colcon.colcon_core.verb:set package 'cartographer_slam' build argument 'catkin_cmake_args' from command line to 'None'
[1.579s] Level 5:colcon.colcon_core.verb:set package 'cartographer_slam' build argument 'catkin_skip_building_tests' from command line to 'False'
[1.579s] DEBUG:colcon.colcon_core.verb:Building package 'cartographer_slam' with the following arguments: {'ament_cmake_args': None, 'build_base': '/home/Gruppe4/ros2_ws/build/cartographer_slam', 'catkin_cmake_args': None, 'catkin_skip_building_tests': False, 'cmake_args': None, 'cmake_clean_cache': False, 'cmake_clean_first': False, 'cmake_force_configure': False, 'cmake_target': None, 'cmake_target_skip_unavailable': False, 'install_base': '/home/Gruppe4/ros2_ws/install/cartographer_slam', 'merge_install': False, 'path': '/home/Gruppe4/ros2_ws/src/cartographer_slam', 'symlink_install': False, 'test_result_base': None}
[1.580s] Level 5:colcon.colcon_core.verb:set package 'localization_server' build argument 'cmake_args' from command line to 'None'
[1.580s] Level 5:colcon.colcon_core.verb:set package 'localization_server' build argument 'cmake_target' from command line to 'None'
[1.581s] Level 5:colcon.colcon_core.verb:set package 'localization_server' build argument 'cmake_target_skip_unavailable' from command line to 'False'
[1.581s] Level 5:colcon.colcon_core.verb:set package 'localization_server' build argument 'cmake_clean_cache' from command line to 'False'
[1.581s] Level 5:colcon.colcon_core.verb:set package 'localization_server' build argument 'cmake_clean_first' from command line to 'False'
[1.581s] Level 5:colcon.colcon_core.verb:set package 'localization_server' build argument 'cmake_force_configure' from command line to 'False'
[1.581s] Level 5:colcon.colcon_core.verb:set package 'localization_server' build argument 'ament_cmake_args' from command line to 'None'
[1.581s] Level 5:colcon.colcon_core.verb:set package 'localization_server' build argument 'catkin_cmake_args' from command line to 'None'
[1.581s] Level 5:colcon.colcon_core.verb:set package 'localization_server' build argument 'catkin_skip_building_tests' from command line to 'False'
[1.581s] DEBUG:colcon.colcon_core.verb:Building package 'localization_server' with the following arguments: {'ament_cmake_args': None, 'build_base': '/home/Gruppe4/ros2_ws/build/localization_server', 'catkin_cmake_args': None, 'catkin_skip_building_tests': False, 'cmake_args': None, 'cmake_clean_cache': False, 'cmake_clean_first': False, 'cmake_force_configure': False, 'cmake_target': None, 'cmake_target_skip_unavailable': False, 'install_base': '/home/Gruppe4/ros2_ws/install/localization_server', 'merge_install': False, 'path': '/home/Gruppe4/ros2_ws/src/localization_server', 'symlink_install': False, 'test_result_base': None}
[1.583s] Level 5:colcon.colcon_core.verb:set package 'map_server' build argument 'cmake_args' from command line to 'None'
[1.583s] Level 5:colcon.colcon_core.verb:set package 'map_server' build argument 'cmake_target' from command line to 'None'
[1.583s] Level 5:colcon.colcon_core.verb:set package 'map_server' build argument 'cmake_target_skip_unavailable' from command line to 'False'
[1.583s] Level 5:colcon.colcon_core.verb:set package 'map_server' build argument 'cmake_clean_cache' from command line to 'False'
[1.583s] Level 5:colcon.colcon_core.verb:set package 'map_server' build argument 'cmake_clean_first' from command line to 'False'
[1.583s] Level 5:colcon.colcon_core.verb:set package 'map_server' build argument 'cmake_force_configure' from command line to 'False'
[1.584s] Level 5:colcon.colcon_core.verb:set package 'map_server' build argument 'ament_cmake_args' from command line to 'None'
[1.584s] Level 5:colcon.colcon_core.verb:set package 'map_server' build argument 'catkin_cmake_args' from command line to 'None'
[1.584s] Level 5:colcon.colcon_core.verb:set package 'map_server' build argument 'catkin_skip_building_tests' from command line to 'False'
[1.584s] DEBUG:colcon.colcon_core.verb:Building package 'map_server' with the following arguments: {'ament_cmake_args': None, 'build_base': '/home/Gruppe4/ros2_ws/build/map_server', 'catkin_cmake_args': None, 'catkin_skip_building_tests': False, 'cmake_args': None, 'cmake_clean_cache': False, 'cmake_clean_first': False, 'cmake_force_configure': False, 'cmake_target': None, 'cmake_target_skip_unavailable': False, 'install_base': '/home/Gruppe4/ros2_ws/install/map_server', 'merge_install': False, 'path': '/home/Gruppe4/ros2_ws/src/map_server', 'symlink_install': False, 'test_result_base': None}
[1.585s] Level 5:colcon.colcon_core.verb:set package 'nav2_course' build argument 'cmake_args' from command line to 'None'
[1.586s] Level 5:colcon.colcon_core.verb:set package 'nav2_course' build argument 'cmake_target' from command line to 'None'
[1.586s] Level 5:colcon.colcon_core.verb:set package 'nav2_course' build argument 'cmake_target_skip_unavailable' from command line to 'False'
[1.586s] Level 5:colcon.colcon_core.verb:set package 'nav2_course' build argument 'cmake_clean_cache' from command line to 'False'
[1.586s] Level 5:colcon.colcon_core.verb:set package 'nav2_course' build argument 'cmake_clean_first' from command line to 'False'
[1.586s] Level 5:colcon.colcon_core.verb:set package 'nav2_course' build argument 'cmake_force_configure' from command line to 'False'
[1.586s] Level 5:colcon.colcon_core.verb:set package 'nav2_course' build argument 'ament_cmake_args' from command line to 'None'
[1.586s] Level 5:colcon.colcon_core.verb:set package 'nav2_course' build argument 'catkin_cmake_args' from command line to 'None'
[1.586s] Level 5:colcon.colcon_core.verb:set package 'nav2_course' build argument 'catkin_skip_building_tests' from command line to 'False'
[1.586s] DEBUG:colcon.colcon_core.verb:Building package 'nav2_course' with the following arguments: {'ament_cmake_args': None, 'build_base': '/home/Gruppe4/ros2_ws/build/nav2_course', 'catkin_cmake_args': None, 'catkin_skip_building_tests': False, 'cmake_args': None, 'cmake_clean_cache': False, 'cmake_clean_first': False, 'cmake_force_configure': False, 'cmake_target': None, 'cmake_target_skip_unavailable': False, 'install_base': '/home/Gruppe4/ros2_ws/install/nav2_course', 'merge_install': False, 'path': '/home/Gruppe4/ros2_ws/src/ros2_nav_files/nav2_course', 'symlink_install': False, 'test_result_base': None}
[1.588s] Level 5:colcon.colcon_core.verb:set package 'nav2_project' build argument 'cmake_args' from command line to 'None'
[1.588s] Level 5:colcon.colcon_core.verb:set package 'nav2_project' build argument 'cmake_target' from command line to 'None'
[1.588s] Level 5:colcon.colcon_core.verb:set package 'nav2_project' build argument 'cmake_target_skip_unavailable' from command line to 'False'
[1.588s] Level 5:colcon.colcon_core.verb:set package 'nav2_project' build argument 'cmake_clean_cache' from command line to 'False'
[1.588s] Level 5:colcon.colcon_core.verb:set package 'nav2_project' build argument 'cmake_clean_first' from command line to 'False'
[1.588s] Level 5:colcon.colcon_core.verb:set package 'nav2_project' build argument 'cmake_force_configure' from command line to 'False'
[1.589s] Level 5:colcon.colcon_core.verb:set package 'nav2_project' build argument 'ament_cmake_args' from command line to 'None'
[1.589s] Level 5:colcon.colcon_core.verb:set package 'nav2_project' build argument 'catkin_cmake_args' from command line to 'None'
[1.589s] Level 5:colcon.colcon_core.verb:set package 'nav2_project' build argument 'catkin_skip_building_tests' from command line to 'False'
[1.589s] DEBUG:colcon.colcon_core.verb:Building package 'nav2_project' with the following arguments: {'ament_cmake_args': None, 'build_base': '/home/Gruppe4/ros2_ws/build/nav2_project', 'catkin_cmake_args': None, 'catkin_skip_building_tests': False, 'cmake_args': None, 'cmake_clean_cache': False, 'cmake_clean_first': False, 'cmake_force_configure': False, 'cmake_target': None, 'cmake_target_skip_unavailable': False, 'install_base': '/home/Gruppe4/ros2_ws/install/nav2_project', 'merge_install': False, 'path': '/home/Gruppe4/ros2_ws/src/ros2_nav_files/nav2_project', 'symlink_install': False, 'test_result_base': None}
[1.590s] Level 5:colcon.colcon_core.verb:set package 'path_planner_server' build argument 'cmake_args' from command line to 'None'
[1.591s] Level 5:colcon.colcon_core.verb:set package 'path_planner_server' build argument 'cmake_target' from command line to 'None'
[1.591s] Level 5:colcon.colcon_core.verb:set package 'path_planner_server' build argument 'cmake_target_skip_unavailable' from command line to 'False'
[1.591s] Level 5:colcon.colcon_core.verb:set package 'path_planner_server' build argument 'cmake_clean_cache' from command line to 'False'
[1.591s] Level 5:colcon.colcon_core.verb:set package 'path_planner_server' build argument 'cmake_clean_first' from command line to 'False'
[1.591s] Level 5:colcon.colcon_core.verb:set package 'path_planner_server' build argument 'cmake_force_configure' from command line to 'False'
[1.591s] Level 5:colcon.colcon_core.verb:set package 'path_planner_server' build argument 'ament_cmake_args' from command line to 'None'
[1.591s] Level 5:colcon.colcon_core.verb:set package 'path_planner_server' build argument 'catkin_cmake_args' from command line to 'None'
[1.591s] Level 5:colcon.colcon_core.verb:set package 'path_planner_server' build argument 'catkin_skip_building_tests' from command line to 'False'
[1.591s] DEBUG:colcon.colcon_core.verb:Building package 'path_planner_server' with the following arguments: {'ament_cmake_args': None, 'build_base': '/home/Gruppe4/ros2_ws/build/path_planner_server', 'catkin_cmake_args': None, 'catkin_skip_building_tests': False, 'cmake_args': None, 'cmake_clean_cache': False, 'cmake_clean_first': False, 'cmake_force_configure': False, 'cmake_target': None, 'cmake_target_skip_unavailable': False, 'install_base': '/home/Gruppe4/ros2_ws/install/path_planner_server', 'merge_install': False, 'path': '/home/Gruppe4/ros2_ws/src/path_planner_server', 'symlink_install': False, 'test_result_base': None}
[1.592s] INFO:colcon.colcon_core.executor:Executing jobs using 'parallel' executor
[1.595s] DEBUG:colcon.colcon_parallel_executor.executor.parallel:run_until_complete
[1.597s] INFO:colcon.colcon_ros.task.ament_python.build:Building ROS package in '/home/Gruppe4/ros2_ws/src/asignment_1_pkg' with build type 'ament_python'
[1.597s] Level 1:colcon.colcon_core.shell:create_environment_hook('asignment_1_pkg', 'ament_prefix_path')
[1.609s] INFO:colcon.colcon_core.plugin_system:Skipping extension 'colcon_core.shell.bat': Not used on non-Windows systems
[1.611s] INFO:colcon.colcon_core.shell:Creating environment hook '/home/Gruppe4/ros2_ws/install/asignment_1_pkg/share/asignment_1_pkg/hook/ament_prefix_path.ps1'
[1.613s] INFO:colcon.colcon_core.shell:Creating environment descriptor '/home/Gruppe4/ros2_ws/install/asignment_1_pkg/share/asignment_1_pkg/hook/ament_prefix_path.dsv'
[1.616s] INFO:colcon.colcon_core.shell:Creating environment hook '/home/Gruppe4/ros2_ws/install/asignment_1_pkg/share/asignment_1_pkg/hook/ament_prefix_path.sh'
[1.620s] INFO:colcon.colcon_core.shell:Skip shell extension 'powershell' for command environment: Not usable outside of PowerShell
[1.620s] DEBUG:colcon.colcon_core.shell:Skip shell extension 'dsv' for command environment
[1.642s] INFO:colcon.colcon_ros.task.ament_python.build:Building ROS package in '/home/Gruppe4/ros2_ws/src/assignment_2_pkg' with build type 'ament_python'
[1.642s] Level 1:colcon.colcon_core.shell:create_environment_hook('assignment_2_pkg', 'ament_prefix_path')
[1.644s] INFO:colcon.colcon_core.shell:Creating environment hook '/home/Gruppe4/ros2_ws/install/assignment_2_pkg/share/assignment_2_pkg/hook/ament_prefix_path.ps1'
[1.646s] INFO:colcon.colcon_core.shell:Creating environment descriptor '/home/Gruppe4/ros2_ws/install/assignment_2_pkg/share/assignment_2_pkg/hook/ament_prefix_path.dsv'
[1.648s] INFO:colcon.colcon_core.shell:Creating environment hook '/home/Gruppe4/ros2_ws/install/assignment_2_pkg/share/assignment_2_pkg/hook/ament_prefix_path.sh'
[1.651s] INFO:colcon.colcon_core.shell:Skip shell extension 'powershell' for command environment: Not usable outside of PowerShell
[1.652s] DEBUG:colcon.colcon_core.shell:Skip shell extension 'dsv' for command environment
[1.674s] INFO:colcon.colcon_ros.task.ament_python.build:Building ROS package in '/home/Gruppe4/ros2_ws/src/assignment_3_pkg' with build type 'ament_python'
[1.674s] Level 1:colcon.colcon_core.shell:create_environment_hook('assignment_3_pkg', 'ament_prefix_path')
[1.676s] INFO:colcon.colcon_core.shell:Creating environment hook '/home/Gruppe4/ros2_ws/install/assignment_3_pkg/share/assignment_3_pkg/hook/ament_prefix_path.ps1'
[1.678s] INFO:colcon.colcon_core.shell:Creating environment descriptor '/home/Gruppe4/ros2_ws/install/assignment_3_pkg/share/assignment_3_pkg/hook/ament_prefix_path.dsv'
[1.680s] INFO:colcon.colcon_core.shell:Creating environment hook '/home/Gruppe4/ros2_ws/install/assignment_3_pkg/share/assignment_3_pkg/hook/ament_prefix_path.sh'
[1.684s] INFO:colcon.colcon_core.shell:Skip shell extension 'powershell' for command environment: Not usable outside of PowerShell
[1.684s] DEBUG:colcon.colcon_core.shell:Skip shell extension 'dsv' for command environment
[1.706s] INFO:colcon.colcon_ros.task.ament_python.build:Building ROS package in '/home/Gruppe4/ros2_ws/src/cartographer_slam' with build type 'ament_python'
[1.706s] Level 1:colcon.colcon_core.shell:create_environment_hook('cartographer_slam', 'ament_prefix_path')
[1.708s] INFO:colcon.colcon_core.shell:Creating environment hook '/home/Gruppe4/ros2_ws/install/cartographer_slam/share/cartographer_slam/hook/ament_prefix_path.ps1'
[1.711s] INFO:colcon.colcon_core.shell:Creating environment descriptor '/home/Gruppe4/ros2_ws/install/cartographer_slam/share/cartographer_slam/hook/ament_prefix_path.dsv'
[1.713s] INFO:colcon.colcon_core.shell:Creating environment hook '/home/Gruppe4/ros2_ws/install/cartographer_slam/share/cartographer_slam/hook/ament_prefix_path.sh'
[1.717s] INFO:colcon.colcon_core.shell:Skip shell extension 'powershell' for command environment: Not usable outside of PowerShell
[1.717s] DEBUG:colcon.colcon_core.shell:Skip shell extension 'dsv' for command environment
[2.846s] INFO:colcon.colcon_core.task.python.build:Building Python package in '/home/Gruppe4/ros2_ws/src/asignment_1_pkg'
[2.847s] INFO:colcon.colcon_core.shell:Skip shell extension 'powershell' for command environment: Not usable outside of PowerShell
[2.848s] DEBUG:colcon.colcon_core.shell:Skip shell extension 'dsv' for command environment
[3.983s] INFO:colcon.colcon_core.task.python.build:Building Python package in '/home/Gruppe4/ros2_ws/src/assignment_2_pkg'
[3.984s] INFO:colcon.colcon_core.shell:Skip shell extension 'powershell' for command environment: Not usable outside of PowerShell
[3.984s] DEBUG:colcon.colcon_core.shell:Skip shell extension 'dsv' for command environment
[5.113s] INFO:colcon.colcon_core.task.python.build:Building Python package in '/home/Gruppe4/ros2_ws/src/assignment_3_pkg'
[5.114s] INFO:colcon.colcon_core.shell:Skip shell extension 'powershell' for command environment: Not usable outside of PowerShell
[5.114s] DEBUG:colcon.colcon_core.shell:Skip shell extension 'dsv' for command environment
[6.242s] INFO:colcon.colcon_core.task.python.build:Building Python package in '/home/Gruppe4/ros2_ws/src/cartographer_slam'
[6.243s] INFO:colcon.colcon_core.shell:Skip shell extension 'powershell' for command environment: Not usable outside of PowerShell
[6.244s] DEBUG:colcon.colcon_core.shell:Skip shell extension 'dsv' for command environment
[8.774s] DEBUG:colcon.colcon_core.event_handler.log_command:Invoking command in '/home/Gruppe4/ros2_ws/src/cartographer_slam': PYTHONPATH=/home/Gruppe4/ros2_ws/build/cartographer_slam/prefix_override:/usr/lib/python3/dist-packages/colcon_core/task/python/colcon_distutils_commands:/home/Gruppe4/ros2_ws/install/cartographer_slam/lib/python3.10/site-packages:${PYTHONPATH} /usr/bin/python3 -W ignore:setup.py install is deprecated setup.py egg_info --egg-base ../../build/cartographer_slam build --build-base /home/Gruppe4/ros2_ws/build/cartographer_slam/build install --record /home/Gruppe4/ros2_ws/build/cartographer_slam/install.log --single-version-externally-managed install_data
[8.883s] DEBUG:colcon.colcon_core.event_handler.log_command:Invoking command in '/home/Gruppe4/ros2_ws/src/asignment_1_pkg': PYTHONPATH=/home/Gruppe4/ros2_ws/build/asignment_1_pkg/prefix_override:/usr/lib/python3/dist-packages/colcon_core/task/python/colcon_distutils_commands:/home/Gruppe4/ros2_ws/install/asignment_1_pkg/lib/python3.10/site-packages:${PYTHONPATH} /usr/bin/python3 -W ignore:setup.py install is deprecated setup.py egg_info --egg-base ../../build/asignment_1_pkg build --build-base /home/Gruppe4/ros2_ws/build/asignment_1_pkg/build install --record /home/Gruppe4/ros2_ws/build/asignment_1_pkg/install.log --single-version-externally-managed install_data
[8.906s] DEBUG:colcon.colcon_core.event_handler.log_command:Invoking command in '/home/Gruppe4/ros2_ws/src/assignment_2_pkg': PYTHONPATH=/home/Gruppe4/ros2_ws/build/assignment_2_pkg/prefix_override:/usr/lib/python3/dist-packages/colcon_core/task/python/colcon_distutils_commands:/home/Gruppe4/ros2_ws/install/assignment_2_pkg/lib/python3.10/site-packages:${PYTHONPATH} /usr/bin/python3 -W ignore:setup.py install is deprecated setup.py egg_info --egg-base ../../build/assignment_2_pkg build --build-base /home/Gruppe4/ros2_ws/build/assignment_2_pkg/build install --record /home/Gruppe4/ros2_ws/build/assignment_2_pkg/install.log --single-version-externally-managed install_data
[8.923s] DEBUG:colcon.colcon_core.event_handler.log_command:Invoking command in '/home/Gruppe4/ros2_ws/src/assignment_3_pkg': PYTHONPATH=/home/Gruppe4/ros2_ws/build/assignment_3_pkg/prefix_override:/usr/lib/python3/dist-packages/colcon_core/task/python/colcon_distutils_commands:/home/Gruppe4/ros2_ws/install/assignment_3_pkg/lib/python3.10/site-packages:${PYTHONPATH} /usr/bin/python3 -W ignore:setup.py install is deprecated setup.py egg_info --egg-base ../../build/assignment_3_pkg build --build-base /home/Gruppe4/ros2_ws/build/assignment_3_pkg/build install --record /home/Gruppe4/ros2_ws/build/assignment_3_pkg/install.log --single-version-externally-managed install_data
[10.914s] DEBUG:colcon.colcon_core.event_handler.log_command:Invoked command in '/home/Gruppe4/ros2_ws/src/assignment_2_pkg' returned '0': PYTHONPATH=/home/Gruppe4/ros2_ws/build/assignment_2_pkg/prefix_override:/usr/lib/python3/dist-packages/colcon_core/task/python/colcon_distutils_commands:/home/Gruppe4/ros2_ws/install/assignment_2_pkg/lib/python3.10/site-packages:${PYTHONPATH} /usr/bin/python3 -W ignore:setup.py install is deprecated setup.py egg_info --egg-base ../../build/assignment_2_pkg build --build-base /home/Gruppe4/ros2_ws/build/assignment_2_pkg/build install --record /home/Gruppe4/ros2_ws/build/assignment_2_pkg/install.log --single-version-externally-managed install_data
[10.957s] Level 1:colcon.colcon_core.environment:checking '/home/Gruppe4/ros2_ws/install/assignment_2_pkg' for CMake module files
[10.964s] Level 1:colcon.colcon_core.environment:checking '/home/Gruppe4/ros2_ws/install/assignment_2_pkg' for CMake config files
[10.973s] Level 1:colcon.colcon_core.environment:checking '/home/Gruppe4/ros2_ws/install/assignment_2_pkg/lib'
[10.979s] Level 1:colcon.colcon_core.environment:checking '/home/Gruppe4/ros2_ws/install/assignment_2_pkg/bin'
[10.982s] Level 1:colcon.colcon_core.environment:checking '/home/Gruppe4/ros2_ws/install/assignment_2_pkg/lib/pkgconfig/assignment_2_pkg.pc'
[10.985s] Level 1:colcon.colcon_core.environment:checking '/home/Gruppe4/ros2_ws/install/assignment_2_pkg/lib/python3.10/site-packages'
[10.986s] Level 1:colcon.colcon_core.shell:create_environment_hook('assignment_2_pkg', 'pythonpath')
[10.989s] INFO:colcon.colcon_core.shell:Creating environment hook '/home/Gruppe4/ros2_ws/install/assignment_2_pkg/share/assignment_2_pkg/hook/pythonpath.ps1'
[10.994s] INFO:colcon.colcon_core.shell:Creating environment descriptor '/home/Gruppe4/ros2_ws/install/assignment_2_pkg/share/assignment_2_pkg/hook/pythonpath.dsv'
[11.000s] INFO:colcon.colcon_core.shell:Creating environment hook '/home/Gruppe4/ros2_ws/install/assignment_2_pkg/share/assignment_2_pkg/hook/pythonpath.sh'
[11.006s] Level 1:colcon.colcon_core.environment:checking '/home/Gruppe4/ros2_ws/install/assignment_2_pkg/bin'
[11.008s] Level 1:colcon.colcon_core.environment:create_environment_scripts_only(assignment_2_pkg)
[11.010s] INFO:colcon.colcon_core.shell:Creating package script '/home/Gruppe4/ros2_ws/install/assignment_2_pkg/share/assignment_2_pkg/package.ps1'
[11.018s] INFO:colcon.colcon_core.shell:Creating package descriptor '/home/Gruppe4/ros2_ws/install/assignment_2_pkg/share/assignment_2_pkg/package.dsv'
[11.024s] INFO:colcon.colcon_core.shell:Creating package script '/home/Gruppe4/ros2_ws/install/assignment_2_pkg/share/assignment_2_pkg/package.sh'
[11.035s] INFO:colcon.colcon_core.shell:Creating package script '/home/Gruppe4/ros2_ws/install/assignment_2_pkg/share/assignment_2_pkg/package.bash'
[11.043s] INFO:colcon.colcon_core.shell:Creating package script '/home/Gruppe4/ros2_ws/install/assignment_2_pkg/share/assignment_2_pkg/package.zsh'
[11.051s] Level 1:colcon.colcon_core.environment:create_file_with_runtime_dependencies(/home/Gruppe4/ros2_ws/install/assignment_2_pkg/share/colcon-core/packages/assignment_2_pkg)
[11.058s] INFO:colcon.colcon_ros.task.ament_python.build:Building ROS package in '/home/Gruppe4/ros2_ws/src/localization_server' with build type 'ament_python'
[11.060s] Level 1:colcon.colcon_core.shell:create_environment_hook('localization_server', 'ament_prefix_path')
[11.063s] INFO:colcon.colcon_core.shell:Creating environment hook '/home/Gruppe4/ros2_ws/install/localization_server/share/localization_server/hook/ament_prefix_path.ps1'
[11.070s] INFO:colcon.colcon_core.shell:Creating environment descriptor '/home/Gruppe4/ros2_ws/install/localization_server/share/localization_server/hook/ament_prefix_path.dsv'
[11.074s] INFO:colcon.colcon_core.shell:Creating environment hook '/home/Gruppe4/ros2_ws/install/localization_server/share/localization_server/hook/ament_prefix_path.sh'
[11.080s] INFO:colcon.colcon_core.shell:Skip shell extension 'powershell' for command environment: Not usable outside of PowerShell
[11.081s] DEBUG:colcon.colcon_core.shell:Skip shell extension 'dsv' for command environment
[11.123s] Level 1:colcon.colcon_core.environment:checking '/home/Gruppe4/ros2_ws/install/asignment_1_pkg' for CMake module files
[11.126s] DEBUG:colcon.colcon_core.event_handler.log_command:Invoked command in '/home/Gruppe4/ros2_ws/src/asignment_1_pkg' returned '0': PYTHONPATH=/home/Gruppe4/ros2_ws/build/asignment_1_pkg/prefix_override:/usr/lib/python3/dist-packages/colcon_core/task/python/colcon_distutils_commands:/home/Gruppe4/ros2_ws/install/asignment_1_pkg/lib/python3.10/site-packages:${PYTHONPATH} /usr/bin/python3 -W ignore:setup.py install is deprecated setup.py egg_info --egg-base ../../build/asignment_1_pkg build --build-base /home/Gruppe4/ros2_ws/build/asignment_1_pkg/build install --record /home/Gruppe4/ros2_ws/build/asignment_1_pkg/install.log --single-version-externally-managed install_data
[11.131s] Level 1:colcon.colcon_core.environment:checking '/home/Gruppe4/ros2_ws/install/asignment_1_pkg' for CMake config files
[11.139s] Level 1:colcon.colcon_core.environment:checking '/home/Gruppe4/ros2_ws/install/asignment_1_pkg/lib'
[11.140s] Level 1:colcon.colcon_core.environment:checking '/home/Gruppe4/ros2_ws/install/asignment_1_pkg/bin'
[11.141s] Level 1:colcon.colcon_core.environment:checking '/home/Gruppe4/ros2_ws/install/asignment_1_pkg/lib/pkgconfig/asignment_1_pkg.pc'
[11.143s] Level 1:colcon.colcon_core.environment:checking '/home/Gruppe4/ros2_ws/install/asignment_1_pkg/lib/python3.10/site-packages'
[11.144s] Level 1:colcon.colcon_core.shell:create_environment_hook('asignment_1_pkg', 'pythonpath')
[11.145s] INFO:colcon.colcon_core.shell:Creating environment hook '/home/Gruppe4/ros2_ws/install/asignment_1_pkg/share/asignment_1_pkg/hook/pythonpath.ps1'
[11.149s] INFO:colcon.colcon_core.shell:Creating environment descriptor '/home/Gruppe4/ros2_ws/install/asignment_1_pkg/share/asignment_1_pkg/hook/pythonpath.dsv'
[11.153s] INFO:colcon.colcon_core.shell:Creating environment hook '/home/Gruppe4/ros2_ws/install/asignment_1_pkg/share/asignment_1_pkg/hook/pythonpath.sh'
[11.157s] Level 1:colcon.colcon_core.environment:checking '/home/Gruppe4/ros2_ws/install/asignment_1_pkg/bin'
[11.158s] Level 1:colcon.colcon_core.environment:create_environment_scripts_only(asignment_1_pkg)
[11.160s] INFO:colcon.colcon_core.shell:Creating package script '/home/Gruppe4/ros2_ws/install/asignment_1_pkg/share/asignment_1_pkg/package.ps1'
[11.165s] INFO:colcon.colcon_core.shell:Creating package descriptor '/home/Gruppe4/ros2_ws/install/asignment_1_pkg/share/asignment_1_pkg/package.dsv'
[11.168s] INFO:colcon.colcon_core.shell:Creating package script '/home/Gruppe4/ros2_ws/install/asignment_1_pkg/share/asignment_1_pkg/package.sh'
[11.172s] INFO:colcon.colcon_core.shell:Creating package script '/home/Gruppe4/ros2_ws/install/asignment_1_pkg/share/asignment_1_pkg/package.bash'
[11.174s] INFO:colcon.colcon_core.shell:Creating package script '/home/Gruppe4/ros2_ws/install/asignment_1_pkg/share/asignment_1_pkg/package.zsh'
[11.177s] Level 1:colcon.colcon_core.environment:create_file_with_runtime_dependencies(/home/Gruppe4/ros2_ws/install/asignment_1_pkg/share/colcon-core/packages/asignment_1_pkg)
[11.182s] Level 1:colcon.colcon_core.environment:checking '/home/Gruppe4/ros2_ws/install/assignment_3_pkg' for CMake module files
[11.192s] DEBUG:colcon.colcon_core.event_handler.log_command:Invoked command in '/home/Gruppe4/ros2_ws/src/assignment_3_pkg' returned '0': PYTHONPATH=/home/Gruppe4/ros2_ws/build/assignment_3_pkg/prefix_override:/usr/lib/python3/dist-packages/colcon_core/task/python/colcon_distutils_commands:/home/Gruppe4/ros2_ws/install/assignment_3_pkg/lib/python3.10/site-packages:${PYTHONPATH} /usr/bin/python3 -W ignore:setup.py install is deprecated setup.py egg_info --egg-base ../../build/assignment_3_pkg build --build-base /home/Gruppe4/ros2_ws/build/assignment_3_pkg/build install --record /home/Gruppe4/ros2_ws/build/assignment_3_pkg/install.log --single-version-externally-managed install_data
[11.194s] Level 1:colcon.colcon_core.environment:checking '/home/Gruppe4/ros2_ws/install/assignment_3_pkg' for CMake config files
[11.200s] Level 1:colcon.colcon_core.environment:checking '/home/Gruppe4/ros2_ws/install/assignment_3_pkg/lib'
[11.202s] Level 1:colcon.colcon_core.environment:checking '/home/Gruppe4/ros2_ws/install/assignment_3_pkg/bin'
[11.203s] Level 1:colcon.colcon_core.environment:checking '/home/Gruppe4/ros2_ws/install/assignment_3_pkg/lib/pkgconfig/assignment_3_pkg.pc'
[11.204s] Level 1:colcon.colcon_core.environment:checking '/home/Gruppe4/ros2_ws/install/assignment_3_pkg/lib/python3.10/site-packages'
[11.205s] Level 1:colcon.colcon_core.shell:create_environment_hook('assignment_3_pkg', 'pythonpath')
[11.207s] INFO:colcon.colcon_core.shell:Creating environment hook '/home/Gruppe4/ros2_ws/install/assignment_3_pkg/share/assignment_3_pkg/hook/pythonpath.ps1'
[11.211s] INFO:colcon.colcon_core.shell:Creating environment descriptor '/home/Gruppe4/ros2_ws/install/assignment_3_pkg/share/assignment_3_pkg/hook/pythonpath.dsv'
[11.213s] INFO:colcon.colcon_core.shell:Creating environment hook '/home/Gruppe4/ros2_ws/install/assignment_3_pkg/share/assignment_3_pkg/hook/pythonpath.sh'
[11.218s] Level 1:colcon.colcon_core.environment:checking '/home/Gruppe4/ros2_ws/install/assignment_3_pkg/bin'
[11.219s] Level 1:colcon.colcon_core.environment:create_environment_scripts_only(assignment_3_pkg)
[11.221s] INFO:colcon.colcon_core.shell:Creating package script '/home/Gruppe4/ros2_ws/install/assignment_3_pkg/share/assignment_3_pkg/package.ps1'
[11.226s] INFO:colcon.colcon_core.shell:Creating package descriptor '/home/Gruppe4/ros2_ws/install/assignment_3_pkg/share/assignment_3_pkg/package.dsv'
[11.234s] INFO:colcon.colcon_core.shell:Creating package script '/home/Gruppe4/ros2_ws/install/assignment_3_pkg/share/assignment_3_pkg/package.sh'
[11.240s] INFO:colcon.colcon_core.shell:Creating package script '/home/Gruppe4/ros2_ws/install/assignment_3_pkg/share/assignment_3_pkg/package.bash'
[11.242s] INFO:colcon.colcon_core.shell:Creating package script '/home/Gruppe4/ros2_ws/install/assignment_3_pkg/share/assignment_3_pkg/package.zsh'
[11.244s] Level 1:colcon.colcon_core.environment:create_file_with_runtime_dependencies(/home/Gruppe4/ros2_ws/install/assignment_3_pkg/share/colcon-core/packages/assignment_3_pkg)
[11.249s] INFO:colcon.colcon_ros.task.ament_python.build:Building ROS package in '/home/Gruppe4/ros2_ws/src/map_server' with build type 'ament_python'
[11.249s] Level 1:colcon.colcon_core.shell:create_environment_hook('map_server', 'ament_prefix_path')
[11.250s] INFO:colcon.colcon_core.shell:Creating environment hook '/home/Gruppe4/ros2_ws/install/map_server/share/map_server/hook/ament_prefix_path.ps1'
[11.253s] INFO:colcon.colcon_core.shell:Creating environment descriptor '/home/Gruppe4/ros2_ws/install/map_server/share/map_server/hook/ament_prefix_path.dsv'
[11.255s] INFO:colcon.colcon_core.shell:Creating environment hook '/home/Gruppe4/ros2_ws/install/map_server/share/map_server/hook/ament_prefix_path.sh'
[11.258s] INFO:colcon.colcon_core.shell:Skip shell extension 'powershell' for command environment: Not usable outside of PowerShell
[11.258s] DEBUG:colcon.colcon_core.shell:Skip shell extension 'dsv' for command environment
[11.281s] INFO:colcon.colcon_ros.task.ament_cmake.build:Building ROS package in '/home/Gruppe4/ros2_ws/src/ros2_nav_files/nav2_course' with build type 'ament_cmake'
[11.282s] INFO:colcon.colcon_cmake.task.cmake.build:Building CMake package in '/home/Gruppe4/ros2_ws/src/ros2_nav_files/nav2_course'
[11.283s] INFO:colcon.colcon_core.shell:Skip shell extension 'powershell' for command environment: Not usable outside of PowerShell
[11.283s] DEBUG:colcon.colcon_core.shell:Skip shell extension 'dsv' for command environment
[12.435s] INFO:colcon.colcon_core.task.python.build:Building Python package in '/home/Gruppe4/ros2_ws/src/localization_server'
[12.436s] INFO:colcon.colcon_core.shell:Skip shell extension 'powershell' for command environment: Not usable outside of PowerShell
[12.436s] DEBUG:colcon.colcon_core.shell:Skip shell extension 'dsv' for command environment
[12.463s] Level 1:colcon.colcon_core.environment:checking '/home/Gruppe4/ros2_ws/install/cartographer_slam' for CMake module files
[12.466s] DEBUG:colcon.colcon_core.event_handler.log_command:Invoked command in '/home/Gruppe4/ros2_ws/src/cartographer_slam' returned '0': PYTHONPATH=/home/Gruppe4/ros2_ws/build/cartographer_slam/prefix_override:/usr/lib/python3/dist-packages/colcon_core/task/python/colcon_distutils_commands:/home/Gruppe4/ros2_ws/install/cartographer_slam/lib/python3.10/site-packages:${PYTHONPATH} /usr/bin/python3 -W ignore:setup.py install is deprecated setup.py egg_info --egg-base ../../build/cartographer_slam build --build-base /home/Gruppe4/ros2_ws/build/cartographer_slam/build install --record /home/Gruppe4/ros2_ws/build/cartographer_slam/install.log --single-version-externally-managed install_data
[12.468s] Level 1:colcon.colcon_core.environment:checking '/home/Gruppe4/ros2_ws/install/cartographer_slam' for CMake config files
[12.473s] Level 1:colcon.colcon_core.environment:checking '/home/Gruppe4/ros2_ws/install/cartographer_slam/lib'
[12.473s] Level 1:colcon.colcon_core.environment:checking '/home/Gruppe4/ros2_ws/install/cartographer_slam/bin'
[12.474s] Level 1:colcon.colcon_core.environment:checking '/home/Gruppe4/ros2_ws/install/cartographer_slam/lib/pkgconfig/cartographer_slam.pc'
[12.475s] Level 1:colcon.colcon_core.environment:checking '/home/Gruppe4/ros2_ws/install/cartographer_slam/lib/python3.10/site-packages'
[12.475s] Level 1:colcon.colcon_core.shell:create_environment_hook('cartographer_slam', 'pythonpath')
[12.476s] INFO:colcon.colcon_core.shell:Creating environment hook '/home/Gruppe4/ros2_ws/install/cartographer_slam/share/cartographer_slam/hook/pythonpath.ps1'
[12.478s] INFO:colcon.colcon_core.shell:Creating environment descriptor '/home/Gruppe4/ros2_ws/install/cartographer_slam/share/cartographer_slam/hook/pythonpath.dsv'
[12.480s] INFO:colcon.colcon_core.shell:Creating environment hook '/home/Gruppe4/ros2_ws/install/cartographer_slam/share/cartographer_slam/hook/pythonpath.sh'
[12.483s] Level 1:colcon.colcon_core.environment:checking '/home/Gruppe4/ros2_ws/install/cartographer_slam/bin'
[12.483s] Level 1:colcon.colcon_core.environment:create_environment_scripts_only(cartographer_slam)
[12.484s] INFO:colcon.colcon_core.shell:Creating package script '/home/Gruppe4/ros2_ws/install/cartographer_slam/share/cartographer_slam/package.ps1'
[12.487s] INFO:colcon.colcon_core.shell:Creating package descriptor '/home/Gruppe4/ros2_ws/install/cartographer_slam/share/cartographer_slam/package.dsv'
[12.489s] INFO:colcon.colcon_core.shell:Creating package script '/home/Gruppe4/ros2_ws/install/cartographer_slam/share/cartographer_slam/package.sh'
[12.490s] INFO:colcon.colcon_core.shell:Creating package script '/home/Gruppe4/ros2_ws/install/cartographer_slam/share/cartographer_slam/package.bash'
[12.492s] INFO:colcon.colcon_core.shell:Creating package script '/home/Gruppe4/ros2_ws/install/cartographer_slam/share/cartographer_slam/package.zsh'
[12.494s] Level 1:colcon.colcon_core.environment:create_file_with_runtime_dependencies(/home/Gruppe4/ros2_ws/install/cartographer_slam/share/colcon-core/packages/cartographer_slam)
[12.497s] INFO:colcon.colcon_ros.task.ament_python.build:Building ROS package in '/home/Gruppe4/ros2_ws/src/ros2_nav_files/nav2_project' with build type 'ament_python'
[12.498s] Level 1:colcon.colcon_core.shell:create_environment_hook('nav2_project', 'ament_prefix_path')
[12.499s] INFO:colcon.colcon_core.shell:Creating environment hook '/home/Gruppe4/ros2_ws/install/nav2_project/share/nav2_project/hook/ament_prefix_path.ps1'
[12.502s] INFO:colcon.colcon_core.shell:Creating environment descriptor '/home/Gruppe4/ros2_ws/install/nav2_project/share/nav2_project/hook/ament_prefix_path.dsv'
[12.504s] INFO:colcon.colcon_core.shell:Creating environment hook '/home/Gruppe4/ros2_ws/install/nav2_project/share/nav2_project/hook/ament_prefix_path.sh'
[12.507s] INFO:colcon.colcon_core.shell:Skip shell extension 'powershell' for command environment: Not usable outside of PowerShell
[12.507s] DEBUG:colcon.colcon_core.shell:Skip shell extension 'dsv' for command environment
[13.664s] INFO:colcon.colcon_core.task.python.build:Building Python package in '/home/Gruppe4/ros2_ws/src/map_server'
[13.665s] INFO:colcon.colcon_core.shell:Skip shell extension 'powershell' for command environment: Not usable outside of PowerShell
[13.666s] DEBUG:colcon.colcon_core.shell:Skip shell extension 'dsv' for command environment
[13.709s] DEBUG:colcon.colcon_core.event_handler.log_command:Invoking command in '/home/Gruppe4/ros2_ws/build/nav2_course': CMAKE_PREFIX_PATH=${CMAKE_PREFIX_PATH}:/home/Gruppe4/ros2_ws/install/nav2_project:/home/Gruppe4/ros2_ws/install/map_server:/home/Gruppe4/ros2_ws/install/localization_server:/home/Gruppe4/ros2_ws/install/cartographer_slam:/home/Gruppe4/ros2_ws/install/assignment_3_pkg:/home/Gruppe4/ros2_ws/install/assignment_2_pkg:/home/Gruppe4/ros2_ws/install/asignment_1_pkg:/opt/ros/humble /usr/bin/cmake --build /home/Gruppe4/ros2_ws/build/nav2_course -- -j4 -l4
[15.024s] INFO:colcon.colcon_core.task.python.build:Building Python package in '/home/Gruppe4/ros2_ws/src/ros2_nav_files/nav2_project'
[15.025s] INFO:colcon.colcon_core.shell:Skip shell extension 'powershell' for command environment: Not usable outside of PowerShell
[15.025s] DEBUG:colcon.colcon_core.shell:Skip shell extension 'dsv' for command environment
[15.070s] DEBUG:colcon.colcon_core.event_handler.log_command:Invoked command in '/home/Gruppe4/ros2_ws/build/nav2_course' returned '0': CMAKE_PREFIX_PATH=${CMAKE_PREFIX_PATH}:/home/Gruppe4/ros2_ws/install/nav2_project:/home/Gruppe4/ros2_ws/install/map_server:/home/Gruppe4/ros2_ws/install/localization_server:/home/Gruppe4/ros2_ws/install/cartographer_slam:/home/Gruppe4/ros2_ws/install/assignment_3_pkg:/home/Gruppe4/ros2_ws/install/assignment_2_pkg:/home/Gruppe4/ros2_ws/install/asignment_1_pkg:/opt/ros/humble /usr/bin/cmake --build /home/Gruppe4/ros2_ws/build/nav2_course -- -j4 -l4
[15.260s] DEBUG:colcon.colcon_core.event_handler.log_command:Invoking command in '/home/Gruppe4/ros2_ws/build/nav2_course': CMAKE_PREFIX_PATH=${CMAKE_PREFIX_PATH}:/home/Gruppe4/ros2_ws/install/nav2_project:/home/Gruppe4/ros2_ws/install/map_server:/home/Gruppe4/ros2_ws/install/localization_server:/home/Gruppe4/ros2_ws/install/cartographer_slam:/home/Gruppe4/ros2_ws/install/assignment_3_pkg:/home/Gruppe4/ros2_ws/install/assignment_2_pkg:/home/Gruppe4/ros2_ws/install/asignment_1_pkg:/opt/ros/humble /usr/bin/cmake --install /home/Gruppe4/ros2_ws/build/nav2_course
[15.395s] Level 1:colcon.colcon_core.environment:create_environment_scripts_only(nav2_course)
[15.396s] Level 1:colcon.colcon_core.environment:checking '/home/Gruppe4/ros2_ws/install/nav2_course' for CMake module files
[15.400s] Level 1:colcon.colcon_core.environment:checking '/home/Gruppe4/ros2_ws/install/nav2_course' for CMake config files
[15.405s] Level 1:colcon.colcon_core.shell:create_environment_hook('nav2_course', 'cmake_prefix_path')
[15.408s] INFO:colcon.colcon_core.shell:Creating environment hook '/home/Gruppe4/ros2_ws/install/nav2_course/share/nav2_course/hook/cmake_prefix_path.ps1'
[15.424s] INFO:colcon.colcon_core.shell:Creating environment descriptor '/home/Gruppe4/ros2_ws/install/nav2_course/share/nav2_course/hook/cmake_prefix_path.dsv'
[15.428s] INFO:colcon.colcon_core.shell:Creating environment hook '/home/Gruppe4/ros2_ws/install/nav2_course/share/nav2_course/hook/cmake_prefix_path.sh'
[15.439s] Level 1:colcon.colcon_core.environment:checking '/home/Gruppe4/ros2_ws/install/nav2_course/bin'
[15.443s] Level 1:colcon.colcon_core.environment:checking '/home/Gruppe4/ros2_ws/install/nav2_course/lib/pkgconfig/nav2_course.pc'
[15.445s] Level 1:colcon.colcon_core.environment:checking '/home/Gruppe4/ros2_ws/install/nav2_course/lib/python3.10/site-packages'
[15.447s] Level 1:colcon.colcon_core.environment:checking '/home/Gruppe4/ros2_ws/install/nav2_course/bin'
[15.443s] DEBUG:colcon.colcon_core.event_handler.log_command:Invoked command in '/home/Gruppe4/ros2_ws/build/nav2_course' returned '0': CMAKE_PREFIX_PATH=${CMAKE_PREFIX_PATH}:/home/Gruppe4/ros2_ws/install/nav2_project:/home/Gruppe4/ros2_ws/install/map_server:/home/Gruppe4/ros2_ws/install/localization_server:/home/Gruppe4/ros2_ws/install/cartographer_slam:/home/Gruppe4/ros2_ws/install/assignment_3_pkg:/home/Gruppe4/ros2_ws/install/assignment_2_pkg:/home/Gruppe4/ros2_ws/install/asignment_1_pkg:/opt/ros/humble /usr/bin/cmake --install /home/Gruppe4/ros2_ws/build/nav2_course
[15.450s] INFO:colcon.colcon_core.shell:Creating package script '/home/Gruppe4/ros2_ws/install/nav2_course/share/nav2_course/package.ps1'
[15.455s] INFO:colcon.colcon_core.shell:Creating package descriptor '/home/Gruppe4/ros2_ws/install/nav2_course/share/nav2_course/package.dsv'
[15.462s] INFO:colcon.colcon_core.shell:Creating package script '/home/Gruppe4/ros2_ws/install/nav2_course/share/nav2_course/package.sh'
[15.469s] INFO:colcon.colcon_core.shell:Creating package script '/home/Gruppe4/ros2_ws/install/nav2_course/share/nav2_course/package.bash'
[15.474s] INFO:colcon.colcon_core.shell:Creating package script '/home/Gruppe4/ros2_ws/install/nav2_course/share/nav2_course/package.zsh'
[15.481s] Level 1:colcon.colcon_core.environment:create_file_with_runtime_dependencies(/home/Gruppe4/ros2_ws/install/nav2_course/share/colcon-core/packages/nav2_course)
[15.676s] Level 1:colcon.colcon_core.environment:create_environment_scripts_only(nav2_course)
[15.678s] Level 1:colcon.colcon_core.environment:checking '/home/Gruppe4/ros2_ws/install/nav2_course' for CMake module files
[15.684s] Level 1:colcon.colcon_core.environment:checking '/home/Gruppe4/ros2_ws/install/nav2_course' for CMake config files
[15.688s] Level 1:colcon.colcon_core.shell:create_environment_hook('nav2_course', 'cmake_prefix_path')
[15.690s] INFO:colcon.colcon_core.shell:Creating environment hook '/home/Gruppe4/ros2_ws/install/nav2_course/share/nav2_course/hook/cmake_prefix_path.ps1'
[15.695s] INFO:colcon.colcon_core.shell:Creating environment descriptor '/home/Gruppe4/ros2_ws/install/nav2_course/share/nav2_course/hook/cmake_prefix_path.dsv'
[15.699s] INFO:colcon.colcon_core.shell:Creating environment hook '/home/Gruppe4/ros2_ws/install/nav2_course/share/nav2_course/hook/cmake_prefix_path.sh'
[15.705s] Level 1:colcon.colcon_core.environment:checking '/home/Gruppe4/ros2_ws/install/nav2_course/bin'
[15.706s] Level 1:colcon.colcon_core.environment:checking '/home/Gruppe4/ros2_ws/install/nav2_course/lib/pkgconfig/nav2_course.pc'
[15.708s] Level 1:colcon.colcon_core.environment:checking '/home/Gruppe4/ros2_ws/install/nav2_course/lib/python3.10/site-packages'
[15.709s] Level 1:colcon.colcon_core.environment:checking '/home/Gruppe4/ros2_ws/install/nav2_course/bin'
[15.711s] INFO:colcon.colcon_core.shell:Creating package script '/home/Gruppe4/ros2_ws/install/nav2_course/share/nav2_course/package.ps1'
[15.717s] INFO:colcon.colcon_core.shell:Creating package descriptor '/home/Gruppe4/ros2_ws/install/nav2_course/share/nav2_course/package.dsv'
[15.721s] INFO:colcon.colcon_core.shell:Creating package script '/home/Gruppe4/ros2_ws/install/nav2_course/share/nav2_course/package.sh'
[15.725s] INFO:colcon.colcon_core.shell:Creating package script '/home/Gruppe4/ros2_ws/install/nav2_course/share/nav2_course/package.bash'
[15.729s] INFO:colcon.colcon_core.shell:Creating package script '/home/Gruppe4/ros2_ws/install/nav2_course/share/nav2_course/package.zsh'
[15.733s] Level 1:colcon.colcon_core.environment:create_file_with_runtime_dependencies(/home/Gruppe4/ros2_ws/install/nav2_course/share/colcon-core/packages/nav2_course)
[15.738s] INFO:colcon.colcon_ros.task.ament_python.build:Building ROS package in '/home/Gruppe4/ros2_ws/src/path_planner_server' with build type 'ament_python'
[15.739s] Level 1:colcon.colcon_core.shell:create_environment_hook('path_planner_server', 'ament_prefix_path')
[15.741s] INFO:colcon.colcon_core.shell:Creating environment hook '/home/Gruppe4/ros2_ws/install/path_planner_server/share/path_planner_server/hook/ament_prefix_path.ps1'
[15.744s] INFO:colcon.colcon_core.shell:Creating environment descriptor '/home/Gruppe4/ros2_ws/install/path_planner_server/share/path_planner_server/hook/ament_prefix_path.dsv'
[15.747s] INFO:colcon.colcon_core.shell:Creating environment hook '/home/Gruppe4/ros2_ws/install/path_planner_server/share/path_planner_server/hook/ament_prefix_path.sh'
[15.750s] INFO:colcon.colcon_core.shell:Skip shell extension 'powershell' for command environment: Not usable outside of PowerShell
[15.750s] DEBUG:colcon.colcon_core.shell:Skip shell extension 'dsv' for command environment
[15.801s] DEBUG:colcon.colcon_core.event_handler.log_command:Invoking command in '/home/Gruppe4/ros2_ws/src/localization_server': PYTHONPATH=/home/Gruppe4/ros2_ws/build/localization_server/prefix_override:/usr/lib/python3/dist-packages/colcon_core/task/python/colcon_distutils_commands:/home/Gruppe4/ros2_ws/install/localization_server/lib/python3.10/site-packages:${PYTHONPATH} /usr/bin/python3 -W ignore:setup.py install is deprecated setup.py egg_info --egg-base ../../build/localization_server build --build-base /home/Gruppe4/ros2_ws/build/localization_server/build install --record /home/Gruppe4/ros2_ws/build/localization_server/install.log --single-version-externally-managed install_data
[17.588s] INFO:colcon.colcon_core.task.python.build:Building Python package in '/home/Gruppe4/ros2_ws/src/path_planner_server'
[17.589s] INFO:colcon.colcon_core.shell:Skip shell extension 'powershell' for command environment: Not usable outside of PowerShell
[17.590s] DEBUG:colcon.colcon_core.shell:Skip shell extension 'dsv' for command environment
[17.629s] DEBUG:colcon.colcon_core.event_handler.log_command:Invoking command in '/home/Gruppe4/ros2_ws/src/ros2_nav_files/nav2_project': PYTHONPATH=/home/Gruppe4/ros2_ws/build/nav2_project/prefix_override:/usr/lib/python3/dist-packages/colcon_core/task/python/colcon_distutils_commands:/home/Gruppe4/ros2_ws/install/nav2_project/lib/python3.10/site-packages:${PYTHONPATH} /usr/bin/python3 -W ignore:setup.py install is deprecated setup.py egg_info --egg-base ../../../build/nav2_project build --build-base /home/Gruppe4/ros2_ws/build/nav2_project/build install --record /home/Gruppe4/ros2_ws/build/nav2_project/install.log --install-scripts $base/lib/nav2_project --single-version-externally-managed install_data
[17.645s] DEBUG:colcon.colcon_core.event_handler.log_command:Invoking command in '/home/Gruppe4/ros2_ws/src/map_server': PYTHONPATH=/home/Gruppe4/ros2_ws/build/map_server/prefix_override:/usr/lib/python3/dist-packages/colcon_core/task/python/colcon_distutils_commands:/home/Gruppe4/ros2_ws/install/map_server/lib/python3.10/site-packages:${PYTHONPATH} /usr/bin/python3 -W ignore:setup.py install is deprecated setup.py egg_info --egg-base ../../build/map_server build --build-base /home/Gruppe4/ros2_ws/build/map_server/build install --record /home/Gruppe4/ros2_ws/build/map_server/install.log --single-version-externally-managed install_data
[18.279s] Level 1:colcon.colcon_core.environment:checking '/home/Gruppe4/ros2_ws/install/localization_server' for CMake module files
[18.282s] Level 1:colcon.colcon_core.environment:checking '/home/Gruppe4/ros2_ws/install/localization_server' for CMake config files
[18.288s] DEBUG:colcon.colcon_core.event_handler.log_command:Invoked command in '/home/Gruppe4/ros2_ws/src/localization_server' returned '0': PYTHONPATH=/home/Gruppe4/ros2_ws/build/localization_server/prefix_override:/usr/lib/python3/dist-packages/colcon_core/task/python/colcon_distutils_commands:/home/Gruppe4/ros2_ws/install/localization_server/lib/python3.10/site-packages:${PYTHONPATH} /usr/bin/python3 -W ignore:setup.py install is deprecated setup.py egg_info --egg-base ../../build/localization_server build --build-base /home/Gruppe4/ros2_ws/build/localization_server/build install --record /home/Gruppe4/ros2_ws/build/localization_server/install.log --single-version-externally-managed install_data
[18.293s] Level 1:colcon.colcon_core.environment:checking '/home/Gruppe4/ros2_ws/install/localization_server/lib'
[18.294s] Level 1:colcon.colcon_core.environment:checking '/home/Gruppe4/ros2_ws/install/localization_server/bin'
[18.295s] Level 1:colcon.colcon_core.environment:checking '/home/Gruppe4/ros2_ws/install/localization_server/lib/pkgconfig/localization_server.pc'
[18.296s] Level 1:colcon.colcon_core.environment:checking '/home/Gruppe4/ros2_ws/install/localization_server/lib/python3.10/site-packages'
[18.303s] Level 1:colcon.colcon_core.shell:create_environment_hook('localization_server', 'pythonpath')
[18.304s] INFO:colcon.colcon_core.shell:Creating environment hook '/home/Gruppe4/ros2_ws/install/localization_server/share/localization_server/hook/pythonpath.ps1'
[18.319s] INFO:colcon.colcon_core.shell:Creating environment descriptor '/home/Gruppe4/ros2_ws/install/localization_server/share/localization_server/hook/pythonpath.dsv'
[18.322s] INFO:colcon.colcon_core.shell:Creating environment hook '/home/Gruppe4/ros2_ws/install/localization_server/share/localization_server/hook/pythonpath.sh'
[18.326s] Level 1:colcon.colcon_core.environment:checking '/home/Gruppe4/ros2_ws/install/localization_server/bin'
[18.327s] Level 1:colcon.colcon_core.environment:create_environment_scripts_only(localization_server)
[18.328s] INFO:colcon.colcon_core.shell:Creating package script '/home/Gruppe4/ros2_ws/install/localization_server/share/localization_server/package.ps1'
[18.343s] INFO:colcon.colcon_core.shell:Creating package descriptor '/home/Gruppe4/ros2_ws/install/localization_server/share/localization_server/package.dsv'
[18.347s] INFO:colcon.colcon_core.shell:Creating package script '/home/Gruppe4/ros2_ws/install/localization_server/share/localization_server/package.sh'
[18.359s] INFO:colcon.colcon_core.shell:Creating package script '/home/Gruppe4/ros2_ws/install/localization_server/share/localization_server/package.bash'
[18.361s] INFO:colcon.colcon_core.shell:Creating package script '/home/Gruppe4/ros2_ws/install/localization_server/share/localization_server/package.zsh'
[18.364s] Level 1:colcon.colcon_core.environment:create_file_with_runtime_dependencies(/home/Gruppe4/ros2_ws/install/localization_server/share/colcon-core/packages/localization_server)
[20.268s] Level 1:colcon.colcon_core.environment:checking '/home/Gruppe4/ros2_ws/install/nav2_project' for CMake module files
[20.272s] DEBUG:colcon.colcon_core.event_handler.log_command:Invoked command in '/home/Gruppe4/ros2_ws/src/ros2_nav_files/nav2_project' returned '0': PYTHONPATH=/home/Gruppe4/ros2_ws/build/nav2_project/prefix_override:/usr/lib/python3/dist-packages/colcon_core/task/python/colcon_distutils_commands:/home/Gruppe4/ros2_ws/install/nav2_project/lib/python3.10/site-packages:${PYTHONPATH} /usr/bin/python3 -W ignore:setup.py install is deprecated setup.py egg_info --egg-base ../../../build/nav2_project build --build-base /home/Gruppe4/ros2_ws/build/nav2_project/build install --record /home/Gruppe4/ros2_ws/build/nav2_project/install.log --install-scripts $base/lib/nav2_project --single-version-externally-managed install_data
[20.278s] Level 1:colcon.colcon_core.environment:checking '/home/Gruppe4/ros2_ws/install/nav2_project' for CMake config files
[20.286s] Level 1:colcon.colcon_core.environment:checking '/home/Gruppe4/ros2_ws/install/nav2_project/lib'
[20.288s] Level 1:colcon.colcon_core.environment:checking '/home/Gruppe4/ros2_ws/install/nav2_project/bin'
[20.288s] Level 1:colcon.colcon_core.environment:checking '/home/Gruppe4/ros2_ws/install/nav2_project/lib/pkgconfig/nav2_project.pc'
[20.295s] Level 1:colcon.colcon_core.environment:checking '/home/Gruppe4/ros2_ws/install/nav2_project/lib/python3.10/site-packages'
[20.296s] Level 1:colcon.colcon_core.shell:create_environment_hook('nav2_project', 'pythonpath')
[20.297s] INFO:colcon.colcon_core.shell:Creating environment hook '/home/Gruppe4/ros2_ws/install/nav2_project/share/nav2_project/hook/pythonpath.ps1'
[20.300s] INFO:colcon.colcon_core.shell:Creating environment descriptor '/home/Gruppe4/ros2_ws/install/nav2_project/share/nav2_project/hook/pythonpath.dsv'
[20.306s] INFO:colcon.colcon_core.shell:Creating environment hook '/home/Gruppe4/ros2_ws/install/nav2_project/share/nav2_project/hook/pythonpath.sh'
[20.311s] Level 1:colcon.colcon_core.environment:checking '/home/Gruppe4/ros2_ws/install/nav2_project/bin'
[20.312s] Level 1:colcon.colcon_core.environment:create_environment_scripts_only(nav2_project)
[20.314s] INFO:colcon.colcon_core.shell:Creating package script '/home/Gruppe4/ros2_ws/install/nav2_project/share/nav2_project/package.ps1'
[20.318s] INFO:colcon.colcon_core.shell:Creating package descriptor '/home/Gruppe4/ros2_ws/install/nav2_project/share/nav2_project/package.dsv'
[20.324s] INFO:colcon.colcon_core.shell:Creating package script '/home/Gruppe4/ros2_ws/install/nav2_project/share/nav2_project/package.sh'
[20.330s] INFO:colcon.colcon_core.shell:Creating package script '/home/Gruppe4/ros2_ws/install/nav2_project/share/nav2_project/package.bash'
[20.334s] INFO:colcon.colcon_core.shell:Creating package script '/home/Gruppe4/ros2_ws/install/nav2_project/share/nav2_project/package.zsh'
[20.340s] Level 1:colcon.colcon_core.environment:create_file_with_runtime_dependencies(/home/Gruppe4/ros2_ws/install/nav2_project/share/colcon-core/packages/nav2_project)
[20.356s] Level 1:colcon.colcon_core.environment:checking '/home/Gruppe4/ros2_ws/install/map_server' for CMake module files
[20.358s] DEBUG:colcon.colcon_core.event_handler.log_command:Invoked command in '/home/Gruppe4/ros2_ws/src/map_server' returned '0': PYTHONPATH=/home/Gruppe4/ros2_ws/build/map_server/prefix_override:/usr/lib/python3/dist-packages/colcon_core/task/python/colcon_distutils_commands:/home/Gruppe4/ros2_ws/install/map_server/lib/python3.10/site-packages:${PYTHONPATH} /usr/bin/python3 -W ignore:setup.py install is deprecated setup.py egg_info --egg-base ../../build/map_server build --build-base /home/Gruppe4/ros2_ws/build/map_server/build install --record /home/Gruppe4/ros2_ws/build/map_server/install.log --single-version-externally-managed install_data
[20.367s] Level 1:colcon.colcon_core.environment:checking '/home/Gruppe4/ros2_ws/install/map_server' for CMake config files
[20.375s] Level 1:colcon.colcon_core.environment:checking '/home/Gruppe4/ros2_ws/install/map_server/lib'
[20.377s] Level 1:colcon.colcon_core.environment:checking '/home/Gruppe4/ros2_ws/install/map_server/bin'
[20.378s] Level 1:colcon.colcon_core.environment:checking '/home/Gruppe4/ros2_ws/install/map_server/lib/pkgconfig/map_server.pc'
[20.380s] Level 1:colcon.colcon_core.environment:checking '/home/Gruppe4/ros2_ws/install/map_server/lib/python3.10/site-packages'
[20.381s] Level 1:colcon.colcon_core.shell:create_environment_hook('map_server', 'pythonpath')
[20.383s] INFO:colcon.colcon_core.shell:Creating environment hook '/home/Gruppe4/ros2_ws/install/map_server/share/map_server/hook/pythonpath.ps1'
[20.386s] INFO:colcon.colcon_core.shell:Creating environment descriptor '/home/Gruppe4/ros2_ws/install/map_server/share/map_server/hook/pythonpath.dsv'
[20.389s] INFO:colcon.colcon_core.shell:Creating environment hook '/home/Gruppe4/ros2_ws/install/map_server/share/map_server/hook/pythonpath.sh'
[20.393s] Level 1:colcon.colcon_core.environment:checking '/home/Gruppe4/ros2_ws/install/map_server/bin'
[20.395s] Level 1:colcon.colcon_core.environment:create_environment_scripts_only(map_server)
[20.398s] INFO:colcon.colcon_core.shell:Creating package script '/home/Gruppe4/ros2_ws/install/map_server/share/map_server/package.ps1'
[20.403s] INFO:colcon.colcon_core.shell:Creating package descriptor '/home/Gruppe4/ros2_ws/install/map_server/share/map_server/package.dsv'
[20.408s] INFO:colcon.colcon_core.shell:Creating package script '/home/Gruppe4/ros2_ws/install/map_server/share/map_server/package.sh'
[20.412s] INFO:colcon.colcon_core.shell:Creating package script '/home/Gruppe4/ros2_ws/install/map_server/share/map_server/package.bash'
[20.415s] INFO:colcon.colcon_core.shell:Creating package script '/home/Gruppe4/ros2_ws/install/map_server/share/map_server/package.zsh'
[20.419s] Level 1:colcon.colcon_core.environment:create_file_with_runtime_dependencies(/home/Gruppe4/ros2_ws/install/map_server/share/colcon-core/packages/map_server)
[20.871s] DEBUG:colcon.colcon_core.event_handler.log_command:Invoking command in '/home/Gruppe4/ros2_ws/src/path_planner_server': PYTHONPATH=/home/Gruppe4/ros2_ws/build/path_planner_server/prefix_override:/usr/lib/python3/dist-packages/colcon_core/task/python/colcon_distutils_commands:/home/Gruppe4/ros2_ws/install/path_planner_server/lib/python3.10/site-packages:${PYTHONPATH} /usr/bin/python3 -W ignore:setup.py install is deprecated setup.py egg_info --egg-base ../../build/path_planner_server build --build-base /home/Gruppe4/ros2_ws/build/path_planner_server/build install --record /home/Gruppe4/ros2_ws/build/path_planner_server/install.log --single-version-externally-managed install_data
[22.747s] Level 1:colcon.colcon_core.environment:checking '/home/Gruppe4/ros2_ws/install/path_planner_server' for CMake module files
[22.749s] DEBUG:colcon.colcon_core.event_handler.log_command:Invoked command in '/home/Gruppe4/ros2_ws/src/path_planner_server' returned '0': PYTHONPATH=/home/Gruppe4/ros2_ws/build/path_planner_server/prefix_override:/usr/lib/python3/dist-packages/colcon_core/task/python/colcon_distutils_commands:/home/Gruppe4/ros2_ws/install/path_planner_server/lib/python3.10/site-packages:${PYTHONPATH} /usr/bin/python3 -W ignore:setup.py install is deprecated setup.py egg_info --egg-base ../../build/path_planner_server build --build-base /home/Gruppe4/ros2_ws/build/path_planner_server/build install --record /home/Gruppe4/ros2_ws/build/path_planner_server/install.log --single-version-externally-managed install_data
[22.751s] Level 1:colcon.colcon_core.environment:checking '/home/Gruppe4/ros2_ws/install/path_planner_server' for CMake config files
[22.755s] Level 1:colcon.colcon_core.environment:checking '/home/Gruppe4/ros2_ws/install/path_planner_server/lib'
[22.755s] Level 1:colcon.colcon_core.environment:checking '/home/Gruppe4/ros2_ws/install/path_planner_server/bin'
[22.755s] Level 1:colcon.colcon_core.environment:checking '/home/Gruppe4/ros2_ws/install/path_planner_server/lib/pkgconfig/path_planner_server.pc'
[22.756s] Level 1:colcon.colcon_core.environment:checking '/home/Gruppe4/ros2_ws/install/path_planner_server/lib/python3.10/site-packages'
[22.757s] Level 1:colcon.colcon_core.shell:create_environment_hook('path_planner_server', 'pythonpath')
[22.758s] INFO:colcon.colcon_core.shell:Creating environment hook '/home/Gruppe4/ros2_ws/install/path_planner_server/share/path_planner_server/hook/pythonpath.ps1'
[22.761s] INFO:colcon.colcon_core.shell:Creating environment descriptor '/home/Gruppe4/ros2_ws/install/path_planner_server/share/path_planner_server/hook/pythonpath.dsv'
[22.763s] INFO:colcon.colcon_core.shell:Creating environment hook '/home/Gruppe4/ros2_ws/install/path_planner_server/share/path_planner_server/hook/pythonpath.sh'
[22.767s] Level 1:colcon.colcon_core.environment:checking '/home/Gruppe4/ros2_ws/install/path_planner_server/bin'
[22.767s] Level 1:colcon.colcon_core.environment:create_environment_scripts_only(path_planner_server)
[22.768s] INFO:colcon.colcon_core.shell:Creating package script '/home/Gruppe4/ros2_ws/install/path_planner_server/share/path_planner_server/package.ps1'
[22.771s] INFO:colcon.colcon_core.shell:Creating package descriptor '/home/Gruppe4/ros2_ws/install/path_planner_server/share/path_planner_server/package.dsv'
[22.773s] INFO:colcon.colcon_core.shell:Creating package script '/home/Gruppe4/ros2_ws/install/path_planner_server/share/path_planner_server/package.sh'
[22.775s] INFO:colcon.colcon_core.shell:Creating package script '/home/Gruppe4/ros2_ws/install/path_planner_server/share/path_planner_server/package.bash'
[22.777s] INFO:colcon.colcon_core.shell:Creating package script '/home/Gruppe4/ros2_ws/install/path_planner_server/share/path_planner_server/package.zsh'
[22.778s] Level 1:colcon.colcon_core.environment:create_file_with_runtime_dependencies(/home/Gruppe4/ros2_ws/install/path_planner_server/share/colcon-core/packages/path_planner_server)
[22.780s] DEBUG:colcon.colcon_parallel_executor.executor.parallel:closing loop
[22.781s] DEBUG:colcon.colcon_parallel_executor.executor.parallel:loop closed
[22.781s] DEBUG:colcon.colcon_parallel_executor.executor.parallel:run_until_complete finished with '0'
[22.782s] DEBUG:colcon.colcon_core.event_reactor:joining thread
[22.808s] INFO:colcon.colcon_core.plugin_system:Skipping extension 'colcon_notification.desktop_notification.notify_send': Could not find 'notify-send'
[22.808s] INFO:colcon.colcon_core.plugin_system:Skipping extension 'colcon_notification.desktop_notification.terminal_notifier': Not used on non-Darwin systems
[22.809s] INFO:colcon.colcon_core.plugin_system:Skipping extension 'colcon_notification.desktop_notification.win32': Not used on non-Windows systems
[22.809s] INFO:colcon.colcon_notification.desktop_notification:Sending desktop notification using 'notify2'
[22.813s] DEBUG:colcon.colcon_notification.desktop_notification.notify2:Failed to initialize notify2: org.freedesktop.DBus.Error.ServiceUnknown: The name org.freedesktop.Notifications was not provided by any .service files
[22.813s] DEBUG:colcon.colcon_core.event_reactor:joined thread
[22.814s] INFO:colcon.colcon_core.shell:Creating prefix script '/home/Gruppe4/ros2_ws/install/local_setup.ps1'
[22.819s] INFO:colcon.colcon_core.shell:Creating prefix util module '/home/Gruppe4/ros2_ws/install/_local_setup_util_ps1.py'
[22.826s] INFO:colcon.colcon_core.shell:Creating prefix chain script '/home/Gruppe4/ros2_ws/install/setup.ps1'
[22.834s] INFO:colcon.colcon_core.shell:Creating prefix script '/home/Gruppe4/ros2_ws/install/local_setup.sh'
[22.836s] INFO:colcon.colcon_core.shell:Creating prefix util module '/home/Gruppe4/ros2_ws/install/_local_setup_util_sh.py'
[22.838s] INFO:colcon.colcon_core.shell:Creating prefix chain script '/home/Gruppe4/ros2_ws/install/setup.sh'
[22.845s] INFO:colcon.colcon_core.shell:Creating prefix script '/home/Gruppe4/ros2_ws/install/local_setup.bash'
[22.847s] INFO:colcon.colcon_core.shell:Creating prefix chain script '/home/Gruppe4/ros2_ws/install/setup.bash'
[22.854s] INFO:colcon.colcon_core.shell:Creating prefix script '/home/Gruppe4/ros2_ws/install/local_setup.zsh'
[22.856s] INFO:colcon.colcon_core.shell:Creating prefix chain script '/home/Gruppe4/ros2_ws/install/setup.zsh'
