[5.425s] Invoking command in '/home/Gruppe4/ros2_ws/src/asignment_1_pkg': PYTHONPATH=/home/Gruppe4/ros2_ws/build/asignment_1_pkg/prefix_override:/usr/lib/python3/dist-packages/colcon_core/task/python/colcon_distutils_commands:/home/Gruppe4/ros2_ws/install/asignment_1_pkg/lib/python3.10/site-packages:${PYTHONPATH} /usr/bin/python3 -W ignore:setup.py install is deprecated setup.py egg_info --egg-base ../../build/asignment_1_pkg build --build-base /home/Gruppe4/ros2_ws/build/asignment_1_pkg/build install --record /home/Gruppe4/ros2_ws/build/asignment_1_pkg/install.log --single-version-externally-managed install_data
[6.541s] running egg_info
[6.549s] writing ../../build/asignment_1_pkg/asignment_1_pkg.egg-info/PKG-INFO
[6.550s] writing dependency_links to ../../build/asignment_1_pkg/asignment_1_pkg.egg-info/dependency_links.txt
[6.551s] writing entry points to ../../build/asignment_1_pkg/asignment_1_pkg.egg-info/entry_points.txt
[6.552s] writing requirements to ../../build/asignment_1_pkg/asignment_1_pkg.egg-info/requires.txt
[6.556s] writing top-level names to ../../build/asignment_1_pkg/asignment_1_pkg.egg-info/top_level.txt
[6.557s] reading manifest file '../../build/asignment_1_pkg/asignment_1_pkg.egg-info/SOURCES.txt'
[6.703s] writing manifest file '../../build/asignment_1_pkg/asignment_1_pkg.egg-info/SOURCES.txt'
[6.721s] running build
[6.725s] running build_py
[6.727s] running install
[6.729s] running install_lib
[6.737s] running install_data
[6.738s] running install_egg_info
[6.747s] removing '/home/Gruppe4/ros2_ws/install/asignment_1_pkg/lib/python3.10/site-packages/asignment_1_pkg-0.0.0-py3.10.egg-info' (and everything under it)
[6.748s] Copying ../../build/asignment_1_pkg/asignment_1_pkg.egg-info to /home/Gruppe4/ros2_ws/install/asignment_1_pkg/lib/python3.10/site-packages/asignment_1_pkg-0.0.0-py3.10.egg-info
[6.957s] running install_scripts
[7.058s] Installing laser_subscriber script to /home/Gruppe4/ros2_ws/install/asignment_1_pkg/lib/asignment_1_pkg
[7.062s] writing list of installed files to '/home/Gruppe4/ros2_ws/build/asignment_1_pkg/install.log'
[8.189s] Invoked command in '/home/Gruppe4/ros2_ws/src/asignment_1_pkg' returned '0': PYTHONPATH=/home/Gruppe4/ros2_ws/build/asignment_1_pkg/prefix_override:/usr/lib/python3/dist-packages/colcon_core/task/python/colcon_distutils_commands:/home/Gruppe4/ros2_ws/install/asignment_1_pkg/lib/python3.10/site-packages:${PYTHONPATH} /usr/bin/python3 -W ignore:setup.py install is deprecated setup.py egg_info --egg-base ../../build/asignment_1_pkg build --build-base /home/Gruppe4/ros2_ws/build/asignment_1_pkg/build install --record /home/Gruppe4/ros2_ws/build/asignment_1_pkg/install.log --single-version-externally-managed install_data
