[7.248s] Invoking command in '/home/Gruppe4/ros2_ws/src/assignment_3_pkg': PYTHONPATH=/home/Gruppe4/ros2_ws/build/assignment_3_pkg/prefix_override:/usr/lib/python3/dist-packages/colcon_core/task/python/colcon_distutils_commands:/home/Gruppe4/ros2_ws/install/assignment_3_pkg/lib/python3.10/site-packages:${PYTHONPATH} /usr/bin/python3 -W ignore:setup.py install is deprecated setup.py egg_info --egg-base ../../build/assignment_3_pkg build --build-base /home/Gruppe4/ros2_ws/build/assignment_3_pkg/build install --record /home/Gruppe4/ros2_ws/build/assignment_3_pkg/install.log --single-version-externally-managed install_data
[8.936s] running egg_info
[8.940s] writing ../../build/assignment_3_pkg/assignment_3_pkg.egg-info/PKG-INFO
[8.942s] writing dependency_links to ../../build/assignment_3_pkg/assignment_3_pkg.egg-info/dependency_links.txt
[8.947s] writing entry points to ../../build/assignment_3_pkg/assignment_3_pkg.egg-info/entry_points.txt
[8.947s] writing requirements to ../../build/assignment_3_pkg/assignment_3_pkg.egg-info/requires.txt
[8.948s] writing top-level names to ../../build/assignment_3_pkg/assignment_3_pkg.egg-info/top_level.txt
[8.960s] reading manifest file '../../build/assignment_3_pkg/assignment_3_pkg.egg-info/SOURCES.txt'
[8.966s] writing manifest file '../../build/assignment_3_pkg/assignment_3_pkg.egg-info/SOURCES.txt'
[8.968s] running build
[8.969s] running build_py
[8.972s] running install
[8.972s] running install_lib
[8.977s] running install_data
[8.979s] running install_egg_info
[8.989s] removing '/home/Gruppe4/ros2_ws/install/assignment_3_pkg/lib/python3.10/site-packages/assignment_3_pkg-0.0.0-py3.10.egg-info' (and everything under it)
[8.995s] Copying ../../build/assignment_3_pkg/assignment_3_pkg.egg-info to /home/Gruppe4/ros2_ws/install/assignment_3_pkg/lib/python3.10/site-packages/assignment_3_pkg-0.0.0-py3.10.egg-info
[9.006s] running install_scripts
[9.223s] writing list of installed files to '/home/Gruppe4/ros2_ws/build/assignment_3_pkg/install.log'
[9.516s] Invoked command in '/home/Gruppe4/ros2_ws/src/assignment_3_pkg' returned '0': PYTHONPATH=/home/Gruppe4/ros2_ws/build/assignment_3_pkg/prefix_override:/usr/lib/python3/dist-packages/colcon_core/task/python/colcon_distutils_commands:/home/Gruppe4/ros2_ws/install/assignment_3_pkg/lib/python3.10/site-packages:${PYTHONPATH} /usr/bin/python3 -W ignore:setup.py install is deprecated setup.py egg_info --egg-base ../../build/assignment_3_pkg build --build-base /home/Gruppe4/ros2_ws/build/assignment_3_pkg/build install --record /home/Gruppe4/ros2_ws/build/assignment_3_pkg/install.log --single-version-externally-managed install_data
