[0.255s] Invoking command in '/home/Gruppe4/ros2_ws/build/nav2_course': CMAKE_PREFIX_PATH=${CMAKE_PREFIX_PATH}:/home/Gruppe4/ros2_ws/install/path_planner_server:/home/Gruppe4/ros2_ws/install/nav2_project:/home/Gruppe4/ros2_ws/install/map_server:/home/Gruppe4/ros2_ws/install/localization_server:/home/Gruppe4/ros2_ws/install/cartographer_slam:/home/Gruppe4/ros2_ws/install/assignment_3_pkg:/home/Gruppe4/ros2_ws/install/assignment_2_pkg:/home/Gruppe4/ros2_ws/install/asignment_1_pkg:/opt/ros/humble /usr/bin/cmake --build /home/Gruppe4/ros2_ws/build/nav2_course -- -j4 -l4
[1.612s] Invoked command in '/home/Gruppe4/ros2_ws/build/nav2_course' returned '0': CMAKE_PREFIX_PATH=${CMAKE_PREFIX_PATH}:/home/Gruppe4/ros2_ws/install/path_planner_server:/home/Gruppe4/ros2_ws/install/nav2_project:/home/Gruppe4/ros2_ws/install/map_server:/home/Gruppe4/ros2_ws/install/localization_server:/home/Gruppe4/ros2_ws/install/cartographer_slam:/home/Gruppe4/ros2_ws/install/assignment_3_pkg:/home/Gruppe4/ros2_ws/install/assignment_2_pkg:/home/Gruppe4/ros2_ws/install/asignment_1_pkg:/opt/ros/humble /usr/bin/cmake --build /home/Gruppe4/ros2_ws/build/nav2_course -- -j4 -l4
[2.990s] Invoking command in '/home/Gruppe4/ros2_ws/build/nav2_course': CMAKE_PREFIX_PATH=${CMAKE_PREFIX_PATH}:/home/Gruppe4/ros2_ws/install/path_planner_server:/home/Gruppe4/ros2_ws/install/nav2_project:/home/Gruppe4/ros2_ws/install/map_server:/home/Gruppe4/ros2_ws/install/localization_server:/home/Gruppe4/ros2_ws/install/cartographer_slam:/home/Gruppe4/ros2_ws/install/assignment_3_pkg:/home/Gruppe4/ros2_ws/install/assignment_2_pkg:/home/Gruppe4/ros2_ws/install/asignment_1_pkg:/opt/ros/humble /usr/bin/cmake --install /home/Gruppe4/ros2_ws/build/nav2_course
[3.022s] -- Install configuration: "Release"
[3.024s] -- Up-to-date: /home/Gruppe4/ros2_ws/install/nav2_course/share/nav2_course/launch
[3.026s] -- Up-to-date: /home/Gruppe4/ros2_ws/install/nav2_course/share/nav2_course/launch/map_server_launch.py
[3.028s] -- Up-to-date: /home/Gruppe4/ros2_ws/install/nav2_course/share/nav2_course/launch/localization_launch.py
[3.028s] -- Up-to-date: /home/Gruppe4/ros2_ws/install/nav2_course/share/nav2_course/launch/rviz.launch.py
[3.029s] -- Up-to-date: /home/Gruppe4/ros2_ws/install/nav2_course/share/nav2_course/launch/nav2_demo.launch.py
[3.029s] -- Up-to-date: /home/Gruppe4/ros2_ws/install/nav2_course/share/nav2_course/launch/nav2_complete.launch.py
[3.030s] -- Up-to-date: /home/Gruppe4/ros2_ws/install/nav2_course/share/nav2_course/launch/tb3_world_navigation_with_tools_launch.py
[3.030s] -- Up-to-date: /home/Gruppe4/ros2_ws/install/nav2_course/share/nav2_course/launch/navigation2_launch.py
[3.031s] -- Up-to-date: /home/Gruppe4/ros2_ws/install/nav2_course/share/nav2_course/launch/map_saver.launch.py
[3.032s] -- Up-to-date: /home/Gruppe4/ros2_ws/install/nav2_course/share/nav2_course/config
[3.032s] -- Up-to-date: /home/Gruppe4/ros2_ws/install/nav2_course/share/nav2_course/config/turtlebot3_world.pgm
[3.033s] -- Up-to-date: /home/Gruppe4/ros2_ws/install/nav2_course/share/nav2_course/config/nav2.yaml
[3.034s] -- Up-to-date: /home/Gruppe4/ros2_ws/install/nav2_course/share/nav2_course/config/nav2_default_view.rviz
[3.035s] -- Up-to-date: /home/Gruppe4/ros2_ws/install/nav2_course/share/nav2_course/config/navigate_w_replanning_and_recovery_old.xml
[3.038s] -- Up-to-date: /home/Gruppe4/ros2_ws/install/nav2_course/share/nav2_course/config/nav2_params.yaml
[3.038s] -- Up-to-date: /home/Gruppe4/ros2_ws/install/nav2_course/share/nav2_course/config/navigate_w_replanning_and_recovery.xml
[3.039s] -- Up-to-date: /home/Gruppe4/ros2_ws/install/nav2_course/share/nav2_course/config/localization_params.yaml
[3.040s] -- Up-to-date: /home/Gruppe4/ros2_ws/install/nav2_course/share/nav2_course/config/nav2_house_sim_params.yaml
[3.040s] -- Up-to-date: /home/Gruppe4/ros2_ws/install/nav2_course/share/nav2_course/config/turtlebot3_world.yaml
[3.041s] -- Up-to-date: /home/Gruppe4/ros2_ws/install/nav2_course/share/nav2_course/config/default.rviz
[3.042s] -- Up-to-date: /home/Gruppe4/ros2_ws/install/nav2_course/share/nav2_course/worlds
[3.042s] -- Up-to-date: /home/Gruppe4/ros2_ws/install/nav2_course/share/nav2_course/worlds/house_waffle.model
[3.043s] -- Up-to-date: /home/Gruppe4/ros2_ws/install/nav2_course/share/nav2_course/worlds/world_only.model
[3.046s] -- Up-to-date: /home/Gruppe4/ros2_ws/install/nav2_course/share/nav2_course/worlds/waffle.model
[3.046s] -- Up-to-date: /home/Gruppe4/ros2_ws/install/nav2_course/share/nav2_course/maps
[3.047s] -- Up-to-date: /home/Gruppe4/ros2_ws/install/nav2_course/share/nav2_course/maps/turtlebot_area.yaml
[3.047s] -- Up-to-date: /home/Gruppe4/ros2_ws/install/nav2_course/share/nav2_course/maps/turtlebot_area.pgm
[3.048s] -- Up-to-date: /home/Gruppe4/ros2_ws/install/nav2_course/share/ament_index/resource_index/package_run_dependencies/nav2_course
[3.048s] -- Up-to-date: /home/Gruppe4/ros2_ws/install/nav2_course/share/ament_index/resource_index/parent_prefix_path/nav2_course
[3.049s] -- Up-to-date: /home/Gruppe4/ros2_ws/install/nav2_course/share/nav2_course/environment/ament_prefix_path.sh
[3.050s] -- Up-to-date: /home/Gruppe4/ros2_ws/install/nav2_course/share/nav2_course/environment/ament_prefix_path.dsv
[3.061s] -- Up-to-date: /home/Gruppe4/ros2_ws/install/nav2_course/share/nav2_course/environment/path.sh
[3.062s] -- Up-to-date: /home/Gruppe4/ros2_ws/install/nav2_course/share/nav2_course/environment/path.dsv
[3.062s] -- Up-to-date: /home/Gruppe4/ros2_ws/install/nav2_course/share/nav2_course/local_setup.bash
[3.063s] -- Up-to-date: /home/Gruppe4/ros2_ws/install/nav2_course/share/nav2_course/local_setup.sh
[3.063s] -- Up-to-date: /home/Gruppe4/ros2_ws/install/nav2_course/share/nav2_course/local_setup.zsh
[3.063s] -- Up-to-date: /home/Gruppe4/ros2_ws/install/nav2_course/share/nav2_course/local_setup.dsv
[3.064s] -- Installing: /home/Gruppe4/ros2_ws/install/nav2_course/share/nav2_course/package.dsv
[3.064s] -- Up-to-date: /home/Gruppe4/ros2_ws/install/nav2_course/share/ament_index/resource_index/packages/nav2_course
[3.065s] -- Up-to-date: /home/Gruppe4/ros2_ws/install/nav2_course/share/nav2_course/cmake/nav2_courseConfig.cmake
[3.065s] -- Up-to-date: /home/Gruppe4/ros2_ws/install/nav2_course/share/nav2_course/cmake/nav2_courseConfig-version.cmake
[3.066s] -- Up-to-date: /home/Gruppe4/ros2_ws/install/nav2_course/share/nav2_course/package.xml
[3.079s] Invoked command in '/home/Gruppe4/ros2_ws/build/nav2_course' returned '0': CMAKE_PREFIX_PATH=${CMAKE_PREFIX_PATH}:/home/Gruppe4/ros2_ws/install/path_planner_server:/home/Gruppe4/ros2_ws/install/nav2_project:/home/Gruppe4/ros2_ws/install/map_server:/home/Gruppe4/ros2_ws/install/localization_server:/home/Gruppe4/ros2_ws/install/cartographer_slam:/home/Gruppe4/ros2_ws/install/assignment_3_pkg:/home/Gruppe4/ros2_ws/install/assignment_2_pkg:/home/Gruppe4/ros2_ws/install/asignment_1_pkg:/opt/ros/humble /usr/bin/cmake --install /home/Gruppe4/ros2_ws/build/nav2_course
