[5.006s] Invoking command in '/home/Gruppe4/ros2_ws/src/map_server': PYTHONPATH=/home/Gruppe4/ros2_ws/build/map_server/prefix_override:/usr/lib/python3/dist-packages/colcon_core/task/python/colcon_distutils_commands:/home/Gruppe4/ros2_ws/install/map_server/lib/python3.10/site-packages:${PYTHONPATH} /usr/bin/python3 -W ignore:setup.py install is deprecated setup.py egg_info --egg-base ../../build/map_server build --build-base /home/Gruppe4/ros2_ws/build/map_server/build install --record /home/Gruppe4/ros2_ws/build/map_server/install.log --single-version-externally-managed install_data
[6.601s] running egg_info
[6.605s] writing ../../build/map_server/map_server.egg-info/PKG-INFO
[6.606s] writing dependency_links to ../../build/map_server/map_server.egg-info/dependency_links.txt
[6.607s] writing entry points to ../../build/map_server/map_server.egg-info/entry_points.txt
[6.609s] writing requirements to ../../build/map_server/map_server.egg-info/requires.txt
[6.610s] writing top-level names to ../../build/map_server/map_server.egg-info/top_level.txt
[6.620s] reading manifest file '../../build/map_server/map_server.egg-info/SOURCES.txt'
[6.625s] writing manifest file '../../build/map_server/map_server.egg-info/SOURCES.txt'
[6.626s] running build
[6.627s] running build_py
[6.628s] running install
[6.630s] running install_lib
[6.636s] running install_data
[6.638s] running install_egg_info
[6.648s] removing '/home/Gruppe4/ros2_ws/install/map_server/lib/python3.10/site-packages/map_server-0.0.0-py3.10.egg-info' (and everything under it)
[6.653s] Copying ../../build/map_server/map_server.egg-info to /home/Gruppe4/ros2_ws/install/map_server/lib/python3.10/site-packages/map_server-0.0.0-py3.10.egg-info
[6.660s] running install_scripts
[6.796s] writing list of installed files to '/home/Gruppe4/ros2_ws/build/map_server/install.log'
[7.309s] Invoked command in '/home/Gruppe4/ros2_ws/src/map_server' returned '0': PYTHONPATH=/home/Gruppe4/ros2_ws/build/map_server/prefix_override:/usr/lib/python3/dist-packages/colcon_core/task/python/colcon_distutils_commands:/home/Gruppe4/ros2_ws/install/map_server/lib/python3.10/site-packages:${PYTHONPATH} /usr/bin/python3 -W ignore:setup.py install is deprecated setup.py egg_info --egg-base ../../build/map_server build --build-base /home/Gruppe4/ros2_ws/build/map_server/build install --record /home/Gruppe4/ros2_ws/build/map_server/install.log --single-version-externally-managed install_data
