[4.734s] Invoking command in '/home/Gruppe4/ros2_ws/src/localization_server': PYTHONPATH=/home/Gruppe4/ros2_ws/build/localization_server/prefix_override:/usr/lib/python3/dist-packages/colcon_core/task/python/colcon_distutils_commands:/home/Gruppe4/ros2_ws/install/localization_server/lib/python3.10/site-packages:${PYTHONPATH} /usr/bin/python3 -W ignore:setup.py install is deprecated setup.py egg_info --egg-base ../../build/localization_server build --build-base /home/Gruppe4/ros2_ws/build/localization_server/build install --record /home/Gruppe4/ros2_ws/build/localization_server/install.log --single-version-externally-managed install_data
[7.118s] running egg_info
[7.144s] writing ../../build/localization_server/localization_server.egg-info/PKG-INFO
[7.165s] writing dependency_links to ../../build/localization_server/localization_server.egg-info/dependency_links.txt
[7.175s] writing entry points to ../../build/localization_server/localization_server.egg-info/entry_points.txt
[7.183s] writing requirements to ../../build/localization_server/localization_server.egg-info/requires.txt
[7.187s] writing top-level names to ../../build/localization_server/localization_server.egg-info/top_level.txt
[7.206s] reading manifest file '../../build/localization_server/localization_server.egg-info/SOURCES.txt'
[7.220s] writing manifest file '../../build/localization_server/localization_server.egg-info/SOURCES.txt'
[7.224s] running build
[7.227s] running build_py
[7.232s] running install
[7.237s] running install_lib
[7.250s] running install_data
[7.256s] running install_egg_info
[7.274s] removing '/home/Gruppe4/ros2_ws/install/localization_server/lib/python3.10/site-packages/localization_server-0.0.0-py3.10.egg-info' (and everything under it)
[7.279s] Copying ../../build/localization_server/localization_server.egg-info to /home/Gruppe4/ros2_ws/install/localization_server/lib/python3.10/site-packages/localization_server-0.0.0-py3.10.egg-info
[7.302s] running install_scripts
[7.487s] writing list of installed files to '/home/Gruppe4/ros2_ws/build/localization_server/install.log'
[7.901s] Invoked command in '/home/Gruppe4/ros2_ws/src/localization_server' returned '0': PYTHONPATH=/home/Gruppe4/ros2_ws/build/localization_server/prefix_override:/usr/lib/python3/dist-packages/colcon_core/task/python/colcon_distutils_commands:/home/Gruppe4/ros2_ws/install/localization_server/lib/python3.10/site-packages:${PYTHONPATH} /usr/bin/python3 -W ignore:setup.py install is deprecated setup.py egg_info --egg-base ../../build/localization_server build --build-base /home/Gruppe4/ros2_ws/build/localization_server/build install --record /home/Gruppe4/ros2_ws/build/localization_server/install.log --single-version-externally-managed install_data
