[0.100s] Invoking command in '/home/Gruppe4/ros2_ws/build/nav2_course': CMAKE_PREFIX_PATH=${CMAKE_PREFIX_PATH}:/home/Gruppe4/ros2_ws/install/path_planner_server:/home/Gruppe4/ros2_ws/install/nav2_project:/home/Gruppe4/ros2_ws/install/map_server:/home/Gruppe4/ros2_ws/install/localization_server:/home/Gruppe4/ros2_ws/install/cartographer_slam:/home/Gruppe4/ros2_ws/install/assignment_3_pkg:/home/Gruppe4/ros2_ws/install/assignment_2_pkg:/home/Gruppe4/ros2_ws/install/asignment_1_pkg:/opt/ros/humble /usr/bin/cmake --build /home/Gruppe4/ros2_ws/build/nav2_course -- -j4 -l4
[1.729s] Invoked command in '/home/Gruppe4/ros2_ws/build/nav2_course' returned '0': CMAKE_PREFIX_PATH=${CMAKE_PREFIX_PATH}:/home/Gruppe4/ros2_ws/install/path_planner_server:/home/Gruppe4/ros2_ws/install/nav2_project:/home/Gruppe4/ros2_ws/install/map_server:/home/Gruppe4/ros2_ws/install/localization_server:/home/Gruppe4/ros2_ws/install/cartographer_slam:/home/Gruppe4/ros2_ws/install/assignment_3_pkg:/home/Gruppe4/ros2_ws/install/assignment_2_pkg:/home/Gruppe4/ros2_ws/install/asignment_1_pkg:/opt/ros/humble /usr/bin/cmake --build /home/Gruppe4/ros2_ws/build/nav2_course -- -j4 -l4
[1.944s] Invoking command in '/home/Gruppe4/ros2_ws/build/nav2_course': CMAKE_PREFIX_PATH=${CMAKE_PREFIX_PATH}:/home/Gruppe4/ros2_ws/install/path_planner_server:/home/Gruppe4/ros2_ws/install/nav2_project:/home/Gruppe4/ros2_ws/install/map_server:/home/Gruppe4/ros2_ws/install/localization_server:/home/Gruppe4/ros2_ws/install/cartographer_slam:/home/Gruppe4/ros2_ws/install/assignment_3_pkg:/home/Gruppe4/ros2_ws/install/assignment_2_pkg:/home/Gruppe4/ros2_ws/install/asignment_1_pkg:/opt/ros/humble /usr/bin/cmake --install /home/Gruppe4/ros2_ws/build/nav2_course
[1.995s] -- Install configuration: "Release"
[1.997s] -- Up-to-date: /home/Gruppe4/ros2_ws/install/nav2_course/share/nav2_course/launch
[2.001s] -- Up-to-date: /home/Gruppe4/ros2_ws/install/nav2_course/share/nav2_course/launch/map_server_launch.py
[2.005s] -- Up-to-date: /home/Gruppe4/ros2_ws/install/nav2_course/share/nav2_course/launch/localization_launch.py
[2.008s] -- Up-to-date: /home/Gruppe4/ros2_ws/install/nav2_course/share/nav2_course/launch/rviz.launch.py
[2.012s] -- Up-to-date: /home/Gruppe4/ros2_ws/install/nav2_course/share/nav2_course/launch/nav2_demo.launch.py
[2.015s] -- Up-to-date: /home/Gruppe4/ros2_ws/install/nav2_course/share/nav2_course/launch/nav2_complete.launch.py
[2.021s] -- Up-to-date: /home/Gruppe4/ros2_ws/install/nav2_course/share/nav2_course/launch/tb3_world_navigation_with_tools_launch.py
[2.030s] -- Up-to-date: /home/Gruppe4/ros2_ws/install/nav2_course/share/nav2_course/launch/navigation2_launch.py
[2.035s] -- Up-to-date: /home/Gruppe4/ros2_ws/install/nav2_course/share/nav2_course/launch/map_saver.launch.py
[2.036s] -- Up-to-date: /home/Gruppe4/ros2_ws/install/nav2_course/share/nav2_course/config
[2.045s] -- Up-to-date: /home/Gruppe4/ros2_ws/install/nav2_course/share/nav2_course/config/turtlebot3_world.pgm
[2.051s] -- Up-to-date: /home/Gruppe4/ros2_ws/install/nav2_course/share/nav2_course/config/nav2.yaml
[2.052s] -- Up-to-date: /home/Gruppe4/ros2_ws/install/nav2_course/share/nav2_course/config/nav2_default_view.rviz
[2.054s] -- Up-to-date: /home/Gruppe4/ros2_ws/install/nav2_course/share/nav2_course/config/navigate_w_replanning_and_recovery_old.xml
[2.055s] -- Up-to-date: /home/Gruppe4/ros2_ws/install/nav2_course/share/nav2_course/config/nav2_params.yaml
[2.094s] -- Up-to-date: /home/Gruppe4/ros2_ws/install/nav2_course/share/nav2_course/config/navigate_w_replanning_and_recovery.xml
[2.103s] -- Up-to-date: /home/Gruppe4/ros2_ws/install/nav2_course/share/nav2_course/config/localization_params.yaml
[2.107s] -- Up-to-date: /home/Gruppe4/ros2_ws/install/nav2_course/share/nav2_course/config/nav2_house_sim_params.yaml
[2.134s] -- Up-to-date: /home/Gruppe4/ros2_ws/install/nav2_course/share/nav2_course/config/turtlebot3_world.yaml
[2.140s] -- Up-to-date: /home/Gruppe4/ros2_ws/install/nav2_course/share/nav2_course/config/default.rviz
[2.150s] -- Up-to-date: /home/Gruppe4/ros2_ws/install/nav2_course/share/nav2_course/worlds
[2.161s] -- Up-to-date: /home/Gruppe4/ros2_ws/install/nav2_course/share/nav2_course/worlds/house_waffle.model
[2.165s] -- Up-to-date: /home/Gruppe4/ros2_ws/install/nav2_course/share/nav2_course/worlds/world_only.model
[2.174s] -- Up-to-date: /home/Gruppe4/ros2_ws/install/nav2_course/share/nav2_course/worlds/waffle.model
[2.184s] -- Up-to-date: /home/Gruppe4/ros2_ws/install/nav2_course/share/nav2_course/maps
[2.192s] -- Up-to-date: /home/Gruppe4/ros2_ws/install/nav2_course/share/nav2_course/maps/turtlebot_area.yaml
[2.201s] -- Up-to-date: /home/Gruppe4/ros2_ws/install/nav2_course/share/nav2_course/maps/turtlebot_area.pgm
[2.221s] -- Up-to-date: /home/Gruppe4/ros2_ws/install/nav2_course/share/ament_index/resource_index/package_run_dependencies/nav2_course
[2.232s] -- Up-to-date: /home/Gruppe4/ros2_ws/install/nav2_course/share/ament_index/resource_index/parent_prefix_path/nav2_course
[2.238s] -- Up-to-date: /home/Gruppe4/ros2_ws/install/nav2_course/share/nav2_course/environment/ament_prefix_path.sh
[2.247s] -- Up-to-date: /home/Gruppe4/ros2_ws/install/nav2_course/share/nav2_course/environment/ament_prefix_path.dsv
[2.258s] -- Up-to-date: /home/Gruppe4/ros2_ws/install/nav2_course/share/nav2_course/environment/path.sh
[2.266s] -- Up-to-date: /home/Gruppe4/ros2_ws/install/nav2_course/share/nav2_course/environment/path.dsv
[2.275s] -- Up-to-date: /home/Gruppe4/ros2_ws/install/nav2_course/share/nav2_course/local_setup.bash
[2.279s] -- Up-to-date: /home/Gruppe4/ros2_ws/install/nav2_course/share/nav2_course/local_setup.sh
[2.286s] -- Up-to-date: /home/Gruppe4/ros2_ws/install/nav2_course/share/nav2_course/local_setup.zsh
[2.297s] -- Up-to-date: /home/Gruppe4/ros2_ws/install/nav2_course/share/nav2_course/local_setup.dsv
[2.299s] -- Installing: /home/Gruppe4/ros2_ws/install/nav2_course/share/nav2_course/package.dsv
[2.304s] -- Up-to-date: /home/Gruppe4/ros2_ws/install/nav2_course/share/ament_index/resource_index/packages/nav2_course
[2.306s] -- Up-to-date: /home/Gruppe4/ros2_ws/install/nav2_course/share/nav2_course/cmake/nav2_courseConfig.cmake
[2.308s] -- Up-to-date: /home/Gruppe4/ros2_ws/install/nav2_course/share/nav2_course/cmake/nav2_courseConfig-version.cmake
[2.313s] -- Up-to-date: /home/Gruppe4/ros2_ws/install/nav2_course/share/nav2_course/package.xml
[2.319s] Invoked command in '/home/Gruppe4/ros2_ws/build/nav2_course' returned '0': CMAKE_PREFIX_PATH=${CMAKE_PREFIX_PATH}:/home/Gruppe4/ros2_ws/install/path_planner_server:/home/Gruppe4/ros2_ws/install/nav2_project:/home/Gruppe4/ros2_ws/install/map_server:/home/Gruppe4/ros2_ws/install/localization_server:/home/Gruppe4/ros2_ws/install/cartographer_slam:/home/Gruppe4/ros2_ws/install/assignment_3_pkg:/home/Gruppe4/ros2_ws/install/assignment_2_pkg:/home/Gruppe4/ros2_ws/install/asignment_1_pkg:/opt/ros/humble /usr/bin/cmake --install /home/Gruppe4/ros2_ws/build/nav2_course
