[2.744s] Invoking command in '/home/Gruppe4/ros2_ws/src/path_planner_server': PYTHONPATH=/home/Gruppe4/ros2_ws/build/path_planner_server/prefix_override:/usr/lib/python3/dist-packages/colcon_core/task/python/colcon_distutils_commands:/home/Gruppe4/ros2_ws/install/path_planner_server/lib/python3.10/site-packages:${PYTHONPATH} /usr/bin/python3 -W ignore:setup.py install is deprecated setup.py egg_info --egg-base ../../build/path_planner_server build --build-base /home/Gruppe4/ros2_ws/build/path_planner_server/build install --record /home/Gruppe4/ros2_ws/build/path_planner_server/install.log --single-version-externally-managed install_data
[3.800s] running egg_info
[3.803s] writing ../../build/path_planner_server/path_planner_server.egg-info/PKG-INFO
[3.804s] writing dependency_links to ../../build/path_planner_server/path_planner_server.egg-info/dependency_links.txt
[3.805s] writing entry points to ../../build/path_planner_server/path_planner_server.egg-info/entry_points.txt
[3.806s] writing requirements to ../../build/path_planner_server/path_planner_server.egg-info/requires.txt
[3.807s] writing top-level names to ../../build/path_planner_server/path_planner_server.egg-info/top_level.txt
[3.815s] reading manifest file '../../build/path_planner_server/path_planner_server.egg-info/SOURCES.txt'
[3.821s] writing manifest file '../../build/path_planner_server/path_planner_server.egg-info/SOURCES.txt'
[3.822s] running build
[3.823s] running build_py
[3.824s] running install
[3.825s] running install_lib
[3.830s] running install_data
[3.831s] copying launch/pathplanner.launch.py -> /home/Gruppe4/ros2_ws/install/path_planner_server/share/path_planner_server/launch
[3.833s] running install_egg_info
[3.840s] removing '/home/Gruppe4/ros2_ws/install/path_planner_server/lib/python3.10/site-packages/path_planner_server-0.0.0-py3.10.egg-info' (and everything under it)
[3.842s] Copying ../../build/path_planner_server/path_planner_server.egg-info to /home/Gruppe4/ros2_ws/install/path_planner_server/lib/python3.10/site-packages/path_planner_server-0.0.0-py3.10.egg-info
[3.849s] running install_scripts
[3.932s] writing list of installed files to '/home/Gruppe4/ros2_ws/build/path_planner_server/install.log'
[4.058s] Invoked command in '/home/Gruppe4/ros2_ws/src/path_planner_server' returned '0': PYTHONPATH=/home/Gruppe4/ros2_ws/build/path_planner_server/prefix_override:/usr/lib/python3/dist-packages/colcon_core/task/python/colcon_distutils_commands:/home/Gruppe4/ros2_ws/install/path_planner_server/lib/python3.10/site-packages:${PYTHONPATH} /usr/bin/python3 -W ignore:setup.py install is deprecated setup.py egg_info --egg-base ../../build/path_planner_server build --build-base /home/Gruppe4/ros2_ws/build/path_planner_server/build install --record /home/Gruppe4/ros2_ws/build/path_planner_server/install.log --single-version-externally-managed install_data
