[2.684s] Invoking command in '/home/Gruppe4/ros2_ws/src/assignment_3_pkg': PYTHONPATH=/home/Gruppe4/ros2_ws/build/assignment_3_pkg/prefix_override:/usr/lib/python3/dist-packages/colcon_core/task/python/colcon_distutils_commands:/home/Gruppe4/ros2_ws/install/assignment_3_pkg/lib/python3.10/site-packages:${PYTHONPATH} /usr/bin/python3 -W ignore:setup.py install is deprecated setup.py egg_info --egg-base ../../build/assignment_3_pkg build --build-base /home/Gruppe4/ros2_ws/build/assignment_3_pkg/build install --record /home/Gruppe4/ros2_ws/build/assignment_3_pkg/install.log --single-version-externally-managed install_data
[3.689s] running egg_info
[3.691s] writing ../../build/assignment_3_pkg/assignment_3_pkg.egg-info/PKG-INFO
[3.693s] writing dependency_links to ../../build/assignment_3_pkg/assignment_3_pkg.egg-info/dependency_links.txt
[3.693s] writing entry points to ../../build/assignment_3_pkg/assignment_3_pkg.egg-info/entry_points.txt
[3.694s] writing requirements to ../../build/assignment_3_pkg/assignment_3_pkg.egg-info/requires.txt
[3.695s] writing top-level names to ../../build/assignment_3_pkg/assignment_3_pkg.egg-info/top_level.txt
[3.702s] reading manifest file '../../build/assignment_3_pkg/assignment_3_pkg.egg-info/SOURCES.txt'
[3.707s] writing manifest file '../../build/assignment_3_pkg/assignment_3_pkg.egg-info/SOURCES.txt'
[3.708s] running build
[3.708s] running build_py
[3.709s] running install
[3.710s] running install_lib
[3.715s] running install_data
[3.716s] copying launch/assignment_3_pkg.launch.py -> /home/Gruppe4/ros2_ws/install/assignment_3_pkg/share/assignment_3_pkg/launch
[3.717s] running install_egg_info
[3.724s] removing '/home/Gruppe4/ros2_ws/install/assignment_3_pkg/lib/python3.10/site-packages/assignment_3_pkg-0.0.0-py3.10.egg-info' (and everything under it)
[3.726s] Copying ../../build/assignment_3_pkg/assignment_3_pkg.egg-info to /home/Gruppe4/ros2_ws/install/assignment_3_pkg/lib/python3.10/site-packages/assignment_3_pkg-0.0.0-py3.10.egg-info
[3.731s] running install_scripts
[3.812s] writing list of installed files to '/home/Gruppe4/ros2_ws/build/assignment_3_pkg/install.log'
[3.928s] Invoked command in '/home/Gruppe4/ros2_ws/src/assignment_3_pkg' returned '0': PYTHONPATH=/home/Gruppe4/ros2_ws/build/assignment_3_pkg/prefix_override:/usr/lib/python3/dist-packages/colcon_core/task/python/colcon_distutils_commands:/home/Gruppe4/ros2_ws/install/assignment_3_pkg/lib/python3.10/site-packages:${PYTHONPATH} /usr/bin/python3 -W ignore:setup.py install is deprecated setup.py egg_info --egg-base ../../build/assignment_3_pkg build --build-base /home/Gruppe4/ros2_ws/build/assignment_3_pkg/build install --record /home/Gruppe4/ros2_ws/build/assignment_3_pkg/install.log --single-version-externally-managed install_data
