[4.339s] Invoking command in '/home/Gruppe4/ros2_ws/src/ros2_nav_files/nav2_project': PYTHONPATH=/home/Gruppe4/ros2_ws/build/nav2_project/prefix_override:/usr/lib/python3/dist-packages/colcon_core/task/python/colcon_distutils_commands:/home/Gruppe4/ros2_ws/install/nav2_project/lib/python3.10/site-packages:${PYTHONPATH} /usr/bin/python3 -W ignore:setup.py install is deprecated setup.py egg_info --egg-base ../../../build/nav2_project build --build-base /home/Gruppe4/ros2_ws/build/nav2_project/build install --record /home/Gruppe4/ros2_ws/build/nav2_project/install.log --install-scripts $base/lib/nav2_project --single-version-externally-managed install_data
[5.582s] /usr/lib/python3/dist-packages/setuptools/dist.py:723: UserWarning: Usage of dash-separated 'script-dir' will not be supported in future versions. Please use the underscore name 'script_dir' instead
[5.583s]   warnings.warn(
[5.623s] running egg_info
[5.625s] writing ../../../build/nav2_project/nav2_project.egg-info/PKG-INFO
[5.627s] writing dependency_links to ../../../build/nav2_project/nav2_project.egg-info/dependency_links.txt
[5.628s] writing entry points to ../../../build/nav2_project/nav2_project.egg-info/entry_points.txt
[5.630s] writing requirements to ../../../build/nav2_project/nav2_project.egg-info/requires.txt
[5.631s] writing top-level names to ../../../build/nav2_project/nav2_project.egg-info/top_level.txt
[5.639s] reading manifest file '../../../build/nav2_project/nav2_project.egg-info/SOURCES.txt'
[5.644s] writing manifest file '../../../build/nav2_project/nav2_project.egg-info/SOURCES.txt'
[5.645s] running build
[5.645s] running build_py
[5.648s] running install
[5.650s] running install_lib
[5.656s] running install_data
[5.660s] running install_egg_info
[5.667s] removing '/home/Gruppe4/ros2_ws/install/nav2_project/lib/python3.10/site-packages/nav2_project-0.0.0-py3.10.egg-info' (and everything under it)
[5.669s] Copying ../../../build/nav2_project/nav2_project.egg-info to /home/Gruppe4/ros2_ws/install/nav2_project/lib/python3.10/site-packages/nav2_project-0.0.0-py3.10.egg-info
[5.676s] running install_scripts
[5.771s] Installing go_to_pose script to /home/Gruppe4/ros2_ws/install/nav2_project/lib/nav2_project
[5.773s] Installing spot_recorder script to /home/Gruppe4/ros2_ws/install/nav2_project/lib/nav2_project
[5.774s] writing list of installed files to '/home/Gruppe4/ros2_ws/build/nav2_project/install.log'
[5.934s] Invoked command in '/home/Gruppe4/ros2_ws/src/ros2_nav_files/nav2_project' returned '0': PYTHONPATH=/home/Gruppe4/ros2_ws/build/nav2_project/prefix_override:/usr/lib/python3/dist-packages/colcon_core/task/python/colcon_distutils_commands:/home/Gruppe4/ros2_ws/install/nav2_project/lib/python3.10/site-packages:${PYTHONPATH} /usr/bin/python3 -W ignore:setup.py install is deprecated setup.py egg_info --egg-base ../../../build/nav2_project build --build-base /home/Gruppe4/ros2_ws/build/nav2_project/build install --record /home/Gruppe4/ros2_ws/build/nav2_project/install.log --install-scripts $base/lib/nav2_project --single-version-externally-managed install_data
