[0.149s] Invoking command in '/home/Gruppe4/ros2_ws/build/nav2_course': CMAKE_PREFIX_PATH=${CMAKE_PREFIX_PATH}:/home/Gruppe4/ros2_ws/install/path_planner_server:/home/Gruppe4/ros2_ws/install/nav2_project:/home/Gruppe4/ros2_ws/install/map_server:/home/Gruppe4/ros2_ws/install/localization_server:/home/Gruppe4/ros2_ws/install/cartographer_slam:/home/Gruppe4/ros2_ws/install/assignment_3_pkg:/home/Gruppe4/ros2_ws/install/assignment_2_pkg:/home/Gruppe4/ros2_ws/install/asignment_1_pkg:/opt/ros/humble /usr/bin/cmake /home/Gruppe4/ros2_ws/src/ros2_nav_files/nav2_course -DCMAKE_INSTALL_PREFIX=/home/Gruppe4/ros2_ws/install/nav2_course
[1.565s] -- The C compiler identification is GNU 11.4.0
[2.755s] -- The CXX compiler identification is GNU 11.4.0
[2.817s] -- Detecting C compiler ABI info
[3.391s] -- Detecting C compiler ABI info - done
[3.422s] -- Check for working C compiler: /usr/bin/cc - skipped
[3.427s] -- Detecting C compile features
[3.433s] -- Detecting C compile features - done
[3.454s] -- Detecting CXX compiler ABI info
[4.053s] -- Detecting CXX compiler ABI info - done
[4.099s] -- Check for working CXX compiler: /usr/bin/c++ - skipped
[4.101s] -- Detecting CXX compile features
[4.103s] -- Detecting CXX compile features - done
[4.159s] -- Found ament_cmake: 1.3.10 (/opt/ros/humble/share/ament_cmake/cmake)
[5.705s] -- Found Python3: /usr/bin/python3 (found version "3.10.12") found components: Interpreter 
[7.326s] -- Found nav2_common: 1.1.16 (/opt/ros/humble/share/nav2_common/cmake)
[7.398s] -- Found navigation2: 1.1.16 (/opt/ros/humble/share/navigation2/cmake)
[7.399s] -- Setting build type to Release as none was specified.
[7.444s] -- Found ament_lint_auto: 0.12.11 (/opt/ros/humble/share/ament_lint_auto/cmake)
[9.159s] -- Added test 'copyright' to check source files copyright and LICENSE
[9.270s] -- Added test 'flake8' to check Python code syntax and style conventions
[9.301s] -- Added test 'lint_cmake' to check CMake code style
[9.311s] -- Added test 'pep257' to check Python code against some of the docstring style conventions in PEP 257
[9.414s] -- Added test 'xmllint' to check XML markup files
[9.456s] -- Configuring done
[9.541s] -- Generating done
[9.554s] -- Build files have been written to: /home/Gruppe4/ros2_ws/build/nav2_course
[9.600s] Invoked command in '/home/Gruppe4/ros2_ws/build/nav2_course' returned '0': CMAKE_PREFIX_PATH=${CMAKE_PREFIX_PATH}:/home/Gruppe4/ros2_ws/install/path_planner_server:/home/Gruppe4/ros2_ws/install/nav2_project:/home/Gruppe4/ros2_ws/install/map_server:/home/Gruppe4/ros2_ws/install/localization_server:/home/Gruppe4/ros2_ws/install/cartographer_slam:/home/Gruppe4/ros2_ws/install/assignment_3_pkg:/home/Gruppe4/ros2_ws/install/assignment_2_pkg:/home/Gruppe4/ros2_ws/install/asignment_1_pkg:/opt/ros/humble /usr/bin/cmake /home/Gruppe4/ros2_ws/src/ros2_nav_files/nav2_course -DCMAKE_INSTALL_PREFIX=/home/Gruppe4/ros2_ws/install/nav2_course
[9.612s] Invoking command in '/home/Gruppe4/ros2_ws/build/nav2_course': CMAKE_PREFIX_PATH=${CMAKE_PREFIX_PATH}:/home/Gruppe4/ros2_ws/install/path_planner_server:/home/Gruppe4/ros2_ws/install/nav2_project:/home/Gruppe4/ros2_ws/install/map_server:/home/Gruppe4/ros2_ws/install/localization_server:/home/Gruppe4/ros2_ws/install/cartographer_slam:/home/Gruppe4/ros2_ws/install/assignment_3_pkg:/home/Gruppe4/ros2_ws/install/assignment_2_pkg:/home/Gruppe4/ros2_ws/install/asignment_1_pkg:/opt/ros/humble /usr/bin/cmake --build /home/Gruppe4/ros2_ws/build/nav2_course -- -j4 -l4
[9.868s] Invoked command in '/home/Gruppe4/ros2_ws/build/nav2_course' returned '0': CMAKE_PREFIX_PATH=${CMAKE_PREFIX_PATH}:/home/Gruppe4/ros2_ws/install/path_planner_server:/home/Gruppe4/ros2_ws/install/nav2_project:/home/Gruppe4/ros2_ws/install/map_server:/home/Gruppe4/ros2_ws/install/localization_server:/home/Gruppe4/ros2_ws/install/cartographer_slam:/home/Gruppe4/ros2_ws/install/assignment_3_pkg:/home/Gruppe4/ros2_ws/install/assignment_2_pkg:/home/Gruppe4/ros2_ws/install/asignment_1_pkg:/opt/ros/humble /usr/bin/cmake --build /home/Gruppe4/ros2_ws/build/nav2_course -- -j4 -l4
[10.117s] Invoking command in '/home/Gruppe4/ros2_ws/build/nav2_course': CMAKE_PREFIX_PATH=${CMAKE_PREFIX_PATH}:/home/Gruppe4/ros2_ws/install/path_planner_server:/home/Gruppe4/ros2_ws/install/nav2_project:/home/Gruppe4/ros2_ws/install/map_server:/home/Gruppe4/ros2_ws/install/localization_server:/home/Gruppe4/ros2_ws/install/cartographer_slam:/home/Gruppe4/ros2_ws/install/assignment_3_pkg:/home/Gruppe4/ros2_ws/install/assignment_2_pkg:/home/Gruppe4/ros2_ws/install/asignment_1_pkg:/opt/ros/humble /usr/bin/cmake --install /home/Gruppe4/ros2_ws/build/nav2_course
[10.160s] -- Install configuration: "Release"
[10.161s] -- Installing: /home/Gruppe4/ros2_ws/install/nav2_course/share/nav2_course/launch
[10.164s] -- Installing: /home/Gruppe4/ros2_ws/install/nav2_course/share/nav2_course/launch/map_server_launch.py
[10.169s] -- Installing: /home/Gruppe4/ros2_ws/install/nav2_course/share/nav2_course/launch/localization_launch.py
[10.174s] -- Installing: /home/Gruppe4/ros2_ws/install/nav2_course/share/nav2_course/launch/rviz.launch.py
[10.176s] -- Installing: /home/Gruppe4/ros2_ws/install/nav2_course/share/nav2_course/launch/nav2_demo.launch.py
[10.182s] -- Installing: /home/Gruppe4/ros2_ws/install/nav2_course/share/nav2_course/launch/nav2_complete.launch.py
[10.188s] -- Installing: /home/Gruppe4/ros2_ws/install/nav2_course/share/nav2_course/launch/tb3_world_navigation_with_tools_launch.py
[10.193s] -- Installing: /home/Gruppe4/ros2_ws/install/nav2_course/share/nav2_course/launch/navigation2_launch.py
[10.196s] -- Installing: /home/Gruppe4/ros2_ws/install/nav2_course/share/nav2_course/launch/map_saver.launch.py
[10.196s] -- Installing: /home/Gruppe4/ros2_ws/install/nav2_course/share/nav2_course/config
[10.197s] -- Installing: /home/Gruppe4/ros2_ws/install/nav2_course/share/nav2_course/config/turtlebot3_world.pgm
[10.200s] -- Installing: /home/Gruppe4/ros2_ws/install/nav2_course/share/nav2_course/config/nav2.yaml
[10.203s] -- Installing: /home/Gruppe4/ros2_ws/install/nav2_course/share/nav2_course/config/nav2_default_view.rviz
[10.203s] -- Installing: /home/Gruppe4/ros2_ws/install/nav2_course/share/nav2_course/config/navigate_w_replanning_and_recovery_old.xml
[10.206s] -- Installing: /home/Gruppe4/ros2_ws/install/nav2_course/share/nav2_course/config/nav2_params.yaml
[10.208s] -- Installing: /home/Gruppe4/ros2_ws/install/nav2_course/share/nav2_course/config/navigate_w_replanning_and_recovery.xml
[10.208s] -- Installing: /home/Gruppe4/ros2_ws/install/nav2_course/share/nav2_course/config/localization_params.yaml
[10.211s] -- Installing: /home/Gruppe4/ros2_ws/install/nav2_course/share/nav2_course/config/nav2_house_sim_params.yaml
[10.212s] -- Installing: /home/Gruppe4/ros2_ws/install/nav2_course/share/nav2_course/config/turtlebot3_world.yaml
[10.216s] -- Installing: /home/Gruppe4/ros2_ws/install/nav2_course/share/nav2_course/config/default.rviz
[10.217s] -- Installing: /home/Gruppe4/ros2_ws/install/nav2_course/share/nav2_course/worlds
[10.220s] -- Installing: /home/Gruppe4/ros2_ws/install/nav2_course/share/nav2_course/worlds/house_waffle.model
[10.222s] -- Installing: /home/Gruppe4/ros2_ws/install/nav2_course/share/nav2_course/worlds/world_only.model
[10.222s] -- Installing: /home/Gruppe4/ros2_ws/install/nav2_course/share/nav2_course/worlds/waffle.model
[10.223s] -- Installing: /home/Gruppe4/ros2_ws/install/nav2_course/share/nav2_course/maps
[10.224s] -- Installing: /home/Gruppe4/ros2_ws/install/nav2_course/share/nav2_course/maps/turtlebot_area.yaml
[10.225s] -- Installing: /home/Gruppe4/ros2_ws/install/nav2_course/share/nav2_course/maps/turtlebot_area.pgm
[10.231s] -- Installing: /home/Gruppe4/ros2_ws/install/nav2_course/share/ament_index/resource_index/package_run_dependencies/nav2_course
[10.236s] -- Installing: /home/Gruppe4/ros2_ws/install/nav2_course/share/ament_index/resource_index/parent_prefix_path/nav2_course
[10.240s] -- Installing: /home/Gruppe4/ros2_ws/install/nav2_course/share/nav2_course/environment/ament_prefix_path.sh
[10.249s] -- Installing: /home/Gruppe4/ros2_ws/install/nav2_course/share/nav2_course/environment/ament_prefix_path.dsv
[10.250s] -- Installing: /home/Gruppe4/ros2_ws/install/nav2_course/share/nav2_course/environment/path.sh
[10.260s] -- Installing: /home/Gruppe4/ros2_ws/install/nav2_course/share/nav2_course/environment/path.dsv
[10.262s] -- Installing: /home/Gruppe4/ros2_ws/install/nav2_course/share/nav2_course/local_setup.bash
[10.265s] -- Installing: /home/Gruppe4/ros2_ws/install/nav2_course/share/nav2_course/local_setup.sh
[10.267s] -- Installing: /home/Gruppe4/ros2_ws/install/nav2_course/share/nav2_course/local_setup.zsh
[10.268s] -- Installing: /home/Gruppe4/ros2_ws/install/nav2_course/share/nav2_course/local_setup.dsv
[10.269s] -- Installing: /home/Gruppe4/ros2_ws/install/nav2_course/share/nav2_course/package.dsv
[10.270s] -- Installing: /home/Gruppe4/ros2_ws/install/nav2_course/share/ament_index/resource_index/packages/nav2_course
[10.270s] -- Installing: /home/Gruppe4/ros2_ws/install/nav2_course/share/nav2_course/cmake/nav2_courseConfig.cmake
[10.271s] -- Installing: /home/Gruppe4/ros2_ws/install/nav2_course/share/nav2_course/cmake/nav2_courseConfig-version.cmake
[10.272s] -- Installing: /home/Gruppe4/ros2_ws/install/nav2_course/share/nav2_course/package.xml
[10.273s] Invoked command in '/home/Gruppe4/ros2_ws/build/nav2_course' returned '0': CMAKE_PREFIX_PATH=${CMAKE_PREFIX_PATH}:/home/Gruppe4/ros2_ws/install/path_planner_server:/home/Gruppe4/ros2_ws/install/nav2_project:/home/Gruppe4/ros2_ws/install/map_server:/home/Gruppe4/ros2_ws/install/localization_server:/home/Gruppe4/ros2_ws/install/cartographer_slam:/home/Gruppe4/ros2_ws/install/assignment_3_pkg:/home/Gruppe4/ros2_ws/install/assignment_2_pkg:/home/Gruppe4/ros2_ws/install/asignment_1_pkg:/opt/ros/humble /usr/bin/cmake --install /home/Gruppe4/ros2_ws/build/nav2_course
