[0.095s] Invoking command in '/home/Gruppe4/ros2_ws/build/nav2_course': CMAKE_PREFIX_PATH=${CMAKE_PREFIX_PATH}:/home/Gruppe4/ros2_ws/install/path_planner_server:/home/Gruppe4/ros2_ws/install/nav2_project:/home/Gruppe4/ros2_ws/install/map_server:/home/Gruppe4/ros2_ws/install/localization_server:/home/Gruppe4/ros2_ws/install/cartographer_slam:/home/Gruppe4/ros2_ws/install/assignment_3_pkg:/home/Gruppe4/ros2_ws/install/assignment_2_pkg:/home/Gruppe4/ros2_ws/install/asignment_1_pkg:/opt/ros/humble /usr/bin/cmake --build /home/Gruppe4/ros2_ws/build/nav2_course -- -j4 -l4
[1.675s] Invoked command in '/home/Gruppe4/ros2_ws/build/nav2_course' returned '0': CMAKE_PREFIX_PATH=${CMAKE_PREFIX_PATH}:/home/Gruppe4/ros2_ws/install/path_planner_server:/home/Gruppe4/ros2_ws/install/nav2_project:/home/Gruppe4/ros2_ws/install/map_server:/home/Gruppe4/ros2_ws/install/localization_server:/home/Gruppe4/ros2_ws/install/cartographer_slam:/home/Gruppe4/ros2_ws/install/assignment_3_pkg:/home/Gruppe4/ros2_ws/install/assignment_2_pkg:/home/Gruppe4/ros2_ws/install/asignment_1_pkg:/opt/ros/humble /usr/bin/cmake --build /home/Gruppe4/ros2_ws/build/nav2_course -- -j4 -l4
[1.877s] Invoking command in '/home/Gruppe4/ros2_ws/build/nav2_course': CMAKE_PREFIX_PATH=${CMAKE_PREFIX_PATH}:/home/Gruppe4/ros2_ws/install/path_planner_server:/home/Gruppe4/ros2_ws/install/nav2_project:/home/Gruppe4/ros2_ws/install/map_server:/home/Gruppe4/ros2_ws/install/localization_server:/home/Gruppe4/ros2_ws/install/cartographer_slam:/home/Gruppe4/ros2_ws/install/assignment_3_pkg:/home/Gruppe4/ros2_ws/install/assignment_2_pkg:/home/Gruppe4/ros2_ws/install/asignment_1_pkg:/opt/ros/humble /usr/bin/cmake --install /home/Gruppe4/ros2_ws/build/nav2_course
[1.921s] -- Install configuration: "Release"
[1.923s] -- Up-to-date: /home/Gruppe4/ros2_ws/install/nav2_course/share/nav2_course/launch
[1.925s] -- Up-to-date: /home/Gruppe4/ros2_ws/install/nav2_course/share/nav2_course/launch/map_server_launch.py
[1.926s] -- Up-to-date: /home/Gruppe4/ros2_ws/install/nav2_course/share/nav2_course/launch/localization_launch.py
[1.928s] -- Up-to-date: /home/Gruppe4/ros2_ws/install/nav2_course/share/nav2_course/launch/rviz.launch.py
[1.929s] -- Up-to-date: /home/Gruppe4/ros2_ws/install/nav2_course/share/nav2_course/launch/nav2_demo.launch.py
[1.933s] -- Up-to-date: /home/Gruppe4/ros2_ws/install/nav2_course/share/nav2_course/launch/nav2_complete.launch.py
[1.938s] -- Up-to-date: /home/Gruppe4/ros2_ws/install/nav2_course/share/nav2_course/launch/tb3_world_navigation_with_tools_launch.py
[1.941s] -- Up-to-date: /home/Gruppe4/ros2_ws/install/nav2_course/share/nav2_course/launch/navigation2_launch.py
[1.942s] -- Up-to-date: /home/Gruppe4/ros2_ws/install/nav2_course/share/nav2_course/launch/map_saver.launch.py
[1.944s] -- Up-to-date: /home/Gruppe4/ros2_ws/install/nav2_course/share/nav2_course/config
[1.946s] -- Up-to-date: /home/Gruppe4/ros2_ws/install/nav2_course/share/nav2_course/config/turtlebot3_world.pgm
[1.949s] -- Up-to-date: /home/Gruppe4/ros2_ws/install/nav2_course/share/nav2_course/config/nav2.yaml
[1.951s] -- Up-to-date: /home/Gruppe4/ros2_ws/install/nav2_course/share/nav2_course/config/nav2_default_view.rviz
[1.952s] -- Up-to-date: /home/Gruppe4/ros2_ws/install/nav2_course/share/nav2_course/config/navigate_w_replanning_and_recovery_old.xml
[1.954s] -- Up-to-date: /home/Gruppe4/ros2_ws/install/nav2_course/share/nav2_course/config/nav2_params.yaml
[1.955s] -- Up-to-date: /home/Gruppe4/ros2_ws/install/nav2_course/share/nav2_course/config/navigate_w_replanning_and_recovery.xml
[1.957s] -- Up-to-date: /home/Gruppe4/ros2_ws/install/nav2_course/share/nav2_course/config/localization_params.yaml
[1.959s] -- Up-to-date: /home/Gruppe4/ros2_ws/install/nav2_course/share/nav2_course/config/nav2_house_sim_params.yaml
[1.960s] -- Up-to-date: /home/Gruppe4/ros2_ws/install/nav2_course/share/nav2_course/config/turtlebot3_world.yaml
[1.964s] -- Up-to-date: /home/Gruppe4/ros2_ws/install/nav2_course/share/nav2_course/config/default.rviz
[1.965s] -- Up-to-date: /home/Gruppe4/ros2_ws/install/nav2_course/share/nav2_course/worlds
[1.965s] -- Up-to-date: /home/Gruppe4/ros2_ws/install/nav2_course/share/nav2_course/worlds/house_waffle.model
[1.969s] -- Up-to-date: /home/Gruppe4/ros2_ws/install/nav2_course/share/nav2_course/worlds/world_only.model
[1.970s] -- Up-to-date: /home/Gruppe4/ros2_ws/install/nav2_course/share/nav2_course/worlds/waffle.model
[1.971s] -- Up-to-date: /home/Gruppe4/ros2_ws/install/nav2_course/share/nav2_course/maps
[1.972s] -- Up-to-date: /home/Gruppe4/ros2_ws/install/nav2_course/share/nav2_course/maps/turtlebot_area.yaml
[1.972s] -- Up-to-date: /home/Gruppe4/ros2_ws/install/nav2_course/share/nav2_course/maps/turtlebot_area.pgm
[1.973s] -- Up-to-date: /home/Gruppe4/ros2_ws/install/nav2_course/share/ament_index/resource_index/package_run_dependencies/nav2_course
[1.980s] -- Up-to-date: /home/Gruppe4/ros2_ws/install/nav2_course/share/ament_index/resource_index/parent_prefix_path/nav2_course
[1.982s] -- Up-to-date: /home/Gruppe4/ros2_ws/install/nav2_course/share/nav2_course/environment/ament_prefix_path.sh
[1.984s] -- Up-to-date: /home/Gruppe4/ros2_ws/install/nav2_course/share/nav2_course/environment/ament_prefix_path.dsv
[1.985s] -- Up-to-date: /home/Gruppe4/ros2_ws/install/nav2_course/share/nav2_course/environment/path.sh
[1.985s] -- Up-to-date: /home/Gruppe4/ros2_ws/install/nav2_course/share/nav2_course/environment/path.dsv
[1.998s] -- Up-to-date: /home/Gruppe4/ros2_ws/install/nav2_course/share/nav2_course/local_setup.bash
[2.010s] -- Up-to-date: /home/Gruppe4/ros2_ws/install/nav2_course/share/nav2_course/local_setup.sh
[2.011s] -- Up-to-date: /home/Gruppe4/ros2_ws/install/nav2_course/share/nav2_course/local_setup.zsh
[2.011s] -- Up-to-date: /home/Gruppe4/ros2_ws/install/nav2_course/share/nav2_course/local_setup.dsv
[2.012s] -- Installing: /home/Gruppe4/ros2_ws/install/nav2_course/share/nav2_course/package.dsv
[2.012s] -- Up-to-date: /home/Gruppe4/ros2_ws/install/nav2_course/share/ament_index/resource_index/packages/nav2_course
[2.013s] -- Up-to-date: /home/Gruppe4/ros2_ws/install/nav2_course/share/nav2_course/cmake/nav2_courseConfig.cmake
[2.013s] -- Up-to-date: /home/Gruppe4/ros2_ws/install/nav2_course/share/nav2_course/cmake/nav2_courseConfig-version.cmake
[2.014s] -- Up-to-date: /home/Gruppe4/ros2_ws/install/nav2_course/share/nav2_course/package.xml
[2.038s] Invoked command in '/home/Gruppe4/ros2_ws/build/nav2_course' returned '0': CMAKE_PREFIX_PATH=${CMAKE_PREFIX_PATH}:/home/Gruppe4/ros2_ws/install/path_planner_server:/home/Gruppe4/ros2_ws/install/nav2_project:/home/Gruppe4/ros2_ws/install/map_server:/home/Gruppe4/ros2_ws/install/localization_server:/home/Gruppe4/ros2_ws/install/cartographer_slam:/home/Gruppe4/ros2_ws/install/assignment_3_pkg:/home/Gruppe4/ros2_ws/install/assignment_2_pkg:/home/Gruppe4/ros2_ws/install/asignment_1_pkg:/opt/ros/humble /usr/bin/cmake --install /home/Gruppe4/ros2_ws/build/nav2_course
