[6.150s] Invoking command in '/home/Gruppe4/ros2_ws/src/map_server': PYTHONPATH=/home/Gruppe4/ros2_ws/build/map_server/prefix_override:/usr/lib/python3/dist-packages/colcon_core/task/python/colcon_distutils_commands:/home/Gruppe4/ros2_ws/install/map_server/lib/python3.10/site-packages:${PYTHONPATH} /usr/bin/python3 -W ignore:setup.py install is deprecated setup.py egg_info --egg-base ../../build/map_server build --build-base /home/Gruppe4/ros2_ws/build/map_server/build install --record /home/Gruppe4/ros2_ws/build/map_server/install.log --single-version-externally-managed install_data
[7.829s] running egg_info
[7.844s] writing ../../build/map_server/map_server.egg-info/PKG-INFO
[7.846s] writing dependency_links to ../../build/map_server/map_server.egg-info/dependency_links.txt
[7.848s] writing entry points to ../../build/map_server/map_server.egg-info/entry_points.txt
[7.848s] writing requirements to ../../build/map_server/map_server.egg-info/requires.txt
[7.849s] writing top-level names to ../../build/map_server/map_server.egg-info/top_level.txt
[7.863s] reading manifest file '../../build/map_server/map_server.egg-info/SOURCES.txt'
[7.868s] writing manifest file '../../build/map_server/map_server.egg-info/SOURCES.txt'
[7.869s] running build
[7.870s] running build_py
[7.872s] running install
[7.874s] running install_lib
[7.881s] running install_data
[7.886s] running install_egg_info
[7.897s] removing '/home/Gruppe4/ros2_ws/install/map_server/lib/python3.10/site-packages/map_server-0.0.0-py3.10.egg-info' (and everything under it)
[7.900s] Copying ../../build/map_server/map_server.egg-info to /home/Gruppe4/ros2_ws/install/map_server/lib/python3.10/site-packages/map_server-0.0.0-py3.10.egg-info
[7.910s] running install_scripts
[8.071s] writing list of installed files to '/home/Gruppe4/ros2_ws/build/map_server/install.log'
[8.405s] Invoked command in '/home/Gruppe4/ros2_ws/src/map_server' returned '0': PYTHONPATH=/home/Gruppe4/ros2_ws/build/map_server/prefix_override:/usr/lib/python3/dist-packages/colcon_core/task/python/colcon_distutils_commands:/home/Gruppe4/ros2_ws/install/map_server/lib/python3.10/site-packages:${PYTHONPATH} /usr/bin/python3 -W ignore:setup.py install is deprecated setup.py egg_info --egg-base ../../build/map_server build --build-base /home/Gruppe4/ros2_ws/build/map_server/build install --record /home/Gruppe4/ros2_ws/build/map_server/install.log --single-version-externally-managed install_data
