[7.669s] Invoking command in '/home/Gruppe4/ros2_ws/src/map_server': PYTHONPATH=/home/Gruppe4/ros2_ws/build/map_server/prefix_override:/usr/lib/python3/dist-packages/colcon_core/task/python/colcon_distutils_commands:/home/Gruppe4/ros2_ws/install/map_server/lib/python3.10/site-packages:${PYTHONPATH} /usr/bin/python3 -W ignore:setup.py install is deprecated setup.py egg_info --egg-base ../../build/map_server build --build-base /home/Gruppe4/ros2_ws/build/map_server/build install --record /home/Gruppe4/ros2_ws/build/map_server/install.log --single-version-externally-managed install_data
[10.193s] running egg_info
[10.202s] writing ../../build/map_server/map_server.egg-info/PKG-INFO
[10.202s] writing dependency_links to ../../build/map_server/map_server.egg-info/dependency_links.txt
[10.205s] writing entry points to ../../build/map_server/map_server.egg-info/entry_points.txt
[10.208s] writing requirements to ../../build/map_server/map_server.egg-info/requires.txt
[10.212s] writing top-level names to ../../build/map_server/map_server.egg-info/top_level.txt
[10.227s] reading manifest file '../../build/map_server/map_server.egg-info/SOURCES.txt'
[10.235s] writing manifest file '../../build/map_server/map_server.egg-info/SOURCES.txt'
[10.238s] running build
[10.239s] running build_py
[10.244s] running install
[10.244s] running install_lib
[10.254s] running install_data
[10.262s] running install_egg_info
[10.272s] removing '/home/Gruppe4/ros2_ws/install/map_server/lib/python3.10/site-packages/map_server-0.0.0-py3.10.egg-info' (and everything under it)
[10.284s] Copying ../../build/map_server/map_server.egg-info to /home/Gruppe4/ros2_ws/install/map_server/lib/python3.10/site-packages/map_server-0.0.0-py3.10.egg-info
[10.334s] running install_scripts
[10.449s] writing list of installed files to '/home/Gruppe4/ros2_ws/build/map_server/install.log'
[10.650s] Invoked command in '/home/Gruppe4/ros2_ws/src/map_server' returned '0': PYTHONPATH=/home/Gruppe4/ros2_ws/build/map_server/prefix_override:/usr/lib/python3/dist-packages/colcon_core/task/python/colcon_distutils_commands:/home/Gruppe4/ros2_ws/install/map_server/lib/python3.10/site-packages:${PYTHONPATH} /usr/bin/python3 -W ignore:setup.py install is deprecated setup.py egg_info --egg-base ../../build/map_server build --build-base /home/Gruppe4/ros2_ws/build/map_server/build install --record /home/Gruppe4/ros2_ws/build/map_server/install.log --single-version-externally-managed install_data
