[3.183s] Invoking command in '/home/Gruppe4/ros2_ws/build/nav2_course': CMAKE_PREFIX_PATH=${CMAKE_PREFIX_PATH}:/home/Gruppe4/ros2_ws/install/nav2_project:/home/Gruppe4/ros2_ws/install/cartographer_slam:/home/Gruppe4/ros2_ws/install/assignment_3_pkg:/home/Gruppe4/ros2_ws/install/assignment_2_pkg:/home/Gruppe4/ros2_ws/install/asignment_1_pkg:/opt/ros/humble /usr/bin/cmake --build /home/Gruppe4/ros2_ws/build/nav2_course -- -j4 -l4
[4.412s] Invoked command in '/home/Gruppe4/ros2_ws/build/nav2_course' returned '0': CMAKE_PREFIX_PATH=${CMAKE_PREFIX_PATH}:/home/Gruppe4/ros2_ws/install/nav2_project:/home/Gruppe4/ros2_ws/install/cartographer_slam:/home/Gruppe4/ros2_ws/install/assignment_3_pkg:/home/Gruppe4/ros2_ws/install/assignment_2_pkg:/home/Gruppe4/ros2_ws/install/asignment_1_pkg:/opt/ros/humble /usr/bin/cmake --build /home/Gruppe4/ros2_ws/build/nav2_course -- -j4 -l4
[4.594s] Invoking command in '/home/Gruppe4/ros2_ws/build/nav2_course': CMAKE_PREFIX_PATH=${CMAKE_PREFIX_PATH}:/home/Gruppe4/ros2_ws/install/nav2_project:/home/Gruppe4/ros2_ws/install/cartographer_slam:/home/Gruppe4/ros2_ws/install/assignment_3_pkg:/home/Gruppe4/ros2_ws/install/assignment_2_pkg:/home/Gruppe4/ros2_ws/install/asignment_1_pkg:/opt/ros/humble /usr/bin/cmake --install /home/Gruppe4/ros2_ws/build/nav2_course
[4.692s] -- Install configuration: "Release"
[4.695s] -- Up-to-date: /home/Gruppe4/ros2_ws/install/nav2_course/share/nav2_course/launch
[4.696s] -- Up-to-date: /home/Gruppe4/ros2_ws/install/nav2_course/share/nav2_course/launch/map_server_launch.py
[4.697s] -- Up-to-date: /home/Gruppe4/ros2_ws/install/nav2_course/share/nav2_course/launch/localization_launch.py
[4.698s] -- Up-to-date: /home/Gruppe4/ros2_ws/install/nav2_course/share/nav2_course/launch/rviz.launch.py
[4.699s] -- Up-to-date: /home/Gruppe4/ros2_ws/install/nav2_course/share/nav2_course/launch/nav2_demo.launch.py
[4.702s] -- Up-to-date: /home/Gruppe4/ros2_ws/install/nav2_course/share/nav2_course/launch/nav2_complete.launch.py
[4.703s] -- Up-to-date: /home/Gruppe4/ros2_ws/install/nav2_course/share/nav2_course/launch/tb3_world_navigation_with_tools_launch.py
[4.703s] -- Up-to-date: /home/Gruppe4/ros2_ws/install/nav2_course/share/nav2_course/launch/navigation2_launch.py
[4.705s] -- Up-to-date: /home/Gruppe4/ros2_ws/install/nav2_course/share/nav2_course/launch/map_saver.launch.py
[4.708s] -- Up-to-date: /home/Gruppe4/ros2_ws/install/nav2_course/share/nav2_course/config
[4.711s] -- Up-to-date: /home/Gruppe4/ros2_ws/install/nav2_course/share/nav2_course/config/turtlebot3_world.pgm
[4.713s] -- Up-to-date: /home/Gruppe4/ros2_ws/install/nav2_course/share/nav2_course/config/nav2.yaml
[4.715s] -- Up-to-date: /home/Gruppe4/ros2_ws/install/nav2_course/share/nav2_course/config/nav2_default_view.rviz
[4.715s] -- Up-to-date: /home/Gruppe4/ros2_ws/install/nav2_course/share/nav2_course/config/navigate_w_replanning_and_recovery_old.xml
[4.716s] -- Up-to-date: /home/Gruppe4/ros2_ws/install/nav2_course/share/nav2_course/config/nav2_params.yaml
[4.716s] -- Up-to-date: /home/Gruppe4/ros2_ws/install/nav2_course/share/nav2_course/config/navigate_w_replanning_and_recovery.xml
[4.717s] -- Up-to-date: /home/Gruppe4/ros2_ws/install/nav2_course/share/nav2_course/config/localization_params.yaml
[4.717s] -- Up-to-date: /home/Gruppe4/ros2_ws/install/nav2_course/share/nav2_course/config/nav2_house_sim_params.yaml
[4.718s] -- Up-to-date: /home/Gruppe4/ros2_ws/install/nav2_course/share/nav2_course/config/turtlebot3_world.yaml
[4.719s] -- Up-to-date: /home/Gruppe4/ros2_ws/install/nav2_course/share/nav2_course/config/default.rviz
[4.719s] -- Up-to-date: /home/Gruppe4/ros2_ws/install/nav2_course/share/nav2_course/worlds
[4.720s] -- Up-to-date: /home/Gruppe4/ros2_ws/install/nav2_course/share/nav2_course/worlds/house_waffle.model
[4.720s] -- Up-to-date: /home/Gruppe4/ros2_ws/install/nav2_course/share/nav2_course/worlds/world_only.model
[4.721s] -- Up-to-date: /home/Gruppe4/ros2_ws/install/nav2_course/share/nav2_course/worlds/waffle.model
[4.722s] -- Up-to-date: /home/Gruppe4/ros2_ws/install/nav2_course/share/nav2_course/maps
[4.723s] -- Up-to-date: /home/Gruppe4/ros2_ws/install/nav2_course/share/nav2_course/maps/turtlebot_area.yaml
[4.723s] -- Up-to-date: /home/Gruppe4/ros2_ws/install/nav2_course/share/nav2_course/maps/turtlebot_area.pgm
[4.724s] -- Up-to-date: /home/Gruppe4/ros2_ws/install/nav2_course/share/ament_index/resource_index/package_run_dependencies/nav2_course
[4.725s] -- Up-to-date: /home/Gruppe4/ros2_ws/install/nav2_course/share/ament_index/resource_index/parent_prefix_path/nav2_course
[4.739s] -- Up-to-date: /home/Gruppe4/ros2_ws/install/nav2_course/share/nav2_course/environment/ament_prefix_path.sh
[4.739s] -- Up-to-date: /home/Gruppe4/ros2_ws/install/nav2_course/share/nav2_course/environment/ament_prefix_path.dsv
[4.740s] -- Up-to-date: /home/Gruppe4/ros2_ws/install/nav2_course/share/nav2_course/environment/path.sh
[4.740s] -- Up-to-date: /home/Gruppe4/ros2_ws/install/nav2_course/share/nav2_course/environment/path.dsv
[4.741s] -- Up-to-date: /home/Gruppe4/ros2_ws/install/nav2_course/share/nav2_course/local_setup.bash
[4.741s] -- Up-to-date: /home/Gruppe4/ros2_ws/install/nav2_course/share/nav2_course/local_setup.sh
[4.742s] -- Up-to-date: /home/Gruppe4/ros2_ws/install/nav2_course/share/nav2_course/local_setup.zsh
[4.743s] -- Up-to-date: /home/Gruppe4/ros2_ws/install/nav2_course/share/nav2_course/local_setup.dsv
[4.743s] -- Installing: /home/Gruppe4/ros2_ws/install/nav2_course/share/nav2_course/package.dsv
[4.785s] -- Up-to-date: /home/Gruppe4/ros2_ws/install/nav2_course/share/ament_index/resource_index/packages/nav2_course
[4.786s] -- Up-to-date: /home/Gruppe4/ros2_ws/install/nav2_course/share/nav2_course/cmake/nav2_courseConfig.cmake
[4.787s] -- Up-to-date: /home/Gruppe4/ros2_ws/install/nav2_course/share/nav2_course/cmake/nav2_courseConfig-version.cmake
[4.788s] -- Up-to-date: /home/Gruppe4/ros2_ws/install/nav2_course/share/nav2_course/package.xml
[4.880s] Invoked command in '/home/Gruppe4/ros2_ws/build/nav2_course' returned '0': CMAKE_PREFIX_PATH=${CMAKE_PREFIX_PATH}:/home/Gruppe4/ros2_ws/install/nav2_project:/home/Gruppe4/ros2_ws/install/cartographer_slam:/home/Gruppe4/ros2_ws/install/assignment_3_pkg:/home/Gruppe4/ros2_ws/install/assignment_2_pkg:/home/Gruppe4/ros2_ws/install/asignment_1_pkg:/opt/ros/humble /usr/bin/cmake --install /home/Gruppe4/ros2_ws/build/nav2_course
