[6.447s] Invoking command in '/home/Gruppe4/ros2_ws/src/path_planner_server': PYTHONPATH=/home/Gruppe4/ros2_ws/build/path_planner_server/prefix_override:/usr/lib/python3/dist-packages/colcon_core/task/python/colcon_distutils_commands:/home/Gruppe4/ros2_ws/install/path_planner_server/lib/python3.10/site-packages:${PYTHONPATH} /usr/bin/python3 -W ignore:setup.py install is deprecated setup.py egg_info --egg-base ../../build/path_planner_server build --build-base /home/Gruppe4/ros2_ws/build/path_planner_server/build install --record /home/Gruppe4/ros2_ws/build/path_planner_server/install.log --single-version-externally-managed install_data
[7.795s] running egg_info
[7.798s] creating ../../build/path_planner_server/path_planner_server.egg-info
[7.805s] writing ../../build/path_planner_server/path_planner_server.egg-info/PKG-INFO
[7.807s] writing dependency_links to ../../build/path_planner_server/path_planner_server.egg-info/dependency_links.txt
[7.808s] writing entry points to ../../build/path_planner_server/path_planner_server.egg-info/entry_points.txt
[7.809s] writing requirements to ../../build/path_planner_server/path_planner_server.egg-info/requires.txt
[7.809s] writing top-level names to ../../build/path_planner_server/path_planner_server.egg-info/top_level.txt
[7.821s] writing manifest file '../../build/path_planner_server/path_planner_server.egg-info/SOURCES.txt'
[7.825s] reading manifest file '../../build/path_planner_server/path_planner_server.egg-info/SOURCES.txt'
[7.826s] writing manifest file '../../build/path_planner_server/path_planner_server.egg-info/SOURCES.txt'
[7.826s] running build
[7.831s] running build_py
[7.831s] creating /home/Gruppe4/ros2_ws/build/path_planner_server/build
[7.832s] creating /home/Gruppe4/ros2_ws/build/path_planner_server/build/lib
[7.836s] creating /home/Gruppe4/ros2_ws/build/path_planner_server/build/lib/path_planner_server
[7.837s] copying path_planner_server/__init__.py -> /home/Gruppe4/ros2_ws/build/path_planner_server/build/lib/path_planner_server
[7.838s] running install
[7.841s] running install_lib
[7.843s] creating /home/Gruppe4/ros2_ws/install/path_planner_server/lib/python3.10/site-packages/path_planner_server
[7.844s] copying /home/Gruppe4/ros2_ws/build/path_planner_server/build/lib/path_planner_server/__init__.py -> /home/Gruppe4/ros2_ws/install/path_planner_server/lib/python3.10/site-packages/path_planner_server
[7.847s] byte-compiling /home/Gruppe4/ros2_ws/install/path_planner_server/lib/python3.10/site-packages/path_planner_server/__init__.py to __init__.cpython-310.pyc
[7.848s] running install_data
[7.852s] creating /home/Gruppe4/ros2_ws/install/path_planner_server/share/ament_index
[7.860s] creating /home/Gruppe4/ros2_ws/install/path_planner_server/share/ament_index/resource_index
[7.861s] creating /home/Gruppe4/ros2_ws/install/path_planner_server/share/ament_index/resource_index/packages
[7.862s] copying resource/path_planner_server -> /home/Gruppe4/ros2_ws/install/path_planner_server/share/ament_index/resource_index/packages
[7.863s] copying package.xml -> /home/Gruppe4/ros2_ws/install/path_planner_server/share/path_planner_server
[7.863s] creating /home/Gruppe4/ros2_ws/install/path_planner_server/share/path_planner_server/launch
[7.870s] copying launch/pathplanner.launch.py -> /home/Gruppe4/ros2_ws/install/path_planner_server/share/path_planner_server/launch
[7.872s] creating /home/Gruppe4/ros2_ws/install/path_planner_server/share/path_planner_server/config
[7.873s] copying config/recovery.yaml -> /home/Gruppe4/ros2_ws/install/path_planner_server/share/path_planner_server/config
[7.874s] copying config/planner_server.yaml -> /home/Gruppe4/ros2_ws/install/path_planner_server/share/path_planner_server/config
[7.874s] copying config/controller.yaml -> /home/Gruppe4/ros2_ws/install/path_planner_server/share/path_planner_server/config
[7.880s] copying config/behavior.xml -> /home/Gruppe4/ros2_ws/install/path_planner_server/share/path_planner_server/config
[7.881s] copying config/bt_navigator.yaml -> /home/Gruppe4/ros2_ws/install/path_planner_server/share/path_planner_server/config
[7.881s] running install_egg_info
[7.882s] Copying ../../build/path_planner_server/path_planner_server.egg-info to /home/Gruppe4/ros2_ws/install/path_planner_server/lib/python3.10/site-packages/path_planner_server-0.0.0-py3.10.egg-info
[7.888s] running install_scripts
[8.004s] writing list of installed files to '/home/Gruppe4/ros2_ws/build/path_planner_server/install.log'
[8.169s] Invoked command in '/home/Gruppe4/ros2_ws/src/path_planner_server' returned '0': PYTHONPATH=/home/Gruppe4/ros2_ws/build/path_planner_server/prefix_override:/usr/lib/python3/dist-packages/colcon_core/task/python/colcon_distutils_commands:/home/Gruppe4/ros2_ws/install/path_planner_server/lib/python3.10/site-packages:${PYTHONPATH} /usr/bin/python3 -W ignore:setup.py install is deprecated setup.py egg_info --egg-base ../../build/path_planner_server build --build-base /home/Gruppe4/ros2_ws/build/path_planner_server/build install --record /home/Gruppe4/ros2_ws/build/path_planner_server/install.log --single-version-externally-managed install_data
