[6.084s] Invoking command in '/home/Gruppe4/ros2_ws/src/ros2_nav_files/nav2_project': PYTHONPATH=/home/Gruppe4/ros2_ws/build/nav2_project/prefix_override:/usr/lib/python3/dist-packages/colcon_core/task/python/colcon_distutils_commands:/home/Gruppe4/ros2_ws/install/nav2_project/lib/python3.10/site-packages:${PYTHONPATH} /usr/bin/python3 -W ignore:setup.py install is deprecated setup.py egg_info --egg-base ../../../build/nav2_project build --build-base /home/Gruppe4/ros2_ws/build/nav2_project/build install --record /home/Gruppe4/ros2_ws/build/nav2_project/install.log --install-scripts $base/lib/nav2_project --single-version-externally-managed install_data
[7.604s] /usr/lib/python3/dist-packages/setuptools/dist.py:723: UserWarning: Usage of dash-separated 'script-dir' will not be supported in future versions. Please use the underscore name 'script_dir' instead
[7.606s]   warnings.warn(
[7.661s] running egg_info
[7.667s] writing ../../../build/nav2_project/nav2_project.egg-info/PKG-INFO
[7.671s] writing dependency_links to ../../../build/nav2_project/nav2_project.egg-info/dependency_links.txt
[7.676s] writing entry points to ../../../build/nav2_project/nav2_project.egg-info/entry_points.txt
[7.679s] writing requirements to ../../../build/nav2_project/nav2_project.egg-info/requires.txt
[7.683s] writing top-level names to ../../../build/nav2_project/nav2_project.egg-info/top_level.txt
[7.696s] reading manifest file '../../../build/nav2_project/nav2_project.egg-info/SOURCES.txt'
[7.704s] writing manifest file '../../../build/nav2_project/nav2_project.egg-info/SOURCES.txt'
[7.707s] running build
[7.709s] running build_py
[7.716s] running install
[7.720s] running install_lib
[7.732s] running install_data
[7.740s] running install_egg_info
[7.760s] removing '/home/Gruppe4/ros2_ws/install/nav2_project/lib/python3.10/site-packages/nav2_project-0.0.0-py3.10.egg-info' (and everything under it)
[7.769s] Copying ../../../build/nav2_project/nav2_project.egg-info to /home/Gruppe4/ros2_ws/install/nav2_project/lib/python3.10/site-packages/nav2_project-0.0.0-py3.10.egg-info
[7.792s] running install_scripts
[7.935s] Installing go_to_pose script to /home/Gruppe4/ros2_ws/install/nav2_project/lib/nav2_project
[7.936s] Installing spot_recorder script to /home/Gruppe4/ros2_ws/install/nav2_project/lib/nav2_project
[7.939s] writing list of installed files to '/home/Gruppe4/ros2_ws/build/nav2_project/install.log'
[8.239s] Invoked command in '/home/Gruppe4/ros2_ws/src/ros2_nav_files/nav2_project' returned '0': PYTHONPATH=/home/Gruppe4/ros2_ws/build/nav2_project/prefix_override:/usr/lib/python3/dist-packages/colcon_core/task/python/colcon_distutils_commands:/home/Gruppe4/ros2_ws/install/nav2_project/lib/python3.10/site-packages:${PYTHONPATH} /usr/bin/python3 -W ignore:setup.py install is deprecated setup.py egg_info --egg-base ../../../build/nav2_project build --build-base /home/Gruppe4/ros2_ws/build/nav2_project/build install --record /home/Gruppe4/ros2_ws/build/nav2_project/install.log --install-scripts $base/lib/nav2_project --single-version-externally-managed install_data
