[0.000000] (-) TimerEvent: {}
[0.001797] (asignment_1_pkg) JobQueued: {'identifier': 'asignment_1_pkg', 'dependencies': OrderedDict()}
[0.002517] (assignment_2_pkg) JobQueued: {'identifier': 'assignment_2_pkg', 'dependencies': OrderedDict()}
[0.003034] (asignment_1_pkg) JobStarted: {'identifier': 'asignment_1_pkg'}
[0.042954] (assignment_2_pkg) JobStarted: {'identifier': 'assignment_2_pkg'}
[0.098673] (-) TimerEvent: {}
[0.199414] (-) TimerEvent: {}
[0.300295] (-) TimerEvent: {}
[0.401206] (-) TimerEvent: {}
[0.502036] (-) TimerEvent: {}
[0.602791] (-) TimerEvent: {}
[0.703591] (-) TimerEvent: {}
[0.804341] (-) TimerEvent: {}
[0.905247] (-) TimerEvent: {}
[1.006138] (-) TimerEvent: {}
[1.107055] (-) TimerEvent: {}
[1.208176] (-) TimerEvent: {}
[1.309007] (-) TimerEvent: {}
[1.409780] (-) TimerEvent: {}
[1.510590] (-) TimerEvent: {}
[1.611445] (-) TimerEvent: {}
[1.712225] (-) TimerEvent: {}
[1.813101] (-) TimerEvent: {}
[1.913965] (-) TimerEvent: {}
[2.014804] (-) TimerEvent: {}
[2.115666] (-) TimerEvent: {}
[2.216603] (-) TimerEvent: {}
[2.296202] (assignment_2_pkg) StderrLine: {'line': b'Traceback (most recent call last):\n  File "/usr/lib/python3/dist-packages/colcon_core/executor/__init__.py", line 91, in __call__\n    rc = await self.task(*args, **kwargs)\n  File "/usr/lib/python3/dist-packages/colcon_core/task/__init__.py", line 93, in __call__\n    return await task_method(*args, **kwargs)\n  File "/usr/lib/python3/dist-packages/colcon_ros/task/ament_python/build.py", line 51, in build\n    setup_py_data = get_setup_data(self.context.pkg, env)\n  File "/usr/lib/python3/dist-packages/colcon_core/task/python/__init__.py", line 20, in get_setup_data\n    return dict(pkg.metadata[key](env))\n  File "/usr/lib/python3/dist-packages/colcon_ros/package_augmentation/ros_ament_python.py", line 57, in getter\n    return get_setup_information(\n  File "/usr/lib/python3/dist-packages/colcon_python_setup_py/package_identification/python_setup_py.py", line 241, in get_setup_information\n    _setup_information_cache[hashable_env] = _get_setup_information(\n  File "/usr/lib/python3/dist-packages/colcon_python_setup_py/package_identification/python_setup_py.py", line 288, in _get_setup_information\n    result = subprocess.run(\n  File "/usr/lib/python3.10/subprocess.py", line 526, in run\n    raise CalledProcessError(retcode, process.args,\nsubprocess.CalledProcessError: Command \'[\'/usr/bin/python3\', \'-c\', \'import sys;from contextlib import suppress;exec("with suppress(ImportError):    from setuptools.extern.packaging.specifiers    import SpecifierSet");exec("with suppress(ImportError):    from packaging.specifiers import SpecifierSet");from distutils.core import run_setup;dist = run_setup(    \\\'setup.py\\\', script_args=(\\\'--dry-run\\\',), stop_after=\\\'config\\\');skip_keys = (\\\'cmdclass\\\', \\\'distclass\\\', \\\'ext_modules\\\', \\\'metadata\\\');data = {    key: value for key, value in dist.__dict__.items()     if (        not key.startswith(\\\'_\\\') and         not callable(value) and         key not in skip_keys and         key not in dist.display_option_names    )};data[\\\'metadata\\\'] = {    k: v for k, v in dist.metadata.__dict__.items()     if k not in (\\\'license_files\\\', \\\'provides_extras\\\')};sys.stdout.buffer.write(repr(data).encode(\\\'utf-8\\\'))\']\' returned non-zero exit status 1.\n'}
[2.300206] (assignment_2_pkg) JobEnded: {'identifier': 'assignment_2_pkg', 'rc': 1}
[2.301927] (asignment_1_pkg) JobEnded: {'identifier': 'asignment_1_pkg', 'rc': 'SIGINT'}
[2.311154] (-) EventReactorShutdown: {}
