[7.263s] Invoking command in '/home/Gruppe4/ros2_ws/src/cartographer_slam': PYTHONPATH=/home/Gruppe4/ros2_ws/build/cartographer_slam/prefix_override:/usr/lib/python3/dist-packages/colcon_core/task/python/colcon_distutils_commands:/home/Gruppe4/ros2_ws/install/cartographer_slam/lib/python3.10/site-packages:${PYTHONPATH} /usr/bin/python3 -W ignore:setup.py install is deprecated setup.py egg_info --egg-base ../../build/cartographer_slam build --build-base /home/Gruppe4/ros2_ws/build/cartographer_slam/build install --record /home/Gruppe4/ros2_ws/build/cartographer_slam/install.log --single-version-externally-managed install_data
[8.823s] running egg_info
[8.827s] writing ../../build/cartographer_slam/cartographer_slam.egg-info/PKG-INFO
[8.829s] writing dependency_links to ../../build/cartographer_slam/cartographer_slam.egg-info/dependency_links.txt
[8.832s] writing entry points to ../../build/cartographer_slam/cartographer_slam.egg-info/entry_points.txt
[8.833s] writing requirements to ../../build/cartographer_slam/cartographer_slam.egg-info/requires.txt
[8.833s] writing top-level names to ../../build/cartographer_slam/cartographer_slam.egg-info/top_level.txt
[8.842s] reading manifest file '../../build/cartographer_slam/cartographer_slam.egg-info/SOURCES.txt'
[8.849s] writing manifest file '../../build/cartographer_slam/cartographer_slam.egg-info/SOURCES.txt'
[8.849s] running build
[8.852s] running build_py
[8.854s] running install
[8.855s] running install_lib
[8.859s] running install_data
[8.861s] running install_egg_info
[8.871s] removing '/home/Gruppe4/ros2_ws/install/cartographer_slam/lib/python3.10/site-packages/cartographer_slam-0.0.0-py3.10.egg-info' (and everything under it)
[8.873s] Copying ../../build/cartographer_slam/cartographer_slam.egg-info to /home/Gruppe4/ros2_ws/install/cartographer_slam/lib/python3.10/site-packages/cartographer_slam-0.0.0-py3.10.egg-info
[8.883s] running install_scripts
[9.027s] writing list of installed files to '/home/Gruppe4/ros2_ws/build/cartographer_slam/install.log'
[9.435s] Invoked command in '/home/Gruppe4/ros2_ws/src/cartographer_slam' returned '0': PYTHONPATH=/home/Gruppe4/ros2_ws/build/cartographer_slam/prefix_override:/usr/lib/python3/dist-packages/colcon_core/task/python/colcon_distutils_commands:/home/Gruppe4/ros2_ws/install/cartographer_slam/lib/python3.10/site-packages:${PYTHONPATH} /usr/bin/python3 -W ignore:setup.py install is deprecated setup.py egg_info --egg-base ../../build/cartographer_slam build --build-base /home/Gruppe4/ros2_ws/build/cartographer_slam/build install --record /home/Gruppe4/ros2_ws/build/cartographer_slam/install.log --single-version-externally-managed install_data
