running egg_info
creating ../../build/asignment_1_pkg/asignment_1_pkg.egg-info
writing ../../build/asignment_1_pkg/asignment_1_pkg.egg-info/PKG-INFO
writing dependency_links to ../../build/asignment_1_pkg/asignment_1_pkg.egg-info/dependency_links.txt
writing entry points to ../../build/asignment_1_pkg/asignment_1_pkg.egg-info/entry_points.txt
writing requirements to ../../build/asignment_1_pkg/asignment_1_pkg.egg-info/requires.txt
writing top-level names to ../../build/asignment_1_pkg/asignment_1_pkg.egg-info/top_level.txt
writing manifest file '../../build/asignment_1_pkg/asignment_1_pkg.egg-info/SOURCES.txt'
reading manifest file '../../build/asignment_1_pkg/asignment_1_pkg.egg-info/SOURCES.txt'
writing manifest file '../../build/asignment_1_pkg/asignment_1_pkg.egg-info/SOURCES.txt'
running build
running build_py
creating /home/Gruppe4/ros2_ws/build/asignment_1_pkg/build
creating /home/Gruppe4/ros2_ws/build/asignment_1_pkg/build/lib
creating /home/Gruppe4/ros2_ws/build/asignment_1_pkg/build/lib/asignment_1_pkg
copying asignment_1_pkg/__init__.py -> /home/Gruppe4/ros2_ws/build/asignment_1_pkg/build/lib/asignment_1_pkg
copying asignment_1_pkg/laser_subscriber.py -> /home/Gruppe4/ros2_ws/build/asignment_1_pkg/build/lib/asignment_1_pkg
running install
running install_lib
creating /home/Gruppe4/ros2_ws/install/asignment_1_pkg/lib/python3.10/site-packages/asignment_1_pkg
copying /home/Gruppe4/ros2_ws/build/asignment_1_pkg/build/lib/asignment_1_pkg/__init__.py -> /home/Gruppe4/ros2_ws/install/asignment_1_pkg/lib/python3.10/site-packages/asignment_1_pkg
copying /home/Gruppe4/ros2_ws/build/asignment_1_pkg/build/lib/asignment_1_pkg/laser_subscriber.py -> /home/Gruppe4/ros2_ws/install/asignment_1_pkg/lib/python3.10/site-packages/asignment_1_pkg
byte-compiling /home/Gruppe4/ros2_ws/install/asignment_1_pkg/lib/python3.10/site-packages/asignment_1_pkg/__init__.py to __init__.cpython-310.pyc
byte-compiling /home/Gruppe4/ros2_ws/install/asignment_1_pkg/lib/python3.10/site-packages/asignment_1_pkg/laser_subscriber.py to laser_subscriber.cpython-310.pyc
running install_data
creating /home/Gruppe4/ros2_ws/install/asignment_1_pkg/share/ament_index
creating /home/Gruppe4/ros2_ws/install/asignment_1_pkg/share/ament_index/resource_index
creating /home/Gruppe4/ros2_ws/install/asignment_1_pkg/share/ament_index/resource_index/packages
copying resource/asignment_1_pkg -> /home/Gruppe4/ros2_ws/install/asignment_1_pkg/share/ament_index/resource_index/packages
copying package.xml -> /home/Gruppe4/ros2_ws/install/asignment_1_pkg/share/asignment_1_pkg
copying launch/laser_subscriber.launch.py -> /home/Gruppe4/ros2_ws/install/asignment_1_pkg/share/asignment_1_pkg
running install_egg_info
Copying ../../build/asignment_1_pkg/asignment_1_pkg.egg-info to /home/Gruppe4/ros2_ws/install/asignment_1_pkg/lib/python3.10/site-packages/asignment_1_pkg-0.0.0-py3.10.egg-info
running install_scripts
Installing laser_subscriber script to /home/Gruppe4/ros2_ws/install/asignment_1_pkg/lib/asignment_1_pkg
writing list of installed files to '/home/Gruppe4/ros2_ws/build/asignment_1_pkg/install.log'
