[5.163s] Invoking command in '/home/Gruppe4/ros2_ws/src/path_planner_server': PYTHONPATH=/home/Gruppe4/ros2_ws/build/path_planner_server/prefix_override:/usr/lib/python3/dist-packages/colcon_core/task/python/colcon_distutils_commands:/home/Gruppe4/ros2_ws/install/path_planner_server/lib/python3.10/site-packages:${PYTHONPATH} /usr/bin/python3 -W ignore:setup.py install is deprecated setup.py egg_info --egg-base ../../build/path_planner_server build --build-base /home/Gruppe4/ros2_ws/build/path_planner_server/build install --record /home/Gruppe4/ros2_ws/build/path_planner_server/install.log --single-version-externally-managed install_data
[6.373s] running egg_info
[6.375s] writing ../../build/path_planner_server/path_planner_server.egg-info/PKG-INFO
[6.377s] writing dependency_links to ../../build/path_planner_server/path_planner_server.egg-info/dependency_links.txt
[6.377s] writing entry points to ../../build/path_planner_server/path_planner_server.egg-info/entry_points.txt
[6.378s] writing requirements to ../../build/path_planner_server/path_planner_server.egg-info/requires.txt
[6.379s] writing top-level names to ../../build/path_planner_server/path_planner_server.egg-info/top_level.txt
[6.387s] reading manifest file '../../build/path_planner_server/path_planner_server.egg-info/SOURCES.txt'
[6.393s] writing manifest file '../../build/path_planner_server/path_planner_server.egg-info/SOURCES.txt'
[6.394s] running build
[6.394s] running build_py
[6.395s] running install
[6.397s] running install_lib
[6.402s] running install_data
[6.403s] copying launch/pathplanner.launch.py -> /home/Gruppe4/ros2_ws/install/path_planner_server/share/path_planner_server/launch
[6.405s] running install_egg_info
[6.412s] removing '/home/Gruppe4/ros2_ws/install/path_planner_server/lib/python3.10/site-packages/path_planner_server-0.0.0-py3.10.egg-info' (and everything under it)
[6.414s] Copying ../../build/path_planner_server/path_planner_server.egg-info to /home/Gruppe4/ros2_ws/install/path_planner_server/lib/python3.10/site-packages/path_planner_server-0.0.0-py3.10.egg-info
[6.422s] running install_scripts
[6.506s] writing list of installed files to '/home/Gruppe4/ros2_ws/build/path_planner_server/install.log'
[6.622s] Invoked command in '/home/Gruppe4/ros2_ws/src/path_planner_server' returned '0': PYTHONPATH=/home/Gruppe4/ros2_ws/build/path_planner_server/prefix_override:/usr/lib/python3/dist-packages/colcon_core/task/python/colcon_distutils_commands:/home/Gruppe4/ros2_ws/install/path_planner_server/lib/python3.10/site-packages:${PYTHONPATH} /usr/bin/python3 -W ignore:setup.py install is deprecated setup.py egg_info --egg-base ../../build/path_planner_server build --build-base /home/Gruppe4/ros2_ws/build/path_planner_server/build install --record /home/Gruppe4/ros2_ws/build/path_planner_server/install.log --single-version-externally-managed install_data
