[7.781s] Invoking command in '/home/Gruppe4/ros2_ws/src/assignment_2_pkg': PYTHONPATH=/home/Gruppe4/ros2_ws/build/assignment_2_pkg/prefix_override:/usr/lib/python3/dist-packages/colcon_core/task/python/colcon_distutils_commands:/home/Gruppe4/ros2_ws/install/assignment_2_pkg/lib/python3.10/site-packages:${PYTHONPATH} /usr/bin/python3 -W ignore:setup.py install is deprecated setup.py egg_info --egg-base ../../build/assignment_2_pkg build --build-base /home/Gruppe4/ros2_ws/build/assignment_2_pkg/build install --record /home/Gruppe4/ros2_ws/build/assignment_2_pkg/install.log --single-version-externally-managed install_data
[9.476s] running egg_info
[9.483s] writing ../../build/assignment_2_pkg/assignment_2_pkg.egg-info/PKG-INFO
[9.487s] writing dependency_links to ../../build/assignment_2_pkg/assignment_2_pkg.egg-info/dependency_links.txt
[9.493s] writing entry points to ../../build/assignment_2_pkg/assignment_2_pkg.egg-info/entry_points.txt
[9.494s] writing requirements to ../../build/assignment_2_pkg/assignment_2_pkg.egg-info/requires.txt
[9.496s] writing top-level names to ../../build/assignment_2_pkg/assignment_2_pkg.egg-info/top_level.txt
[9.503s] reading manifest file '../../build/assignment_2_pkg/assignment_2_pkg.egg-info/SOURCES.txt'
[9.516s] writing manifest file '../../build/assignment_2_pkg/assignment_2_pkg.egg-info/SOURCES.txt'
[9.545s] running build
[9.550s] running build_py
[9.559s] running install
[9.562s] running install_lib
[9.585s] running install_data
[9.587s] running install_egg_info
[9.629s] removing '/home/Gruppe4/ros2_ws/install/assignment_2_pkg/lib/python3.10/site-packages/assignment_2_pkg-0.0.0-py3.10.egg-info' (and everything under it)
[9.639s] Copying ../../build/assignment_2_pkg/assignment_2_pkg.egg-info to /home/Gruppe4/ros2_ws/install/assignment_2_pkg/lib/python3.10/site-packages/assignment_2_pkg-0.0.0-py3.10.egg-info
[9.672s] running install_scripts
[9.905s] Installing wall_follower script to /home/Gruppe4/ros2_ws/install/assignment_2_pkg/lib/assignment_2_pkg
[9.930s] writing list of installed files to '/home/Gruppe4/ros2_ws/build/assignment_2_pkg/install.log'
[10.212s] Invoked command in '/home/Gruppe4/ros2_ws/src/assignment_2_pkg' returned '0': PYTHONPATH=/home/Gruppe4/ros2_ws/build/assignment_2_pkg/prefix_override:/usr/lib/python3/dist-packages/colcon_core/task/python/colcon_distutils_commands:/home/Gruppe4/ros2_ws/install/assignment_2_pkg/lib/python3.10/site-packages:${PYTHONPATH} /usr/bin/python3 -W ignore:setup.py install is deprecated setup.py egg_info --egg-base ../../build/assignment_2_pkg build --build-base /home/Gruppe4/ros2_ws/build/assignment_2_pkg/build install --record /home/Gruppe4/ros2_ws/build/assignment_2_pkg/install.log --single-version-externally-managed install_data
