[1.291s] Invoking command in '/home/Gruppe4/ros2_ws/build/nav2_course': CMAKE_PREFIX_PATH=${CMAKE_PREFIX_PATH}:/home/Gruppe4/ros2_ws/install/path_planner_server:/home/Gruppe4/ros2_ws/install/nav2_project:/home/Gruppe4/ros2_ws/install/map_server:/home/Gruppe4/ros2_ws/install/localization_server:/home/Gruppe4/ros2_ws/install/cartographer_slam:/home/Gruppe4/ros2_ws/install/assignment_3_pkg:/home/Gruppe4/ros2_ws/install/assignment_2_pkg:/home/Gruppe4/ros2_ws/install/asignment_1_pkg:/opt/ros/humble /usr/bin/cmake --build /home/Gruppe4/ros2_ws/build/nav2_course -- -j4 -l4
[3.133s] Invoked command in '/home/Gruppe4/ros2_ws/build/nav2_course' returned '0': CMAKE_PREFIX_PATH=${CMAKE_PREFIX_PATH}:/home/Gruppe4/ros2_ws/install/path_planner_server:/home/Gruppe4/ros2_ws/install/nav2_project:/home/Gruppe4/ros2_ws/install/map_server:/home/Gruppe4/ros2_ws/install/localization_server:/home/Gruppe4/ros2_ws/install/cartographer_slam:/home/Gruppe4/ros2_ws/install/assignment_3_pkg:/home/Gruppe4/ros2_ws/install/assignment_2_pkg:/home/Gruppe4/ros2_ws/install/asignment_1_pkg:/opt/ros/humble /usr/bin/cmake --build /home/Gruppe4/ros2_ws/build/nav2_course -- -j4 -l4
[3.331s] Invoking command in '/home/Gruppe4/ros2_ws/build/nav2_course': CMAKE_PREFIX_PATH=${CMAKE_PREFIX_PATH}:/home/Gruppe4/ros2_ws/install/path_planner_server:/home/Gruppe4/ros2_ws/install/nav2_project:/home/Gruppe4/ros2_ws/install/map_server:/home/Gruppe4/ros2_ws/install/localization_server:/home/Gruppe4/ros2_ws/install/cartographer_slam:/home/Gruppe4/ros2_ws/install/assignment_3_pkg:/home/Gruppe4/ros2_ws/install/assignment_2_pkg:/home/Gruppe4/ros2_ws/install/asignment_1_pkg:/opt/ros/humble /usr/bin/cmake --install /home/Gruppe4/ros2_ws/build/nav2_course
[3.405s] -- Install configuration: "Release"
[3.407s] -- Up-to-date: /home/Gruppe4/ros2_ws/install/nav2_course/share/nav2_course/launch
[3.410s] -- Up-to-date: /home/Gruppe4/ros2_ws/install/nav2_course/share/nav2_course/launch/map_server_launch.py
[3.412s] -- Up-to-date: /home/Gruppe4/ros2_ws/install/nav2_course/share/nav2_course/launch/localization_launch.py
[3.414s] -- Up-to-date: /home/Gruppe4/ros2_ws/install/nav2_course/share/nav2_course/launch/rviz.launch.py
[3.415s] -- Up-to-date: /home/Gruppe4/ros2_ws/install/nav2_course/share/nav2_course/launch/nav2_demo.launch.py
[3.417s] -- Up-to-date: /home/Gruppe4/ros2_ws/install/nav2_course/share/nav2_course/launch/nav2_complete.launch.py
[3.419s] -- Up-to-date: /home/Gruppe4/ros2_ws/install/nav2_course/share/nav2_course/launch/tb3_world_navigation_with_tools_launch.py
[3.421s] -- Up-to-date: /home/Gruppe4/ros2_ws/install/nav2_course/share/nav2_course/launch/navigation2_launch.py
[3.423s] -- Up-to-date: /home/Gruppe4/ros2_ws/install/nav2_course/share/nav2_course/launch/map_saver.launch.py
[3.427s] -- Up-to-date: /home/Gruppe4/ros2_ws/install/nav2_course/share/nav2_course/config
[3.430s] -- Up-to-date: /home/Gruppe4/ros2_ws/install/nav2_course/share/nav2_course/config/turtlebot3_world.pgm
[3.431s] -- Up-to-date: /home/Gruppe4/ros2_ws/install/nav2_course/share/nav2_course/config/nav2.yaml
[3.432s] -- Up-to-date: /home/Gruppe4/ros2_ws/install/nav2_course/share/nav2_course/config/nav2_default_view.rviz
[3.437s] -- Up-to-date: /home/Gruppe4/ros2_ws/install/nav2_course/share/nav2_course/config/navigate_w_replanning_and_recovery_old.xml
[3.442s] -- Up-to-date: /home/Gruppe4/ros2_ws/install/nav2_course/share/nav2_course/config/nav2_params.yaml
[3.445s] -- Up-to-date: /home/Gruppe4/ros2_ws/install/nav2_course/share/nav2_course/config/navigate_w_replanning_and_recovery.xml
[3.447s] -- Up-to-date: /home/Gruppe4/ros2_ws/install/nav2_course/share/nav2_course/config/localization_params.yaml
[3.448s] -- Up-to-date: /home/Gruppe4/ros2_ws/install/nav2_course/share/nav2_course/config/nav2_house_sim_params.yaml
[3.450s] -- Up-to-date: /home/Gruppe4/ros2_ws/install/nav2_course/share/nav2_course/config/turtlebot3_world.yaml
[3.451s] -- Up-to-date: /home/Gruppe4/ros2_ws/install/nav2_course/share/nav2_course/config/default.rviz
[3.453s] -- Up-to-date: /home/Gruppe4/ros2_ws/install/nav2_course/share/nav2_course/worlds
[3.470s] -- Up-to-date: /home/Gruppe4/ros2_ws/install/nav2_course/share/nav2_course/worlds/house_waffle.model
[3.472s] -- Up-to-date: /home/Gruppe4/ros2_ws/install/nav2_course/share/nav2_course/worlds/world_only.model
[3.473s] -- Up-to-date: /home/Gruppe4/ros2_ws/install/nav2_course/share/nav2_course/worlds/waffle.model
[3.474s] -- Up-to-date: /home/Gruppe4/ros2_ws/install/nav2_course/share/nav2_course/maps
[3.475s] -- Up-to-date: /home/Gruppe4/ros2_ws/install/nav2_course/share/nav2_course/maps/turtlebot_area.yaml
[3.476s] -- Up-to-date: /home/Gruppe4/ros2_ws/install/nav2_course/share/nav2_course/maps/turtlebot_area.pgm
[3.476s] -- Up-to-date: /home/Gruppe4/ros2_ws/install/nav2_course/share/ament_index/resource_index/package_run_dependencies/nav2_course
[3.477s] -- Up-to-date: /home/Gruppe4/ros2_ws/install/nav2_course/share/ament_index/resource_index/parent_prefix_path/nav2_course
[3.478s] -- Up-to-date: /home/Gruppe4/ros2_ws/install/nav2_course/share/nav2_course/environment/ament_prefix_path.sh
[3.479s] -- Up-to-date: /home/Gruppe4/ros2_ws/install/nav2_course/share/nav2_course/environment/ament_prefix_path.dsv
[3.480s] -- Up-to-date: /home/Gruppe4/ros2_ws/install/nav2_course/share/nav2_course/environment/path.sh
[3.481s] -- Up-to-date: /home/Gruppe4/ros2_ws/install/nav2_course/share/nav2_course/environment/path.dsv
[3.502s] -- Up-to-date: /home/Gruppe4/ros2_ws/install/nav2_course/share/nav2_course/local_setup.bash
[3.504s] -- Up-to-date: /home/Gruppe4/ros2_ws/install/nav2_course/share/nav2_course/local_setup.sh
[3.504s] -- Up-to-date: /home/Gruppe4/ros2_ws/install/nav2_course/share/nav2_course/local_setup.zsh
[3.505s] -- Up-to-date: /home/Gruppe4/ros2_ws/install/nav2_course/share/nav2_course/local_setup.dsv
[3.505s] -- Installing: /home/Gruppe4/ros2_ws/install/nav2_course/share/nav2_course/package.dsv
[3.506s] -- Up-to-date: /home/Gruppe4/ros2_ws/install/nav2_course/share/ament_index/resource_index/packages/nav2_course
[3.506s] -- Up-to-date: /home/Gruppe4/ros2_ws/install/nav2_course/share/nav2_course/cmake/nav2_courseConfig.cmake
[3.507s] -- Up-to-date: /home/Gruppe4/ros2_ws/install/nav2_course/share/nav2_course/cmake/nav2_courseConfig-version.cmake
[3.508s] -- Up-to-date: /home/Gruppe4/ros2_ws/install/nav2_course/share/nav2_course/package.xml
[3.509s] Invoked command in '/home/Gruppe4/ros2_ws/build/nav2_course' returned '0': CMAKE_PREFIX_PATH=${CMAKE_PREFIX_PATH}:/home/Gruppe4/ros2_ws/install/path_planner_server:/home/Gruppe4/ros2_ws/install/nav2_project:/home/Gruppe4/ros2_ws/install/map_server:/home/Gruppe4/ros2_ws/install/localization_server:/home/Gruppe4/ros2_ws/install/cartographer_slam:/home/Gruppe4/ros2_ws/install/assignment_3_pkg:/home/Gruppe4/ros2_ws/install/assignment_2_pkg:/home/Gruppe4/ros2_ws/install/asignment_1_pkg:/opt/ros/humble /usr/bin/cmake --install /home/Gruppe4/ros2_ws/build/nav2_course
