[2.742s] Invoking command in '/home/Gruppe4/ros2_ws/src/assignment_2_pkg': PYTHONPATH=/home/Gruppe4/ros2_ws/build/assignment_2_pkg/prefix_override:/usr/lib/python3/dist-packages/colcon_core/task/python/colcon_distutils_commands:/home/Gruppe4/ros2_ws/install/assignment_2_pkg/lib/python3.10/site-packages:${PYTHONPATH} /usr/bin/python3 -W ignore:setup.py install is deprecated setup.py egg_info --egg-base ../../build/assignment_2_pkg build --build-base /home/Gruppe4/ros2_ws/build/assignment_2_pkg/build install --record /home/Gruppe4/ros2_ws/build/assignment_2_pkg/install.log --single-version-externally-managed install_data
[3.826s] running egg_info
[3.829s] writing ../../build/assignment_2_pkg/assignment_2_pkg.egg-info/PKG-INFO
[3.830s] writing dependency_links to ../../build/assignment_2_pkg/assignment_2_pkg.egg-info/dependency_links.txt
[3.832s] writing entry points to ../../build/assignment_2_pkg/assignment_2_pkg.egg-info/entry_points.txt
[3.836s] writing requirements to ../../build/assignment_2_pkg/assignment_2_pkg.egg-info/requires.txt
[3.837s] writing top-level names to ../../build/assignment_2_pkg/assignment_2_pkg.egg-info/top_level.txt
[3.840s] reading manifest file '../../build/assignment_2_pkg/assignment_2_pkg.egg-info/SOURCES.txt'
[3.846s] writing manifest file '../../build/assignment_2_pkg/assignment_2_pkg.egg-info/SOURCES.txt'
[3.846s] running build
[3.847s] running build_py
[3.847s] copying assignment_2_pkg/wall_follower.py -> /home/Gruppe4/ros2_ws/build/assignment_2_pkg/build/lib/assignment_2_pkg
[3.849s] running install
[3.855s] running install_lib
[3.856s] copying /home/Gruppe4/ros2_ws/build/assignment_2_pkg/build/lib/assignment_2_pkg/wall_follower.py -> /home/Gruppe4/ros2_ws/install/assignment_2_pkg/lib/python3.10/site-packages/assignment_2_pkg
[3.857s] byte-compiling /home/Gruppe4/ros2_ws/install/assignment_2_pkg/lib/python3.10/site-packages/assignment_2_pkg/wall_follower.py to wall_follower.cpython-310.pyc
[3.862s] running install_data
[3.863s] running install_egg_info
[3.870s] removing '/home/Gruppe4/ros2_ws/install/assignment_2_pkg/lib/python3.10/site-packages/assignment_2_pkg-0.0.0-py3.10.egg-info' (and everything under it)
[3.874s] Copying ../../build/assignment_2_pkg/assignment_2_pkg.egg-info to /home/Gruppe4/ros2_ws/install/assignment_2_pkg/lib/python3.10/site-packages/assignment_2_pkg-0.0.0-py3.10.egg-info
[3.882s] running install_scripts
[3.965s] Installing wall_follower script to /home/Gruppe4/ros2_ws/install/assignment_2_pkg/lib/assignment_2_pkg
[3.967s] writing list of installed files to '/home/Gruppe4/ros2_ws/build/assignment_2_pkg/install.log'
[4.086s] Invoked command in '/home/Gruppe4/ros2_ws/src/assignment_2_pkg' returned '0': PYTHONPATH=/home/Gruppe4/ros2_ws/build/assignment_2_pkg/prefix_override:/usr/lib/python3/dist-packages/colcon_core/task/python/colcon_distutils_commands:/home/Gruppe4/ros2_ws/install/assignment_2_pkg/lib/python3.10/site-packages:${PYTHONPATH} /usr/bin/python3 -W ignore:setup.py install is deprecated setup.py egg_info --egg-base ../../build/assignment_2_pkg build --build-base /home/Gruppe4/ros2_ws/build/assignment_2_pkg/build install --record /home/Gruppe4/ros2_ws/build/assignment_2_pkg/install.log --single-version-externally-managed install_data
