[5.637s] Invoking command in '/home/Gruppe4/ros2_ws/src/path_planner_server': PYTHONPATH=/home/Gruppe4/ros2_ws/build/path_planner_server/prefix_override:/usr/lib/python3/dist-packages/colcon_core/task/python/colcon_distutils_commands:/home/Gruppe4/ros2_ws/install/path_planner_server/lib/python3.10/site-packages:${PYTHONPATH} /usr/bin/python3 -W ignore:setup.py install is deprecated setup.py egg_info --egg-base ../../build/path_planner_server build --build-base /home/Gruppe4/ros2_ws/build/path_planner_server/build install --record /home/Gruppe4/ros2_ws/build/path_planner_server/install.log --single-version-externally-managed install_data
[7.067s] running egg_info
[7.072s] writing ../../build/path_planner_server/path_planner_server.egg-info/PKG-INFO
[7.074s] writing dependency_links to ../../build/path_planner_server/path_planner_server.egg-info/dependency_links.txt
[7.077s] writing entry points to ../../build/path_planner_server/path_planner_server.egg-info/entry_points.txt
[7.079s] writing requirements to ../../build/path_planner_server/path_planner_server.egg-info/requires.txt
[7.084s] writing top-level names to ../../build/path_planner_server/path_planner_server.egg-info/top_level.txt
[7.096s] reading manifest file '../../build/path_planner_server/path_planner_server.egg-info/SOURCES.txt'
[7.104s] writing manifest file '../../build/path_planner_server/path_planner_server.egg-info/SOURCES.txt'
[7.105s] running build
[7.105s] running build_py
[7.107s] running install
[7.108s] running install_lib
[7.118s] running install_data
[7.119s] copying launch/pathplanner.launch.py -> /home/Gruppe4/ros2_ws/install/path_planner_server/share/path_planner_server/launch
[7.122s] running install_egg_info
[7.133s] removing '/home/Gruppe4/ros2_ws/install/path_planner_server/lib/python3.10/site-packages/path_planner_server-0.0.0-py3.10.egg-info' (and everything under it)
[7.136s] Copying ../../build/path_planner_server/path_planner_server.egg-info to /home/Gruppe4/ros2_ws/install/path_planner_server/lib/python3.10/site-packages/path_planner_server-0.0.0-py3.10.egg-info
[7.147s] running install_scripts
[7.312s] writing list of installed files to '/home/Gruppe4/ros2_ws/build/path_planner_server/install.log'
[7.509s] Invoked command in '/home/Gruppe4/ros2_ws/src/path_planner_server' returned '0': PYTHONPATH=/home/Gruppe4/ros2_ws/build/path_planner_server/prefix_override:/usr/lib/python3/dist-packages/colcon_core/task/python/colcon_distutils_commands:/home/Gruppe4/ros2_ws/install/path_planner_server/lib/python3.10/site-packages:${PYTHONPATH} /usr/bin/python3 -W ignore:setup.py install is deprecated setup.py egg_info --egg-base ../../build/path_planner_server build --build-base /home/Gruppe4/ros2_ws/build/path_planner_server/build install --record /home/Gruppe4/ros2_ws/build/path_planner_server/install.log --single-version-externally-managed install_data
