[6.355s] Invoking command in '/home/Gruppe4/ros2_ws/src/ros2_nav_files/nav2_project': PYTHONPATH=/home/Gruppe4/ros2_ws/build/nav2_project/prefix_override:/usr/lib/python3/dist-packages/colcon_core/task/python/colcon_distutils_commands:/home/Gruppe4/ros2_ws/install/nav2_project/lib/python3.10/site-packages:${PYTHONPATH} /usr/bin/python3 -W ignore:setup.py install is deprecated setup.py egg_info --egg-base ../../../build/nav2_project build --build-base /home/Gruppe4/ros2_ws/build/nav2_project/build install --record /home/Gruppe4/ros2_ws/build/nav2_project/install.log --install-scripts $base/lib/nav2_project --single-version-externally-managed install_data
[8.778s] /usr/lib/python3/dist-packages/setuptools/dist.py:723: UserWarning: Usage of dash-separated 'script-dir' will not be supported in future versions. Please use the underscore name 'script_dir' instead
[8.778s]   warnings.warn(
[8.839s] running egg_info
[8.848s] writing ../../../build/nav2_project/nav2_project.egg-info/PKG-INFO
[8.852s] writing dependency_links to ../../../build/nav2_project/nav2_project.egg-info/dependency_links.txt
[8.856s] writing entry points to ../../../build/nav2_project/nav2_project.egg-info/entry_points.txt
[8.857s] writing requirements to ../../../build/nav2_project/nav2_project.egg-info/requires.txt
[8.858s] writing top-level names to ../../../build/nav2_project/nav2_project.egg-info/top_level.txt
[8.872s] reading manifest file '../../../build/nav2_project/nav2_project.egg-info/SOURCES.txt'
[8.879s] writing manifest file '../../../build/nav2_project/nav2_project.egg-info/SOURCES.txt'
[8.881s] running build
[8.882s] running build_py
[8.885s] running install
[8.885s] running install_lib
[8.893s] running install_data
[8.898s] running install_egg_info
[8.907s] removing '/home/Gruppe4/ros2_ws/install/nav2_project/lib/python3.10/site-packages/nav2_project-0.0.0-py3.10.egg-info' (and everything under it)
[8.913s] Copying ../../../build/nav2_project/nav2_project.egg-info to /home/Gruppe4/ros2_ws/install/nav2_project/lib/python3.10/site-packages/nav2_project-0.0.0-py3.10.egg-info
[8.923s] running install_scripts
[9.064s] Installing go_to_pose script to /home/Gruppe4/ros2_ws/install/nav2_project/lib/nav2_project
[9.067s] Installing spot_recorder script to /home/Gruppe4/ros2_ws/install/nav2_project/lib/nav2_project
[9.080s] writing list of installed files to '/home/Gruppe4/ros2_ws/build/nav2_project/install.log'
[9.244s] Invoked command in '/home/Gruppe4/ros2_ws/src/ros2_nav_files/nav2_project' returned '0': PYTHONPATH=/home/Gruppe4/ros2_ws/build/nav2_project/prefix_override:/usr/lib/python3/dist-packages/colcon_core/task/python/colcon_distutils_commands:/home/Gruppe4/ros2_ws/install/nav2_project/lib/python3.10/site-packages:${PYTHONPATH} /usr/bin/python3 -W ignore:setup.py install is deprecated setup.py egg_info --egg-base ../../../build/nav2_project build --build-base /home/Gruppe4/ros2_ws/build/nav2_project/build install --record /home/Gruppe4/ros2_ws/build/nav2_project/install.log --install-scripts $base/lib/nav2_project --single-version-externally-managed install_data
