[4.942s] Invoking command in '/home/Gruppe4/ros2_ws/src/localization_server': PYTHONPATH=/home/Gruppe4/ros2_ws/build/localization_server/prefix_override:/usr/lib/python3/dist-packages/colcon_core/task/python/colcon_distutils_commands:/home/Gruppe4/ros2_ws/install/localization_server/lib/python3.10/site-packages:${PYTHONPATH} /usr/bin/python3 -W ignore:setup.py install is deprecated setup.py egg_info --egg-base ../../build/localization_server build --build-base /home/Gruppe4/ros2_ws/build/localization_server/build install --record /home/Gruppe4/ros2_ws/build/localization_server/install.log --single-version-externally-managed install_data
[6.531s] running egg_info
[6.535s] writing ../../build/localization_server/localization_server.egg-info/PKG-INFO
[6.537s] writing dependency_links to ../../build/localization_server/localization_server.egg-info/dependency_links.txt
[6.539s] writing entry points to ../../build/localization_server/localization_server.egg-info/entry_points.txt
[6.541s] writing requirements to ../../build/localization_server/localization_server.egg-info/requires.txt
[6.543s] writing top-level names to ../../build/localization_server/localization_server.egg-info/top_level.txt
[6.556s] reading manifest file '../../build/localization_server/localization_server.egg-info/SOURCES.txt'
[6.562s] writing manifest file '../../build/localization_server/localization_server.egg-info/SOURCES.txt'
[6.563s] running build
[6.564s] running build_py
[6.566s] running install
[6.567s] running install_lib
[6.575s] running install_data
[6.576s] copying launch/localization.launch.py -> /home/Gruppe4/ros2_ws/install/localization_server/share/localization_server/launch
[6.578s] copying config/turtlebot_area.yaml -> /home/Gruppe4/ros2_ws/install/localization_server/share/localization_server/config
[6.579s] running install_egg_info
[6.590s] removing '/home/Gruppe4/ros2_ws/install/localization_server/lib/python3.10/site-packages/localization_server-0.0.0-py3.10.egg-info' (and everything under it)
[6.592s] Copying ../../build/localization_server/localization_server.egg-info to /home/Gruppe4/ros2_ws/install/localization_server/lib/python3.10/site-packages/localization_server-0.0.0-py3.10.egg-info
[6.603s] running install_scripts
[6.763s] writing list of installed files to '/home/Gruppe4/ros2_ws/build/localization_server/install.log'
[7.040s] Invoked command in '/home/Gruppe4/ros2_ws/src/localization_server' returned '0': PYTHONPATH=/home/Gruppe4/ros2_ws/build/localization_server/prefix_override:/usr/lib/python3/dist-packages/colcon_core/task/python/colcon_distutils_commands:/home/Gruppe4/ros2_ws/install/localization_server/lib/python3.10/site-packages:${PYTHONPATH} /usr/bin/python3 -W ignore:setup.py install is deprecated setup.py egg_info --egg-base ../../build/localization_server build --build-base /home/Gruppe4/ros2_ws/build/localization_server/build install --record /home/Gruppe4/ros2_ws/build/localization_server/install.log --single-version-externally-managed install_data
