[4.944s] Invoking command in '/home/Gruppe4/ros2_ws/src/localization_server': PYTHONPATH=/home/Gruppe4/ros2_ws/build/localization_server/prefix_override:/usr/lib/python3/dist-packages/colcon_core/task/python/colcon_distutils_commands:/home/Gruppe4/ros2_ws/install/localization_server/lib/python3.10/site-packages:${PYTHONPATH} /usr/bin/python3 -W ignore:setup.py install is deprecated setup.py egg_info --egg-base ../../build/localization_server build --build-base /home/Gruppe4/ros2_ws/build/localization_server/build install --record /home/Gruppe4/ros2_ws/build/localization_server/install.log --single-version-externally-managed install_data
[6.670s] running egg_info
[6.673s] writing ../../build/localization_server/localization_server.egg-info/PKG-INFO
[6.676s] writing dependency_links to ../../build/localization_server/localization_server.egg-info/dependency_links.txt
[6.678s] writing entry points to ../../build/localization_server/localization_server.egg-info/entry_points.txt
[6.680s] writing requirements to ../../build/localization_server/localization_server.egg-info/requires.txt
[6.681s] writing top-level names to ../../build/localization_server/localization_server.egg-info/top_level.txt
[6.688s] reading manifest file '../../build/localization_server/localization_server.egg-info/SOURCES.txt'
[6.697s] writing manifest file '../../build/localization_server/localization_server.egg-info/SOURCES.txt'
[6.700s] running build
[6.703s] running build_py
[6.707s] running install
[6.711s] running install_lib
[6.719s] running install_data
[6.723s] running install_egg_info
[6.737s] removing '/home/Gruppe4/ros2_ws/install/localization_server/lib/python3.10/site-packages/localization_server-0.0.0-py3.10.egg-info' (and everything under it)
[6.747s] Copying ../../build/localization_server/localization_server.egg-info to /home/Gruppe4/ros2_ws/install/localization_server/lib/python3.10/site-packages/localization_server-0.0.0-py3.10.egg-info
[6.796s] running install_scripts
[6.929s] writing list of installed files to '/home/Gruppe4/ros2_ws/build/localization_server/install.log'
[7.440s] Invoked command in '/home/Gruppe4/ros2_ws/src/localization_server' returned '0': PYTHONPATH=/home/Gruppe4/ros2_ws/build/localization_server/prefix_override:/usr/lib/python3/dist-packages/colcon_core/task/python/colcon_distutils_commands:/home/Gruppe4/ros2_ws/install/localization_server/lib/python3.10/site-packages:${PYTHONPATH} /usr/bin/python3 -W ignore:setup.py install is deprecated setup.py egg_info --egg-base ../../build/localization_server build --build-base /home/Gruppe4/ros2_ws/build/localization_server/build install --record /home/Gruppe4/ros2_ws/build/localization_server/install.log --single-version-externally-managed install_data
