[0.587s] DEBUG:colcon:Command line arguments: ['/usr/bin/colcon', 'build']
[0.588s] DEBUG:colcon:Parsed command line arguments: Namespace(log_base=None, log_level=None, verb_name='build', build_base='build', install_base='install', merge_install=False, symlink_install=False, test_result_base=None, continue_on_error=False, executor='parallel', parallel_workers=4, event_handlers=None, ignore_user_meta=False, metas=['./colcon.meta'], base_paths=['.'], packages_ignore=None, packages_ignore_regex=None, paths=None, packages_up_to=None, packages_up_to_regex=None, packages_above=None, packages_above_and_dependencies=None, packages_above_depth=None, packages_select_by_dep=None, packages_skip_by_dep=None, packages_skip_up_to=None, packages_select_build_failed=False, packages_skip_build_finished=False, packages_select_test_failures=False, packages_skip_test_passed=False, packages_select=None, packages_skip=None, packages_select_regex=None, packages_skip_regex=None, packages_start=None, packages_end=None, allow_overriding=[], cmake_args=None, cmake_target=None, cmake_target_skip_unavailable=False, cmake_clean_cache=False, cmake_clean_first=False, cmake_force_configure=False, ament_cmake_args=None, catkin_cmake_args=None, catkin_skip_building_tests=False, verb_parser=<colcon_defaults.argument_parser.defaults.DefaultArgumentsDecorator object at 0xffff903c2f80>, verb_extension=<colcon_core.verb.build.BuildVerb object at 0xffff9078fa90>, main=<bound method BuildVerb.main of <colcon_core.verb.build.BuildVerb object at 0xffff9078fa90>>)
[1.660s] Level 1:colcon.colcon_core.package_discovery:discover_packages(colcon_meta) check parameters
[1.661s] Level 1:colcon.colcon_core.package_discovery:discover_packages(recursive) check parameters
[1.661s] Level 1:colcon.colcon_core.package_discovery:discover_packages(ignore) check parameters
[1.661s] Level 1:colcon.colcon_core.package_discovery:discover_packages(path) check parameters
[1.661s] Level 1:colcon.colcon_core.package_discovery:discover_packages(colcon_meta) discover
[1.661s] Level 1:colcon.colcon_core.package_discovery:discover_packages(recursive) discover
[1.661s] INFO:colcon.colcon_core.package_discovery:Crawling recursively for packages in '/home/Gruppe4/ros2_ws'
[1.662s] Level 1:colcon.colcon_core.package_identification:_identify(.) by extensions ['ignore', 'ignore_ament_install']
[1.662s] Level 1:colcon.colcon_core.package_identification:_identify(.) by extension 'ignore'
[1.663s] Level 1:colcon.colcon_core.package_identification:_identify(.) by extension 'ignore_ament_install'
[1.663s] Level 1:colcon.colcon_core.package_identification:_identify(.) by extensions ['colcon_pkg']
[1.663s] Level 1:colcon.colcon_core.package_identification:_identify(.) by extension 'colcon_pkg'
[1.663s] Level 1:colcon.colcon_core.package_identification:_identify(.) by extensions ['colcon_meta']
[1.663s] Level 1:colcon.colcon_core.package_identification:_identify(.) by extension 'colcon_meta'
[1.663s] Level 1:colcon.colcon_core.package_identification:_identify(.) by extensions ['ros']
[1.664s] Level 1:colcon.colcon_core.package_identification:_identify(.) by extension 'ros'
[1.722s] Level 1:colcon.colcon_core.package_identification:_identify(.) by extensions ['cmake', 'python']
[1.722s] Level 1:colcon.colcon_core.package_identification:_identify(.) by extension 'cmake'
[1.723s] Level 1:colcon.colcon_core.package_identification:_identify(.) by extension 'python'
[1.723s] Level 1:colcon.colcon_core.package_identification:_identify(.) by extensions ['python_setup_py']
[1.723s] Level 1:colcon.colcon_core.package_identification:_identify(.) by extension 'python_setup_py'
[1.724s] Level 1:colcon.colcon_core.package_identification:_identify(build) by extensions ['ignore', 'ignore_ament_install']
[1.724s] Level 1:colcon.colcon_core.package_identification:_identify(build) by extension 'ignore'
[1.724s] Level 1:colcon.colcon_core.package_identification:_identify(build) ignored
[1.725s] Level 1:colcon.colcon_core.package_identification:_identify(install) by extensions ['ignore', 'ignore_ament_install']
[1.725s] Level 1:colcon.colcon_core.package_identification:_identify(install) by extension 'ignore'
[1.725s] Level 1:colcon.colcon_core.package_identification:_identify(install) ignored
[1.727s] Level 1:colcon.colcon_core.package_identification:_identify(log) by extensions ['ignore', 'ignore_ament_install']
[1.727s] Level 1:colcon.colcon_core.package_identification:_identify(log) by extension 'ignore'
[1.727s] Level 1:colcon.colcon_core.package_identification:_identify(log) ignored
[1.728s] Level 1:colcon.colcon_core.package_identification:_identify(src) by extensions ['ignore', 'ignore_ament_install']
[1.728s] Level 1:colcon.colcon_core.package_identification:_identify(src) by extension 'ignore'
[1.728s] Level 1:colcon.colcon_core.package_identification:_identify(src) by extension 'ignore_ament_install'
[1.729s] Level 1:colcon.colcon_core.package_identification:_identify(src) by extensions ['colcon_pkg']
[1.729s] Level 1:colcon.colcon_core.package_identification:_identify(src) by extension 'colcon_pkg'
[1.729s] Level 1:colcon.colcon_core.package_identification:_identify(src) by extensions ['colcon_meta']
[1.729s] Level 1:colcon.colcon_core.package_identification:_identify(src) by extension 'colcon_meta'
[1.729s] Level 1:colcon.colcon_core.package_identification:_identify(src) by extensions ['ros']
[1.729s] Level 1:colcon.colcon_core.package_identification:_identify(src) by extension 'ros'
[1.730s] Level 1:colcon.colcon_core.package_identification:_identify(src) by extensions ['cmake', 'python']
[1.730s] Level 1:colcon.colcon_core.package_identification:_identify(src) by extension 'cmake'
[1.731s] Level 1:colcon.colcon_core.package_identification:_identify(src) by extension 'python'
[1.731s] Level 1:colcon.colcon_core.package_identification:_identify(src) by extensions ['python_setup_py']
[1.731s] Level 1:colcon.colcon_core.package_identification:_identify(src) by extension 'python_setup_py'
[1.732s] Level 1:colcon.colcon_core.package_identification:_identify(src/asignment_1_pkg) by extensions ['ignore', 'ignore_ament_install']
[1.733s] Level 1:colcon.colcon_core.package_identification:_identify(src/asignment_1_pkg) by extension 'ignore'
[1.733s] Level 1:colcon.colcon_core.package_identification:_identify(src/asignment_1_pkg) by extension 'ignore_ament_install'
[1.733s] Level 1:colcon.colcon_core.package_identification:_identify(src/asignment_1_pkg) by extensions ['colcon_pkg']
[1.734s] Level 1:colcon.colcon_core.package_identification:_identify(src/asignment_1_pkg) by extension 'colcon_pkg'
[1.734s] Level 1:colcon.colcon_core.package_identification:_identify(src/asignment_1_pkg) by extensions ['colcon_meta']
[1.734s] Level 1:colcon.colcon_core.package_identification:_identify(src/asignment_1_pkg) by extension 'colcon_meta'
[1.734s] Level 1:colcon.colcon_core.package_identification:_identify(src/asignment_1_pkg) by extensions ['ros']
[1.735s] Level 1:colcon.colcon_core.package_identification:_identify(src/asignment_1_pkg) by extension 'ros'
[1.752s] DEBUG:colcon.colcon_core.package_identification:Package 'src/asignment_1_pkg' with type 'ros.ament_python' and name 'asignment_1_pkg'
[1.753s] Level 1:colcon.colcon_core.package_identification:_identify(src/assignment_2_pkg) by extensions ['ignore', 'ignore_ament_install']
[1.755s] Level 1:colcon.colcon_core.package_identification:_identify(src/assignment_2_pkg) by extension 'ignore'
[1.755s] Level 1:colcon.colcon_core.package_identification:_identify(src/assignment_2_pkg) by extension 'ignore_ament_install'
[1.756s] Level 1:colcon.colcon_core.package_identification:_identify(src/assignment_2_pkg) by extensions ['colcon_pkg']
[1.756s] Level 1:colcon.colcon_core.package_identification:_identify(src/assignment_2_pkg) by extension 'colcon_pkg'
[1.757s] Level 1:colcon.colcon_core.package_identification:_identify(src/assignment_2_pkg) by extensions ['colcon_meta']
[1.757s] Level 1:colcon.colcon_core.package_identification:_identify(src/assignment_2_pkg) by extension 'colcon_meta'
[1.757s] Level 1:colcon.colcon_core.package_identification:_identify(src/assignment_2_pkg) by extensions ['ros']
[1.758s] Level 1:colcon.colcon_core.package_identification:_identify(src/assignment_2_pkg) by extension 'ros'
[1.762s] DEBUG:colcon.colcon_core.package_identification:Package 'src/assignment_2_pkg' with type 'ros.ament_python' and name 'assignment_2_pkg'
[1.762s] Level 1:colcon.colcon_core.package_discovery:discover_packages(recursive) using defaults
[1.763s] Level 1:colcon.colcon_core.package_discovery:discover_packages(ignore) discover
[1.763s] Level 1:colcon.colcon_core.package_discovery:discover_packages(ignore) using defaults
[1.763s] Level 1:colcon.colcon_core.package_discovery:discover_packages(path) discover
[1.763s] Level 1:colcon.colcon_core.package_discovery:discover_packages(path) using defaults
[1.878s] Level 1:colcon.colcon_core.package_discovery:discover_packages(prefix_path) check parameters
[1.879s] Level 1:colcon.colcon_core.package_discovery:discover_packages(prefix_path) discover
[1.896s] DEBUG:colcon.colcon_installed_package_information.package_discovery:Found 2 installed packages in /home/Gruppe4/ros2_ws/install
[1.899s] DEBUG:colcon.colcon_installed_package_information.package_discovery:Found 1 installed packages in /home/Gruppe4/turtlebot3_ws/install
[1.909s] DEBUG:colcon.colcon_installed_package_information.package_discovery:Found 254 installed packages in /opt/ros/humble
[1.915s] Level 1:colcon.colcon_core.package_discovery:discover_packages(prefix_path) using defaults
[2.151s] Level 5:colcon.colcon_core.verb:set package 'asignment_1_pkg' build argument 'cmake_args' from command line to 'None'
[2.152s] Level 5:colcon.colcon_core.verb:set package 'asignment_1_pkg' build argument 'cmake_target' from command line to 'None'
[2.152s] Level 5:colcon.colcon_core.verb:set package 'asignment_1_pkg' build argument 'cmake_target_skip_unavailable' from command line to 'False'
[2.152s] Level 5:colcon.colcon_core.verb:set package 'asignment_1_pkg' build argument 'cmake_clean_cache' from command line to 'False'
[2.152s] Level 5:colcon.colcon_core.verb:set package 'asignment_1_pkg' build argument 'cmake_clean_first' from command line to 'False'
[2.152s] Level 5:colcon.colcon_core.verb:set package 'asignment_1_pkg' build argument 'cmake_force_configure' from command line to 'False'
[2.153s] Level 5:colcon.colcon_core.verb:set package 'asignment_1_pkg' build argument 'ament_cmake_args' from command line to 'None'
[2.153s] Level 5:colcon.colcon_core.verb:set package 'asignment_1_pkg' build argument 'catkin_cmake_args' from command line to 'None'
[2.153s] Level 5:colcon.colcon_core.verb:set package 'asignment_1_pkg' build argument 'catkin_skip_building_tests' from command line to 'False'
[2.153s] DEBUG:colcon.colcon_core.verb:Building package 'asignment_1_pkg' with the following arguments: {'ament_cmake_args': None, 'build_base': '/home/Gruppe4/ros2_ws/build/asignment_1_pkg', 'catkin_cmake_args': None, 'catkin_skip_building_tests': False, 'cmake_args': None, 'cmake_clean_cache': False, 'cmake_clean_first': False, 'cmake_force_configure': False, 'cmake_target': None, 'cmake_target_skip_unavailable': False, 'install_base': '/home/Gruppe4/ros2_ws/install/asignment_1_pkg', 'merge_install': False, 'path': '/home/Gruppe4/ros2_ws/src/asignment_1_pkg', 'symlink_install': False, 'test_result_base': None}
[2.155s] Level 5:colcon.colcon_core.verb:set package 'assignment_2_pkg' build argument 'cmake_args' from command line to 'None'
[2.155s] Level 5:colcon.colcon_core.verb:set package 'assignment_2_pkg' build argument 'cmake_target' from command line to 'None'
[2.155s] Level 5:colcon.colcon_core.verb:set package 'assignment_2_pkg' build argument 'cmake_target_skip_unavailable' from command line to 'False'
[2.155s] Level 5:colcon.colcon_core.verb:set package 'assignment_2_pkg' build argument 'cmake_clean_cache' from command line to 'False'
[2.156s] Level 5:colcon.colcon_core.verb:set package 'assignment_2_pkg' build argument 'cmake_clean_first' from command line to 'False'
[2.156s] Level 5:colcon.colcon_core.verb:set package 'assignment_2_pkg' build argument 'cmake_force_configure' from command line to 'False'
[2.156s] Level 5:colcon.colcon_core.verb:set package 'assignment_2_pkg' build argument 'ament_cmake_args' from command line to 'None'
[2.156s] Level 5:colcon.colcon_core.verb:set package 'assignment_2_pkg' build argument 'catkin_cmake_args' from command line to 'None'
[2.156s] Level 5:colcon.colcon_core.verb:set package 'assignment_2_pkg' build argument 'catkin_skip_building_tests' from command line to 'False'
[2.156s] DEBUG:colcon.colcon_core.verb:Building package 'assignment_2_pkg' with the following arguments: {'ament_cmake_args': None, 'build_base': '/home/Gruppe4/ros2_ws/build/assignment_2_pkg', 'catkin_cmake_args': None, 'catkin_skip_building_tests': False, 'cmake_args': None, 'cmake_clean_cache': False, 'cmake_clean_first': False, 'cmake_force_configure': False, 'cmake_target': None, 'cmake_target_skip_unavailable': False, 'install_base': '/home/Gruppe4/ros2_ws/install/assignment_2_pkg', 'merge_install': False, 'path': '/home/Gruppe4/ros2_ws/src/assignment_2_pkg', 'symlink_install': False, 'test_result_base': None}
[2.157s] INFO:colcon.colcon_core.executor:Executing jobs using 'parallel' executor
[2.160s] DEBUG:colcon.colcon_parallel_executor.executor.parallel:run_until_complete
[2.163s] INFO:colcon.colcon_ros.task.ament_python.build:Building ROS package in '/home/Gruppe4/ros2_ws/src/asignment_1_pkg' with build type 'ament_python'
[2.164s] Level 1:colcon.colcon_core.shell:create_environment_hook('asignment_1_pkg', 'ament_prefix_path')
[2.182s] INFO:colcon.colcon_core.plugin_system:Skipping extension 'colcon_core.shell.bat': Not used on non-Windows systems
[2.183s] INFO:colcon.colcon_core.shell:Creating environment hook '/home/Gruppe4/ros2_ws/install/asignment_1_pkg/share/asignment_1_pkg/hook/ament_prefix_path.ps1'
[2.187s] INFO:colcon.colcon_core.shell:Creating environment descriptor '/home/Gruppe4/ros2_ws/install/asignment_1_pkg/share/asignment_1_pkg/hook/ament_prefix_path.dsv'
[2.192s] INFO:colcon.colcon_core.shell:Creating environment hook '/home/Gruppe4/ros2_ws/install/asignment_1_pkg/share/asignment_1_pkg/hook/ament_prefix_path.sh'
[2.199s] INFO:colcon.colcon_core.shell:Skip shell extension 'powershell' for command environment: Not usable outside of PowerShell
[2.199s] DEBUG:colcon.colcon_core.shell:Skip shell extension 'dsv' for command environment
[2.220s] INFO:colcon.colcon_ros.task.ament_python.build:Building ROS package in '/home/Gruppe4/ros2_ws/src/assignment_2_pkg' with build type 'ament_python'
[2.221s] Level 1:colcon.colcon_core.shell:create_environment_hook('assignment_2_pkg', 'ament_prefix_path')
[2.222s] INFO:colcon.colcon_core.shell:Creating environment hook '/home/Gruppe4/ros2_ws/install/assignment_2_pkg/share/assignment_2_pkg/hook/ament_prefix_path.ps1'
[2.226s] INFO:colcon.colcon_core.shell:Creating environment descriptor '/home/Gruppe4/ros2_ws/install/assignment_2_pkg/share/assignment_2_pkg/hook/ament_prefix_path.dsv'
[2.230s] INFO:colcon.colcon_core.shell:Creating environment hook '/home/Gruppe4/ros2_ws/install/assignment_2_pkg/share/assignment_2_pkg/hook/ament_prefix_path.sh'
[2.233s] INFO:colcon.colcon_core.shell:Skip shell extension 'powershell' for command environment: Not usable outside of PowerShell
[2.233s] DEBUG:colcon.colcon_core.shell:Skip shell extension 'dsv' for command environment
[3.339s] INFO:colcon.colcon_core.task.python.build:Building Python package in '/home/Gruppe4/ros2_ws/src/asignment_1_pkg'
[3.340s] INFO:colcon.colcon_core.shell:Skip shell extension 'powershell' for command environment: Not usable outside of PowerShell
[3.340s] DEBUG:colcon.colcon_core.shell:Skip shell extension 'dsv' for command environment
[4.449s] INFO:colcon.colcon_core.task.python.build:Building Python package in '/home/Gruppe4/ros2_ws/src/assignment_2_pkg'
[4.450s] INFO:colcon.colcon_core.shell:Skip shell extension 'powershell' for command environment: Not usable outside of PowerShell
[4.451s] DEBUG:colcon.colcon_core.shell:Skip shell extension 'dsv' for command environment
[6.732s] DEBUG:colcon.colcon_core.event_handler.log_command:Invoking command in '/home/Gruppe4/ros2_ws/src/assignment_2_pkg': PYTHONPATH=/home/Gruppe4/ros2_ws/build/assignment_2_pkg/prefix_override:/usr/lib/python3/dist-packages/colcon_core/task/python/colcon_distutils_commands:/home/Gruppe4/ros2_ws/install/assignment_2_pkg/lib/python3.10/site-packages:${PYTHONPATH} /usr/bin/python3 -W ignore:setup.py install is deprecated setup.py egg_info --egg-base ../../build/assignment_2_pkg build --build-base /home/Gruppe4/ros2_ws/build/assignment_2_pkg/build install --record /home/Gruppe4/ros2_ws/build/assignment_2_pkg/install.log --single-version-externally-managed install_data
[6.762s] DEBUG:colcon.colcon_core.event_handler.log_command:Invoking command in '/home/Gruppe4/ros2_ws/src/asignment_1_pkg': PYTHONPATH=/home/Gruppe4/ros2_ws/build/asignment_1_pkg/prefix_override:/usr/lib/python3/dist-packages/colcon_core/task/python/colcon_distutils_commands:/home/Gruppe4/ros2_ws/install/asignment_1_pkg/lib/python3.10/site-packages:${PYTHONPATH} /usr/bin/python3 -W ignore:setup.py install is deprecated setup.py egg_info --egg-base ../../build/asignment_1_pkg build --build-base /home/Gruppe4/ros2_ws/build/asignment_1_pkg/build install --record /home/Gruppe4/ros2_ws/build/asignment_1_pkg/install.log --single-version-externally-managed install_data
[8.263s] DEBUG:colcon.colcon_core.event_handler.log_command:Invoked command in '/home/Gruppe4/ros2_ws/src/assignment_2_pkg' returned '0': PYTHONPATH=/home/Gruppe4/ros2_ws/build/assignment_2_pkg/prefix_override:/usr/lib/python3/dist-packages/colcon_core/task/python/colcon_distutils_commands:/home/Gruppe4/ros2_ws/install/assignment_2_pkg/lib/python3.10/site-packages:${PYTHONPATH} /usr/bin/python3 -W ignore:setup.py install is deprecated setup.py egg_info --egg-base ../../build/assignment_2_pkg build --build-base /home/Gruppe4/ros2_ws/build/assignment_2_pkg/build install --record /home/Gruppe4/ros2_ws/build/assignment_2_pkg/install.log --single-version-externally-managed install_data
[8.303s] Level 1:colcon.colcon_core.environment:checking '/home/Gruppe4/ros2_ws/install/assignment_2_pkg' for CMake module files
[8.307s] Level 1:colcon.colcon_core.environment:checking '/home/Gruppe4/ros2_ws/install/assignment_2_pkg' for CMake config files
[8.313s] Level 1:colcon.colcon_core.environment:checking '/home/Gruppe4/ros2_ws/install/assignment_2_pkg/lib'
[8.314s] Level 1:colcon.colcon_core.environment:checking '/home/Gruppe4/ros2_ws/install/assignment_2_pkg/bin'
[8.315s] Level 1:colcon.colcon_core.environment:checking '/home/Gruppe4/ros2_ws/install/assignment_2_pkg/lib/pkgconfig/assignment_2_pkg.pc'
[8.316s] Level 1:colcon.colcon_core.environment:checking '/home/Gruppe4/ros2_ws/install/assignment_2_pkg/lib/python3.10/site-packages'
[8.317s] Level 1:colcon.colcon_core.shell:create_environment_hook('assignment_2_pkg', 'pythonpath')
[8.318s] INFO:colcon.colcon_core.shell:Creating environment hook '/home/Gruppe4/ros2_ws/install/assignment_2_pkg/share/assignment_2_pkg/hook/pythonpath.ps1'
[8.320s] INFO:colcon.colcon_core.shell:Creating environment descriptor '/home/Gruppe4/ros2_ws/install/assignment_2_pkg/share/assignment_2_pkg/hook/pythonpath.dsv'
[8.322s] INFO:colcon.colcon_core.shell:Creating environment hook '/home/Gruppe4/ros2_ws/install/assignment_2_pkg/share/assignment_2_pkg/hook/pythonpath.sh'
[8.325s] Level 1:colcon.colcon_core.environment:checking '/home/Gruppe4/ros2_ws/install/assignment_2_pkg/bin'
[8.325s] Level 1:colcon.colcon_core.environment:create_environment_scripts_only(assignment_2_pkg)
[8.326s] INFO:colcon.colcon_core.shell:Creating package script '/home/Gruppe4/ros2_ws/install/assignment_2_pkg/share/assignment_2_pkg/package.ps1'
[8.331s] INFO:colcon.colcon_core.shell:Creating package descriptor '/home/Gruppe4/ros2_ws/install/assignment_2_pkg/share/assignment_2_pkg/package.dsv'
[8.337s] INFO:colcon.colcon_core.shell:Creating package script '/home/Gruppe4/ros2_ws/install/assignment_2_pkg/share/assignment_2_pkg/package.sh'
[8.344s] INFO:colcon.colcon_core.shell:Creating package script '/home/Gruppe4/ros2_ws/install/assignment_2_pkg/share/assignment_2_pkg/package.bash'
[8.352s] INFO:colcon.colcon_core.shell:Creating package script '/home/Gruppe4/ros2_ws/install/assignment_2_pkg/share/assignment_2_pkg/package.zsh'
[8.360s] Level 1:colcon.colcon_core.environment:create_file_with_runtime_dependencies(/home/Gruppe4/ros2_ws/install/assignment_2_pkg/share/colcon-core/packages/assignment_2_pkg)
[8.366s] Level 1:colcon.colcon_core.environment:checking '/home/Gruppe4/ros2_ws/install/asignment_1_pkg' for CMake module files
[8.368s] DEBUG:colcon.colcon_core.event_handler.log_command:Invoked command in '/home/Gruppe4/ros2_ws/src/asignment_1_pkg' returned '0': PYTHONPATH=/home/Gruppe4/ros2_ws/build/asignment_1_pkg/prefix_override:/usr/lib/python3/dist-packages/colcon_core/task/python/colcon_distutils_commands:/home/Gruppe4/ros2_ws/install/asignment_1_pkg/lib/python3.10/site-packages:${PYTHONPATH} /usr/bin/python3 -W ignore:setup.py install is deprecated setup.py egg_info --egg-base ../../build/asignment_1_pkg build --build-base /home/Gruppe4/ros2_ws/build/asignment_1_pkg/build install --record /home/Gruppe4/ros2_ws/build/asignment_1_pkg/install.log --single-version-externally-managed install_data
[8.370s] Level 1:colcon.colcon_core.environment:checking '/home/Gruppe4/ros2_ws/install/asignment_1_pkg' for CMake config files
[8.374s] Level 1:colcon.colcon_core.environment:checking '/home/Gruppe4/ros2_ws/install/asignment_1_pkg/lib'
[8.375s] Level 1:colcon.colcon_core.environment:checking '/home/Gruppe4/ros2_ws/install/asignment_1_pkg/bin'
[8.375s] Level 1:colcon.colcon_core.environment:checking '/home/Gruppe4/ros2_ws/install/asignment_1_pkg/lib/pkgconfig/asignment_1_pkg.pc'
[8.376s] Level 1:colcon.colcon_core.environment:checking '/home/Gruppe4/ros2_ws/install/asignment_1_pkg/lib/python3.10/site-packages'
[8.376s] Level 1:colcon.colcon_core.shell:create_environment_hook('asignment_1_pkg', 'pythonpath')
[8.377s] INFO:colcon.colcon_core.shell:Creating environment hook '/home/Gruppe4/ros2_ws/install/asignment_1_pkg/share/asignment_1_pkg/hook/pythonpath.ps1'
[8.379s] INFO:colcon.colcon_core.shell:Creating environment descriptor '/home/Gruppe4/ros2_ws/install/asignment_1_pkg/share/asignment_1_pkg/hook/pythonpath.dsv'
[8.381s] INFO:colcon.colcon_core.shell:Creating environment hook '/home/Gruppe4/ros2_ws/install/asignment_1_pkg/share/asignment_1_pkg/hook/pythonpath.sh'
[8.384s] Level 1:colcon.colcon_core.environment:checking '/home/Gruppe4/ros2_ws/install/asignment_1_pkg/bin'
[8.384s] Level 1:colcon.colcon_core.environment:create_environment_scripts_only(asignment_1_pkg)
[8.385s] INFO:colcon.colcon_core.shell:Creating package script '/home/Gruppe4/ros2_ws/install/asignment_1_pkg/share/asignment_1_pkg/package.ps1'
[8.388s] INFO:colcon.colcon_core.shell:Creating package descriptor '/home/Gruppe4/ros2_ws/install/asignment_1_pkg/share/asignment_1_pkg/package.dsv'
[8.390s] INFO:colcon.colcon_core.shell:Creating package script '/home/Gruppe4/ros2_ws/install/asignment_1_pkg/share/asignment_1_pkg/package.sh'
[8.392s] INFO:colcon.colcon_core.shell:Creating package script '/home/Gruppe4/ros2_ws/install/asignment_1_pkg/share/asignment_1_pkg/package.bash'
[8.394s] INFO:colcon.colcon_core.shell:Creating package script '/home/Gruppe4/ros2_ws/install/asignment_1_pkg/share/asignment_1_pkg/package.zsh'
[8.396s] Level 1:colcon.colcon_core.environment:create_file_with_runtime_dependencies(/home/Gruppe4/ros2_ws/install/asignment_1_pkg/share/colcon-core/packages/asignment_1_pkg)
[8.399s] DEBUG:colcon.colcon_parallel_executor.executor.parallel:closing loop
[8.401s] DEBUG:colcon.colcon_parallel_executor.executor.parallel:loop closed
[8.401s] DEBUG:colcon.colcon_parallel_executor.executor.parallel:run_until_complete finished with '0'
[8.402s] DEBUG:colcon.colcon_core.event_reactor:joining thread
[8.428s] INFO:colcon.colcon_core.plugin_system:Skipping extension 'colcon_notification.desktop_notification.notify_send': Could not find 'notify-send'
[8.429s] INFO:colcon.colcon_core.plugin_system:Skipping extension 'colcon_notification.desktop_notification.terminal_notifier': Not used on non-Darwin systems
[8.429s] INFO:colcon.colcon_core.plugin_system:Skipping extension 'colcon_notification.desktop_notification.win32': Not used on non-Windows systems
[8.429s] INFO:colcon.colcon_notification.desktop_notification:Sending desktop notification using 'notify2'
[8.461s] DEBUG:colcon.colcon_notification.desktop_notification.notify2:Failed to initialize notify2: org.freedesktop.DBus.Error.ServiceUnknown: The name org.freedesktop.Notifications was not provided by any .service files
[8.461s] DEBUG:colcon.colcon_core.event_reactor:joined thread
[8.463s] INFO:colcon.colcon_core.shell:Creating prefix script '/home/Gruppe4/ros2_ws/install/local_setup.ps1'
[8.468s] INFO:colcon.colcon_core.shell:Creating prefix util module '/home/Gruppe4/ros2_ws/install/_local_setup_util_ps1.py'
[8.476s] INFO:colcon.colcon_core.shell:Creating prefix chain script '/home/Gruppe4/ros2_ws/install/setup.ps1'
[8.484s] INFO:colcon.colcon_core.shell:Creating prefix script '/home/Gruppe4/ros2_ws/install/local_setup.sh'
[8.490s] INFO:colcon.colcon_core.shell:Creating prefix util module '/home/Gruppe4/ros2_ws/install/_local_setup_util_sh.py'
[8.492s] INFO:colcon.colcon_core.shell:Creating prefix chain script '/home/Gruppe4/ros2_ws/install/setup.sh'
[8.500s] INFO:colcon.colcon_core.shell:Creating prefix script '/home/Gruppe4/ros2_ws/install/local_setup.bash'
[8.505s] INFO:colcon.colcon_core.shell:Creating prefix chain script '/home/Gruppe4/ros2_ws/install/setup.bash'
[8.511s] INFO:colcon.colcon_core.shell:Creating prefix script '/home/Gruppe4/ros2_ws/install/local_setup.zsh'
[8.517s] INFO:colcon.colcon_core.shell:Creating prefix chain script '/home/Gruppe4/ros2_ws/install/setup.zsh'
