[7.550s] Invoking command in '/home/Gruppe4/ros2_ws/src/cartographer_slam': PYTHONPATH=/home/Gruppe4/ros2_ws/build/cartographer_slam/prefix_override:/usr/lib/python3/dist-packages/colcon_core/task/python/colcon_distutils_commands:/home/Gruppe4/ros2_ws/install/cartographer_slam/lib/python3.10/site-packages:${PYTHONPATH} /usr/bin/python3 -W ignore:setup.py install is deprecated setup.py egg_info --egg-base ../../build/cartographer_slam build --build-base /home/Gruppe4/ros2_ws/build/cartographer_slam/build install --record /home/Gruppe4/ros2_ws/build/cartographer_slam/install.log --single-version-externally-managed install_data
[9.965s] running egg_info
[9.968s] writing ../../build/cartographer_slam/cartographer_slam.egg-info/PKG-INFO
[9.972s] writing dependency_links to ../../build/cartographer_slam/cartographer_slam.egg-info/dependency_links.txt
[9.973s] writing entry points to ../../build/cartographer_slam/cartographer_slam.egg-info/entry_points.txt
[9.977s] writing requirements to ../../build/cartographer_slam/cartographer_slam.egg-info/requires.txt
[9.978s] writing top-level names to ../../build/cartographer_slam/cartographer_slam.egg-info/top_level.txt
[9.978s] reading manifest file '../../build/cartographer_slam/cartographer_slam.egg-info/SOURCES.txt'
[9.988s] writing manifest file '../../build/cartographer_slam/cartographer_slam.egg-info/SOURCES.txt'
[9.989s] running build
[9.990s] running build_py
[9.990s] running install
[9.991s] running install_lib
[10.004s] running install_data
[10.005s] running install_egg_info
[10.006s] removing '/home/Gruppe4/ros2_ws/install/cartographer_slam/lib/python3.10/site-packages/cartographer_slam-0.0.0-py3.10.egg-info' (and everything under it)
[10.008s] Copying ../../build/cartographer_slam/cartographer_slam.egg-info to /home/Gruppe4/ros2_ws/install/cartographer_slam/lib/python3.10/site-packages/cartographer_slam-0.0.0-py3.10.egg-info
[10.017s] running install_scripts
[10.137s] writing list of installed files to '/home/Gruppe4/ros2_ws/build/cartographer_slam/install.log'
[11.580s] Invoked command in '/home/Gruppe4/ros2_ws/src/cartographer_slam' returned '0': PYTHONPATH=/home/Gruppe4/ros2_ws/build/cartographer_slam/prefix_override:/usr/lib/python3/dist-packages/colcon_core/task/python/colcon_distutils_commands:/home/Gruppe4/ros2_ws/install/cartographer_slam/lib/python3.10/site-packages:${PYTHONPATH} /usr/bin/python3 -W ignore:setup.py install is deprecated setup.py egg_info --egg-base ../../build/cartographer_slam build --build-base /home/Gruppe4/ros2_ws/build/cartographer_slam/build install --record /home/Gruppe4/ros2_ws/build/cartographer_slam/install.log --single-version-externally-managed install_data
