[3.986s] Invoking command in '/home/Gruppe4/ros2_ws/src/path_planner_server': PYTHONPATH=/home/Gruppe4/ros2_ws/build/path_planner_server/prefix_override:/usr/lib/python3/dist-packages/colcon_core/task/python/colcon_distutils_commands:/home/Gruppe4/ros2_ws/install/path_planner_server/lib/python3.10/site-packages:${PYTHONPATH} /usr/bin/python3 -W ignore:setup.py install is deprecated setup.py egg_info --egg-base ../../build/path_planner_server build --build-base /home/Gruppe4/ros2_ws/build/path_planner_server/build install --record /home/Gruppe4/ros2_ws/build/path_planner_server/install.log --single-version-externally-managed install_data
[5.784s] running egg_info
[5.787s] writing ../../build/path_planner_server/path_planner_server.egg-info/PKG-INFO
[5.788s] writing dependency_links to ../../build/path_planner_server/path_planner_server.egg-info/dependency_links.txt
[5.788s] writing entry points to ../../build/path_planner_server/path_planner_server.egg-info/entry_points.txt
[5.789s] writing requirements to ../../build/path_planner_server/path_planner_server.egg-info/requires.txt
[5.790s] writing top-level names to ../../build/path_planner_server/path_planner_server.egg-info/top_level.txt
[5.798s] reading manifest file '../../build/path_planner_server/path_planner_server.egg-info/SOURCES.txt'
[5.803s] writing manifest file '../../build/path_planner_server/path_planner_server.egg-info/SOURCES.txt'
[5.803s] running build
[5.804s] running build_py
[5.805s] running install
[5.806s] running install_lib
[5.812s] running install_data
[5.814s] running install_egg_info
[5.821s] removing '/home/Gruppe4/ros2_ws/install/path_planner_server/lib/python3.10/site-packages/path_planner_server-0.0.0-py3.10.egg-info' (and everything under it)
[5.823s] Copying ../../build/path_planner_server/path_planner_server.egg-info to /home/Gruppe4/ros2_ws/install/path_planner_server/lib/python3.10/site-packages/path_planner_server-0.0.0-py3.10.egg-info
[5.828s] running install_scripts
[5.911s] writing list of installed files to '/home/Gruppe4/ros2_ws/build/path_planner_server/install.log'
[6.030s] Invoked command in '/home/Gruppe4/ros2_ws/src/path_planner_server' returned '0': PYTHONPATH=/home/Gruppe4/ros2_ws/build/path_planner_server/prefix_override:/usr/lib/python3/dist-packages/colcon_core/task/python/colcon_distutils_commands:/home/Gruppe4/ros2_ws/install/path_planner_server/lib/python3.10/site-packages:${PYTHONPATH} /usr/bin/python3 -W ignore:setup.py install is deprecated setup.py egg_info --egg-base ../../build/path_planner_server build --build-base /home/Gruppe4/ros2_ws/build/path_planner_server/build install --record /home/Gruppe4/ros2_ws/build/path_planner_server/install.log --single-version-externally-managed install_data
