[4.012s] Invoking command in '/home/Gruppe4/ros2_ws/src/assignment_2_pkg': PYTHONPATH=/home/Gruppe4/ros2_ws/build/assignment_2_pkg/prefix_override:/usr/lib/python3/dist-packages/colcon_core/task/python/colcon_distutils_commands:/home/Gruppe4/ros2_ws/install/assignment_2_pkg/lib/python3.10/site-packages:${PYTHONPATH} /usr/bin/python3 -W ignore:setup.py install is deprecated setup.py egg_info --egg-base ../../build/assignment_2_pkg build --build-base /home/Gruppe4/ros2_ws/build/assignment_2_pkg/build install --record /home/Gruppe4/ros2_ws/build/assignment_2_pkg/install.log --single-version-externally-managed install_data
[5.214s] running egg_info
[5.217s] writing ../../build/assignment_2_pkg/assignment_2_pkg.egg-info/PKG-INFO
[5.219s] writing dependency_links to ../../build/assignment_2_pkg/assignment_2_pkg.egg-info/dependency_links.txt
[5.220s] writing entry points to ../../build/assignment_2_pkg/assignment_2_pkg.egg-info/entry_points.txt
[5.221s] writing requirements to ../../build/assignment_2_pkg/assignment_2_pkg.egg-info/requires.txt
[5.222s] writing top-level names to ../../build/assignment_2_pkg/assignment_2_pkg.egg-info/top_level.txt
[5.231s] reading manifest file '../../build/assignment_2_pkg/assignment_2_pkg.egg-info/SOURCES.txt'
[5.237s] writing manifest file '../../build/assignment_2_pkg/assignment_2_pkg.egg-info/SOURCES.txt'
[5.238s] running build
[5.239s] running build_py
[5.240s] copying assignment_2_pkg/wall_follower.py -> /home/Gruppe4/ros2_ws/build/assignment_2_pkg/build/lib/assignment_2_pkg
[5.241s] running install
[5.243s] running install_lib
[5.247s] copying /home/Gruppe4/ros2_ws/build/assignment_2_pkg/build/lib/assignment_2_pkg/wall_follower.py -> /home/Gruppe4/ros2_ws/install/assignment_2_pkg/lib/python3.10/site-packages/assignment_2_pkg
[5.250s] byte-compiling /home/Gruppe4/ros2_ws/install/assignment_2_pkg/lib/python3.10/site-packages/assignment_2_pkg/wall_follower.py to wall_follower.cpython-310.pyc
[5.255s] running install_data
[5.256s] running install_egg_info
[5.265s] removing '/home/Gruppe4/ros2_ws/install/assignment_2_pkg/lib/python3.10/site-packages/assignment_2_pkg-0.0.0-py3.10.egg-info' (and everything under it)
[5.267s] Copying ../../build/assignment_2_pkg/assignment_2_pkg.egg-info to /home/Gruppe4/ros2_ws/install/assignment_2_pkg/lib/python3.10/site-packages/assignment_2_pkg-0.0.0-py3.10.egg-info
[5.276s] running install_scripts
[5.399s] Installing wall_follower script to /home/Gruppe4/ros2_ws/install/assignment_2_pkg/lib/assignment_2_pkg
[5.402s] writing list of installed files to '/home/Gruppe4/ros2_ws/build/assignment_2_pkg/install.log'
[5.589s] Invoked command in '/home/Gruppe4/ros2_ws/src/assignment_2_pkg' returned '0': PYTHONPATH=/home/Gruppe4/ros2_ws/build/assignment_2_pkg/prefix_override:/usr/lib/python3/dist-packages/colcon_core/task/python/colcon_distutils_commands:/home/Gruppe4/ros2_ws/install/assignment_2_pkg/lib/python3.10/site-packages:${PYTHONPATH} /usr/bin/python3 -W ignore:setup.py install is deprecated setup.py egg_info --egg-base ../../build/assignment_2_pkg build --build-base /home/Gruppe4/ros2_ws/build/assignment_2_pkg/build install --record /home/Gruppe4/ros2_ws/build/assignment_2_pkg/install.log --single-version-externally-managed install_data
