[3.848s] Invoking command in '/home/Gruppe4/ros2_ws/src/path_planner_server': PYTHONPATH=/home/Gruppe4/ros2_ws/build/path_planner_server/prefix_override:/usr/lib/python3/dist-packages/colcon_core/task/python/colcon_distutils_commands:/home/Gruppe4/ros2_ws/install/path_planner_server/lib/python3.10/site-packages:${PYTHONPATH} /usr/bin/python3 -W ignore:setup.py install is deprecated setup.py egg_info --egg-base ../../build/path_planner_server build --build-base /home/Gruppe4/ros2_ws/build/path_planner_server/build install --record /home/Gruppe4/ros2_ws/build/path_planner_server/install.log --single-version-externally-managed install_data
[4.905s] running egg_info
[4.908s] writing ../../build/path_planner_server/path_planner_server.egg-info/PKG-INFO
[4.911s] writing dependency_links to ../../build/path_planner_server/path_planner_server.egg-info/dependency_links.txt
[4.912s] writing entry points to ../../build/path_planner_server/path_planner_server.egg-info/entry_points.txt
[4.914s] writing requirements to ../../build/path_planner_server/path_planner_server.egg-info/requires.txt
[4.914s] writing top-level names to ../../build/path_planner_server/path_planner_server.egg-info/top_level.txt
[4.922s] reading manifest file '../../build/path_planner_server/path_planner_server.egg-info/SOURCES.txt'
[4.927s] writing manifest file '../../build/path_planner_server/path_planner_server.egg-info/SOURCES.txt'
[4.927s] running build
[4.928s] running build_py
[4.929s] running install
[4.931s] running install_lib
[4.936s] running install_data
[4.937s] copying launch/pathplanner.launch.py -> /home/Gruppe4/ros2_ws/install/path_planner_server/share/path_planner_server/launch
[4.940s] running install_egg_info
[4.947s] removing '/home/Gruppe4/ros2_ws/install/path_planner_server/lib/python3.10/site-packages/path_planner_server-0.0.0-py3.10.egg-info' (and everything under it)
[4.949s] Copying ../../build/path_planner_server/path_planner_server.egg-info to /home/Gruppe4/ros2_ws/install/path_planner_server/lib/python3.10/site-packages/path_planner_server-0.0.0-py3.10.egg-info
[4.955s] running install_scripts
[5.038s] writing list of installed files to '/home/Gruppe4/ros2_ws/build/path_planner_server/install.log'
[5.157s] Invoked command in '/home/Gruppe4/ros2_ws/src/path_planner_server' returned '0': PYTHONPATH=/home/Gruppe4/ros2_ws/build/path_planner_server/prefix_override:/usr/lib/python3/dist-packages/colcon_core/task/python/colcon_distutils_commands:/home/Gruppe4/ros2_ws/install/path_planner_server/lib/python3.10/site-packages:${PYTHONPATH} /usr/bin/python3 -W ignore:setup.py install is deprecated setup.py egg_info --egg-base ../../build/path_planner_server build --build-base /home/Gruppe4/ros2_ws/build/path_planner_server/build install --record /home/Gruppe4/ros2_ws/build/path_planner_server/install.log --single-version-externally-managed install_data
